2023-09-15 08:12:14,253 [INFO] Activator:176 - 


2023-09-15 08:12:14,269 [INFO] Activator:177 - !SESSION log4j initialized
2023-09-15 08:12:24,015 [INFO] LogOutputStream:77 - [STDOUT_REDIRECT] 
2023-09-15 08:12:26,259 [INFO] ApplicationProperties:184 - Using Application install path: C:\ST\STM32CubeIDE_1.13.1\STM32CubeIDE\plugins\com.st.stm32cube.common.mx_6.9.1.202307191849
2023-09-15 08:12:26,283 [INFO] DbMcusXml:78 - Set database path to: C:\ST\STM32CubeIDE_1.13.1\STM32CubeIDE\plugins\com.st.stm32cube.common.mx_6.9.1.202307191849\\db\/mcu/
2023-09-15 08:12:26,284 [INFO] ApiDb:274 - Set plugin database path to: C:\ST\STM32CubeIDE_1.13.1\STM32CubeIDE\plugins\com.st.stm32cube.common.mx_6.9.1.202307191849\\db\/plugins/boardmanager/
2023-09-15 08:12:26,285 [WARN] ApiDb:259 - Overriding images path with different value:  => C:\ST\STM32CubeIDE_1.13.1\STM32CubeIDE\plugins\com.st.stm32cube.common.mx_6.9.1.202307191849\\db\/plugins/mcufinder/images/
2023-09-15 08:12:26,300 [INFO] ApiDb:250 - Set database path to: C:\Users\mcnex\.stmcufinder\plugins\mcufinder//mcu/
2023-09-15 08:12:26,301 [INFO] DbMcusAds:125 - Set database path to: C:\Users\mcnex\.stmcufinder\plugins\mcufinder//mcu/
2023-09-15 08:12:26,304 [INFO] CrossReferenceDbSqlite:203 - Set database path to: C:\Users\mcnex\.stmcufinder\plugins\mcufinder//mcu/cs/
2023-09-15 08:12:26,473 [INFO] RulesReader:64 - Compatibility file has been processed (293 Rules)
2023-09-15 08:12:26,617 [INFO] DbMcusXml:78 - Set database path to: C:\ST\STM32CubeIDE_1.13.1\STM32CubeIDE\plugins\com.st.stm32cube.common.mx_6.9.1.202307191849\\db\/mcu/
2023-09-15 08:12:26,617 [INFO] ApiDb:274 - Set plugin database path to: C:\ST\STM32CubeIDE_1.13.1\STM32CubeIDE\plugins\com.st.stm32cube.common.mx_6.9.1.202307191849\\db\/plugins/boardmanager/
2023-09-15 08:12:26,617 [INFO] ApiDb:261 - Set plugin images path to: C:\ST\STM32CubeIDE_1.13.1\STM32CubeIDE\plugins\com.st.stm32cube.common.mx_6.9.1.202307191849\\db\/plugins/mcufinder/images/
2023-09-15 08:12:26,618 [WARN] DbFile:41 - Overriding database path with different value: C:\Users\mcnex\.stmcufinder\plugins\mcufinder/ => C:\Users\mcnex\.stmcufinder\plugins\mcufinder
2023-09-15 08:12:26,618 [INFO] ApiDb:250 - Set database path to: C:\Users\mcnex\.stmcufinder\plugins\mcufinder//mcu/
2023-09-15 08:12:26,618 [WARN] DbFile:41 - Overriding database path with different value: C:\Users\mcnex\.stmcufinder\plugins\mcufinder/ => C:\Users\mcnex\.stmcufinder\plugins\mcufinder
2023-09-15 08:12:26,618 [INFO] DbMcusAds:125 - Set database path to: C:\Users\mcnex\.stmcufinder\plugins\mcufinder//mcu/
2023-09-15 08:12:26,618 [WARN] DbFile:41 - Overriding database path with different value: C:\Users\mcnex\.stmcufinder\plugins\mcufinder/ => C:\Users\mcnex\.stmcufinder\plugins\mcufinder
2023-09-15 08:12:26,618 [WARN] DbFile:41 - Overriding database path with different value: C:\Users\mcnex\.stmcufinder\plugins\mcufinder/ => C:\Users\mcnex\.stmcufinder\plugins\mcufinder
2023-09-15 08:12:26,618 [INFO] CrossReferenceDbSqlite:203 - Set database path to: C:\Users\mcnex\.stmcufinder\plugins\mcufinder//mcu/cs/
2023-09-15 08:12:26,726 [INFO] MainPanel:262 - HeapMemory: 268435456
2023-09-15 08:12:26,838 [INFO] DbMcusXml:78 - Set database path to: C:\ST\STM32CubeIDE_1.13.1\STM32CubeIDE\plugins\com.st.stm32cube.common.mx_6.9.1.202307191849\\db\/mcu/
2023-09-15 08:12:26,839 [INFO] ApiDb:274 - Set plugin database path to: C:\ST\STM32CubeIDE_1.13.1\STM32CubeIDE\plugins\com.st.stm32cube.common.mx_6.9.1.202307191849\\db\/plugins/boardmanager/
2023-09-15 08:12:26,839 [INFO] ApiDb:261 - Set plugin images path to: C:\ST\STM32CubeIDE_1.13.1\STM32CubeIDE\plugins\com.st.stm32cube.common.mx_6.9.1.202307191849\\db\/plugins/mcufinder/images/
2023-09-15 08:12:26,839 [WARN] DbFile:41 - Overriding database path with different value: C:\Users\mcnex\.stmcufinder\plugins\mcufinder/ => C:\Users\mcnex\.stmcufinder\plugins\mcufinder
2023-09-15 08:12:26,839 [INFO] ApiDb:250 - Set database path to: C:\Users\mcnex\.stmcufinder\plugins\mcufinder//mcu/
2023-09-15 08:12:26,840 [WARN] DbFile:41 - Overriding database path with different value: C:\Users\mcnex\.stmcufinder\plugins\mcufinder/ => C:\Users\mcnex\.stmcufinder\plugins\mcufinder
2023-09-15 08:12:26,840 [INFO] DbMcusAds:125 - Set database path to: C:\Users\mcnex\.stmcufinder\plugins\mcufinder//mcu/
2023-09-15 08:12:26,840 [WARN] DbFile:41 - Overriding database path with different value: C:\Users\mcnex\.stmcufinder\plugins\mcufinder/ => C:\Users\mcnex\.stmcufinder\plugins\mcufinder
2023-09-15 08:12:26,840 [WARN] DbFile:41 - Overriding database path with different value: C:\Users\mcnex\.stmcufinder\plugins\mcufinder/ => C:\Users\mcnex\.stmcufinder\plugins\mcufinder
2023-09-15 08:12:26,840 [INFO] CrossReferenceDbSqlite:203 - Set database path to: C:\Users\mcnex\.stmcufinder\plugins\mcufinder//mcu/cs/
2023-09-15 08:12:26,864 [INFO] ApplicationProperties:184 - Using Application install path: C:\ST\STM32CubeIDE_1.13.1\STM32CubeIDE\plugins\com.st.stm32cube.common.mx_6.9.1.202307191849
2023-09-15 08:12:26,864 [INFO] PluginManage:196 - Search for loadable plugins [exclusion list=, ]
2023-09-15 08:12:26,867 [INFO] PluginManage:310 - Check plugin analytics
2023-09-15 08:12:27,111 [INFO] AnalyticsPlugin:253 - Accepted Software Licenses: 
2023-09-15 08:12:27,111 [INFO] AnalyticsPlugin:255 - Accepted CMSIS Pack Licenses: 
2023-09-15 08:12:27,111 [INFO] AnalyticsPlugin:257 - Accepted Firmware Licenses: 
2023-09-15 08:12:27,116 [INFO] PluginManage:359 - Loaded plugin analytics (category:tool,tabindex:-1)
2023-09-15 08:12:27,116 [INFO] PluginManage:310 - Check plugin cadmodel
2023-09-15 08:12:27,135 [INFO] CADModel:105 - Init CAD model plugin
2023-09-15 08:12:27,135 [INFO] PluginManage:359 - Loaded plugin cadmodel (category:power,tabindex:5)
2023-09-15 08:12:27,136 [INFO] PluginManage:310 - Check plugin clock
2023-09-15 08:12:27,162 [INFO] PluginManage:359 - Loaded plugin clock (category:base,tabindex:2)
2023-09-15 08:12:27,162 [INFO] PluginManage:310 - Check plugin ddr
2023-09-15 08:12:27,165 [INFO] PluginManage:359 - Loaded plugin ddr (category:tool,tabindex:6)
2023-09-15 08:12:27,166 [INFO] PluginManage:310 - Check plugin filemanager
2023-09-15 08:12:27,343 [INFO] PluginManage:359 - Loaded plugin filemanager (category:base,tabindex:10)
2023-09-15 08:12:27,343 [INFO] PluginManage:310 - Check plugin ipmanager
2023-09-15 08:12:27,352 [INFO] PluginManage:359 - Loaded plugin ipmanager (category:base,tabindex:5)
2023-09-15 08:12:27,352 [INFO] PluginManage:310 - Check plugin lpbam
2023-09-15 08:12:27,371 [INFO] PluginManage:359 - Loaded plugin lpbam (category:base,tabindex:0)
2023-09-15 08:12:27,371 [INFO] PluginManage:310 - Check plugin memorymap
2023-09-15 08:12:27,398 [INFO] PluginManage:359 - Loaded plugin memorymap (category:base,tabindex:4)
2023-09-15 08:12:27,399 [INFO] PluginManage:310 - Check plugin pinoutandconfiguration
2023-09-15 08:12:27,417 [INFO] PluginManage:359 - Loaded plugin pinoutandconfiguration (category:base,tabindex:1)
2023-09-15 08:12:27,417 [INFO] PluginManage:310 - Check plugin pinoutconfig
2023-09-15 08:12:27,535 [WARN] SupportedApi:132 - Cannot load RTOS API schema: s4s-elt-must-match.1: The content of 'definitions' must match (annotation?, (simpleType | complexType)?, (unique | key | keyref)*)). A problem was found starting at: attribute.
2023-09-15 08:12:27,710 [INFO] PluginManage:359 - Loaded plugin pinoutconfig (category:base,tabindex:0)
2023-09-15 08:12:27,711 [INFO] PluginManage:310 - Check plugin power
2023-09-15 08:12:27,746 [INFO] PluginManage:359 - Loaded plugin power (category:power,tabindex:4)
2023-09-15 08:12:27,746 [INFO] PluginManage:310 - Check plugin projectmanager
2023-09-15 08:12:27,769 [INFO] PluginManage:359 - Loaded plugin projectmanager (category:projectmanager,tabindex:3)
2023-09-15 08:12:27,769 [INFO] PluginManage:310 - Check plugin thirdparty
2023-09-15 08:12:28,175 [INFO] PluginManage:359 - Loaded plugin thirdparty (category:base,tabindex:-1)
2023-09-15 08:12:28,175 [INFO] PluginManage:310 - Check plugin tools
2023-09-15 08:12:28,175 [WARN] IntegrityCheckThread:84 - waiting for thirdparty lock release [integrity check]
2023-09-15 08:12:28,175 [INFO] IntegrityCheckThread:86 - entering critical section [integrity check]
2023-09-15 08:12:28,176 [INFO] ThirdPartyUpdaterWithRetryManager:70 - Updater plugin not ready yet. [1/15]
2023-09-15 08:12:28,216 [INFO] PluginManage:359 - Loaded plugin tools (category:base,tabindex:7)
2023-09-15 08:12:28,216 [INFO] PluginManage:310 - Check plugin tutovideos
2023-09-15 08:12:28,459 [INFO] PluginManage:359 - Loaded plugin tutovideos (category:base,tabindex:-1)
2023-09-15 08:12:28,459 [INFO] PluginManage:310 - Check plugin updater
2023-09-15 08:12:28,474 [INFO] PluginManage:359 - Loaded plugin updater (category:base,tabindex:12)
2023-09-15 08:12:28,474 [INFO] PluginManage:310 - Check plugin userauth
2023-09-15 08:12:28,481 [INFO] UserAuth:113 - Init User Auth plugin
2023-09-15 08:12:28,482 [INFO] PluginManage:359 - Loaded plugin userauth (category:base,tabindex:14)
2023-09-15 08:12:28,483 [INFO] PluginManage:283 - PluginManage : Loaded plugins [17]
2023-09-15 08:12:28,782 [INFO] PinOutPanel:1499 - setPackage(No Configuration,No Configuration)
2023-09-15 08:12:28,941 [INFO] CADModel:165 - CPN selected for project level
2023-09-15 08:12:28,941 [INFO] CADModel:114 - Register for checkConnection events
2023-09-15 08:12:28,975 [INFO] IPUIPlugin:80 - create IPUIPlugin
2023-09-15 08:12:28,975 [INFO] PluginManager:220 - loadIPPluginJar : add adc
2023-09-15 08:12:29,016 [INFO] IPUIPlugin:80 - create IPUIPlugin
2023-09-15 08:12:29,016 [INFO] PluginManager:220 - loadIPPluginJar : add aes
2023-09-15 08:12:29,060 [INFO] IPUIPlugin:80 - create IPUIPlugin
2023-09-15 08:12:29,060 [INFO] PluginManager:220 - loadIPPluginJar : add can
2023-09-15 08:12:29,084 [INFO] IPUIPlugin:80 - create IPUIPlugin
2023-09-15 08:12:29,084 [INFO] PluginManager:220 - loadIPPluginJar : add comp
2023-09-15 08:12:29,134 [INFO] IPUIPlugin:80 - create IPUIPlugin
2023-09-15 08:12:29,134 [INFO] PluginManager:220 - loadIPPluginJar : add cryp
2023-09-15 08:12:29,169 [INFO] IPUIPlugin:80 - create IPUIPlugin
2023-09-15 08:12:29,169 [INFO] PluginManager:220 - loadIPPluginJar : add dfsdm
2023-09-15 08:12:29,187 [INFO] IPUIPlugin:80 - create IPUIPlugin
2023-09-15 08:12:29,188 [INFO] PluginManager:220 - loadIPPluginJar : add dma
2023-09-15 08:12:29,240 [INFO] IPUIPlugin:80 - create IPUIPlugin
2023-09-15 08:12:29,240 [INFO] PluginManager:220 - loadIPPluginJar : add dma3
2023-09-15 08:12:29,263 [INFO] IPUIPlugin:80 - create IPUIPlugin
2023-09-15 08:12:29,263 [INFO] PluginManager:220 - loadIPPluginJar : add fatfs
2023-09-15 08:12:29,313 [INFO] IPUIPlugin:80 - create IPUIPlugin
2023-09-15 08:12:29,313 [INFO] PluginManager:220 - loadIPPluginJar : add fmc
2023-09-15 08:12:29,329 [INFO] IPUIPlugin:80 - create IPUIPlugin
2023-09-15 08:12:29,329 [INFO] PluginManager:220 - loadIPPluginJar : add freertos
2023-09-15 08:12:29,352 [INFO] IPUIPlugin:80 - create IPUIPlugin
2023-09-15 08:12:29,352 [INFO] PluginManager:220 - loadIPPluginJar : add genericplugin
2023-09-15 08:12:29,454 [INFO] IPUIPlugin:80 - create IPUIPlugin
2023-09-15 08:12:29,454 [INFO] PluginManager:220 - loadIPPluginJar : add gfxmmu
2023-09-15 08:12:29,602 [INFO] IPUIPlugin:80 - create IPUIPlugin
2023-09-15 08:12:29,602 [INFO] PluginManager:220 - loadIPPluginJar : add gic
2023-09-15 08:12:29,618 [INFO] IPUIPlugin:80 - create IPUIPlugin
2023-09-15 08:12:29,618 [INFO] PluginManager:220 - loadIPPluginJar : add gpio
2023-09-15 08:12:29,729 [INFO] IPUIPlugin:80 - create IPUIPlugin
2023-09-15 08:12:29,729 [INFO] PluginManager:220 - loadIPPluginJar : add gtzc
2023-09-15 08:12:29,766 [INFO] IPUIPlugin:80 - create IPUIPlugin
2023-09-15 08:12:29,766 [INFO] PluginManager:220 - loadIPPluginJar : add hash
2023-09-15 08:12:29,855 [INFO] IPUIPlugin:80 - create IPUIPlugin
2023-09-15 08:12:29,855 [INFO] PluginManager:220 - loadIPPluginJar : add i2c
2023-09-15 08:12:29,906 [INFO] IPUIPlugin:80 - create IPUIPlugin
2023-09-15 08:12:29,906 [INFO] PluginManager:220 - loadIPPluginJar : add i2s
2023-09-15 08:12:29,953 [INFO] IPUIPlugin:80 - create IPUIPlugin
2023-09-15 08:12:29,953 [INFO] PluginManager:220 - loadIPPluginJar : add i3c
2023-09-15 08:12:30,066 [INFO] IPUIPlugin:80 - create IPUIPlugin
2023-09-15 08:12:30,066 [INFO] PluginManager:220 - loadIPPluginJar : add ipddr
2023-09-15 08:12:30,166 [INFO] IPUIPlugin:80 - create IPUIPlugin
2023-09-15 08:12:30,167 [INFO] PluginManager:220 - loadIPPluginJar : add linkedlist
2023-09-15 08:12:30,205 [INFO] IPUIPlugin:80 - create IPUIPlugin
2023-09-15 08:12:30,205 [INFO] PluginManager:220 - loadIPPluginJar : add lorawan
2023-09-15 08:12:30,245 [INFO] IPUIPlugin:80 - create IPUIPlugin
2023-09-15 08:12:30,245 [INFO] PluginManager:220 - loadIPPluginJar : add ltdc
2023-09-15 08:12:30,263 [INFO] IPUIPlugin:80 - create IPUIPlugin
2023-09-15 08:12:30,263 [INFO] PluginManager:220 - loadIPPluginJar : add mdma
2023-09-15 08:12:30,276 [INFO] IPUIPlugin:80 - create IPUIPlugin
2023-09-15 08:12:30,276 [INFO] PluginManager:220 - loadIPPluginJar : add nvic
2023-09-15 08:12:30,315 [INFO] IPUIPlugin:80 - create IPUIPlugin
2023-09-15 08:12:30,315 [INFO] PluginManager:220 - loadIPPluginJar : add opamp
2023-09-15 08:12:30,383 [INFO] IPUIPlugin:80 - create IPUIPlugin
2023-09-15 08:12:30,383 [INFO] PluginManager:220 - loadIPPluginJar : add openamp
2023-09-15 08:12:30,431 [INFO] IPUIPlugin:80 - create IPUIPlugin
2023-09-15 08:12:30,431 [INFO] PluginManager:220 - loadIPPluginJar : add pdm2pcm
2023-09-15 08:12:30,448 [INFO] IPUIPlugin:80 - create IPUIPlugin
2023-09-15 08:12:30,450 [INFO] PluginManager:220 - loadIPPluginJar : add plateformsettings
2023-09-15 08:12:30,473 [INFO] IPUIPlugin:80 - create IPUIPlugin
2023-09-15 08:12:30,473 [INFO] PluginManager:220 - loadIPPluginJar : add quadspi
2023-09-15 08:12:30,487 [INFO] IPUIPlugin:80 - create IPUIPlugin
2023-09-15 08:12:30,487 [INFO] PluginManager:220 - loadIPPluginJar : add resmgrutility
2023-09-15 08:12:30,539 [INFO] IPUIPlugin:80 - create IPUIPlugin
2023-09-15 08:12:30,540 [INFO] PluginManager:220 - loadIPPluginJar : add sai
2023-09-15 08:12:30,579 [INFO] IPUIPlugin:80 - create IPUIPlugin
2023-09-15 08:12:30,579 [INFO] PluginManager:220 - loadIPPluginJar : add spi
2023-09-15 08:12:30,643 [INFO] IPUIPlugin:80 - create IPUIPlugin
2023-09-15 08:12:30,643 [INFO] PluginManager:220 - loadIPPluginJar : add stm32_wpan
2023-09-15 08:12:30,667 [INFO] IPUIPlugin:80 - create IPUIPlugin
2023-09-15 08:12:30,667 [INFO] PluginManager:220 - loadIPPluginJar : add tim
2023-09-15 08:12:30,728 [INFO] IPUIPlugin:80 - create IPUIPlugin
2023-09-15 08:12:30,729 [INFO] PluginManager:220 - loadIPPluginJar : add touchsensing
2023-09-15 08:12:30,752 [INFO] IPUIPlugin:80 - create IPUIPlugin
2023-09-15 08:12:30,752 [INFO] PluginManager:220 - loadIPPluginJar : add tracer_emb
2023-09-15 08:12:30,777 [INFO] IPUIPlugin:80 - create IPUIPlugin
2023-09-15 08:12:30,777 [INFO] PluginManager:220 - loadIPPluginJar : add ts
2023-09-15 08:12:30,801 [INFO] IPUIPlugin:80 - create IPUIPlugin
2023-09-15 08:12:30,801 [INFO] PluginManager:220 - loadIPPluginJar : add tsc
2023-09-15 08:12:30,825 [INFO] IPUIPlugin:80 - create IPUIPlugin
2023-09-15 08:12:30,825 [INFO] PluginManager:220 - loadIPPluginJar : add ucpd
2023-09-15 08:12:30,872 [INFO] IPUIPlugin:80 - create IPUIPlugin
2023-09-15 08:12:30,872 [INFO] PluginManager:220 - loadIPPluginJar : add usart
2023-09-15 08:12:30,921 [INFO] IPUIPlugin:80 - create IPUIPlugin
2023-09-15 08:12:30,921 [INFO] PluginManager:220 - loadIPPluginJar : add usbx
2023-09-15 08:12:31,072 [INFO] CADModel:165 - CPN selected for project level
2023-09-15 08:12:31,073 [INFO] CADModel:114 - Register for checkConnection events
2023-09-15 08:12:31,074 [FATAL] Updater:308 - Updater called before beeing initialized
2023-09-15 08:12:31,074 [ERROR] CADModel:125 - Updater not yet initialized, retry later 
2023-09-15 08:12:31,176 [INFO] ThirdPartyUpdaterWithRetryManager:70 - Updater plugin not ready yet. [2/15]
2023-09-15 08:12:31,291 [INFO] CADModel:165 - CPN selected for project level
2023-09-15 08:12:31,291 [INFO] CADModel:114 - Register for checkConnection events
2023-09-15 08:12:31,291 [FATAL] Updater:308 - Updater called before beeing initialized
2023-09-15 08:12:31,291 [ERROR] CADModel:125 - Updater not yet initialized, retry later 
2023-09-15 08:12:31,296 [FATAL] Updater:308 - Updater called before beeing initialized
2023-09-15 08:12:31,451 [FATAL] Updater:308 - Updater called before beeing initialized
2023-09-15 08:12:31,462 [INFO] DbMcusAds:53 - JSON generation date=Tue Mar 07 15:50:55 ICT 2023 (1678179055335)
2023-09-15 08:12:31,463 [FATAL] Updater:308 - Updater called before beeing initialized
2023-09-15 08:12:31,549 [WARN] DetailPanel:346 - Failed to get advertising image, set to default
2023-09-15 08:12:31,702 [FATAL] Updater:308 - Updater called before beeing initialized
2023-09-15 08:12:31,705 [FATAL] Updater:308 - Updater called before beeing initialized
2023-09-15 08:12:31,705 [FATAL] Updater:308 - Updater called before beeing initialized
2023-09-15 08:12:31,705 [WARN] DetailPanel:346 - Failed to get advertising image, set to default
2023-09-15 08:12:31,706 [FATAL] Updater:308 - Updater called before beeing initialized
2023-09-15 08:12:31,783 [ERROR] Updater:1120 - MainUpdater not yet initialized. External WinMGr cannot be set.
2023-09-15 08:12:31,795 [INFO] Updater:1056 - Updater Version found : 6.9.1
2023-09-15 08:12:31,824 [INFO] ApplicationProperties:184 - Using Application install path: C:\ST\STM32CubeIDE_1.13.1\STM32CubeIDE\plugins\com.st.stm32cube.common.mx_6.9.1.202307191849
2023-09-15 08:12:32,076 [INFO] MainUpdater:2868 - connection check result : 10
2023-09-15 08:12:32,077 [INFO] MainUpdater:285 - Updater Check For Update Now.
2023-09-15 08:12:32,077 [INFO] MicroXplorer:498 - Change Database Version : DB.6.0.91
2023-09-15 08:12:32,099 [INFO] McuFinderGlobals:63 - Set McuFinder mode to 2 (CubeIDE integrated)
2023-09-15 08:12:32,419 [INFO] CheckServerUpdateThread:120 - End of CheckServer Thread
2023-09-15 08:12:34,399 [WARN] PackLoader:240 - Cannot read IP mode file for STMicroelectronics.X-CUBE-SMBUS.2.1.0
2023-09-15 08:12:34,469 [WARN] PackLoader:240 - Cannot read IP mode file for STMicroelectronics.X-CUBE-AZRTOS-F7.1.1.0
2023-09-15 08:12:34,499 [WARN] PackLoader:240 - Cannot read IP mode file for STMicroelectronics.FP-SNS-MOTENV1.4.3.2
2023-09-15 08:12:34,522 [WARN] PackLoader:240 - Cannot read IP mode file for STMicroelectronics.FP-SNS-FLIGHT1.5.0.2
2023-09-15 08:12:34,550 [WARN] PackLoader:240 - Cannot read IP mode file for STMicroelectronics.X-CUBE-DISPLAY.3.0.0
2023-09-15 08:12:34,582 [WARN] PackLoader:240 - Cannot read IP mode file for STMicroelectronics.X-CUBE-BLE1.7.0.0
2023-09-15 08:12:34,604 [WARN] PackLoader:240 - Cannot read IP mode file for emotas.I-CUBE-CANOPEN.1.3.0
2023-09-15 08:12:34,624 [WARN] PackLoader:240 - Cannot read IP mode file for STMicroelectronics.X-CUBE-TOUCHGFX.4.22.0
2023-09-15 08:12:34,642 [WARN] PackLoader:240 - Cannot read IP mode file for STMicroelectronics.FP-SNS-SMARTAG2.1.2.0
2023-09-15 08:12:34,679 [INFO] LogOutputStream:77 - [STDOUT_REDIRECT] 1 : Invalid condition id : UX_CORESTACK_Condition cause : null
2023-09-15 08:12:34,680 [INFO] LogOutputStream:77 - [STDOUT_REDIRECT] 1 : Invalid condition id : UX_CORESTACK_Condition cause : null
2023-09-15 08:12:34,682 [INFO] LogOutputStream:77 - [STDOUT_REDIRECT] 1 : Invalid condition id : UX_CORESTACK_Condition cause : null
2023-09-15 08:12:34,684 [INFO] LogOutputStream:77 - [STDOUT_REDIRECT] 1 : Invalid condition id : UX_CORESTACK_Condition cause : null
2023-09-15 08:12:34,686 [INFO] LogOutputStream:77 - [STDOUT_REDIRECT] 1 : Invalid condition id : UX_CORESTACK_Condition cause : null
2023-09-15 08:12:34,693 [WARN] PackLoader:240 - Cannot read IP mode file for STMicroelectronics.X-CUBE-AZRTOS-WL.2.0.0
2023-09-15 08:12:34,719 [WARN] PackLoader:240 - Cannot read IP mode file for WES.I-CUBE-Cesium.1.3.0
2023-09-15 08:12:34,735 [WARN] PackLoader:240 - Cannot read IP mode file for STMicroelectronics.X-CUBE-BLE2.3.3.0
2023-09-15 08:12:34,758 [WARN] PackLoader:240 - Cannot read IP mode file for STMicroelectronics.X-CUBE-ALGOBUILD.1.3.0
2023-09-15 08:12:34,805 [WARN] PackLoader:240 - Cannot read IP mode file for STMicroelectronics.X-CUBE-AZRTOS-G0.1.1.0
2023-09-15 08:12:34,830 [WARN] PackLoader:240 - Cannot read IP mode file for STMicroelectronics.X-CUBE-NFC4.3.0.0
2023-09-15 08:12:34,849 [WARN] PackLoader:240 - Cannot read IP mode file for STMicroelectronics.FP-ATR-SIGFOX1.3.2.0
2023-09-15 08:12:34,915 [WARN] PackLoader:240 - Cannot read IP mode file for SEGGER.I-CUBE-embOS.1.3.1
2023-09-15 08:12:35,027 [WARN] PackLoader:240 - Cannot read IP mode file for STMicroelectronics.X-CUBE-GNSS1.6.0.0
2023-09-15 08:12:35,075 [WARN] PackLoader:240 - Cannot read IP mode file for STMicroelectronics.X-CUBE-AZRTOS-F4.1.1.0
2023-09-15 08:12:35,102 [WARN] PackLoader:240 - Cannot read IP mode file for wolfSSL.I-CUBE-wolfSSL.5.6.3
2023-09-15 08:12:35,237 [WARN] PackLoader:240 - Cannot read IP mode file for STMicroelectronics.X-CUBE-AZRTOS-L5.2.0.0
2023-09-15 08:12:35,398 [WARN] PackLoader:240 - Cannot read IP mode file for STMicroelectronics.X-CUBE-MEMS1.9.6.0
2023-09-15 08:12:35,694 [WARN] PackLoader:240 - Cannot read IP mode file for STMicroelectronics.X-CUBE-BLEMGR.2.0.0
2023-09-15 08:12:35,744 [WARN] ConditionMgr:438 - getConditionDescription Invalid condition id : UX DEVICE CLASS RTOS Condition cause : null
2023-09-15 08:12:35,744 [WARN] ConditionMgr:438 - getConditionDescription Invalid condition id : UX DEVICE CLASS RTOS Condition cause : null
2023-09-15 08:12:35,749 [WARN] PackLoader:240 - Cannot read IP mode file for STMicroelectronics.X-CUBE-AZRTOS-H7.3.1.0
2023-09-15 08:12:35,750 [WARN] ConditionMgr:1039 - genDependencies : Invalid condition id : UX DEVICE CLASS RTOS Condition cause : null
2023-09-15 08:12:35,751 [WARN] ConditionMgr:1039 - genDependencies : Invalid condition id : UX DEVICE CLASS RTOS Condition cause : null
2023-09-15 08:12:35,751 [WARN] ConditionMgr:1039 - genDependencies : Invalid condition id : UX DEVICE CLASS RTOS Condition cause : null
2023-09-15 08:12:35,752 [WARN] ConditionMgr:1039 - genDependencies : Invalid condition id : UX DEVICE CLASS RTOS Condition cause : null
2023-09-15 08:12:35,752 [WARN] ConditionMgr:1039 - genDependencies : Invalid condition id : UX DEVICE CLASS RTOS Condition cause : null
2023-09-15 08:12:35,771 [WARN] PackLoader:240 - Cannot read IP mode file for STMicroelectronics.X-CUBE-NFC7.1.0.1
2023-09-15 08:12:35,794 [WARN] PackLoader:240 - Cannot read IP mode file for STMicroelectronics.X-CUBE-NFC6.3.0.0
2023-09-15 08:12:35,816 [WARN] PackLoader:240 - Cannot read IP mode file for STMicroelectronics.X-CUBE-EEPRMA1.4.1.0
2023-09-15 08:12:35,834 [WARN] PackLoader:240 - Cannot read IP mode file for STMicroelectronics.X-CUBE-AI.8.1.0
2023-09-15 08:12:35,880 [WARN] ConditionMgr:438 - getConditionDescription Invalid condition id : LAN8742 Phy interface Condition cause : null
2023-09-15 08:12:35,881 [WARN] PackLoader:240 - Cannot read IP mode file for STMicroelectronics.X-CUBE-AZRTOS-L4.2.0.0
2023-09-15 08:12:35,883 [WARN] ConditionMgr:1039 - genDependencies : Invalid condition id : LAN8742 Phy interface Condition cause : null
2023-09-15 08:12:35,883 [WARN] ConditionMgr:1039 - genDependencies : Invalid condition id : LAN8742 Phy interface Condition cause : null
2023-09-15 08:12:35,884 [WARN] ConditionMgr:1039 - genDependencies : Invalid condition id : LAN8742 Phy interface Condition cause : null
2023-09-15 08:12:35,906 [WARN] PackLoader:240 - Cannot read IP mode file for STMicroelectronics.X-CUBE-SFXS2LP1.4.0.0
2023-09-15 08:12:35,924 [WARN] PackLoader:240 - Cannot read IP mode file for STMicroelectronics.X-CUBE-ISPU.1.1.0
2023-09-15 08:12:35,963 [WARN] ConditionMgr:438 - getConditionDescription Invalid condition id : UX DEVICE CLASS RTOS Condition cause : null
2023-09-15 08:12:35,963 [WARN] ConditionMgr:438 - getConditionDescription Invalid condition id : UX DEVICE CLASS RTOS Condition cause : null
2023-09-15 08:12:35,966 [WARN] PackLoader:240 - Cannot read IP mode file for STMicroelectronics.X-CUBE-AZRTOS-WB.2.0.0
2023-09-15 08:12:35,967 [WARN] ConditionMgr:1039 - genDependencies : Invalid condition id : UX DEVICE CLASS RTOS Condition cause : null
2023-09-15 08:12:35,967 [WARN] ConditionMgr:1039 - genDependencies : Invalid condition id : UX DEVICE CLASS RTOS Condition cause : null
2023-09-15 08:12:35,968 [WARN] ConditionMgr:1039 - genDependencies : Invalid condition id : UX DEVICE CLASS RTOS Condition cause : null
2023-09-15 08:12:35,968 [WARN] ConditionMgr:1039 - genDependencies : Invalid condition id : UX DEVICE CLASS RTOS Condition cause : null
2023-09-15 08:12:35,968 [WARN] ConditionMgr:1039 - genDependencies : Invalid condition id : UX DEVICE CLASS RTOS Condition cause : null
2023-09-15 08:12:36,003 [WARN] PackLoader:240 - Cannot read IP mode file for STMicroelectronics.X-CUBE-SUBG2.5.0.0
2023-09-15 08:12:36,040 [WARN] PackLoader:240 - Cannot read IP mode file for STMicroelectronics.X-CUBE-TOF1.3.3.1
2023-09-15 08:12:36,111 [WARN] PackLoader:240 - Cannot read IP mode file for STMicroelectronics.X-CUBE-AZRTOS-G4.2.0.0
2023-09-15 08:12:36,134 [WARN] PackLoader:240 - Cannot read IP mode file for STMicroelectronics.X-CUBE-FREERTOS.1.1.0
2023-09-15 08:12:36,155 [WARN] PackLoader:240 - Cannot read IP mode file for portGmbH.I-Cube-SoM-uGOAL.1.1.0
2023-09-15 08:12:36,175 [WARN] PackLoader:240 - Cannot read IP mode file for STMicroelectronics.X-CUBE-ALS.1.0.1
2023-09-15 08:12:36,195 [WARN] PackLoader:240 - Cannot read IP mode file for STMicroelectronics.FP-ATR-ASTRA1.2.0.0
2023-09-15 08:12:36,196 [INFO] ThirdParty:978 - Integrity check success = true
2023-09-15 08:12:36,197 [INFO] IntegrityCheckThread:100 - exiting critical section [integrity check]
2023-09-15 08:12:36,197 [INFO] IntegrityCheckThread:103 - End integrity checks thread
2023-09-15 08:12:53,819 [ERROR] LogOutputStream:75 - [STDERR_REDIRECT] SLF4J: Failed to load class "org.slf4j.impl.StaticLoggerBinder".
2023-09-15 08:12:53,820 [ERROR] LogOutputStream:75 - [STDERR_REDIRECT] SLF4J: Defaulting to no-operation (NOP) logger implementation
2023-09-15 08:12:53,823 [ERROR] LogOutputStream:75 - [STDERR_REDIRECT] SLF4J: See http://www.slf4j.org/codes.html#StaticLoggerBinder for further details.
