2023-09-05 09:15:32,317 [INFO] Activator:176 - 


2023-09-05 09:15:32,330 [INFO] Activator:177 - !SESSION log4j initialized
2023-09-05 09:15:42,856 [INFO] LogOutputStream:77 - [STDOUT_REDIRECT] 
2023-09-05 09:15:45,264 [INFO] ApplicationProperties:184 - Using Application install path: C:\ST\STM32CubeIDE_1.13.1\STM32CubeIDE\plugins\com.st.stm32cube.common.mx_6.9.1.202307191849
2023-09-05 09:15:45,294 [INFO] DbMcusXml:78 - Set database path to: C:\ST\STM32CubeIDE_1.13.1\STM32CubeIDE\plugins\com.st.stm32cube.common.mx_6.9.1.202307191849\\db\/mcu/
2023-09-05 09:15:45,294 [INFO] ApiDb:274 - Set plugin database path to: C:\ST\STM32CubeIDE_1.13.1\STM32CubeIDE\plugins\com.st.stm32cube.common.mx_6.9.1.202307191849\\db\/plugins/boardmanager/
2023-09-05 09:15:45,295 [WARN] ApiDb:259 - Overriding images path with different value:  => C:\ST\STM32CubeIDE_1.13.1\STM32CubeIDE\plugins\com.st.stm32cube.common.mx_6.9.1.202307191849\\db\/plugins/mcufinder/images/
2023-09-05 09:15:45,311 [INFO] ApiDb:250 - Set database path to: C:\Users\mcnex\.stmcufinder\plugins\mcufinder//mcu/
2023-09-05 09:15:45,313 [INFO] DbMcusAds:125 - Set database path to: C:\Users\mcnex\.stmcufinder\plugins\mcufinder//mcu/
2023-09-05 09:15:45,318 [INFO] CrossReferenceDbSqlite:203 - Set database path to: C:\Users\mcnex\.stmcufinder\plugins\mcufinder//mcu/cs/
2023-09-05 09:15:45,516 [INFO] RulesReader:64 - Compatibility file has been processed (293 Rules)
2023-09-05 09:15:45,678 [INFO] DbMcusXml:78 - Set database path to: C:\ST\STM32CubeIDE_1.13.1\STM32CubeIDE\plugins\com.st.stm32cube.common.mx_6.9.1.202307191849\\db\/mcu/
2023-09-05 09:15:45,678 [INFO] ApiDb:274 - Set plugin database path to: C:\ST\STM32CubeIDE_1.13.1\STM32CubeIDE\plugins\com.st.stm32cube.common.mx_6.9.1.202307191849\\db\/plugins/boardmanager/
2023-09-05 09:15:45,678 [INFO] ApiDb:261 - Set plugin images path to: C:\ST\STM32CubeIDE_1.13.1\STM32CubeIDE\plugins\com.st.stm32cube.common.mx_6.9.1.202307191849\\db\/plugins/mcufinder/images/
2023-09-05 09:15:45,679 [WARN] DbFile:41 - Overriding database path with different value: C:\Users\mcnex\.stmcufinder\plugins\mcufinder/ => C:\Users\mcnex\.stmcufinder\plugins\mcufinder
2023-09-05 09:15:45,679 [INFO] ApiDb:250 - Set database path to: C:\Users\mcnex\.stmcufinder\plugins\mcufinder//mcu/
2023-09-05 09:15:45,679 [WARN] DbFile:41 - Overriding database path with different value: C:\Users\mcnex\.stmcufinder\plugins\mcufinder/ => C:\Users\mcnex\.stmcufinder\plugins\mcufinder
2023-09-05 09:15:45,679 [INFO] DbMcusAds:125 - Set database path to: C:\Users\mcnex\.stmcufinder\plugins\mcufinder//mcu/
2023-09-05 09:15:45,679 [WARN] DbFile:41 - Overriding database path with different value: C:\Users\mcnex\.stmcufinder\plugins\mcufinder/ => C:\Users\mcnex\.stmcufinder\plugins\mcufinder
2023-09-05 09:15:45,679 [WARN] DbFile:41 - Overriding database path with different value: C:\Users\mcnex\.stmcufinder\plugins\mcufinder/ => C:\Users\mcnex\.stmcufinder\plugins\mcufinder
2023-09-05 09:15:45,680 [INFO] CrossReferenceDbSqlite:203 - Set database path to: C:\Users\mcnex\.stmcufinder\plugins\mcufinder//mcu/cs/
2023-09-05 09:15:45,814 [INFO] MainPanel:262 - HeapMemory: 268435456
2023-09-05 09:15:45,935 [INFO] DbMcusXml:78 - Set database path to: C:\ST\STM32CubeIDE_1.13.1\STM32CubeIDE\plugins\com.st.stm32cube.common.mx_6.9.1.202307191849\\db\/mcu/
2023-09-05 09:15:45,936 [INFO] ApiDb:274 - Set plugin database path to: C:\ST\STM32CubeIDE_1.13.1\STM32CubeIDE\plugins\com.st.stm32cube.common.mx_6.9.1.202307191849\\db\/plugins/boardmanager/
2023-09-05 09:15:45,936 [INFO] ApiDb:261 - Set plugin images path to: C:\ST\STM32CubeIDE_1.13.1\STM32CubeIDE\plugins\com.st.stm32cube.common.mx_6.9.1.202307191849\\db\/plugins/mcufinder/images/
2023-09-05 09:15:45,937 [WARN] DbFile:41 - Overriding database path with different value: C:\Users\mcnex\.stmcufinder\plugins\mcufinder/ => C:\Users\mcnex\.stmcufinder\plugins\mcufinder
2023-09-05 09:15:45,937 [INFO] ApiDb:250 - Set database path to: C:\Users\mcnex\.stmcufinder\plugins\mcufinder//mcu/
2023-09-05 09:15:45,937 [WARN] DbFile:41 - Overriding database path with different value: C:\Users\mcnex\.stmcufinder\plugins\mcufinder/ => C:\Users\mcnex\.stmcufinder\plugins\mcufinder
2023-09-05 09:15:45,937 [INFO] DbMcusAds:125 - Set database path to: C:\Users\mcnex\.stmcufinder\plugins\mcufinder//mcu/
2023-09-05 09:15:45,937 [WARN] DbFile:41 - Overriding database path with different value: C:\Users\mcnex\.stmcufinder\plugins\mcufinder/ => C:\Users\mcnex\.stmcufinder\plugins\mcufinder
2023-09-05 09:15:45,937 [WARN] DbFile:41 - Overriding database path with different value: C:\Users\mcnex\.stmcufinder\plugins\mcufinder/ => C:\Users\mcnex\.stmcufinder\plugins\mcufinder
2023-09-05 09:15:45,937 [INFO] CrossReferenceDbSqlite:203 - Set database path to: C:\Users\mcnex\.stmcufinder\plugins\mcufinder//mcu/cs/
2023-09-05 09:15:45,961 [INFO] ApplicationProperties:184 - Using Application install path: C:\ST\STM32CubeIDE_1.13.1\STM32CubeIDE\plugins\com.st.stm32cube.common.mx_6.9.1.202307191849
2023-09-05 09:15:45,963 [INFO] PluginManage:196 - Search for loadable plugins [exclusion list=, ]
2023-09-05 09:15:45,965 [INFO] PluginManage:310 - Check plugin analytics
2023-09-05 09:15:46,270 [INFO] AnalyticsPlugin:253 - Accepted Software Licenses: 
2023-09-05 09:15:46,271 [INFO] AnalyticsPlugin:255 - Accepted CMSIS Pack Licenses: 
2023-09-05 09:15:46,271 [INFO] AnalyticsPlugin:257 - Accepted Firmware Licenses: 
2023-09-05 09:15:46,274 [INFO] PluginManage:359 - Loaded plugin analytics (category:tool,tabindex:-1)
2023-09-05 09:15:46,276 [INFO] PluginManage:310 - Check plugin cadmodel
2023-09-05 09:15:46,308 [INFO] CADModel:105 - Init CAD model plugin
2023-09-05 09:15:46,308 [INFO] PluginManage:359 - Loaded plugin cadmodel (category:power,tabindex:5)
2023-09-05 09:15:46,309 [INFO] PluginManage:310 - Check plugin clock
2023-09-05 09:15:46,342 [INFO] PluginManage:359 - Loaded plugin clock (category:base,tabindex:2)
2023-09-05 09:15:46,342 [INFO] PluginManage:310 - Check plugin ddr
2023-09-05 09:15:46,346 [INFO] PluginManage:359 - Loaded plugin ddr (category:tool,tabindex:6)
2023-09-05 09:15:46,346 [INFO] PluginManage:310 - Check plugin filemanager
2023-09-05 09:15:46,529 [INFO] PluginManage:359 - Loaded plugin filemanager (category:base,tabindex:10)
2023-09-05 09:15:46,529 [INFO] PluginManage:310 - Check plugin ipmanager
2023-09-05 09:15:46,539 [INFO] PluginManage:359 - Loaded plugin ipmanager (category:base,tabindex:5)
2023-09-05 09:15:46,539 [INFO] PluginManage:310 - Check plugin lpbam
2023-09-05 09:15:46,563 [INFO] PluginManage:359 - Loaded plugin lpbam (category:base,tabindex:0)
2023-09-05 09:15:46,564 [INFO] PluginManage:310 - Check plugin memorymap
2023-09-05 09:15:46,592 [INFO] PluginManage:359 - Loaded plugin memorymap (category:base,tabindex:4)
2023-09-05 09:15:46,592 [INFO] PluginManage:310 - Check plugin pinoutandconfiguration
2023-09-05 09:15:46,616 [INFO] PluginManage:359 - Loaded plugin pinoutandconfiguration (category:base,tabindex:1)
2023-09-05 09:15:46,616 [INFO] PluginManage:310 - Check plugin pinoutconfig
2023-09-05 09:15:46,760 [WARN] SupportedApi:132 - Cannot load RTOS API schema: s4s-elt-must-match.1: The content of 'definitions' must match (annotation?, (simpleType | complexType)?, (unique | key | keyref)*)). A problem was found starting at: attribute.
2023-09-05 09:15:46,961 [INFO] PluginManage:359 - Loaded plugin pinoutconfig (category:base,tabindex:0)
2023-09-05 09:15:46,961 [INFO] PluginManage:310 - Check plugin power
2023-09-05 09:15:46,988 [INFO] PluginManage:359 - Loaded plugin power (category:power,tabindex:4)
2023-09-05 09:15:46,988 [INFO] PluginManage:310 - Check plugin projectmanager
2023-09-05 09:15:47,011 [INFO] PluginManage:359 - Loaded plugin projectmanager (category:projectmanager,tabindex:3)
2023-09-05 09:15:47,012 [INFO] PluginManage:310 - Check plugin thirdparty
2023-09-05 09:15:47,385 [INFO] PluginManage:359 - Loaded plugin thirdparty (category:base,tabindex:-1)
2023-09-05 09:15:47,385 [WARN] IntegrityCheckThread:84 - waiting for thirdparty lock release [integrity check]
2023-09-05 09:15:47,385 [INFO] PluginManage:310 - Check plugin tools
2023-09-05 09:15:47,385 [INFO] IntegrityCheckThread:86 - entering critical section [integrity check]
2023-09-05 09:15:47,386 [INFO] ThirdPartyUpdaterWithRetryManager:70 - Updater plugin not ready yet. [1/15]
2023-09-05 09:15:47,429 [INFO] PluginManage:359 - Loaded plugin tools (category:base,tabindex:7)
2023-09-05 09:15:47,429 [INFO] PluginManage:310 - Check plugin tutovideos
2023-09-05 09:15:47,687 [INFO] PluginManage:359 - Loaded plugin tutovideos (category:base,tabindex:-1)
2023-09-05 09:15:47,687 [INFO] PluginManage:310 - Check plugin updater
2023-09-05 09:15:47,701 [INFO] PluginManage:359 - Loaded plugin updater (category:base,tabindex:12)
2023-09-05 09:15:47,701 [INFO] PluginManage:310 - Check plugin userauth
2023-09-05 09:15:47,708 [INFO] UserAuth:113 - Init User Auth plugin
2023-09-05 09:15:47,708 [INFO] PluginManage:359 - Loaded plugin userauth (category:base,tabindex:14)
2023-09-05 09:15:47,709 [INFO] PluginManage:283 - PluginManage : Loaded plugins [17]
2023-09-05 09:15:48,025 [INFO] PinOutPanel:1499 - setPackage(No Configuration,No Configuration)
2023-09-05 09:15:48,168 [INFO] CADModel:165 - CPN selected for project level
2023-09-05 09:15:48,168 [INFO] CADModel:114 - Register for checkConnection events
2023-09-05 09:15:48,199 [INFO] IPUIPlugin:80 - create IPUIPlugin
2023-09-05 09:15:48,200 [INFO] PluginManager:220 - loadIPPluginJar : add adc
2023-09-05 09:15:48,242 [INFO] IPUIPlugin:80 - create IPUIPlugin
2023-09-05 09:15:48,242 [INFO] PluginManager:220 - loadIPPluginJar : add aes
2023-09-05 09:15:48,291 [INFO] IPUIPlugin:80 - create IPUIPlugin
2023-09-05 09:15:48,291 [INFO] PluginManager:220 - loadIPPluginJar : add can
2023-09-05 09:15:48,319 [INFO] IPUIPlugin:80 - create IPUIPlugin
2023-09-05 09:15:48,319 [INFO] PluginManager:220 - loadIPPluginJar : add comp
2023-09-05 09:15:48,364 [INFO] IPUIPlugin:80 - create IPUIPlugin
2023-09-05 09:15:48,365 [INFO] PluginManager:220 - loadIPPluginJar : add cryp
2023-09-05 09:15:48,407 [INFO] IPUIPlugin:80 - create IPUIPlugin
2023-09-05 09:15:48,407 [INFO] PluginManager:220 - loadIPPluginJar : add dfsdm
2023-09-05 09:15:48,431 [INFO] IPUIPlugin:80 - create IPUIPlugin
2023-09-05 09:15:48,432 [INFO] PluginManager:220 - loadIPPluginJar : add dma
2023-09-05 09:15:48,491 [INFO] IPUIPlugin:80 - create IPUIPlugin
2023-09-05 09:15:48,492 [INFO] PluginManager:220 - loadIPPluginJar : add dma3
2023-09-05 09:15:48,517 [INFO] IPUIPlugin:80 - create IPUIPlugin
2023-09-05 09:15:48,517 [INFO] PluginManager:220 - loadIPPluginJar : add fatfs
2023-09-05 09:15:48,584 [INFO] IPUIPlugin:80 - create IPUIPlugin
2023-09-05 09:15:48,584 [INFO] PluginManager:220 - loadIPPluginJar : add fmc
2023-09-05 09:15:48,603 [INFO] IPUIPlugin:80 - create IPUIPlugin
2023-09-05 09:15:48,603 [INFO] PluginManager:220 - loadIPPluginJar : add freertos
2023-09-05 09:15:48,628 [INFO] IPUIPlugin:80 - create IPUIPlugin
2023-09-05 09:15:48,628 [INFO] PluginManager:220 - loadIPPluginJar : add genericplugin
2023-09-05 09:15:48,743 [INFO] IPUIPlugin:80 - create IPUIPlugin
2023-09-05 09:15:48,744 [INFO] PluginManager:220 - loadIPPluginJar : add gfxmmu
2023-09-05 09:15:48,907 [INFO] IPUIPlugin:80 - create IPUIPlugin
2023-09-05 09:15:48,907 [INFO] PluginManager:220 - loadIPPluginJar : add gic
2023-09-05 09:15:48,924 [INFO] IPUIPlugin:80 - create IPUIPlugin
2023-09-05 09:15:48,924 [INFO] PluginManager:220 - loadIPPluginJar : add gpio
2023-09-05 09:15:49,033 [INFO] IPUIPlugin:80 - create IPUIPlugin
2023-09-05 09:15:49,033 [INFO] PluginManager:220 - loadIPPluginJar : add gtzc
2023-09-05 09:15:49,074 [INFO] IPUIPlugin:80 - create IPUIPlugin
2023-09-05 09:15:49,074 [INFO] PluginManager:220 - loadIPPluginJar : add hash
2023-09-05 09:15:49,137 [INFO] IPUIPlugin:80 - create IPUIPlugin
2023-09-05 09:15:49,137 [INFO] PluginManager:220 - loadIPPluginJar : add i2c
2023-09-05 09:15:49,185 [INFO] IPUIPlugin:80 - create IPUIPlugin
2023-09-05 09:15:49,185 [INFO] PluginManager:220 - loadIPPluginJar : add i2s
2023-09-05 09:15:49,236 [INFO] IPUIPlugin:80 - create IPUIPlugin
2023-09-05 09:15:49,236 [INFO] PluginManager:220 - loadIPPluginJar : add i3c
2023-09-05 09:15:49,362 [INFO] IPUIPlugin:80 - create IPUIPlugin
2023-09-05 09:15:49,363 [INFO] PluginManager:220 - loadIPPluginJar : add ipddr
2023-09-05 09:15:49,474 [INFO] IPUIPlugin:80 - create IPUIPlugin
2023-09-05 09:15:49,475 [INFO] PluginManager:220 - loadIPPluginJar : add linkedlist
2023-09-05 09:15:49,516 [INFO] IPUIPlugin:80 - create IPUIPlugin
2023-09-05 09:15:49,516 [INFO] PluginManager:220 - loadIPPluginJar : add lorawan
2023-09-05 09:15:49,560 [INFO] IPUIPlugin:80 - create IPUIPlugin
2023-09-05 09:15:49,560 [INFO] PluginManager:220 - loadIPPluginJar : add ltdc
2023-09-05 09:15:49,578 [INFO] IPUIPlugin:80 - create IPUIPlugin
2023-09-05 09:15:49,578 [INFO] PluginManager:220 - loadIPPluginJar : add mdma
2023-09-05 09:15:49,593 [INFO] IPUIPlugin:80 - create IPUIPlugin
2023-09-05 09:15:49,594 [INFO] PluginManager:220 - loadIPPluginJar : add nvic
2023-09-05 09:15:49,637 [INFO] IPUIPlugin:80 - create IPUIPlugin
2023-09-05 09:15:49,637 [INFO] PluginManager:220 - loadIPPluginJar : add opamp
2023-09-05 09:15:49,712 [INFO] IPUIPlugin:80 - create IPUIPlugin
2023-09-05 09:15:49,712 [INFO] PluginManager:220 - loadIPPluginJar : add openamp
2023-09-05 09:15:49,765 [INFO] IPUIPlugin:80 - create IPUIPlugin
2023-09-05 09:15:49,765 [INFO] PluginManager:220 - loadIPPluginJar : add pdm2pcm
2023-09-05 09:15:49,782 [INFO] IPUIPlugin:80 - create IPUIPlugin
2023-09-05 09:15:49,784 [INFO] PluginManager:220 - loadIPPluginJar : add plateformsettings
2023-09-05 09:15:49,812 [INFO] IPUIPlugin:80 - create IPUIPlugin
2023-09-05 09:15:49,812 [INFO] PluginManager:220 - loadIPPluginJar : add quadspi
2023-09-05 09:15:49,828 [INFO] IPUIPlugin:80 - create IPUIPlugin
2023-09-05 09:15:49,828 [INFO] PluginManager:220 - loadIPPluginJar : add resmgrutility
2023-09-05 09:15:49,887 [INFO] IPUIPlugin:80 - create IPUIPlugin
2023-09-05 09:15:49,887 [INFO] PluginManager:220 - loadIPPluginJar : add sai
2023-09-05 09:15:49,931 [INFO] IPUIPlugin:80 - create IPUIPlugin
2023-09-05 09:15:49,931 [INFO] PluginManager:220 - loadIPPluginJar : add spi
2023-09-05 09:15:49,999 [INFO] IPUIPlugin:80 - create IPUIPlugin
2023-09-05 09:15:49,999 [INFO] PluginManager:220 - loadIPPluginJar : add stm32_wpan
2023-09-05 09:15:50,025 [INFO] IPUIPlugin:80 - create IPUIPlugin
2023-09-05 09:15:50,026 [INFO] PluginManager:220 - loadIPPluginJar : add tim
2023-09-05 09:15:50,092 [INFO] IPUIPlugin:80 - create IPUIPlugin
2023-09-05 09:15:50,093 [INFO] PluginManager:220 - loadIPPluginJar : add touchsensing
2023-09-05 09:15:50,119 [INFO] IPUIPlugin:80 - create IPUIPlugin
2023-09-05 09:15:50,119 [INFO] PluginManager:220 - loadIPPluginJar : add tracer_emb
2023-09-05 09:15:50,147 [INFO] IPUIPlugin:80 - create IPUIPlugin
2023-09-05 09:15:50,147 [INFO] PluginManager:220 - loadIPPluginJar : add ts
2023-09-05 09:15:50,174 [INFO] IPUIPlugin:80 - create IPUIPlugin
2023-09-05 09:15:50,174 [INFO] PluginManager:220 - loadIPPluginJar : add tsc
2023-09-05 09:15:50,201 [INFO] IPUIPlugin:80 - create IPUIPlugin
2023-09-05 09:15:50,201 [INFO] PluginManager:220 - loadIPPluginJar : add ucpd
2023-09-05 09:15:50,254 [INFO] IPUIPlugin:80 - create IPUIPlugin
2023-09-05 09:15:50,254 [INFO] PluginManager:220 - loadIPPluginJar : add usart
2023-09-05 09:15:50,305 [INFO] IPUIPlugin:80 - create IPUIPlugin
2023-09-05 09:15:50,305 [INFO] PluginManager:220 - loadIPPluginJar : add usbx
2023-09-05 09:15:50,388 [INFO] ThirdPartyUpdaterWithRetryManager:70 - Updater plugin not ready yet. [2/15]
2023-09-05 09:15:50,451 [INFO] CADModel:165 - CPN selected for project level
2023-09-05 09:15:50,451 [INFO] CADModel:114 - Register for checkConnection events
2023-09-05 09:15:50,452 [FATAL] Updater:308 - Updater called before beeing initialized
2023-09-05 09:15:50,453 [ERROR] CADModel:125 - Updater not yet initialized, retry later 
2023-09-05 09:15:50,695 [INFO] CADModel:165 - CPN selected for project level
2023-09-05 09:15:50,695 [INFO] CADModel:114 - Register for checkConnection events
2023-09-05 09:15:50,696 [FATAL] Updater:308 - Updater called before beeing initialized
2023-09-05 09:15:50,696 [ERROR] CADModel:125 - Updater not yet initialized, retry later 
2023-09-05 09:15:50,700 [FATAL] Updater:308 - Updater called before beeing initialized
2023-09-05 09:15:50,846 [FATAL] Updater:308 - Updater called before beeing initialized
2023-09-05 09:15:50,862 [INFO] DbMcusAds:53 - JSON generation date=Tue Mar 07 15:50:55 ICT 2023 (1678179055114)
2023-09-05 09:15:50,862 [FATAL] Updater:308 - Updater called before beeing initialized
2023-09-05 09:15:50,959 [WARN] DetailPanel:346 - Failed to get advertising image, set to default
2023-09-05 09:15:51,120 [FATAL] Updater:308 - Updater called before beeing initialized
2023-09-05 09:15:51,123 [FATAL] Updater:308 - Updater called before beeing initialized
2023-09-05 09:15:51,123 [FATAL] Updater:308 - Updater called before beeing initialized
2023-09-05 09:15:51,123 [WARN] DetailPanel:346 - Failed to get advertising image, set to default
2023-09-05 09:15:51,124 [FATAL] Updater:308 - Updater called before beeing initialized
2023-09-05 09:15:51,217 [ERROR] Updater:1120 - MainUpdater not yet initialized. External WinMGr cannot be set.
2023-09-05 09:15:51,235 [INFO] Updater:1056 - Updater Version found : 6.9.1
2023-09-05 09:15:51,260 [INFO] ApplicationProperties:184 - Using Application install path: C:\ST\STM32CubeIDE_1.13.1\STM32CubeIDE\plugins\com.st.stm32cube.common.mx_6.9.1.202307191849
2023-09-05 09:15:51,514 [INFO] MainUpdater:2868 - connection check result : 10
2023-09-05 09:15:51,514 [INFO] MainUpdater:3562 - Updater definition file requires update
2023-09-05 09:15:51,516 [INFO] MainUpdater:285 - Updater Check For Update Now.
2023-09-05 09:15:51,516 [INFO] MicroXplorer:498 - Change Database Version : DB.6.0.91
2023-09-05 09:15:51,542 [INFO] McuFinderGlobals:63 - Set McuFinder mode to 2 (CubeIDE integrated)
2023-09-05 09:15:51,586 [INFO] ServerAccessManage:473 - Download File updaters.zip
2023-09-05 09:15:51,737 [INFO] FileExtend:240 - Unzip File : updaters.zip
2023-09-05 09:15:51,738 [INFO] FileExtend:255 - Standard Zip Deflate
2023-09-05 09:15:52,233 [INFO] ServerAccessManage:473 - Download File PacksControlFlags.xml
2023-09-05 09:15:52,393 [INFO] ServerAccessManage:473 - Download File cubemx.pidx
2023-09-05 09:15:52,664 [INFO] LoadServerUpdatesThread:373 - End of LoadServerUpdate Thread
2023-09-05 09:15:53,010 [INFO] CheckServerUpdateThread:120 - End of CheckServer Thread
2023-09-05 09:15:53,714 [WARN] PackLoader:240 - Cannot read IP mode file for STMicroelectronics.X-CUBE-SMBUS.2.1.0
2023-09-05 09:15:53,819 [WARN] PackLoader:240 - Cannot read IP mode file for STMicroelectronics.X-CUBE-AZRTOS-F7.1.1.0
2023-09-05 09:15:53,885 [WARN] PackLoader:240 - Cannot read IP mode file for STMicroelectronics.FP-SNS-MOTENV1.4.3.2
2023-09-05 09:15:53,911 [WARN] PackLoader:240 - Cannot read IP mode file for STMicroelectronics.FP-SNS-FLIGHT1.5.0.2
2023-09-05 09:15:53,947 [WARN] PackLoader:240 - Cannot read IP mode file for STMicroelectronics.X-CUBE-DISPLAY.3.0.0
2023-09-05 09:15:54,012 [WARN] PackLoader:240 - Cannot read IP mode file for STMicroelectronics.X-CUBE-BLE1.7.0.0
2023-09-05 09:15:54,035 [WARN] PackLoader:240 - Cannot read IP mode file for emotas.I-CUBE-CANOPEN.1.3.0
2023-09-05 09:15:54,056 [WARN] PackLoader:240 - Cannot read IP mode file for STMicroelectronics.X-CUBE-TOUCHGFX.4.22.0
2023-09-05 09:15:54,102 [INFO] LogOutputStream:77 - [STDOUT_REDIRECT] 1 : Invalid condition id : UX_CORESTACK_Condition cause : null
2023-09-05 09:15:54,121 [INFO] LogOutputStream:77 - [STDOUT_REDIRECT] 1 : Invalid condition id : UX_CORESTACK_Condition cause : null
2023-09-05 09:15:54,123 [INFO] LogOutputStream:77 - [STDOUT_REDIRECT] 1 : Invalid condition id : UX_CORESTACK_Condition cause : null
2023-09-05 09:15:54,126 [INFO] LogOutputStream:77 - [STDOUT_REDIRECT] 1 : Invalid condition id : UX_CORESTACK_Condition cause : null
2023-09-05 09:15:54,128 [INFO] LogOutputStream:77 - [STDOUT_REDIRECT] 1 : Invalid condition id : UX_CORESTACK_Condition cause : null
2023-09-05 09:15:54,135 [WARN] PackLoader:240 - Cannot read IP mode file for STMicroelectronics.X-CUBE-AZRTOS-WL.2.0.0
2023-09-05 09:15:54,182 [WARN] PackLoader:240 - Cannot read IP mode file for STMicroelectronics.X-CUBE-BLE2.3.3.0
2023-09-05 09:15:54,216 [WARN] PackLoader:240 - Cannot read IP mode file for STMicroelectronics.X-CUBE-ALGOBUILD.1.3.0
2023-09-05 09:15:54,285 [WARN] PackLoader:240 - Cannot read IP mode file for STMicroelectronics.X-CUBE-AZRTOS-G0.1.1.0
2023-09-05 09:15:54,390 [WARN] PackLoader:240 - Cannot read IP mode file for STMicroelectronics.X-CUBE-NFC4.3.0.0
2023-09-05 09:15:54,430 [WARN] PackLoader:240 - Cannot read IP mode file for STMicroelectronics.FP-ATR-SIGFOX1.3.2.0
2023-09-05 09:15:54,594 [WARN] PackLoader:240 - Cannot read IP mode file for SEGGER.I-CUBE-embOS.1.3.1
2023-09-05 09:15:54,726 [WARN] PackLoader:240 - Cannot read IP mode file for STMicroelectronics.X-CUBE-GNSS1.6.0.0
2023-09-05 09:15:54,851 [WARN] PackLoader:240 - Cannot read IP mode file for STMicroelectronics.X-CUBE-AZRTOS-F4.1.1.0
2023-09-05 09:15:54,909 [WARN] PackLoader:240 - Cannot read IP mode file for wolfSSL.I-CUBE-wolfSSL.5.6.3
2023-09-05 09:15:54,984 [WARN] PackLoader:240 - Cannot read IP mode file for STMicroelectronics.X-CUBE-AZRTOS-L5.2.0.0
2023-09-05 09:15:55,143 [WARN] PackLoader:240 - Cannot read IP mode file for STMicroelectronics.X-CUBE-MEMS1.9.6.0
2023-09-05 09:15:55,549 [WARN] PackLoader:240 - Cannot read IP mode file for STMicroelectronics.X-CUBE-BLEMGR.2.0.0
2023-09-05 09:15:55,619 [WARN] ConditionMgr:438 - getConditionDescription Invalid condition id : UX DEVICE CLASS RTOS Condition cause : null
2023-09-05 09:15:55,619 [WARN] ConditionMgr:438 - getConditionDescription Invalid condition id : UX DEVICE CLASS RTOS Condition cause : null
2023-09-05 09:15:55,644 [WARN] PackLoader:240 - Cannot read IP mode file for STMicroelectronics.X-CUBE-AZRTOS-H7.3.1.0
2023-09-05 09:15:55,646 [WARN] ConditionMgr:1039 - genDependencies : Invalid condition id : UX DEVICE CLASS RTOS Condition cause : null
2023-09-05 09:15:55,646 [WARN] ConditionMgr:1039 - genDependencies : Invalid condition id : UX DEVICE CLASS RTOS Condition cause : null
2023-09-05 09:15:55,647 [WARN] ConditionMgr:1039 - genDependencies : Invalid condition id : UX DEVICE CLASS RTOS Condition cause : null
2023-09-05 09:15:55,648 [WARN] ConditionMgr:1039 - genDependencies : Invalid condition id : UX DEVICE CLASS RTOS Condition cause : null
2023-09-05 09:15:55,648 [WARN] ConditionMgr:1039 - genDependencies : Invalid condition id : UX DEVICE CLASS RTOS Condition cause : null
2023-09-05 09:15:55,675 [WARN] PackLoader:240 - Cannot read IP mode file for STMicroelectronics.X-CUBE-NFC7.1.0.1
2023-09-05 09:15:55,723 [WARN] PackLoader:240 - Cannot read IP mode file for STMicroelectronics.X-CUBE-EEPRMA1.4.1.0
2023-09-05 09:15:55,746 [WARN] PackLoader:240 - Cannot read IP mode file for STMicroelectronics.X-CUBE-AI.8.1.0
2023-09-05 09:15:55,803 [WARN] ConditionMgr:438 - getConditionDescription Invalid condition id : LAN8742 Phy interface Condition cause : null
2023-09-05 09:15:55,804 [WARN] PackLoader:240 - Cannot read IP mode file for STMicroelectronics.X-CUBE-AZRTOS-L4.2.0.0
2023-09-05 09:15:55,806 [WARN] ConditionMgr:1039 - genDependencies : Invalid condition id : LAN8742 Phy interface Condition cause : null
2023-09-05 09:15:55,807 [WARN] ConditionMgr:1039 - genDependencies : Invalid condition id : LAN8742 Phy interface Condition cause : null
2023-09-05 09:15:55,808 [WARN] ConditionMgr:1039 - genDependencies : Invalid condition id : LAN8742 Phy interface Condition cause : null
2023-09-05 09:15:55,842 [WARN] PackLoader:240 - Cannot read IP mode file for STMicroelectronics.X-CUBE-SFXS2LP1.4.0.0
2023-09-05 09:15:55,891 [WARN] PackLoader:240 - Cannot read IP mode file for STMicroelectronics.X-CUBE-ISPU.1.1.0
2023-09-05 09:15:55,977 [WARN] ConditionMgr:438 - getConditionDescription Invalid condition id : UX DEVICE CLASS RTOS Condition cause : null
2023-09-05 09:15:55,978 [WARN] ConditionMgr:438 - getConditionDescription Invalid condition id : UX DEVICE CLASS RTOS Condition cause : null
2023-09-05 09:15:55,982 [WARN] PackLoader:240 - Cannot read IP mode file for STMicroelectronics.X-CUBE-AZRTOS-WB.2.0.0
2023-09-05 09:15:55,984 [WARN] ConditionMgr:1039 - genDependencies : Invalid condition id : UX DEVICE CLASS RTOS Condition cause : null
2023-09-05 09:15:55,984 [WARN] ConditionMgr:1039 - genDependencies : Invalid condition id : UX DEVICE CLASS RTOS Condition cause : null
2023-09-05 09:15:55,985 [WARN] ConditionMgr:1039 - genDependencies : Invalid condition id : UX DEVICE CLASS RTOS Condition cause : null
2023-09-05 09:15:55,985 [WARN] ConditionMgr:1039 - genDependencies : Invalid condition id : UX DEVICE CLASS RTOS Condition cause : null
2023-09-05 09:15:55,986 [WARN] ConditionMgr:1039 - genDependencies : Invalid condition id : UX DEVICE CLASS RTOS Condition cause : null
2023-09-05 09:15:56,018 [WARN] PackLoader:240 - Cannot read IP mode file for STMicroelectronics.X-CUBE-SUBG2.5.0.0
2023-09-05 09:15:56,085 [WARN] PackLoader:240 - Cannot read IP mode file for STMicroelectronics.X-CUBE-TOF1.3.3.1
2023-09-05 09:15:56,190 [WARN] PackLoader:240 - Cannot read IP mode file for STMicroelectronics.X-CUBE-AZRTOS-G4.2.0.0
2023-09-05 09:15:56,240 [WARN] PackLoader:240 - Cannot read IP mode file for STMicroelectronics.X-CUBE-FREERTOS.1.1.0
2023-09-05 09:15:56,263 [WARN] PackLoader:240 - Cannot read IP mode file for STMicroelectronics.X-CUBE-ALS.1.0.1
2023-09-05 09:15:56,295 [WARN] PackLoader:240 - Cannot read IP mode file for STMicroelectronics.FP-ATR-ASTRA1.2.0.0
2023-09-05 09:15:56,296 [INFO] ThirdParty:978 - Integrity check success = true
2023-09-05 09:15:56,296 [INFO] IntegrityCheckThread:100 - exiting critical section [integrity check]
2023-09-05 09:15:56,296 [INFO] IntegrityCheckThread:103 - End integrity checks thread
2023-09-05 09:16:13,401 [ERROR] LogOutputStream:75 - [STDERR_REDIRECT] SLF4J: Failed to load class "org.slf4j.impl.StaticLoggerBinder".
2023-09-05 09:16:13,402 [ERROR] LogOutputStream:75 - [STDERR_REDIRECT] SLF4J: Defaulting to no-operation (NOP) logger implementation
2023-09-05 09:16:13,405 [ERROR] LogOutputStream:75 - [STDERR_REDIRECT] SLF4J: See http://www.slf4j.org/codes.html#StaticLoggerBinder for further details.
2023-09-05 09:17:55,220 [INFO] Activator:176 - 


2023-09-05 09:17:55,223 [INFO] Activator:177 - !SESSION log4j initialized
2023-09-05 09:17:59,194 [INFO] LogOutputStream:77 - [STDOUT_REDIRECT] 
2023-09-05 09:18:02,143 [INFO] ApplicationProperties:184 - Using Application install path: C:\ST\STM32CubeIDE_1.13.1\STM32CubeIDE\plugins\com.st.stm32cube.common.mx_6.9.1.202307191849
2023-09-05 09:18:02,173 [INFO] DbMcusXml:78 - Set database path to: C:\ST\STM32CubeIDE_1.13.1\STM32CubeIDE\plugins\com.st.stm32cube.common.mx_6.9.1.202307191849\\db\/mcu/
2023-09-05 09:18:02,174 [INFO] ApiDb:274 - Set plugin database path to: C:\ST\STM32CubeIDE_1.13.1\STM32CubeIDE\plugins\com.st.stm32cube.common.mx_6.9.1.202307191849\\db\/plugins/boardmanager/
2023-09-05 09:18:02,175 [WARN] ApiDb:259 - Overriding images path with different value:  => C:\ST\STM32CubeIDE_1.13.1\STM32CubeIDE\plugins\com.st.stm32cube.common.mx_6.9.1.202307191849\\db\/plugins/mcufinder/images/
2023-09-05 09:18:02,188 [INFO] ApiDb:250 - Set database path to: C:\Users\mcnex\.stmcufinder\plugins\mcufinder//mcu/
2023-09-05 09:18:02,191 [INFO] DbMcusAds:125 - Set database path to: C:\Users\mcnex\.stmcufinder\plugins\mcufinder//mcu/
2023-09-05 09:18:02,194 [INFO] CrossReferenceDbSqlite:203 - Set database path to: C:\Users\mcnex\.stmcufinder\plugins\mcufinder//mcu/cs/
2023-09-05 09:18:02,380 [INFO] RulesReader:64 - Compatibility file has been processed (293 Rules)
2023-09-05 09:18:02,520 [INFO] DbMcusXml:78 - Set database path to: C:\ST\STM32CubeIDE_1.13.1\STM32CubeIDE\plugins\com.st.stm32cube.common.mx_6.9.1.202307191849\\db\/mcu/
2023-09-05 09:18:02,520 [INFO] ApiDb:274 - Set plugin database path to: C:\ST\STM32CubeIDE_1.13.1\STM32CubeIDE\plugins\com.st.stm32cube.common.mx_6.9.1.202307191849\\db\/plugins/boardmanager/
2023-09-05 09:18:02,521 [INFO] ApiDb:261 - Set plugin images path to: C:\ST\STM32CubeIDE_1.13.1\STM32CubeIDE\plugins\com.st.stm32cube.common.mx_6.9.1.202307191849\\db\/plugins/mcufinder/images/
2023-09-05 09:18:02,522 [WARN] DbFile:41 - Overriding database path with different value: C:\Users\mcnex\.stmcufinder\plugins\mcufinder/ => C:\Users\mcnex\.stmcufinder\plugins\mcufinder
2023-09-05 09:18:02,524 [INFO] ApiDb:250 - Set database path to: C:\Users\mcnex\.stmcufinder\plugins\mcufinder//mcu/
2023-09-05 09:18:02,526 [WARN] DbFile:41 - Overriding database path with different value: C:\Users\mcnex\.stmcufinder\plugins\mcufinder/ => C:\Users\mcnex\.stmcufinder\plugins\mcufinder
2023-09-05 09:18:02,526 [INFO] DbMcusAds:125 - Set database path to: C:\Users\mcnex\.stmcufinder\plugins\mcufinder//mcu/
2023-09-05 09:18:02,526 [WARN] DbFile:41 - Overriding database path with different value: C:\Users\mcnex\.stmcufinder\plugins\mcufinder/ => C:\Users\mcnex\.stmcufinder\plugins\mcufinder
2023-09-05 09:18:02,527 [WARN] DbFile:41 - Overriding database path with different value: C:\Users\mcnex\.stmcufinder\plugins\mcufinder/ => C:\Users\mcnex\.stmcufinder\plugins\mcufinder
2023-09-05 09:18:02,527 [INFO] CrossReferenceDbSqlite:203 - Set database path to: C:\Users\mcnex\.stmcufinder\plugins\mcufinder//mcu/cs/
2023-09-05 09:18:02,679 [INFO] MainPanel:262 - HeapMemory: 268435456
2023-09-05 09:18:02,833 [INFO] DbMcusXml:78 - Set database path to: C:\ST\STM32CubeIDE_1.13.1\STM32CubeIDE\plugins\com.st.stm32cube.common.mx_6.9.1.202307191849\\db\/mcu/
2023-09-05 09:18:02,833 [INFO] ApiDb:274 - Set plugin database path to: C:\ST\STM32CubeIDE_1.13.1\STM32CubeIDE\plugins\com.st.stm32cube.common.mx_6.9.1.202307191849\\db\/plugins/boardmanager/
2023-09-05 09:18:02,833 [INFO] ApiDb:261 - Set plugin images path to: C:\ST\STM32CubeIDE_1.13.1\STM32CubeIDE\plugins\com.st.stm32cube.common.mx_6.9.1.202307191849\\db\/plugins/mcufinder/images/
2023-09-05 09:18:02,834 [WARN] DbFile:41 - Overriding database path with different value: C:\Users\mcnex\.stmcufinder\plugins\mcufinder/ => C:\Users\mcnex\.stmcufinder\plugins\mcufinder
2023-09-05 09:18:02,834 [INFO] ApiDb:250 - Set database path to: C:\Users\mcnex\.stmcufinder\plugins\mcufinder//mcu/
2023-09-05 09:18:02,834 [WARN] DbFile:41 - Overriding database path with different value: C:\Users\mcnex\.stmcufinder\plugins\mcufinder/ => C:\Users\mcnex\.stmcufinder\plugins\mcufinder
2023-09-05 09:18:02,835 [INFO] DbMcusAds:125 - Set database path to: C:\Users\mcnex\.stmcufinder\plugins\mcufinder//mcu/
2023-09-05 09:18:02,835 [WARN] DbFile:41 - Overriding database path with different value: C:\Users\mcnex\.stmcufinder\plugins\mcufinder/ => C:\Users\mcnex\.stmcufinder\plugins\mcufinder
2023-09-05 09:18:02,835 [WARN] DbFile:41 - Overriding database path with different value: C:\Users\mcnex\.stmcufinder\plugins\mcufinder/ => C:\Users\mcnex\.stmcufinder\plugins\mcufinder
2023-09-05 09:18:02,835 [INFO] CrossReferenceDbSqlite:203 - Set database path to: C:\Users\mcnex\.stmcufinder\plugins\mcufinder//mcu/cs/
2023-09-05 09:18:02,866 [INFO] ApplicationProperties:184 - Using Application install path: C:\ST\STM32CubeIDE_1.13.1\STM32CubeIDE\plugins\com.st.stm32cube.common.mx_6.9.1.202307191849
2023-09-05 09:18:02,873 [INFO] PluginManage:196 - Search for loadable plugins [exclusion list=, ]
2023-09-05 09:18:02,876 [INFO] PluginManage:310 - Check plugin analytics
2023-09-05 09:18:03,189 [INFO] AnalyticsPlugin:253 - Accepted Software Licenses: 
2023-09-05 09:18:03,189 [INFO] AnalyticsPlugin:255 - Accepted CMSIS Pack Licenses: 
2023-09-05 09:18:03,190 [INFO] AnalyticsPlugin:257 - Accepted Firmware Licenses: 
2023-09-05 09:18:03,194 [INFO] PluginManage:359 - Loaded plugin analytics (category:tool,tabindex:-1)
2023-09-05 09:18:03,196 [INFO] PluginManage:310 - Check plugin cadmodel
2023-09-05 09:18:03,201 [INFO] CADModel:105 - Init CAD model plugin
2023-09-05 09:18:03,202 [INFO] PluginManage:359 - Loaded plugin cadmodel (category:power,tabindex:5)
2023-09-05 09:18:03,202 [INFO] PluginManage:310 - Check plugin clock
2023-09-05 09:18:03,213 [INFO] PluginManage:359 - Loaded plugin clock (category:base,tabindex:2)
2023-09-05 09:18:03,213 [INFO] PluginManage:310 - Check plugin ddr
2023-09-05 09:18:03,217 [INFO] PluginManage:359 - Loaded plugin ddr (category:tool,tabindex:6)
2023-09-05 09:18:03,217 [INFO] PluginManage:310 - Check plugin filemanager
2023-09-05 09:18:03,403 [INFO] PluginManage:359 - Loaded plugin filemanager (category:base,tabindex:10)
2023-09-05 09:18:03,404 [INFO] PluginManage:310 - Check plugin ipmanager
2023-09-05 09:18:03,415 [INFO] PluginManage:359 - Loaded plugin ipmanager (category:base,tabindex:5)
2023-09-05 09:18:03,415 [INFO] PluginManage:310 - Check plugin lpbam
2023-09-05 09:18:03,427 [INFO] PluginManage:359 - Loaded plugin lpbam (category:base,tabindex:0)
2023-09-05 09:18:03,427 [INFO] PluginManage:310 - Check plugin memorymap
2023-09-05 09:18:03,445 [INFO] PluginManage:359 - Loaded plugin memorymap (category:base,tabindex:4)
2023-09-05 09:18:03,445 [INFO] PluginManage:310 - Check plugin pinoutandconfiguration
2023-09-05 09:18:03,457 [INFO] PluginManage:359 - Loaded plugin pinoutandconfiguration (category:base,tabindex:1)
2023-09-05 09:18:03,457 [INFO] PluginManage:310 - Check plugin pinoutconfig
2023-09-05 09:18:03,604 [WARN] SupportedApi:132 - Cannot load RTOS API schema: s4s-elt-must-match.1: The content of 'definitions' must match (annotation?, (simpleType | complexType)?, (unique | key | keyref)*)). A problem was found starting at: attribute.
2023-09-05 09:18:03,815 [INFO] PluginManage:359 - Loaded plugin pinoutconfig (category:base,tabindex:0)
2023-09-05 09:18:03,816 [INFO] PluginManage:310 - Check plugin power
2023-09-05 09:18:03,831 [INFO] PluginManage:359 - Loaded plugin power (category:power,tabindex:4)
2023-09-05 09:18:03,831 [INFO] PluginManage:310 - Check plugin projectmanager
2023-09-05 09:18:03,854 [INFO] PluginManage:359 - Loaded plugin projectmanager (category:projectmanager,tabindex:3)
2023-09-05 09:18:03,854 [INFO] PluginManage:310 - Check plugin thirdparty
2023-09-05 09:18:04,060 [INFO] PluginManage:359 - Loaded plugin thirdparty (category:base,tabindex:-1)
2023-09-05 09:18:04,059 [WARN] IntegrityCheckThread:84 - waiting for thirdparty lock release [integrity check]
2023-09-05 09:18:04,060 [INFO] PluginManage:310 - Check plugin tools
2023-09-05 09:18:04,061 [INFO] IntegrityCheckThread:86 - entering critical section [integrity check]
2023-09-05 09:18:04,061 [INFO] ThirdPartyUpdaterWithRetryManager:70 - Updater plugin not ready yet. [1/15]
2023-09-05 09:18:04,064 [INFO] PluginManage:359 - Loaded plugin tools (category:base,tabindex:7)
2023-09-05 09:18:04,064 [INFO] PluginManage:310 - Check plugin tutovideos
2023-09-05 09:18:04,337 [INFO] PluginManage:359 - Loaded plugin tutovideos (category:base,tabindex:-1)
2023-09-05 09:18:04,337 [INFO] PluginManage:310 - Check plugin updater
2023-09-05 09:18:04,354 [INFO] PluginManage:359 - Loaded plugin updater (category:base,tabindex:12)
2023-09-05 09:18:04,354 [INFO] PluginManage:310 - Check plugin userauth
2023-09-05 09:18:04,361 [INFO] UserAuth:113 - Init User Auth plugin
2023-09-05 09:18:04,361 [INFO] PluginManage:359 - Loaded plugin userauth (category:base,tabindex:14)
2023-09-05 09:18:04,362 [INFO] PluginManage:283 - PluginManage : Loaded plugins [17]
2023-09-05 09:18:04,744 [INFO] PinOutPanel:1499 - setPackage(No Configuration,No Configuration)
2023-09-05 09:18:04,907 [INFO] CADModel:165 - CPN selected for project level
2023-09-05 09:18:04,907 [INFO] CADModel:114 - Register for checkConnection events
2023-09-05 09:18:04,931 [INFO] IPUIPlugin:80 - create IPUIPlugin
2023-09-05 09:18:04,931 [INFO] PluginManager:220 - loadIPPluginJar : add adc
2023-09-05 09:18:04,935 [INFO] IPUIPlugin:80 - create IPUIPlugin
2023-09-05 09:18:04,936 [INFO] PluginManager:220 - loadIPPluginJar : add aes
2023-09-05 09:18:04,940 [INFO] IPUIPlugin:80 - create IPUIPlugin
2023-09-05 09:18:04,940 [INFO] PluginManager:220 - loadIPPluginJar : add can
2023-09-05 09:18:04,942 [INFO] IPUIPlugin:80 - create IPUIPlugin
2023-09-05 09:18:04,943 [INFO] PluginManager:220 - loadIPPluginJar : add comp
2023-09-05 09:18:04,947 [INFO] IPUIPlugin:80 - create IPUIPlugin
2023-09-05 09:18:04,947 [INFO] PluginManager:220 - loadIPPluginJar : add cryp
2023-09-05 09:18:04,951 [INFO] IPUIPlugin:80 - create IPUIPlugin
2023-09-05 09:18:04,951 [INFO] PluginManager:220 - loadIPPluginJar : add dfsdm
2023-09-05 09:18:04,959 [INFO] IPUIPlugin:80 - create IPUIPlugin
2023-09-05 09:18:04,960 [INFO] PluginManager:220 - loadIPPluginJar : add dma
2023-09-05 09:18:04,963 [INFO] IPUIPlugin:80 - create IPUIPlugin
2023-09-05 09:18:04,964 [INFO] PluginManager:220 - loadIPPluginJar : add dma3
2023-09-05 09:18:04,967 [INFO] IPUIPlugin:80 - create IPUIPlugin
2023-09-05 09:18:04,967 [INFO] PluginManager:220 - loadIPPluginJar : add fatfs
2023-09-05 09:18:04,973 [INFO] IPUIPlugin:80 - create IPUIPlugin
2023-09-05 09:18:04,974 [INFO] PluginManager:220 - loadIPPluginJar : add fmc
2023-09-05 09:18:04,980 [INFO] IPUIPlugin:80 - create IPUIPlugin
2023-09-05 09:18:04,981 [INFO] PluginManager:220 - loadIPPluginJar : add freertos
2023-09-05 09:18:04,983 [INFO] IPUIPlugin:80 - create IPUIPlugin
2023-09-05 09:18:04,983 [INFO] PluginManager:220 - loadIPPluginJar : add genericplugin
2023-09-05 09:18:04,987 [INFO] IPUIPlugin:80 - create IPUIPlugin
2023-09-05 09:18:04,987 [INFO] PluginManager:220 - loadIPPluginJar : add gfxmmu
2023-09-05 09:18:04,993 [INFO] IPUIPlugin:80 - create IPUIPlugin
2023-09-05 09:18:04,994 [INFO] PluginManager:220 - loadIPPluginJar : add gic
2023-09-05 09:18:05,000 [INFO] IPUIPlugin:80 - create IPUIPlugin
2023-09-05 09:18:05,001 [INFO] PluginManager:220 - loadIPPluginJar : add gpio
2023-09-05 09:18:05,005 [INFO] IPUIPlugin:80 - create IPUIPlugin
2023-09-05 09:18:05,005 [INFO] PluginManager:220 - loadIPPluginJar : add gtzc
2023-09-05 09:18:05,009 [INFO] IPUIPlugin:80 - create IPUIPlugin
2023-09-05 09:18:05,009 [INFO] PluginManager:220 - loadIPPluginJar : add hash
2023-09-05 09:18:05,012 [INFO] IPUIPlugin:80 - create IPUIPlugin
2023-09-05 09:18:05,013 [INFO] PluginManager:220 - loadIPPluginJar : add i2c
2023-09-05 09:18:05,016 [INFO] IPUIPlugin:80 - create IPUIPlugin
2023-09-05 09:18:05,017 [INFO] PluginManager:220 - loadIPPluginJar : add i2s
2023-09-05 09:18:05,021 [INFO] IPUIPlugin:80 - create IPUIPlugin
2023-09-05 09:18:05,022 [INFO] PluginManager:220 - loadIPPluginJar : add i3c
2023-09-05 09:18:05,026 [INFO] IPUIPlugin:80 - create IPUIPlugin
2023-09-05 09:18:05,027 [INFO] PluginManager:220 - loadIPPluginJar : add ipddr
2023-09-05 09:18:05,037 [INFO] IPUIPlugin:80 - create IPUIPlugin
2023-09-05 09:18:05,038 [INFO] PluginManager:220 - loadIPPluginJar : add linkedlist
2023-09-05 09:18:05,042 [INFO] IPUIPlugin:80 - create IPUIPlugin
2023-09-05 09:18:05,042 [INFO] PluginManager:220 - loadIPPluginJar : add lorawan
2023-09-05 09:18:05,044 [INFO] IPUIPlugin:80 - create IPUIPlugin
2023-09-05 09:18:05,045 [INFO] PluginManager:220 - loadIPPluginJar : add ltdc
2023-09-05 09:18:05,052 [INFO] IPUIPlugin:80 - create IPUIPlugin
2023-09-05 09:18:05,053 [INFO] PluginManager:220 - loadIPPluginJar : add mdma
2023-09-05 09:18:05,057 [INFO] IPUIPlugin:80 - create IPUIPlugin
2023-09-05 09:18:05,058 [INFO] PluginManager:220 - loadIPPluginJar : add nvic
2023-09-05 09:18:05,062 [INFO] IPUIPlugin:80 - create IPUIPlugin
2023-09-05 09:18:05,062 [INFO] PluginManager:220 - loadIPPluginJar : add opamp
2023-09-05 09:18:05,066 [INFO] IPUIPlugin:80 - create IPUIPlugin
2023-09-05 09:18:05,067 [INFO] PluginManager:220 - loadIPPluginJar : add openamp
2023-09-05 09:18:05,073 [INFO] IPUIPlugin:80 - create IPUIPlugin
2023-09-05 09:18:05,073 [INFO] PluginManager:220 - loadIPPluginJar : add pdm2pcm
2023-09-05 09:18:05,083 [INFO] IPUIPlugin:80 - create IPUIPlugin
2023-09-05 09:18:05,087 [INFO] PluginManager:220 - loadIPPluginJar : add plateformsettings
2023-09-05 09:18:05,089 [INFO] IPUIPlugin:80 - create IPUIPlugin
2023-09-05 09:18:05,089 [INFO] PluginManager:220 - loadIPPluginJar : add quadspi
2023-09-05 09:18:05,093 [INFO] IPUIPlugin:80 - create IPUIPlugin
2023-09-05 09:18:05,093 [INFO] PluginManager:220 - loadIPPluginJar : add resmgrutility
2023-09-05 09:18:05,096 [INFO] IPUIPlugin:80 - create IPUIPlugin
2023-09-05 09:18:05,096 [INFO] PluginManager:220 - loadIPPluginJar : add sai
2023-09-05 09:18:05,100 [INFO] IPUIPlugin:80 - create IPUIPlugin
2023-09-05 09:18:05,100 [INFO] PluginManager:220 - loadIPPluginJar : add spi
2023-09-05 09:18:05,108 [INFO] IPUIPlugin:80 - create IPUIPlugin
2023-09-05 09:18:05,108 [INFO] PluginManager:220 - loadIPPluginJar : add stm32_wpan
2023-09-05 09:18:05,110 [INFO] IPUIPlugin:80 - create IPUIPlugin
2023-09-05 09:18:05,111 [INFO] PluginManager:220 - loadIPPluginJar : add tim
2023-09-05 09:18:05,115 [INFO] IPUIPlugin:80 - create IPUIPlugin
2023-09-05 09:18:05,115 [INFO] PluginManager:220 - loadIPPluginJar : add touchsensing
2023-09-05 09:18:05,118 [INFO] IPUIPlugin:80 - create IPUIPlugin
2023-09-05 09:18:05,118 [INFO] PluginManager:220 - loadIPPluginJar : add tracer_emb
2023-09-05 09:18:05,120 [INFO] IPUIPlugin:80 - create IPUIPlugin
2023-09-05 09:18:05,121 [INFO] PluginManager:220 - loadIPPluginJar : add ts
2023-09-05 09:18:05,123 [INFO] IPUIPlugin:80 - create IPUIPlugin
2023-09-05 09:18:05,123 [INFO] PluginManager:220 - loadIPPluginJar : add tsc
2023-09-05 09:18:05,126 [INFO] IPUIPlugin:80 - create IPUIPlugin
2023-09-05 09:18:05,126 [INFO] PluginManager:220 - loadIPPluginJar : add ucpd
2023-09-05 09:18:05,130 [INFO] IPUIPlugin:80 - create IPUIPlugin
2023-09-05 09:18:05,130 [INFO] PluginManager:220 - loadIPPluginJar : add usart
2023-09-05 09:18:05,135 [INFO] IPUIPlugin:80 - create IPUIPlugin
2023-09-05 09:18:05,135 [INFO] PluginManager:220 - loadIPPluginJar : add usbx
2023-09-05 09:18:05,290 [INFO] CADModel:165 - CPN selected for project level
2023-09-05 09:18:05,290 [INFO] CADModel:114 - Register for checkConnection events
2023-09-05 09:18:05,291 [FATAL] Updater:308 - Updater called before beeing initialized
2023-09-05 09:18:05,291 [ERROR] CADModel:125 - Updater not yet initialized, retry later 
2023-09-05 09:18:05,518 [INFO] CADModel:165 - CPN selected for project level
2023-09-05 09:18:05,518 [INFO] CADModel:114 - Register for checkConnection events
2023-09-05 09:18:05,518 [FATAL] Updater:308 - Updater called before beeing initialized
2023-09-05 09:18:05,518 [ERROR] CADModel:125 - Updater not yet initialized, retry later 
2023-09-05 09:18:05,523 [FATAL] Updater:308 - Updater called before beeing initialized
2023-09-05 09:18:05,690 [FATAL] Updater:308 - Updater called before beeing initialized
2023-09-05 09:18:05,700 [INFO] DbMcusAds:53 - JSON generation date=Tue Mar 07 15:50:55 ICT 2023 (1678179055114)
2023-09-05 09:18:05,701 [FATAL] Updater:308 - Updater called before beeing initialized
2023-09-05 09:18:05,763 [WARN] DetailPanel:346 - Failed to get advertising image, set to default
2023-09-05 09:18:05,889 [FATAL] Updater:308 - Updater called before beeing initialized
2023-09-05 09:18:05,891 [FATAL] Updater:308 - Updater called before beeing initialized
2023-09-05 09:18:05,891 [FATAL] Updater:308 - Updater called before beeing initialized
2023-09-05 09:18:05,892 [WARN] DetailPanel:346 - Failed to get advertising image, set to default
2023-09-05 09:18:05,893 [FATAL] Updater:308 - Updater called before beeing initialized
2023-09-05 09:18:05,953 [ERROR] Updater:1120 - MainUpdater not yet initialized. External WinMGr cannot be set.
2023-09-05 09:18:05,955 [INFO] Updater:1056 - Updater Version found : 6.9.1
2023-09-05 09:18:05,977 [INFO] ApplicationProperties:184 - Using Application install path: C:\ST\STM32CubeIDE_1.13.1\STM32CubeIDE\plugins\com.st.stm32cube.common.mx_6.9.1.202307191849
2023-09-05 09:18:06,143 [INFO] MainUpdater:2868 - connection check result : 10
2023-09-05 09:18:06,144 [INFO] MainUpdater:285 - Updater Check For Update Now.
2023-09-05 09:18:06,144 [INFO] MicroXplorer:498 - Change Database Version : DB.6.0.91
2023-09-05 09:18:06,155 [INFO] McuFinderGlobals:63 - Set McuFinder mode to 2 (CubeIDE integrated)
2023-09-05 09:18:06,452 [INFO] CheckServerUpdateThread:120 - End of CheckServer Thread
2023-09-05 09:18:07,312 [WARN] PackLoader:240 - Cannot read IP mode file for STMicroelectronics.X-CUBE-SMBUS.2.1.0
2023-09-05 09:18:07,371 [WARN] PackLoader:240 - Cannot read IP mode file for STMicroelectronics.X-CUBE-AZRTOS-F7.1.1.0
2023-09-05 09:18:07,389 [WARN] PackLoader:240 - Cannot read IP mode file for STMicroelectronics.FP-SNS-MOTENV1.4.3.2
2023-09-05 09:18:07,400 [WARN] PackLoader:240 - Cannot read IP mode file for STMicroelectronics.FP-SNS-FLIGHT1.5.0.2
2023-09-05 09:18:07,413 [WARN] PackLoader:240 - Cannot read IP mode file for STMicroelectronics.X-CUBE-DISPLAY.3.0.0
2023-09-05 09:18:07,433 [WARN] PackLoader:240 - Cannot read IP mode file for STMicroelectronics.X-CUBE-BLE1.7.0.0
2023-09-05 09:18:07,441 [WARN] PackLoader:240 - Cannot read IP mode file for emotas.I-CUBE-CANOPEN.1.3.0
2023-09-05 09:18:07,448 [WARN] PackLoader:240 - Cannot read IP mode file for STMicroelectronics.X-CUBE-TOUCHGFX.4.22.0
2023-09-05 09:18:07,464 [INFO] LogOutputStream:77 - [STDOUT_REDIRECT] 1 : Invalid condition id : UX_CORESTACK_Condition cause : null
2023-09-05 09:18:07,465 [INFO] LogOutputStream:77 - [STDOUT_REDIRECT] 1 : Invalid condition id : UX_CORESTACK_Condition cause : null
2023-09-05 09:18:07,467 [INFO] LogOutputStream:77 - [STDOUT_REDIRECT] 1 : Invalid condition id : UX_CORESTACK_Condition cause : null
2023-09-05 09:18:07,470 [INFO] LogOutputStream:77 - [STDOUT_REDIRECT] 1 : Invalid condition id : UX_CORESTACK_Condition cause : null
2023-09-05 09:18:07,472 [INFO] LogOutputStream:77 - [STDOUT_REDIRECT] 1 : Invalid condition id : UX_CORESTACK_Condition cause : null
2023-09-05 09:18:07,479 [WARN] PackLoader:240 - Cannot read IP mode file for STMicroelectronics.X-CUBE-AZRTOS-WL.2.0.0
2023-09-05 09:18:07,491 [WARN] PackLoader:240 - Cannot read IP mode file for STMicroelectronics.X-CUBE-BLE2.3.3.0
2023-09-05 09:18:07,502 [WARN] PackLoader:240 - Cannot read IP mode file for STMicroelectronics.X-CUBE-ALGOBUILD.1.3.0
2023-09-05 09:18:07,574 [WARN] PackLoader:240 - Cannot read IP mode file for STMicroelectronics.X-CUBE-AZRTOS-G0.1.1.0
2023-09-05 09:18:07,589 [WARN] PackLoader:240 - Cannot read IP mode file for STMicroelectronics.X-CUBE-NFC4.3.0.0
2023-09-05 09:18:07,597 [WARN] PackLoader:240 - Cannot read IP mode file for STMicroelectronics.FP-ATR-SIGFOX1.3.2.0
2023-09-05 09:18:07,671 [WARN] PackLoader:240 - Cannot read IP mode file for SEGGER.I-CUBE-embOS.1.3.1
2023-09-05 09:18:07,755 [WARN] PackLoader:240 - Cannot read IP mode file for STMicroelectronics.X-CUBE-GNSS1.6.0.0
2023-09-05 09:18:07,784 [WARN] PackLoader:240 - Cannot read IP mode file for STMicroelectronics.X-CUBE-AZRTOS-F4.1.1.0
2023-09-05 09:18:07,793 [WARN] PackLoader:240 - Cannot read IP mode file for wolfSSL.I-CUBE-wolfSSL.5.6.3
2023-09-05 09:18:07,818 [WARN] PackLoader:240 - Cannot read IP mode file for STMicroelectronics.X-CUBE-AZRTOS-L5.2.0.0
2023-09-05 09:18:07,893 [WARN] PackLoader:240 - Cannot read IP mode file for STMicroelectronics.X-CUBE-MEMS1.9.6.0
2023-09-05 09:18:08,138 [WARN] PackLoader:240 - Cannot read IP mode file for STMicroelectronics.X-CUBE-BLEMGR.2.0.0
2023-09-05 09:18:08,166 [WARN] ConditionMgr:438 - getConditionDescription Invalid condition id : UX DEVICE CLASS RTOS Condition cause : null
2023-09-05 09:18:08,167 [WARN] ConditionMgr:438 - getConditionDescription Invalid condition id : UX DEVICE CLASS RTOS Condition cause : null
2023-09-05 09:18:08,171 [WARN] PackLoader:240 - Cannot read IP mode file for STMicroelectronics.X-CUBE-AZRTOS-H7.3.1.0
2023-09-05 09:18:08,173 [WARN] ConditionMgr:1039 - genDependencies : Invalid condition id : UX DEVICE CLASS RTOS Condition cause : null
2023-09-05 09:18:08,174 [WARN] ConditionMgr:1039 - genDependencies : Invalid condition id : UX DEVICE CLASS RTOS Condition cause : null
2023-09-05 09:18:08,175 [WARN] ConditionMgr:1039 - genDependencies : Invalid condition id : UX DEVICE CLASS RTOS Condition cause : null
2023-09-05 09:18:08,175 [WARN] ConditionMgr:1039 - genDependencies : Invalid condition id : UX DEVICE CLASS RTOS Condition cause : null
2023-09-05 09:18:08,176 [WARN] ConditionMgr:1039 - genDependencies : Invalid condition id : UX DEVICE CLASS RTOS Condition cause : null
2023-09-05 09:18:08,182 [WARN] PackLoader:240 - Cannot read IP mode file for STMicroelectronics.X-CUBE-NFC7.1.0.1
2023-09-05 09:18:08,188 [WARN] PackLoader:240 - Cannot read IP mode file for STMicroelectronics.X-CUBE-EEPRMA1.4.1.0
2023-09-05 09:18:08,196 [WARN] PackLoader:240 - Cannot read IP mode file for STMicroelectronics.X-CUBE-AI.8.1.0
2023-09-05 09:18:08,225 [WARN] ConditionMgr:438 - getConditionDescription Invalid condition id : LAN8742 Phy interface Condition cause : null
2023-09-05 09:18:08,226 [WARN] PackLoader:240 - Cannot read IP mode file for STMicroelectronics.X-CUBE-AZRTOS-L4.2.0.0
2023-09-05 09:18:08,228 [WARN] ConditionMgr:1039 - genDependencies : Invalid condition id : LAN8742 Phy interface Condition cause : null
2023-09-05 09:18:08,229 [WARN] ConditionMgr:1039 - genDependencies : Invalid condition id : LAN8742 Phy interface Condition cause : null
2023-09-05 09:18:08,230 [WARN] ConditionMgr:1039 - genDependencies : Invalid condition id : LAN8742 Phy interface Condition cause : null
2023-09-05 09:18:08,241 [WARN] PackLoader:240 - Cannot read IP mode file for STMicroelectronics.X-CUBE-SFXS2LP1.4.0.0
2023-09-05 09:18:08,259 [WARN] PackLoader:240 - Cannot read IP mode file for STMicroelectronics.X-CUBE-ISPU.1.1.0
2023-09-05 09:18:08,292 [WARN] ConditionMgr:438 - getConditionDescription Invalid condition id : UX DEVICE CLASS RTOS Condition cause : null
2023-09-05 09:18:08,292 [WARN] ConditionMgr:438 - getConditionDescription Invalid condition id : UX DEVICE CLASS RTOS Condition cause : null
2023-09-05 09:18:08,295 [WARN] PackLoader:240 - Cannot read IP mode file for STMicroelectronics.X-CUBE-AZRTOS-WB.2.0.0
2023-09-05 09:18:08,297 [WARN] ConditionMgr:1039 - genDependencies : Invalid condition id : UX DEVICE CLASS RTOS Condition cause : null
2023-09-05 09:18:08,297 [WARN] ConditionMgr:1039 - genDependencies : Invalid condition id : UX DEVICE CLASS RTOS Condition cause : null
2023-09-05 09:18:08,298 [WARN] ConditionMgr:1039 - genDependencies : Invalid condition id : UX DEVICE CLASS RTOS Condition cause : null
2023-09-05 09:18:08,298 [WARN] ConditionMgr:1039 - genDependencies : Invalid condition id : UX DEVICE CLASS RTOS Condition cause : null
2023-09-05 09:18:08,298 [WARN] ConditionMgr:1039 - genDependencies : Invalid condition id : UX DEVICE CLASS RTOS Condition cause : null
2023-09-05 09:18:08,313 [WARN] PackLoader:240 - Cannot read IP mode file for STMicroelectronics.X-CUBE-SUBG2.5.0.0
2023-09-05 09:18:08,339 [WARN] PackLoader:240 - Cannot read IP mode file for STMicroelectronics.X-CUBE-TOF1.3.3.1
2023-09-05 09:18:08,371 [WARN] PackLoader:240 - Cannot read IP mode file for STMicroelectronics.X-CUBE-AZRTOS-G4.2.0.0
2023-09-05 09:18:08,379 [WARN] PackLoader:240 - Cannot read IP mode file for STMicroelectronics.X-CUBE-FREERTOS.1.1.0
2023-09-05 09:18:08,385 [WARN] PackLoader:240 - Cannot read IP mode file for STMicroelectronics.X-CUBE-ALS.1.0.1
2023-09-05 09:18:08,389 [WARN] PackLoader:240 - Cannot read IP mode file for STMicroelectronics.FP-ATR-ASTRA1.2.0.0
2023-09-05 09:18:08,390 [INFO] ThirdParty:978 - Integrity check success = true
2023-09-05 09:18:08,391 [INFO] IntegrityCheckThread:100 - exiting critical section [integrity check]
2023-09-05 09:18:08,391 [INFO] IntegrityCheckThread:103 - End integrity checks thread
2023-09-05 09:18:27,334 [ERROR] LogOutputStream:75 - [STDERR_REDIRECT] SLF4J: Failed to load class "org.slf4j.impl.StaticLoggerBinder".
2023-09-05 09:18:27,335 [ERROR] LogOutputStream:75 - [STDERR_REDIRECT] SLF4J: Defaulting to no-operation (NOP) logger implementation
2023-09-05 09:18:27,337 [ERROR] LogOutputStream:75 - [STDERR_REDIRECT] SLF4J: See http://www.slf4j.org/codes.html#StaticLoggerBinder for further details.
2023-09-05 09:19:39,397 [INFO] McuFinderGlobals:63 - Set McuFinder mode to 2 (CubeIDE integrated)
2023-09-05 09:19:39,427 [INFO] MainUpdater:2868 - connection check result : 10
2023-09-05 09:19:39,453 [INFO] McuFinderGlobals:76 - Set McuFinderConnectedMode to true
2023-09-05 09:19:39,871 [INFO] ServerAccessManage:473 - Download File mcusAds.json._tmp_
2023-09-05 09:19:39,988 [INFO] LoadUrlFilesThread:156 - End of LoadUrlFiles Thread
2023-09-05 09:19:40,223 [INFO] ServerAccessManage:473 - Download File cube-finder-db.zip
2023-09-05 09:19:43,017 [INFO] FileExtend:240 - Unzip File : cube-finder-db.zip
2023-09-05 09:19:43,017 [INFO] FileExtend:255 - Standard Zip Deflate
2023-09-05 09:19:43,929 [INFO] LoadUrlFilesThread:156 - End of LoadUrlFiles Thread
2023-09-05 09:19:45,482 [INFO] ServerAccessManage:473 - Download File crdb.zip
2023-09-05 09:19:46,839 [INFO] FileExtend:240 - Unzip File : crdb.zip
2023-09-05 09:19:46,840 [INFO] FileExtend:255 - Standard Zip Deflate
2023-09-05 09:19:46,999 [INFO] LoadUrlFilesThread:156 - End of LoadUrlFiles Thread
2023-09-05 09:19:47,163 [INFO] ServerAccessManage:473 - Download File tutoVideoDB.zip
2023-09-05 09:19:47,184 [INFO] FileExtend:240 - Unzip File : tutoVideoDB.zip
2023-09-05 09:19:47,185 [INFO] FileExtend:255 - Standard Zip Deflate
2023-09-05 09:19:47,318 [INFO] LoadUrlFilesThread:156 - End of LoadUrlFiles Thread
2023-09-05 09:19:47,326 [WARN] DbFile:41 - Overriding database path with different value: C:\Users\mcnex\.stmcufinder\plugins\mcufinder/ => C:\Users\mcnex\.stmcufinder\plugins\mcufinder
2023-09-05 09:19:47,483 [INFO] ServerAccessManage:473 - Download File api_config.json
2023-09-05 09:19:47,594 [INFO] LoadUrlFilesThread:156 - End of LoadUrlFiles Thread
2023-09-05 09:19:47,595 [INFO] DbMcusAds:53 - JSON generation date=Tue Mar 07 15:50:55 ICT 2023 (1678179055114)
2023-09-05 09:19:47,636 [INFO] LoadUrlFilesThread:185 - End of LoadServerUrlFiles without Thread
2023-09-05 09:19:47,636 [INFO] TargetSelectorAdapter:259 - Refresh data is successful
2023-09-05 09:19:47,831 [INFO] ApiDb:581 - Connected to CubeFinder SQLite database (C:\Users\mcnex\.stmcufinder\plugins\mcufinder\mcu\cube-finder-db.db)
2023-09-05 09:19:47,917 [INFO] ApiDb:668 - CubeFinder database Data Model version=2.1
2023-09-05 09:19:47,917 [INFO] ApiDb:669 - CubeFinder database Configuration version=3.0.37
2023-09-05 09:19:47,918 [INFO] ApiDb:670 - CubeFinder database generation date=2023-08-09 (1691586011)
2023-09-05 09:19:47,918 [INFO] ApiDb:671 - CubeFinder database FW Pack versions=[FP-ATR-ASTRA1_V2.0.0, FP-SNS-FLIGHT1_V5.0.1, FP-SNS-FLIGHT1_V5.0.2, FP-SNS-MOTENV1_V4.3.1, FP-SNS-MOTENV1_V4.3.2, STM32Cube_FW_C0_V1.1.0, STM32Cube_FW_F4_V1.27.1, STM32Cube_FW_F7_V1.17.0, STM32Cube_FW_G0_V1.6.1, STM32Cube_FW_G4_V1.5.1, STM32Cube_FW_H5_V0.5.1, STM32Cube_FW_H5_V1.1.0, STM32Cube_FW_H7_V1.11.0, STM32Cube_FW_L0_V1.12.2, STM32Cube_FW_L5_V1.5.0, STM32Cube_FW_U5_V1.3.0, STM32Cube_FW_U5_V1.3.0RC4, STM32Cube_FW_WBA_V1.0.0RC1, STM32Cube_FW_WBA_V1.1.0, STM32Cube_FW_WBA_V1.1.0RC1, STM32Cube_FW_WB_V1.15.0RC1, STM32Cube_FW_WB_V1.16.0, STM32Cube_FW_WB_V1.16.0RC2, STM32Cube_FW_WB_V1.17.0, STM32Cube_FW_WL_V1.3.0, X-CUBE-ALGOBUILD_V1.3.0, X-CUBE-ALS_V1.0.1, X-CUBE-AZRTOS-F4_V1.1.0, X-CUBE-AZRTOS-F7_V1.1.0, X-CUBE-AZRTOS-G0_V1.1.0, X-CUBE-AZRTOS-G4_V2.0.0, X-CUBE-AZRTOS-H7_V3.1.0, X-CUBE-AZRTOS-L4_V1.0.0, X-CUBE-AZRTOS-L4_V2.0.0, X-CUBE-AZRTOS-L5_V1.1.0, X-CUBE-AZRTOS-WB_V1.1.0, X-CUBE-AZRTOS-WL_V2.0.0, X-CUBE-BLE1_V7.0.0, X-CUBE-BLE2_V3.3.0, X-CUBE-BLEMGR_V2.0.0, X-CUBE-EEPRMA1_V4.1.0, X-CUBE-FREERTOS_V1.1.0, X-CUBE-GNSS1_V6.0.0, X-CUBE-MEMS1_V9.1.0, X-CUBE-MEMS1_V9.4.0, X-CUBE-MEMS1_V9.6.0, X-CUBE-NFC4_V3.0.0, X-CUBE-NFC7_V1.0.0, X-CUBE-SFXS2LP1_V4.0.0, X-CUBE-SUBG2_V5.0.0, X-CUBE-TOF1_V3.3.1]
2023-09-05 09:19:50,440 [INFO] ApiDb:240 - Found 323 in-development CPN: [B-G473E-ZEST1S, B-WB1M-WPAN1, B-WL5M-SUBG1, NUCLEO-C031C6, NUCLEO-H503RB, NUCLEO-H563ZI, NUCLEO-U545RE-Q, NUCLEO-U5A5ZJ-Q, NUCLEO-WBA52CG, STEVAL-PROTEUS1, STEVAL-SMARTAG2, STEVAL-STWINBX1, STM320518-EVAL, STM32C0116-DK, STM32C011D6Y3TR, STM32C011D6Y6TR, STM32C011F4P3, STM32C011F4P6, STM32C011F4U3, STM32C011F4U6TR, STM32C011F6P3, STM32C011F6P6, STM32C011F6U3, STM32C011F6U6TR, STM32C011J4M3, STM32C011J4M6, STM32C011J6M3, STM32C011J6M6, STM32C0316-DK, STM32C031C4T3, STM32C031C4T6, STM32C031C4U3, STM32C031C4U6, STM32C031C6T3, STM32C031C6T6, STM32C031C6U3, STM32C031C6U6, STM32C031F4P3, STM32C031F4P6, STM32C031F6P3, STM32C031F6P6, STM32C031G4U3, STM32C031G4U6, STM32C031G6U3, STM32C031G6U6, STM32C031K4T3, STM32C031K4T6, STM32C031K4U3, STM32C031K4U6, STM32C031K6T3, STM32C031K6T6, STM32C031K6U3, STM32C031K6U6, STM32G071K8TXN, STM32G071K8UXN, STM32G081GBU6N, STM32G081KBT6N, STM32G081KBUXN, STM32G0B1CCT6N, STM32G0B1KCT6, STM32G0B1NEY6TR, STM32G0B1RCT6N, STM32G0C1CCT6, STM32G0C1CCT6N, STM32G0C1CCU6N, STM32G0C1CET6N, STM32G0C1CEU6N, STM32G0C1KCT6, STM32G0C1NEY6TR, STM32G0C1RCI6N, STM32G0C1RCT6N, STM32G0C1REI6N, STM32G0C1RET6N, STM32G0C1VCI6, STM32G0C1VEI6, STM32G471CCT6, STM32G471CCU6, STM32G471CET3, STM32G471CET6, STM32G471CEU3, STM32G471CEU6, STM32G471MCT6, STM32G471MET3, STM32G471MET6, STM32G471MEY6TR, STM32G471QCT6, STM32G471QET3, STM32G471RCT6, STM32G471RET3, STM32G471RET6, STM32G471VCH6, STM32G471VCI6, STM32G471VCT6, STM32G471VEH3, STM32G471VEH6, STM32G471VEI3, STM32G471VEI6, STM32G471VET3, STM32G471VET6, STM32G474CCT6, STM32H503CBT6, STM32H503CBU6, STM32H503EBY6TR, STM32H503KBU6, STM32H503RBT6, STM32H562AGI6, STM32H562AII6, STM32H562IGK6, STM32H562IGT6, STM32H562IIK6, STM32H562IIT6, STM32H562RGT6, STM32H562RGV6, STM32H562RIT6, STM32H562RIV6, STM32H562VGT6, STM32H562VIT6, STM32H562ZGT6, STM32H562ZIT6, STM32H563AGI6, STM32H563AII3Q, STM32H563AII6, STM32H563IGK6, STM32H563IGT6, STM32H563IIK3Q, STM32H563IIK6, STM32H563IIT3Q, STM32H563IIT6, STM32H563MIY3QTR, STM32H563RGT6, STM32H563RGV6, STM32H563RIT6, STM32H563RIV6, STM32H563VGT6, STM32H563VIT3Q, STM32H563VIT6, STM32H563ZGT6, STM32H563ZIT3Q, STM32H563ZIT6, STM32H573AII3Q, STM32H573AII6, STM32H573I-DK, STM32H573IIK3Q, STM32H573IIK6, STM32H573IIT3Q, STM32H573IIT6, STM32H573MIY3QTR, STM32H573RIT6, STM32H573RIV6, STM32H573VIT3Q, STM32H573VIT6, STM32H573ZIT3Q, STM32H573ZIT6, STM32L4R5QGI6STR, STM32MP131AAE3, STM32MP131AAF3, STM32MP131AAG3, STM32MP131CAE3, STM32MP131CAF3, STM32MP131CAG3, STM32MP131DAE7, STM32MP131DAF7, STM32MP131DAG7, STM32MP131FAE7, STM32MP131FAF7, STM32MP131FAG7, STM32MP133AAE3, STM32MP133AAF3, STM32MP133AAG3, STM32MP133CAE3, STM32MP133CAF3, STM32MP133CAG3, STM32MP133DAE7, STM32MP133DAF7, STM32MP133DAG7, STM32MP133FAE7, STM32MP133FAF7, STM32MP133FAG7, STM32MP135AAE3, STM32MP135AAF3, STM32MP135AAG3, STM32MP135CAE3, STM32MP135CAF3, STM32MP135CAG3, STM32MP135DAE7, STM32MP135DAF7, STM32MP135DAG7, STM32MP135F-DK, STM32MP135FAE7, STM32MP135FAF7, STM32MP135FAF7T, STM32MP135FAF7U, STM32MP135FAG7, STM32U535CBT6, STM32U535CBT6Q, STM32U535CBU6, STM32U535CBU6Q, STM32U535CCT6, STM32U535CCT6Q, STM32U535CCU6, STM32U535CCU6Q, STM32U535CET6, STM32U535CET6Q, STM32U535CEU6, STM32U535CEU6Q, STM32U535JEY6QTR, STM32U535NCY6QTR, STM32U535NEY6QTR, STM32U535RBI6, STM32U535RBI6Q, STM32U535RBT6, STM32U535RBT6Q, STM32U535RCI6, STM32U535RCI6Q, STM32U535RCT6, STM32U535RCT6Q, STM32U535REI6, STM32U535REI6Q, STM32U535RET6, STM32U535RET6Q, STM32U535VCI6, STM32U535VCI6Q, STM32U535VCT6, STM32U535VCT6Q, STM32U535VEI6, STM32U535VEI6Q, STM32U535VET6, STM32U535VET6Q, STM32U545CET6, STM32U545CET6Q, STM32U545CEU6, STM32U545CEU6Q, STM32U545JEY6QTR, STM32U545NEY6QTR, STM32U545REI6, STM32U545REI6Q, STM32U545RET6, STM32U545RET6Q, STM32U545VEI6, STM32U545VEI6Q, STM32U545VET6, STM32U545VET6Q, STM32U595AIH6, STM32U595AIH6Q, STM32U595AJH6, STM32U595AJH6Q, STM32U595QII6, STM32U595QII6Q, STM32U595QJI6, STM32U595QJI6Q, STM32U595RIT6, STM32U595RIT6Q, STM32U595RJT6, STM32U595RJT6Q, STM32U595VIT6, STM32U595VIT6Q, STM32U595VJT6, STM32U595VJT6Q, STM32U595ZIT6, STM32U595ZIT6Q, STM32U595ZIY6QTR, STM32U595ZJT6, STM32U595ZJT6Q, STM32U595ZJY6QTR, STM32U599BJY6QTR, STM32U599NIH6Q, STM32U599NJH6Q, STM32U599VIT6Q, STM32U599VJT6, STM32U599VJT6Q, STM32U599ZIT6Q, STM32U599ZIY6QTR, STM32U599ZJT6Q, STM32U599ZJY6QTR, STM32U5A5AJH6, STM32U5A5AJH6Q, STM32U5A5QJI6, STM32U5A5QJI6Q, STM32U5A5RJT6, STM32U5A5RJT6Q, STM32U5A5VJT6, STM32U5A5VJT6Q, STM32U5A5ZJT6, STM32U5A5ZJT6Q, STM32U5A5ZJY6QTR, STM32U5A9BJY6QTR, STM32U5A9J-DK, STM32U5A9NJH6Q, STM32U5A9VJT6Q, STM32U5A9ZJT6Q, STM32U5A9ZJY6QTR, STM32U5F7VIT6, STM32U5F7VIT6Q, STM32U5F7VJT6, STM32U5F7VJT6Q, STM32U5F9BJY6QTR, STM32U5F9NJH6Q, STM32U5F9VIT6Q, STM32U5F9VJT6Q, STM32U5F9ZIJ6QTR, STM32U5F9ZIT6Q, STM32U5F9ZJJ6QTR, STM32U5F9ZJT6Q, STM32U5G7VJT6, STM32U5G7VJT6Q, STM32U5G9BJY6QTR, STM32U5G9J-DK1, STM32U5G9J-DK2, STM32U5G9NJH6Q, STM32U5G9VJT6Q, STM32U5G9ZJJ6QTR, STM32U5G9ZJT6Q, STM32WB1MMCH6, STM32WBA52CEU6, STM32WBA52CEU6T, STM32WBA52CGU6, STM32WBA52CGU6T, STM32WBA52KEU6, STM32WBA52KEU6T, STM32WBA52KGU6, STM32WBA52KGU6T, STM32WL5MOCH6, STM32WL5MOCH6TR]
2023-09-05 09:19:50,446 [INFO] DbMcus:217 - Found 3848 MCUs, 3848 are supported
2023-09-05 09:19:50,452 [INFO] ApiDb:423 - Load user favorites file C:\Users\mcnex/.stm32cubeide/favorites.mcus.txt: 0 item(s)
2023-09-05 09:19:50,453 [INFO] ApiDb:427 - User favorites MCUs=[]
2023-09-05 09:19:50,453 [INFO] DbMcus:223 - Set 0 / 0 favorites MCUs
2023-09-05 09:19:50,774 [INFO] ApiDb:668 - CubeFinder database Data Model version=2.1
2023-09-05 09:19:50,774 [INFO] ApiDb:669 - CubeFinder database Configuration version=3.0.37
2023-09-05 09:19:50,775 [INFO] ApiDb:670 - CubeFinder database generation date=2023-08-09 (1691586011)
2023-09-05 09:19:50,775 [INFO] ApiDb:671 - CubeFinder database FW Pack versions=[FP-ATR-ASTRA1_V2.0.0, FP-SNS-FLIGHT1_V5.0.1, FP-SNS-FLIGHT1_V5.0.2, FP-SNS-MOTENV1_V4.3.1, FP-SNS-MOTENV1_V4.3.2, STM32Cube_FW_C0_V1.1.0, STM32Cube_FW_F4_V1.27.1, STM32Cube_FW_F7_V1.17.0, STM32Cube_FW_G0_V1.6.1, STM32Cube_FW_G4_V1.5.1, STM32Cube_FW_H5_V0.5.1, STM32Cube_FW_H5_V1.1.0, STM32Cube_FW_H7_V1.11.0, STM32Cube_FW_L0_V1.12.2, STM32Cube_FW_L5_V1.5.0, STM32Cube_FW_U5_V1.3.0, STM32Cube_FW_U5_V1.3.0RC4, STM32Cube_FW_WBA_V1.0.0RC1, STM32Cube_FW_WBA_V1.1.0, STM32Cube_FW_WBA_V1.1.0RC1, STM32Cube_FW_WB_V1.15.0RC1, STM32Cube_FW_WB_V1.16.0, STM32Cube_FW_WB_V1.16.0RC2, STM32Cube_FW_WB_V1.17.0, STM32Cube_FW_WL_V1.3.0, X-CUBE-ALGOBUILD_V1.3.0, X-CUBE-ALS_V1.0.1, X-CUBE-AZRTOS-F4_V1.1.0, X-CUBE-AZRTOS-F7_V1.1.0, X-CUBE-AZRTOS-G0_V1.1.0, X-CUBE-AZRTOS-G4_V2.0.0, X-CUBE-AZRTOS-H7_V3.1.0, X-CUBE-AZRTOS-L4_V1.0.0, X-CUBE-AZRTOS-L4_V2.0.0, X-CUBE-AZRTOS-L5_V1.1.0, X-CUBE-AZRTOS-WB_V1.1.0, X-CUBE-AZRTOS-WL_V2.0.0, X-CUBE-BLE1_V7.0.0, X-CUBE-BLE2_V3.3.0, X-CUBE-BLEMGR_V2.0.0, X-CUBE-EEPRMA1_V4.1.0, X-CUBE-FREERTOS_V1.1.0, X-CUBE-GNSS1_V6.0.0, X-CUBE-MEMS1_V9.1.0, X-CUBE-MEMS1_V9.4.0, X-CUBE-MEMS1_V9.6.0, X-CUBE-NFC4_V3.0.0, X-CUBE-NFC7_V1.0.0, X-CUBE-SFXS2LP1_V4.0.0, X-CUBE-SUBG2_V5.0.0, X-CUBE-TOF1_V3.3.1]
2023-09-05 09:19:50,848 [INFO] DbBoardsSqlite:226 - include board P-NUCLEO-WB55-NUCLEO as a kit item of type 'Nucleo-64'
2023-09-05 09:19:50,849 [INFO] DbBoardsSqlite:226 - include board P-NUCLEO-WB55-USBDONGLE as a kit item of type 'Nucleo USB Dongle'
2023-09-05 09:19:50,849 [INFO] DbBoardsSqlite:226 - include board STEVAL-IDP005V1 as a kit item of type 'Evaluation Board'
2023-09-05 09:19:50,849 [INFO] DbBoardsSqlite:226 - include board STEVAL-IDP005V2 as a kit item of type 'Evaluation Board'
2023-09-05 09:19:50,914 [INFO] ApiDb:240 - Found 323 in-development CPN: [B-G473E-ZEST1S, B-WB1M-WPAN1, B-WL5M-SUBG1, NUCLEO-C031C6, NUCLEO-H503RB, NUCLEO-H563ZI, NUCLEO-U545RE-Q, NUCLEO-U5A5ZJ-Q, NUCLEO-WBA52CG, STEVAL-PROTEUS1, STEVAL-SMARTAG2, STEVAL-STWINBX1, STM320518-EVAL, STM32C0116-DK, STM32C011D6Y3TR, STM32C011D6Y6TR, STM32C011F4P3, STM32C011F4P6, STM32C011F4U3, STM32C011F4U6TR, STM32C011F6P3, STM32C011F6P6, STM32C011F6U3, STM32C011F6U6TR, STM32C011J4M3, STM32C011J4M6, STM32C011J6M3, STM32C011J6M6, STM32C0316-DK, STM32C031C4T3, STM32C031C4T6, STM32C031C4U3, STM32C031C4U6, STM32C031C6T3, STM32C031C6T6, STM32C031C6U3, STM32C031C6U6, STM32C031F4P3, STM32C031F4P6, STM32C031F6P3, STM32C031F6P6, STM32C031G4U3, STM32C031G4U6, STM32C031G6U3, STM32C031G6U6, STM32C031K4T3, STM32C031K4T6, STM32C031K4U3, STM32C031K4U6, STM32C031K6T3, STM32C031K6T6, STM32C031K6U3, STM32C031K6U6, STM32G071K8TXN, STM32G071K8UXN, STM32G081GBU6N, STM32G081KBT6N, STM32G081KBUXN, STM32G0B1CCT6N, STM32G0B1KCT6, STM32G0B1NEY6TR, STM32G0B1RCT6N, STM32G0C1CCT6, STM32G0C1CCT6N, STM32G0C1CCU6N, STM32G0C1CET6N, STM32G0C1CEU6N, STM32G0C1KCT6, STM32G0C1NEY6TR, STM32G0C1RCI6N, STM32G0C1RCT6N, STM32G0C1REI6N, STM32G0C1RET6N, STM32G0C1VCI6, STM32G0C1VEI6, STM32G471CCT6, STM32G471CCU6, STM32G471CET3, STM32G471CET6, STM32G471CEU3, STM32G471CEU6, STM32G471MCT6, STM32G471MET3, STM32G471MET6, STM32G471MEY6TR, STM32G471QCT6, STM32G471QET3, STM32G471RCT6, STM32G471RET3, STM32G471RET6, STM32G471VCH6, STM32G471VCI6, STM32G471VCT6, STM32G471VEH3, STM32G471VEH6, STM32G471VEI3, STM32G471VEI6, STM32G471VET3, STM32G471VET6, STM32G474CCT6, STM32H503CBT6, STM32H503CBU6, STM32H503EBY6TR, STM32H503KBU6, STM32H503RBT6, STM32H562AGI6, STM32H562AII6, STM32H562IGK6, STM32H562IGT6, STM32H562IIK6, STM32H562IIT6, STM32H562RGT6, STM32H562RGV6, STM32H562RIT6, STM32H562RIV6, STM32H562VGT6, STM32H562VIT6, STM32H562ZGT6, STM32H562ZIT6, STM32H563AGI6, STM32H563AII3Q, STM32H563AII6, STM32H563IGK6, STM32H563IGT6, STM32H563IIK3Q, STM32H563IIK6, STM32H563IIT3Q, STM32H563IIT6, STM32H563MIY3QTR, STM32H563RGT6, STM32H563RGV6, STM32H563RIT6, STM32H563RIV6, STM32H563VGT6, STM32H563VIT3Q, STM32H563VIT6, STM32H563ZGT6, STM32H563ZIT3Q, STM32H563ZIT6, STM32H573AII3Q, STM32H573AII6, STM32H573I-DK, STM32H573IIK3Q, STM32H573IIK6, STM32H573IIT3Q, STM32H573IIT6, STM32H573MIY3QTR, STM32H573RIT6, STM32H573RIV6, STM32H573VIT3Q, STM32H573VIT6, STM32H573ZIT3Q, STM32H573ZIT6, STM32L4R5QGI6STR, STM32MP131AAE3, STM32MP131AAF3, STM32MP131AAG3, STM32MP131CAE3, STM32MP131CAF3, STM32MP131CAG3, STM32MP131DAE7, STM32MP131DAF7, STM32MP131DAG7, STM32MP131FAE7, STM32MP131FAF7, STM32MP131FAG7, STM32MP133AAE3, STM32MP133AAF3, STM32MP133AAG3, STM32MP133CAE3, STM32MP133CAF3, STM32MP133CAG3, STM32MP133DAE7, STM32MP133DAF7, STM32MP133DAG7, STM32MP133FAE7, STM32MP133FAF7, STM32MP133FAG7, STM32MP135AAE3, STM32MP135AAF3, STM32MP135AAG3, STM32MP135CAE3, STM32MP135CAF3, STM32MP135CAG3, STM32MP135DAE7, STM32MP135DAF7, STM32MP135DAG7, STM32MP135F-DK, STM32MP135FAE7, STM32MP135FAF7, STM32MP135FAF7T, STM32MP135FAF7U, STM32MP135FAG7, STM32U535CBT6, STM32U535CBT6Q, STM32U535CBU6, STM32U535CBU6Q, STM32U535CCT6, STM32U535CCT6Q, STM32U535CCU6, STM32U535CCU6Q, STM32U535CET6, STM32U535CET6Q, STM32U535CEU6, STM32U535CEU6Q, STM32U535JEY6QTR, STM32U535NCY6QTR, STM32U535NEY6QTR, STM32U535RBI6, STM32U535RBI6Q, STM32U535RBT6, STM32U535RBT6Q, STM32U535RCI6, STM32U535RCI6Q, STM32U535RCT6, STM32U535RCT6Q, STM32U535REI6, STM32U535REI6Q, STM32U535RET6, STM32U535RET6Q, STM32U535VCI6, STM32U535VCI6Q, STM32U535VCT6, STM32U535VCT6Q, STM32U535VEI6, STM32U535VEI6Q, STM32U535VET6, STM32U535VET6Q, STM32U545CET6, STM32U545CET6Q, STM32U545CEU6, STM32U545CEU6Q, STM32U545JEY6QTR, STM32U545NEY6QTR, STM32U545REI6, STM32U545REI6Q, STM32U545RET6, STM32U545RET6Q, STM32U545VEI6, STM32U545VEI6Q, STM32U545VET6, STM32U545VET6Q, STM32U595AIH6, STM32U595AIH6Q, STM32U595AJH6, STM32U595AJH6Q, STM32U595QII6, STM32U595QII6Q, STM32U595QJI6, STM32U595QJI6Q, STM32U595RIT6, STM32U595RIT6Q, STM32U595RJT6, STM32U595RJT6Q, STM32U595VIT6, STM32U595VIT6Q, STM32U595VJT6, STM32U595VJT6Q, STM32U595ZIT6, STM32U595ZIT6Q, STM32U595ZIY6QTR, STM32U595ZJT6, STM32U595ZJT6Q, STM32U595ZJY6QTR, STM32U599BJY6QTR, STM32U599NIH6Q, STM32U599NJH6Q, STM32U599VIT6Q, STM32U599VJT6, STM32U599VJT6Q, STM32U599ZIT6Q, STM32U599ZIY6QTR, STM32U599ZJT6Q, STM32U599ZJY6QTR, STM32U5A5AJH6, STM32U5A5AJH6Q, STM32U5A5QJI6, STM32U5A5QJI6Q, STM32U5A5RJT6, STM32U5A5RJT6Q, STM32U5A5VJT6, STM32U5A5VJT6Q, STM32U5A5ZJT6, STM32U5A5ZJT6Q, STM32U5A5ZJY6QTR, STM32U5A9BJY6QTR, STM32U5A9J-DK, STM32U5A9NJH6Q, STM32U5A9VJT6Q, STM32U5A9ZJT6Q, STM32U5A9ZJY6QTR, STM32U5F7VIT6, STM32U5F7VIT6Q, STM32U5F7VJT6, STM32U5F7VJT6Q, STM32U5F9BJY6QTR, STM32U5F9NJH6Q, STM32U5F9VIT6Q, STM32U5F9VJT6Q, STM32U5F9ZIJ6QTR, STM32U5F9ZIT6Q, STM32U5F9ZJJ6QTR, STM32U5F9ZJT6Q, STM32U5G7VJT6, STM32U5G7VJT6Q, STM32U5G9BJY6QTR, STM32U5G9J-DK1, STM32U5G9J-DK2, STM32U5G9NJH6Q, STM32U5G9VJT6Q, STM32U5G9ZJJ6QTR, STM32U5G9ZJT6Q, STM32WB1MMCH6, STM32WBA52CEU6, STM32WBA52CEU6T, STM32WBA52CGU6, STM32WBA52CGU6T, STM32WBA52KEU6, STM32WBA52KEU6T, STM32WBA52KGU6, STM32WBA52KGU6T, STM32WL5MOCH6, STM32WL5MOCH6TR]
2023-09-05 09:19:51,126 [INFO] BoardInfo:880 - No configuration file found for board P-NUCLEO-WB55
2023-09-05 09:19:51,126 [INFO] DbBoards:157 - Kit is not supported: P-NUCLEO-WB55
2023-09-05 09:19:51,134 [INFO] BoardInfo:880 - No configuration file found for board STEVAL-BFA001V1B
2023-09-05 09:19:51,135 [INFO] DbBoards:157 - Kit is not supported: STEVAL-BFA001V1B
2023-09-05 09:19:51,136 [INFO] BoardInfo:880 - No configuration file found for board STEVAL-BFA001V2B
2023-09-05 09:19:51,136 [INFO] DbBoards:157 - Kit is not supported: STEVAL-BFA001V2B
2023-09-05 09:19:51,345 [INFO] DbBoards:161 - Found 190 boards, 187 are supported
2023-09-05 09:19:51,348 [INFO] ApiDb:423 - Load user favorites file C:\Users\mcnex/.stm32cubeide/favorites.boards.txt: 0 item(s)
2023-09-05 09:19:51,349 [INFO] ApiDb:427 - User favorites Boards=[]
2023-09-05 09:19:51,349 [INFO] DbBoards:190 - Set 0 / 0 favorites Boards
2023-09-05 09:19:51,352 [INFO] ApiDb:668 - CubeFinder database Data Model version=2.1
2023-09-05 09:19:51,352 [INFO] ApiDb:669 - CubeFinder database Configuration version=3.0.37
2023-09-05 09:19:51,352 [INFO] ApiDb:670 - CubeFinder database generation date=2023-08-09 (1691586011)
2023-09-05 09:19:51,352 [INFO] ApiDb:671 - CubeFinder database FW Pack versions=[FP-ATR-ASTRA1_V2.0.0, FP-SNS-FLIGHT1_V5.0.1, FP-SNS-FLIGHT1_V5.0.2, FP-SNS-MOTENV1_V4.3.1, FP-SNS-MOTENV1_V4.3.2, STM32Cube_FW_C0_V1.1.0, STM32Cube_FW_F4_V1.27.1, STM32Cube_FW_F7_V1.17.0, STM32Cube_FW_G0_V1.6.1, STM32Cube_FW_G4_V1.5.1, STM32Cube_FW_H5_V0.5.1, STM32Cube_FW_H5_V1.1.0, STM32Cube_FW_H7_V1.11.0, STM32Cube_FW_L0_V1.12.2, STM32Cube_FW_L5_V1.5.0, STM32Cube_FW_U5_V1.3.0, STM32Cube_FW_U5_V1.3.0RC4, STM32Cube_FW_WBA_V1.0.0RC1, STM32Cube_FW_WBA_V1.1.0, STM32Cube_FW_WBA_V1.1.0RC1, STM32Cube_FW_WB_V1.15.0RC1, STM32Cube_FW_WB_V1.16.0, STM32Cube_FW_WB_V1.16.0RC2, STM32Cube_FW_WB_V1.17.0, STM32Cube_FW_WL_V1.3.0, X-CUBE-ALGOBUILD_V1.3.0, X-CUBE-ALS_V1.0.1, X-CUBE-AZRTOS-F4_V1.1.0, X-CUBE-AZRTOS-F7_V1.1.0, X-CUBE-AZRTOS-G0_V1.1.0, X-CUBE-AZRTOS-G4_V2.0.0, X-CUBE-AZRTOS-H7_V3.1.0, X-CUBE-AZRTOS-L4_V1.0.0, X-CUBE-AZRTOS-L4_V2.0.0, X-CUBE-AZRTOS-L5_V1.1.0, X-CUBE-AZRTOS-WB_V1.1.0, X-CUBE-AZRTOS-WL_V2.0.0, X-CUBE-BLE1_V7.0.0, X-CUBE-BLE2_V3.3.0, X-CUBE-BLEMGR_V2.0.0, X-CUBE-EEPRMA1_V4.1.0, X-CUBE-FREERTOS_V1.1.0, X-CUBE-GNSS1_V6.0.0, X-CUBE-MEMS1_V9.1.0, X-CUBE-MEMS1_V9.4.0, X-CUBE-MEMS1_V9.6.0, X-CUBE-NFC4_V3.0.0, X-CUBE-NFC7_V1.0.0, X-CUBE-SFXS2LP1_V4.0.0, X-CUBE-SUBG2_V5.0.0, X-CUBE-TOF1_V3.3.1]
2023-09-05 09:19:52,460 [INFO] DbExamplesSqlite:395 - Ignored 27 examples not supported by CubeIDE
2023-09-05 09:19:52,460 [INFO] DbExamplesSqlite:396 - Found 7231 examples active
2023-09-05 09:19:52,460 [INFO] DbExamplesSqlite:397 - Found 677 examples obsolete
2023-09-05 09:19:52,461 [INFO] DbExamplesSqlite:398 - Found 0 examples under development
2023-09-05 09:19:52,461 [INFO] DbExamplesSqlite:399 - Found 74 examples not building
2023-09-05 09:19:52,463 [INFO] DbExamples:125 - Found 7278 examples
2023-09-05 09:19:52,480 [INFO] DbExamples:222 - Found 92 boards with related examples
2023-09-05 09:19:52,481 [INFO] DbExamples:235 - Found 78 MCUs with related examples
2023-09-05 09:19:52,513 [INFO] ApiDb:414 - User favorites file not found: C:\Users\mcnex/.stm32cubeide/favorites.examples.txt
2023-09-05 09:19:52,513 [INFO] DbExamples:250 - Set 0 / 0 favorites Examples
2023-09-05 09:19:53,047 [INFO] McuFinderGlobals:76 - Set McuFinderConnectedMode to true
2023-09-05 09:19:53,059 [INFO] MultiScanPanel:200 - Auto-refresh data requested => check proxy status ongoing
2023-09-05 09:19:53,064 [INFO] FinderPluginLoader:95 - Searching for filters in installed packs
2023-09-05 09:19:55,343 [INFO] LoadUrlFilesThread:185 - End of LoadServerUrlFiles without Thread
2023-09-05 09:19:55,403 [INFO] DetailPanel:341 - Set advertising image to C:/Users/mcnex/STM32Cube/Repository/\en.prom-stm32h5-mcu-finder.jpg
2023-09-05 09:21:07,754 [INFO] MainUpdater:2868 - connection check result : 10
2023-09-05 09:21:07,754 [INFO] MainUpdater:2868 - connection check result : 10
2023-09-05 09:21:07,788 [INFO] MicroXplorer:468 - Change Database Path : 
2023-09-05 09:21:07,789 [INFO] MicroXplorer:498 - Change Database Version : DB.6.0.91
2023-09-05 09:21:07,794 [WARN] ThirdParty:871 - waiting for thirdparty lock release [close project]
2023-09-05 09:21:07,794 [INFO] ThirdParty:873 - entering critical section [close project]
2023-09-05 09:21:07,795 [INFO] ThirdParty:883 - exiting critical section [close project]
2023-09-05 09:21:07,801 [INFO] PinOutPanel:1499 - setPackage(No Configuration,No Configuration)
2023-09-05 09:21:07,811 [INFO] UtilMem:75 - Begin LoadConfig() Used Memory: 815487128 Bytes (1073741824)
2023-09-05 09:21:07,813 [INFO] MicroXplorer:468 - Change Database Path : 
2023-09-05 09:21:07,814 [INFO] MicroXplorer:498 - Change Database Version : DB.6.0.91
2023-09-05 09:21:07,814 [INFO] OpenFileManager:308 - Change cursor
2023-09-05 09:21:07,990 [INFO] Mcu:1946 - Initializing MCU STM32F103C8Tx STM32F103C8Tx STM32F103C8T6
2023-09-05 09:21:09,451 [INFO] Context:659 - Trying to add GPIOservice into a context  which must be forbidden
2023-09-05 09:21:09,842 [INFO] ImportTextPane:194 - (OptionalMessage_ERROR) Unable to find key (Mcu.ThirdPartyNb) in loaded IOC file
2023-09-05 09:21:09,843 [INFO] ImportTextPane:194 - (OptionalMessage_ERROR) Unable to find key (Mcu.PinsNb) in loaded IOC file
2023-09-05 09:21:09,843 [INFO] ImportTextPane:194 - (OptionalMessage_ERROR) Unable to find key (Mcu.IPNb) in loaded IOC file
2023-09-05 09:21:10,162 [INFO] RtosManager:555 - Registered RTOS mode: class=CMSIS, group=RTOS, mode=CMSIS_V1, owner=FREERTOS
2023-09-05 09:21:10,162 [INFO] RtosManager:555 - Registered RTOS mode: class=CMSIS, group=RTOS2, mode=CMSIS_V2, owner=FREERTOS
2023-09-05 09:21:10,162 [INFO] RtosManager:555 - Registered RTOS mode: class=RTOS, group=Core, mode=CMSIS_V1, owner=FREERTOS
2023-09-05 09:21:10,163 [INFO] RtosManager:555 - Registered RTOS mode: class=RTOS, group=Core, mode=CMSIS_V2, owner=FREERTOS
2023-09-05 09:21:10,163 [WARN] ModelIntegratedComponent:184 - Missing modes for component STMicroelectronics:FreeRTOS:0.0.1:STMicroelectronics:RTOS:FreeRTOS:Core:::10.2.0:
2023-09-05 09:21:10,182 [WARN] ModelIntegratedComponent:63 - No mode defined for component null
2023-09-05 09:21:10,182 [WARN] ModelIntegratedComponent:63 - No mode defined for component null
2023-09-05 09:21:10,182 [WARN] ModelIntegratedComponent:63 - No mode defined for component null
2023-09-05 09:21:10,182 [WARN] ModelIntegratedComponent:63 - No mode defined for component null
2023-09-05 09:21:10,183 [WARN] ModelIntegratedComponent:63 - No mode defined for component null
2023-09-05 09:21:10,183 [WARN] ModelIntegratedComponent:63 - No mode defined for component null
2023-09-05 09:21:10,183 [WARN] ModelIntegratedComponent:63 - No mode defined for component null
2023-09-05 09:21:10,183 [WARN] ModelIntegratedComponent:63 - No mode defined for component null
2023-09-05 09:21:10,183 [WARN] ModelIntegratedComponent:63 - No mode defined for component null
2023-09-05 09:21:10,183 [WARN] ModelIntegratedComponent:63 - No mode defined for component null
2023-09-05 09:21:10,183 [WARN] ModelIntegratedComponent:63 - No mode defined for component null
2023-09-05 09:21:10,183 [WARN] ModelIntegratedComponent:63 - No mode defined for component null
2023-09-05 09:21:10,183 [WARN] ModelIntegratedComponent:63 - No mode defined for component null
2023-09-05 09:21:10,184 [WARN] ModelIntegratedComponent:63 - No mode defined for component null
2023-09-05 09:21:10,184 [WARN] ModelIntegratedComponent:63 - No mode defined for component null
2023-09-05 09:21:10,184 [WARN] ModelIntegratedComponent:63 - No mode defined for component null
2023-09-05 09:21:10,184 [WARN] ModelIntegratedComponent:63 - No mode defined for component null
2023-09-05 09:21:10,184 [WARN] ModelIntegratedComponent:63 - No mode defined for component null
2023-09-05 09:21:10,184 [WARN] ModelIntegratedComponent:63 - No mode defined for component null
2023-09-05 09:21:10,184 [WARN] ModelIntegratedComponent:63 - No mode defined for component null
2023-09-05 09:21:10,184 [WARN] ModelIntegratedComponent:63 - No mode defined for component null
2023-09-05 09:21:10,184 [WARN] ModelIntegratedComponent:63 - No mode defined for component null
2023-09-05 09:21:10,184 [WARN] ModelIntegratedComponent:63 - No mode defined for component null
2023-09-05 09:21:10,184 [WARN] ModelIntegratedComponent:63 - No mode defined for component null
2023-09-05 09:21:10,185 [WARN] ModelIntegratedComponent:63 - No mode defined for component null
2023-09-05 09:21:10,185 [WARN] ModelIntegratedComponent:63 - No mode defined for component null
2023-09-05 09:21:10,185 [WARN] ModelIntegratedComponent:63 - No mode defined for component null
2023-09-05 09:21:10,185 [WARN] ModelIntegratedComponent:63 - No mode defined for component null
2023-09-05 09:21:10,185 [WARN] ModelIntegratedComponent:63 - No mode defined for component null
2023-09-05 09:21:10,185 [WARN] ModelIntegratedComponent:63 - No mode defined for component null
2023-09-05 09:21:10,185 [WARN] ModelIntegratedComponent:63 - No mode defined for component null
2023-09-05 09:21:10,185 [WARN] ModelIntegratedComponent:63 - No mode defined for component null
2023-09-05 09:21:10,185 [WARN] ModelIntegratedComponent:63 - No mode defined for component null
2023-09-05 09:21:10,210 [INFO] ThirdPartyModel:298 - Start build external matchings
2023-09-05 09:21:10,743 [INFO] ThirdPartyModel:316 - End build external matchings
2023-09-05 09:21:11,095 [INFO] UtilMem:75 - End LoadConfig() Used Memory: 888991744 Bytes (1073741824)
2023-09-05 09:21:11,157 [WARN] ThirdParty:833 - waiting for thirdparty lock release [change project]
2023-09-05 09:21:11,159 [INFO] ThirdParty:835 - entering critical section [change project]
2023-09-05 09:21:11,159 [INFO] ThirdParty:1030 - CMSIS Pack Vendor :STMicroelectronics X-CUBE-ISPU 1.1.0
2023-09-05 09:21:11,159 [INFO] ThirdParty:1030 - CMSIS Pack Vendor :STMicroelectronics USBPD 4.1
2023-09-05 09:21:11,160 [INFO] ThirdParty:1030 - CMSIS Pack Vendor :STMicroelectronics X-CUBE-GNSS1 6.0.0
2023-09-05 09:21:11,160 [INFO] ThirdParty:1030 - CMSIS Pack Vendor :STMicroelectronics USB_HOST 2.0.0
2023-09-05 09:21:11,160 [INFO] ThirdParty:1030 - CMSIS Pack Vendor :STMicroelectronics X-CUBE-AZRTOS-F4 1.1.0
2023-09-05 09:21:11,160 [INFO] ThirdParty:1030 - CMSIS Pack Vendor :STMicroelectronics LIBJPEG 8.0.0
2023-09-05 09:21:11,160 [INFO] ThirdParty:1030 - CMSIS Pack Vendor :wolfSSL I-CUBE-wolfSSL 5.6.3
2023-09-05 09:21:11,160 [INFO] ThirdParty:1030 - CMSIS Pack Vendor :STMicroelectronics X-CUBE-SMBUS 2.1.0
2023-09-05 09:21:11,160 [INFO] ThirdParty:1030 - CMSIS Pack Vendor :STMicroelectronics USB_DEVICE 3.0.0
2023-09-05 09:21:11,160 [INFO] ThirdParty:1030 - CMSIS Pack Vendor :STMicroelectronics X-CUBE-AZRTOS-WB 2.0.0
2023-09-05 09:21:11,160 [INFO] ThirdParty:1030 - CMSIS Pack Vendor :STMicroelectronics X-CUBE-AZRTOS-F7 1.1.0
2023-09-05 09:21:11,160 [INFO] ThirdParty:1030 - CMSIS Pack Vendor :STMicroelectronics X-CUBE-AZRTOS-L5 2.0.0
2023-09-05 09:21:11,160 [INFO] ThirdParty:1030 - CMSIS Pack Vendor :STMicroelectronics USB_DEVICE 2.0.0
2023-09-05 09:21:11,161 [INFO] ThirdParty:1030 - CMSIS Pack Vendor :STMicroelectronics X-CUBE-MEMS1 9.6.0
2023-09-05 09:21:11,161 [INFO] ThirdParty:1030 - CMSIS Pack Vendor :STMicroelectronics FP-SNS-MOTENV1 4.3.2
2023-09-05 09:21:11,161 [INFO] ThirdParty:1030 - CMSIS Pack Vendor :STMicroelectronics X-CUBE-ALGOBUILD 1.3.0
2023-09-05 09:21:11,161 [INFO] ThirdParty:1030 - CMSIS Pack Vendor :STMicroelectronics FreeRTOS 0.0.1
2023-09-05 09:21:11,161 [INFO] ThirdParty:1030 - CMSIS Pack Vendor :STMicroelectronics X-CUBE-AZRTOS-G0 1.1.0
2023-09-05 09:21:11,161 [INFO] ThirdParty:1030 - CMSIS Pack Vendor :STMicroelectronics X-CUBE-BLEMGR 2.0.0
2023-09-05 09:21:11,161 [INFO] ThirdParty:1030 - CMSIS Pack Vendor :STMicroelectronics X-CUBE-NFC4 3.0.0
2023-09-05 09:21:11,161 [INFO] ThirdParty:1030 - CMSIS Pack Vendor :STMicroelectronics X-CUBE-SUBG2 5.0.0
2023-09-05 09:21:11,161 [INFO] ThirdParty:1030 - CMSIS Pack Vendor :STMicroelectronics STM32_WPAN 1.0.0
2023-09-05 09:21:11,161 [INFO] ThirdParty:1030 - CMSIS Pack Vendor :STMicroelectronics lwIP 2.0.3
2023-09-05 09:21:11,161 [INFO] ThirdParty:1030 - CMSIS Pack Vendor :STMicroelectronics FP-SNS-FLIGHT1 5.0.2
2023-09-05 09:21:11,161 [INFO] ThirdParty:1030 - CMSIS Pack Vendor :STMicroelectronics USB_HOST 1.0.0
2023-09-05 09:21:11,161 [INFO] ThirdParty:1030 - CMSIS Pack Vendor :STMicroelectronics X-CUBE-TOF1 3.3.1
2023-09-05 09:21:11,162 [INFO] ThirdParty:1030 - CMSIS Pack Vendor :STMicroelectronics X-CUBE-AZRTOS-G4 2.0.0
2023-09-05 09:21:11,162 [INFO] ThirdParty:1030 - CMSIS Pack Vendor :STMicroelectronics PDM2PCM 3.1.0
2023-09-05 09:21:11,162 [INFO] ThirdParty:1030 - CMSIS Pack Vendor :STMicroelectronics X-CUBE-AZRTOS-H7 3.1.0
2023-09-05 09:21:11,162 [INFO] ThirdParty:1030 - CMSIS Pack Vendor :STMicroelectronics PDM2PCM 3.3.0
2023-09-05 09:21:11,162 [INFO] ThirdParty:1030 - CMSIS Pack Vendor :STMicroelectronics X-CUBE-DISPLAY 3.0.0
2023-09-05 09:21:11,162 [INFO] ThirdParty:1030 - CMSIS Pack Vendor :STMicroelectronics X-CUBE-BLE1 7.0.0
2023-09-05 09:21:11,162 [INFO] ThirdParty:1030 - CMSIS Pack Vendor :STMicroelectronics FP-ATR-SIGFOX1 3.2.0
2023-09-05 09:21:11,162 [INFO] ThirdParty:1030 - CMSIS Pack Vendor :STMicroelectronics HAL Drivers 0.0.0
2023-09-05 09:21:11,162 [INFO] ThirdParty:1030 - CMSIS Pack Vendor :STMicroelectronics MBEDTLS 2.16.2
2023-09-05 09:21:11,162 [INFO] ThirdParty:1030 - CMSIS Pack Vendor :emotas I-CUBE-CANOPEN 1.3.0
2023-09-05 09:21:11,162 [INFO] ThirdParty:1030 - CMSIS Pack Vendor :STMicroelectronics X-CUBE-FREERTOS 1.1.0
2023-09-05 09:21:11,162 [INFO] ThirdParty:1030 - CMSIS Pack Vendor :STMicroelectronics X-CUBE-TOUCHGFX 4.22.0
2023-09-05 09:21:11,162 [INFO] ThirdParty:1030 - CMSIS Pack Vendor :STMicroelectronics X-CUBE-NFC7 1.0.1
2023-09-05 09:21:11,162 [INFO] ThirdParty:1030 - CMSIS Pack Vendor :STMicroelectronics MBEDTLS 2.14.1
2023-09-05 09:21:11,163 [INFO] ThirdParty:1030 - CMSIS Pack Vendor :STMicroelectronics X-CUBE-EEPRMA1 4.1.0
2023-09-05 09:21:11,163 [INFO] ThirdParty:1030 - CMSIS Pack Vendor :STMicroelectronics X-CUBE-ALS 1.0.1
2023-09-05 09:21:11,163 [INFO] ThirdParty:1030 - CMSIS Pack Vendor :STMicroelectronics ThreadX 1.0.0
2023-09-05 09:21:11,163 [INFO] ThirdParty:1030 - CMSIS Pack Vendor :STMicroelectronics X-CUBE-AZRTOS-WL 2.0.0
2023-09-05 09:21:11,163 [INFO] ThirdParty:1030 - CMSIS Pack Vendor :SEGGER I-CUBE-embOS 1.3.1
2023-09-05 09:21:11,163 [INFO] ThirdParty:1030 - CMSIS Pack Vendor :STMicroelectronics USB_DEVICE 1.0.0
2023-09-05 09:21:11,163 [INFO] ThirdParty:1030 - CMSIS Pack Vendor :STMicroelectronics X-CUBE-AI 8.1.0
2023-09-05 09:21:11,163 [INFO] ThirdParty:1030 - CMSIS Pack Vendor :STMicroelectronics X-CUBE-AZRTOS-L4 2.0.0
2023-09-05 09:21:11,163 [INFO] ThirdParty:1030 - CMSIS Pack Vendor :STMicroelectronics ThreadX 0.0.2
2023-09-05 09:21:11,163 [INFO] ThirdParty:1030 - CMSIS Pack Vendor :STMicroelectronics FP-ATR-ASTRA1 2.0.0
2023-09-05 09:21:11,163 [INFO] ThirdParty:1030 - CMSIS Pack Vendor :STMicroelectronics lwIP 2.1.2
2023-09-05 09:21:11,163 [INFO] ThirdParty:1030 - CMSIS Pack Vendor :STMicroelectronics X-CUBE-SFXS2LP1 4.0.0
2023-09-05 09:21:11,163 [INFO] ThirdParty:1030 - CMSIS Pack Vendor :STMicroelectronics X-CUBE-BLE2 3.3.0
2023-09-05 09:21:11,163 [INFO] ThirdParty:1030 - CMSIS Pack Vendor :STMicroelectronics PDM2PCM 3.2.0
2023-09-05 09:21:11,164 [INFO] ThirdParty:841 - exiting critical section [change project]
2023-09-05 09:21:11,914 [INFO] PinOutPanel:1499 - setPackage(No Configuration,No Configuration)
2023-09-05 09:21:11,916 [INFO] PinOutPanel:1499 - setPackage(STM32F103C8Tx,LQFP48)
2023-09-05 09:21:12,862 [INFO] UtilMem:75 - Before build in PCC Used Memory: 602146440 Bytes (1073741824)
2023-09-05 09:21:14,056 [INFO] UtilMem:75 - After build in PCC Used Memory: 674209448 Bytes (1073741824)
2023-09-05 09:21:14,096 [INFO] IPUIPlugin:80 - create IPUIPlugin
2023-09-05 09:21:14,096 [INFO] IPUIPlugin:80 - create IPUIPlugin
2023-09-05 09:21:14,096 [INFO] IPUIPlugin:80 - create IPUIPlugin
2023-09-05 09:21:14,097 [INFO] IPUIPlugin:80 - create IPUIPlugin
2023-09-05 09:21:14,097 [INFO] IPUIPlugin:80 - create IPUIPlugin
2023-09-05 09:21:14,097 [INFO] IPUIPlugin:80 - create IPUIPlugin
2023-09-05 09:21:14,097 [INFO] IPUIPlugin:80 - create IPUIPlugin
2023-09-05 09:21:14,097 [INFO] IPUIPlugin:80 - create IPUIPlugin
2023-09-05 09:21:14,097 [INFO] IPUIPlugin:80 - create IPUIPlugin
2023-09-05 09:21:14,098 [INFO] IPUIPlugin:80 - create IPUIPlugin
2023-09-05 09:21:14,098 [INFO] IPUIPlugin:80 - create IPUIPlugin
2023-09-05 09:21:14,099 [INFO] IPUIPlugin:80 - create IPUIPlugin
2023-09-05 09:21:14,099 [INFO] IPUIPlugin:80 - create IPUIPlugin
2023-09-05 09:21:14,099 [INFO] IPUIPlugin:80 - create IPUIPlugin
2023-09-05 09:21:14,100 [INFO] IPUIPlugin:80 - create IPUIPlugin
2023-09-05 09:21:14,100 [INFO] IPUIPlugin:80 - create IPUIPlugin
2023-09-05 09:21:14,101 [INFO] IPUIPlugin:80 - create IPUIPlugin
2023-09-05 09:21:14,101 [INFO] IPUIPlugin:80 - create IPUIPlugin
2023-09-05 09:21:14,102 [INFO] IPUIPlugin:80 - create IPUIPlugin
2023-09-05 09:21:14,102 [INFO] IPUIPlugin:80 - create IPUIPlugin
2023-09-05 09:21:14,103 [INFO] IPUIPlugin:80 - create IPUIPlugin
2023-09-05 09:21:14,103 [INFO] IPUIPlugin:80 - create IPUIPlugin
2023-09-05 09:21:14,104 [INFO] IPUIPlugin:80 - create IPUIPlugin
2023-09-05 09:21:14,104 [INFO] IPUIPlugin:80 - create IPUIPlugin
2023-09-05 09:21:14,105 [INFO] IPUIPlugin:80 - create IPUIPlugin
2023-09-05 09:21:14,106 [INFO] IPUIPlugin:80 - create IPUIPlugin
2023-09-05 09:21:14,107 [INFO] IPUIPlugin:80 - create IPUIPlugin
2023-09-05 09:21:14,362 [INFO] CADModel:165 - CPN selected for project levelSTM32F103C8T6
2023-09-05 09:21:14,362 [INFO] CADModel:114 - Register for checkConnection events
2023-09-05 09:21:14,414 [INFO] OpenFileManager:328 - Restore cursor
2023-09-05 09:21:17,602 [INFO] UtilMem:75 - End SaveConfig() Used Memory: 753297408 Bytes (1073741824)
2023-09-05 09:21:17,713 [INFO] UtilMem:75 - End SaveConfig() Used Memory: 765358080 Bytes (1073741824)
2023-09-05 09:21:18,356 [INFO] BlockDiagram:2759 - set Specific Code input for plugin: NVIC
2023-09-05 09:21:18,357 [INFO] BlockDiagram:2759 - set Specific Code input for plugin: RCC
2023-09-05 09:21:18,359 [INFO] CodeGenerator:799 - code generatio: config db path: C:\ST\STM32CubeIDE_1.13.1\STM32CubeIDE\plugins\com.st.stm32cube.common.mx_6.9.1.202307191849\\db\
2023-09-05 09:21:18,817 [INFO] CodeEngine:255 - oldGeneratedFile, D:\STM32_Project\bat_led\MXTmpFiles\license.tmp_save
2023-09-05 09:21:19,606 [INFO] CodeEngine:279 - Generated code: D:\STM32_Project\bat_led\MXTmpFiles\license.tmp
2023-09-05 09:21:19,637 [INFO] CodeEngine:255 - oldGeneratedFile, D:\STM32_Project\bat_led\Core\Src\stm32f1xx_it.c_save
2023-09-05 09:21:19,960 [INFO] CodeEngine:279 - Generated code: D:\STM32_Project\bat_led\Core\Src\stm32f1xx_it.c
2023-09-05 09:21:19,980 [INFO] CodeEngine:255 - oldGeneratedFile, D:\STM32_Project\bat_led\Core\Inc\stm32f1xx_it.h_save
2023-09-05 09:21:20,143 [INFO] CodeEngine:279 - Generated code: D:\STM32_Project\bat_led\Core\Inc\stm32f1xx_it.h
2023-09-05 09:21:20,343 [INFO] CodeEngine:255 - oldGeneratedFile, D:\STM32_Project\bat_led\Core\Src\stm32f1xx_hal_msp.c_save
2023-09-05 09:21:20,564 [INFO] CodeEngine:279 - Generated code: D:\STM32_Project\bat_led\Core\Src\stm32f1xx_hal_msp.c
2023-09-05 09:21:20,581 [INFO] CodeEngine:255 - oldGeneratedFile, D:\STM32_Project\bat_led\MXTmpFiles\system.tmp_save
2023-09-05 09:21:20,712 [INFO] CodeEngine:279 - Generated code: D:\STM32_Project\bat_led\MXTmpFiles\system.tmp
2023-09-05 09:21:20,738 [INFO] CodeEngine:311 - oldGeneratedFile, D:\STM32_Project\bat_led\Core\Inc\stm32f1xx_hal_conf.h_save
2023-09-05 09:21:20,995 [INFO] CodeEngine:335 - Generated code: D:\STM32_Project\bat_led\Core\Inc\stm32f1xx_hal_conf.h
2023-09-05 09:21:21,109 [INFO] CodeEngine:255 - oldGeneratedFile, D:\STM32_Project\bat_led\Core\Inc\main.h_save
2023-09-05 09:21:21,341 [INFO] CodeEngine:279 - Generated code: D:\STM32_Project\bat_led\Core\Inc\main.h
2023-09-05 09:21:21,356 [INFO] CodeEngine:255 - oldGeneratedFile, D:\STM32_Project\bat_led\Core\Src\main.c_save
2023-09-05 09:21:21,608 [INFO] CodeEngine:279 - Generated code: D:\STM32_Project\bat_led\Core\Src\main.c
2023-09-05 09:21:22,698 [INFO] ProjectBuilder:3064 - Time for Copy HAL[1] : 219mS.
2023-09-05 09:21:22,706 [INFO] ProjectBuilder:4404 - Project Generator version: 4.1.0
2023-09-05 09:21:23,168 [INFO] ConfigFileManager:1457 - The Die is : DIE410
2023-09-05 09:21:23,206 [INFO] ApiDbMcu:507 - Load IP Config File for FATFS
2023-09-05 09:21:23,287 [INFO] ApiDbMcu:507 - Load IP Config File for FREERTOS
2023-09-05 09:21:23,334 [INFO] ApiDbMcu:507 - Load IP Config File for USB_DEVICE
2023-09-05 09:21:25,176 [INFO] LogOutputStream:77 - [STDOUT_REDIRECT] 
2023-09-05 09:21:31,232 [INFO] ProjectBuilder:4626 - Time for Generating toolchain IDE Files: 8525mS.
2023-09-05 09:21:31,233 [INFO] ProjectBuilder:2935 - Time for Copy CMSIS : 1mS.
2023-09-05 09:21:31,235 [INFO] ProjectBuilder:2935 - Time for Copy CMSIS : 0mS.
2023-09-05 09:21:33,499 [INFO] McuFinderGlobals:76 - Set McuFinderConnectedMode to true
2023-09-05 09:21:33,503 [INFO] ApiDb:448 - Save user favorites file C:\Users\mcnex/.stm32cubeide/favorites.mcus.txt: 0 item(s)
2023-09-05 09:21:33,504 [INFO] ApiDb:452 - User favorites MCUs=[]
2023-09-05 09:22:36,489 [INFO] MainUpdater:2868 - connection check result : 10
2023-09-05 09:22:36,592 [INFO] McuFinderGlobals:76 - Set McuFinderConnectedMode to true
2023-09-05 09:22:36,593 [INFO] MultiScanPanel:200 - Auto-refresh data requested => check proxy status ongoing
2023-09-05 09:22:36,594 [INFO] FinderPluginLoader:95 - Searching for filters in installed packs
2023-09-05 09:22:37,695 [INFO] LoadUrlFilesThread:185 - End of LoadServerUrlFiles without Thread
2023-09-05 09:22:37,695 [INFO] DetailPanel:341 - Set advertising image to C:/Users/mcnex/STM32Cube/Repository/\en.prom-stm32h5-mcu-finder.jpg
2023-09-05 09:22:41,436 [INFO] MultiScanPanel:200 - Auto-refresh data requested => check proxy status ongoing
2023-09-05 09:22:41,609 [INFO] LoadUrlFilesThread:185 - End of LoadServerUrlFiles without Thread
2023-09-05 09:22:41,609 [INFO] DetailPanel:341 - Set advertising image to C:/Users/mcnex/STM32Cube/Repository/\en.prom-stm32h5-mcu-finder.jpg
2023-09-05 09:22:41,623 [INFO] DbBoards:634 - Loading board mini-images...
2023-09-05 09:22:44,581 [ERROR] DbBoards:651 - Image file not found for board STM32U5G9J-DK1: C:\Users\mcnex\.stmcufinder\plugins\mcufinder//mcu//boards_images/STM32U5G9J-DK1.jpg
2023-09-05 09:22:44,582 [ERROR] DbBoards:651 - Image file not found for board STM32U5G9J-DK2: C:\Users\mcnex\.stmcufinder\plugins\mcufinder//mcu//boards_images/STM32U5G9J-DK2.jpg
2023-09-05 09:22:44,601 [INFO] DbBoards:657 - Loaded 188 board mini-images
2023-09-05 09:22:52,054 [INFO] ApiDb:581 - Connected to CubeFinder SQLite database (C:\Users\mcnex\.stmcufinder\plugins\mcufinder\mcu\cube-finder-db.db)
2023-09-05 09:23:02,672 [INFO] McuResultTable:1395 - Mark MCU STM32F103C8T6 as favorite
2023-09-05 09:23:29,497 [INFO] McuFinderGlobals:76 - Set McuFinderConnectedMode to true
2023-09-05 09:23:29,500 [INFO] ApiDb:448 - Save user favorites file C:\Users\mcnex/.stm32cubeide/favorites.mcus.txt: 1 item(s)
2023-09-05 09:23:29,500 [INFO] ApiDb:452 - User favorites MCUs=[STM32F103C8T6]
2023-09-05 09:23:29,502 [INFO] ApiDb:448 - Save user favorites file C:\Users\mcnex/.stm32cubeide/favorites.boards.txt: 0 item(s)
2023-09-05 09:23:29,502 [INFO] ApiDb:452 - User favorites Boards=[]
