2023-09-13 09:41:41,475 [INFO] Activator:176 - 


2023-09-13 09:41:41,483 [INFO] Activator:177 - !SESSION log4j initialized
2023-09-13 09:41:48,818 [INFO] LogOutputStream:77 - [STDOUT_REDIRECT] 
2023-09-13 09:41:50,163 [INFO] ApplicationProperties:184 - Using Application install path: C:\ST\STM32CubeIDE_1.13.1\STM32CubeIDE\plugins\com.st.stm32cube.common.mx_6.9.1.202307191849
2023-09-13 09:41:50,189 [INFO] DbMcusXml:78 - Set database path to: C:\ST\STM32CubeIDE_1.13.1\STM32CubeIDE\plugins\com.st.stm32cube.common.mx_6.9.1.202307191849\\db\/mcu/
2023-09-13 09:41:50,190 [INFO] ApiDb:274 - Set plugin database path to: C:\ST\STM32CubeIDE_1.13.1\STM32CubeIDE\plugins\com.st.stm32cube.common.mx_6.9.1.202307191849\\db\/plugins/boardmanager/
2023-09-13 09:41:50,191 [WARN] ApiDb:259 - Overriding images path with different value:  => C:\ST\STM32CubeIDE_1.13.1\STM32CubeIDE\plugins\com.st.stm32cube.common.mx_6.9.1.202307191849\\db\/plugins/mcufinder/images/
2023-09-13 09:41:50,204 [INFO] ApiDb:250 - Set database path to: C:\Users\mcnex\.stmcufinder\plugins\mcufinder//mcu/
2023-09-13 09:41:50,206 [INFO] DbMcusAds:125 - Set database path to: C:\Users\mcnex\.stmcufinder\plugins\mcufinder//mcu/
2023-09-13 09:41:50,209 [INFO] CrossReferenceDbSqlite:203 - Set database path to: C:\Users\mcnex\.stmcufinder\plugins\mcufinder//mcu/cs/
2023-09-13 09:41:50,377 [INFO] RulesReader:64 - Compatibility file has been processed (293 Rules)
2023-09-13 09:41:50,512 [INFO] DbMcusXml:78 - Set database path to: C:\ST\STM32CubeIDE_1.13.1\STM32CubeIDE\plugins\com.st.stm32cube.common.mx_6.9.1.202307191849\\db\/mcu/
2023-09-13 09:41:50,513 [INFO] ApiDb:274 - Set plugin database path to: C:\ST\STM32CubeIDE_1.13.1\STM32CubeIDE\plugins\com.st.stm32cube.common.mx_6.9.1.202307191849\\db\/plugins/boardmanager/
2023-09-13 09:41:50,513 [INFO] ApiDb:261 - Set plugin images path to: C:\ST\STM32CubeIDE_1.13.1\STM32CubeIDE\plugins\com.st.stm32cube.common.mx_6.9.1.202307191849\\db\/plugins/mcufinder/images/
2023-09-13 09:41:50,513 [WARN] DbFile:41 - Overriding database path with different value: C:\Users\mcnex\.stmcufinder\plugins\mcufinder/ => C:\Users\mcnex\.stmcufinder\plugins\mcufinder
2023-09-13 09:41:50,514 [INFO] ApiDb:250 - Set database path to: C:\Users\mcnex\.stmcufinder\plugins\mcufinder//mcu/
2023-09-13 09:41:50,514 [WARN] DbFile:41 - Overriding database path with different value: C:\Users\mcnex\.stmcufinder\plugins\mcufinder/ => C:\Users\mcnex\.stmcufinder\plugins\mcufinder
2023-09-13 09:41:50,514 [INFO] DbMcusAds:125 - Set database path to: C:\Users\mcnex\.stmcufinder\plugins\mcufinder//mcu/
2023-09-13 09:41:50,514 [WARN] DbFile:41 - Overriding database path with different value: C:\Users\mcnex\.stmcufinder\plugins\mcufinder/ => C:\Users\mcnex\.stmcufinder\plugins\mcufinder
2023-09-13 09:41:50,514 [WARN] DbFile:41 - Overriding database path with different value: C:\Users\mcnex\.stmcufinder\plugins\mcufinder/ => C:\Users\mcnex\.stmcufinder\plugins\mcufinder
2023-09-13 09:41:50,514 [INFO] CrossReferenceDbSqlite:203 - Set database path to: C:\Users\mcnex\.stmcufinder\plugins\mcufinder//mcu/cs/
2023-09-13 09:41:50,620 [INFO] MainPanel:262 - HeapMemory: 268435456
2023-09-13 09:41:50,742 [INFO] DbMcusXml:78 - Set database path to: C:\ST\STM32CubeIDE_1.13.1\STM32CubeIDE\plugins\com.st.stm32cube.common.mx_6.9.1.202307191849\\db\/mcu/
2023-09-13 09:41:50,742 [INFO] ApiDb:274 - Set plugin database path to: C:\ST\STM32CubeIDE_1.13.1\STM32CubeIDE\plugins\com.st.stm32cube.common.mx_6.9.1.202307191849\\db\/plugins/boardmanager/
2023-09-13 09:41:50,743 [INFO] ApiDb:261 - Set plugin images path to: C:\ST\STM32CubeIDE_1.13.1\STM32CubeIDE\plugins\com.st.stm32cube.common.mx_6.9.1.202307191849\\db\/plugins/mcufinder/images/
2023-09-13 09:41:50,743 [WARN] DbFile:41 - Overriding database path with different value: C:\Users\mcnex\.stmcufinder\plugins\mcufinder/ => C:\Users\mcnex\.stmcufinder\plugins\mcufinder
2023-09-13 09:41:50,743 [INFO] ApiDb:250 - Set database path to: C:\Users\mcnex\.stmcufinder\plugins\mcufinder//mcu/
2023-09-13 09:41:50,744 [WARN] DbFile:41 - Overriding database path with different value: C:\Users\mcnex\.stmcufinder\plugins\mcufinder/ => C:\Users\mcnex\.stmcufinder\plugins\mcufinder
2023-09-13 09:41:50,744 [INFO] DbMcusAds:125 - Set database path to: C:\Users\mcnex\.stmcufinder\plugins\mcufinder//mcu/
2023-09-13 09:41:50,744 [WARN] DbFile:41 - Overriding database path with different value: C:\Users\mcnex\.stmcufinder\plugins\mcufinder/ => C:\Users\mcnex\.stmcufinder\plugins\mcufinder
2023-09-13 09:41:50,744 [WARN] DbFile:41 - Overriding database path with different value: C:\Users\mcnex\.stmcufinder\plugins\mcufinder/ => C:\Users\mcnex\.stmcufinder\plugins\mcufinder
2023-09-13 09:41:50,744 [INFO] CrossReferenceDbSqlite:203 - Set database path to: C:\Users\mcnex\.stmcufinder\plugins\mcufinder//mcu/cs/
2023-09-13 09:41:50,767 [INFO] ApplicationProperties:184 - Using Application install path: C:\ST\STM32CubeIDE_1.13.1\STM32CubeIDE\plugins\com.st.stm32cube.common.mx_6.9.1.202307191849
2023-09-13 09:41:50,769 [INFO] PluginManage:196 - Search for loadable plugins [exclusion list=, ]
2023-09-13 09:41:50,771 [INFO] PluginManage:310 - Check plugin analytics
2023-09-13 09:41:51,016 [INFO] AnalyticsPlugin:253 - Accepted Software Licenses: 
2023-09-13 09:41:51,016 [INFO] AnalyticsPlugin:255 - Accepted CMSIS Pack Licenses: 
2023-09-13 09:41:51,017 [INFO] AnalyticsPlugin:257 - Accepted Firmware Licenses: 
2023-09-13 09:41:51,020 [INFO] PluginManage:359 - Loaded plugin analytics (category:tool,tabindex:-1)
2023-09-13 09:41:51,021 [INFO] PluginManage:310 - Check plugin cadmodel
2023-09-13 09:41:51,030 [INFO] CADModel:105 - Init CAD model plugin
2023-09-13 09:41:51,030 [INFO] PluginManage:359 - Loaded plugin cadmodel (category:power,tabindex:5)
2023-09-13 09:41:51,031 [INFO] PluginManage:310 - Check plugin clock
2023-09-13 09:41:51,045 [INFO] PluginManage:359 - Loaded plugin clock (category:base,tabindex:2)
2023-09-13 09:41:51,045 [INFO] PluginManage:310 - Check plugin ddr
2023-09-13 09:41:51,048 [INFO] PluginManage:359 - Loaded plugin ddr (category:tool,tabindex:6)
2023-09-13 09:41:51,049 [INFO] PluginManage:310 - Check plugin filemanager
2023-09-13 09:41:51,252 [INFO] PluginManage:359 - Loaded plugin filemanager (category:base,tabindex:10)
2023-09-13 09:41:51,252 [INFO] PluginManage:310 - Check plugin ipmanager
2023-09-13 09:41:51,263 [INFO] PluginManage:359 - Loaded plugin ipmanager (category:base,tabindex:5)
2023-09-13 09:41:51,263 [INFO] PluginManage:310 - Check plugin lpbam
2023-09-13 09:41:51,274 [INFO] PluginManage:359 - Loaded plugin lpbam (category:base,tabindex:0)
2023-09-13 09:41:51,274 [INFO] PluginManage:310 - Check plugin memorymap
2023-09-13 09:41:51,294 [INFO] PluginManage:359 - Loaded plugin memorymap (category:base,tabindex:4)
2023-09-13 09:41:51,294 [INFO] PluginManage:310 - Check plugin pinoutandconfiguration
2023-09-13 09:41:51,305 [INFO] PluginManage:359 - Loaded plugin pinoutandconfiguration (category:base,tabindex:1)
2023-09-13 09:41:51,305 [INFO] PluginManage:310 - Check plugin pinoutconfig
2023-09-13 09:41:51,421 [WARN] SupportedApi:132 - Cannot load RTOS API schema: s4s-elt-must-match.1: The content of 'definitions' must match (annotation?, (simpleType | complexType)?, (unique | key | keyref)*)). A problem was found starting at: attribute.
2023-09-13 09:41:51,623 [INFO] PluginManage:359 - Loaded plugin pinoutconfig (category:base,tabindex:0)
2023-09-13 09:41:51,624 [INFO] PluginManage:310 - Check plugin power
2023-09-13 09:41:51,640 [INFO] PluginManage:359 - Loaded plugin power (category:power,tabindex:4)
2023-09-13 09:41:51,640 [INFO] PluginManage:310 - Check plugin projectmanager
2023-09-13 09:41:51,666 [INFO] PluginManage:359 - Loaded plugin projectmanager (category:projectmanager,tabindex:3)
2023-09-13 09:41:51,667 [INFO] PluginManage:310 - Check plugin thirdparty
2023-09-13 09:41:51,868 [INFO] PluginManage:359 - Loaded plugin thirdparty (category:base,tabindex:-1)
2023-09-13 09:41:51,868 [INFO] PluginManage:310 - Check plugin tools
2023-09-13 09:41:51,867 [WARN] IntegrityCheckThread:84 - waiting for thirdparty lock release [integrity check]
2023-09-13 09:41:51,870 [INFO] IntegrityCheckThread:86 - entering critical section [integrity check]
2023-09-13 09:41:51,870 [INFO] ThirdPartyUpdaterWithRetryManager:70 - Updater plugin not ready yet. [1/15]
2023-09-13 09:41:51,873 [INFO] PluginManage:359 - Loaded plugin tools (category:base,tabindex:7)
2023-09-13 09:41:51,873 [INFO] PluginManage:310 - Check plugin tutovideos
2023-09-13 09:41:52,141 [INFO] PluginManage:359 - Loaded plugin tutovideos (category:base,tabindex:-1)
2023-09-13 09:41:52,141 [INFO] PluginManage:310 - Check plugin updater
2023-09-13 09:41:52,157 [INFO] PluginManage:359 - Loaded plugin updater (category:base,tabindex:12)
2023-09-13 09:41:52,157 [INFO] PluginManage:310 - Check plugin userauth
2023-09-13 09:41:52,165 [INFO] UserAuth:113 - Init User Auth plugin
2023-09-13 09:41:52,165 [INFO] PluginManage:359 - Loaded plugin userauth (category:base,tabindex:14)
2023-09-13 09:41:52,166 [INFO] PluginManage:283 - PluginManage : Loaded plugins [17]
2023-09-13 09:41:52,478 [INFO] PinOutPanel:1499 - setPackage(No Configuration,No Configuration)
2023-09-13 09:41:52,644 [INFO] CADModel:165 - CPN selected for project level
2023-09-13 09:41:52,645 [INFO] CADModel:114 - Register for checkConnection events
2023-09-13 09:41:52,670 [INFO] IPUIPlugin:80 - create IPUIPlugin
2023-09-13 09:41:52,671 [INFO] PluginManager:220 - loadIPPluginJar : add adc
2023-09-13 09:41:52,675 [INFO] IPUIPlugin:80 - create IPUIPlugin
2023-09-13 09:41:52,675 [INFO] PluginManager:220 - loadIPPluginJar : add aes
2023-09-13 09:41:52,680 [INFO] IPUIPlugin:80 - create IPUIPlugin
2023-09-13 09:41:52,680 [INFO] PluginManager:220 - loadIPPluginJar : add can
2023-09-13 09:41:52,683 [INFO] IPUIPlugin:80 - create IPUIPlugin
2023-09-13 09:41:52,683 [INFO] PluginManager:220 - loadIPPluginJar : add comp
2023-09-13 09:41:52,687 [INFO] IPUIPlugin:80 - create IPUIPlugin
2023-09-13 09:41:52,687 [INFO] PluginManager:220 - loadIPPluginJar : add cryp
2023-09-13 09:41:52,691 [INFO] IPUIPlugin:80 - create IPUIPlugin
2023-09-13 09:41:52,691 [INFO] PluginManager:220 - loadIPPluginJar : add dfsdm
2023-09-13 09:41:52,698 [INFO] IPUIPlugin:80 - create IPUIPlugin
2023-09-13 09:41:52,698 [INFO] PluginManager:220 - loadIPPluginJar : add dma
2023-09-13 09:41:52,702 [INFO] IPUIPlugin:80 - create IPUIPlugin
2023-09-13 09:41:52,703 [INFO] PluginManager:220 - loadIPPluginJar : add dma3
2023-09-13 09:41:52,705 [INFO] IPUIPlugin:80 - create IPUIPlugin
2023-09-13 09:41:52,705 [INFO] PluginManager:220 - loadIPPluginJar : add fatfs
2023-09-13 09:41:52,711 [INFO] IPUIPlugin:80 - create IPUIPlugin
2023-09-13 09:41:52,711 [INFO] PluginManager:220 - loadIPPluginJar : add fmc
2023-09-13 09:41:52,719 [INFO] IPUIPlugin:80 - create IPUIPlugin
2023-09-13 09:41:52,719 [INFO] PluginManager:220 - loadIPPluginJar : add freertos
2023-09-13 09:41:52,722 [INFO] IPUIPlugin:80 - create IPUIPlugin
2023-09-13 09:41:52,722 [INFO] PluginManager:220 - loadIPPluginJar : add genericplugin
2023-09-13 09:41:52,725 [INFO] IPUIPlugin:80 - create IPUIPlugin
2023-09-13 09:41:52,725 [INFO] PluginManager:220 - loadIPPluginJar : add gfxmmu
2023-09-13 09:41:52,731 [INFO] IPUIPlugin:80 - create IPUIPlugin
2023-09-13 09:41:52,731 [INFO] PluginManager:220 - loadIPPluginJar : add gic
2023-09-13 09:41:52,738 [INFO] IPUIPlugin:80 - create IPUIPlugin
2023-09-13 09:41:52,738 [INFO] PluginManager:220 - loadIPPluginJar : add gpio
2023-09-13 09:41:52,742 [INFO] IPUIPlugin:80 - create IPUIPlugin
2023-09-13 09:41:52,743 [INFO] PluginManager:220 - loadIPPluginJar : add gtzc
2023-09-13 09:41:52,746 [INFO] IPUIPlugin:80 - create IPUIPlugin
2023-09-13 09:41:52,746 [INFO] PluginManager:220 - loadIPPluginJar : add hash
2023-09-13 09:41:52,750 [INFO] IPUIPlugin:80 - create IPUIPlugin
2023-09-13 09:41:52,750 [INFO] PluginManager:220 - loadIPPluginJar : add i2c
2023-09-13 09:41:52,753 [INFO] IPUIPlugin:80 - create IPUIPlugin
2023-09-13 09:41:52,753 [INFO] PluginManager:220 - loadIPPluginJar : add i2s
2023-09-13 09:41:52,757 [INFO] IPUIPlugin:80 - create IPUIPlugin
2023-09-13 09:41:52,757 [INFO] PluginManager:220 - loadIPPluginJar : add i3c
2023-09-13 09:41:52,761 [INFO] IPUIPlugin:80 - create IPUIPlugin
2023-09-13 09:41:52,761 [INFO] PluginManager:220 - loadIPPluginJar : add ipddr
2023-09-13 09:41:52,770 [INFO] IPUIPlugin:80 - create IPUIPlugin
2023-09-13 09:41:52,770 [INFO] PluginManager:220 - loadIPPluginJar : add linkedlist
2023-09-13 09:41:52,774 [INFO] IPUIPlugin:80 - create IPUIPlugin
2023-09-13 09:41:52,774 [INFO] PluginManager:220 - loadIPPluginJar : add lorawan
2023-09-13 09:41:52,778 [INFO] IPUIPlugin:80 - create IPUIPlugin
2023-09-13 09:41:52,778 [INFO] PluginManager:220 - loadIPPluginJar : add ltdc
2023-09-13 09:41:52,788 [INFO] IPUIPlugin:80 - create IPUIPlugin
2023-09-13 09:41:52,788 [INFO] PluginManager:220 - loadIPPluginJar : add mdma
2023-09-13 09:41:52,796 [INFO] IPUIPlugin:80 - create IPUIPlugin
2023-09-13 09:41:52,797 [INFO] PluginManager:220 - loadIPPluginJar : add nvic
2023-09-13 09:41:52,801 [INFO] IPUIPlugin:80 - create IPUIPlugin
2023-09-13 09:41:52,801 [INFO] PluginManager:220 - loadIPPluginJar : add opamp
2023-09-13 09:41:52,806 [INFO] IPUIPlugin:80 - create IPUIPlugin
2023-09-13 09:41:52,806 [INFO] PluginManager:220 - loadIPPluginJar : add openamp
2023-09-13 09:41:52,811 [INFO] IPUIPlugin:80 - create IPUIPlugin
2023-09-13 09:41:52,812 [INFO] PluginManager:220 - loadIPPluginJar : add pdm2pcm
2023-09-13 09:41:52,820 [INFO] IPUIPlugin:80 - create IPUIPlugin
2023-09-13 09:41:52,823 [INFO] PluginManager:220 - loadIPPluginJar : add plateformsettings
2023-09-13 09:41:52,825 [INFO] IPUIPlugin:80 - create IPUIPlugin
2023-09-13 09:41:52,825 [INFO] PluginManager:220 - loadIPPluginJar : add quadspi
2023-09-13 09:41:52,831 [INFO] IPUIPlugin:80 - create IPUIPlugin
2023-09-13 09:41:52,831 [INFO] PluginManager:220 - loadIPPluginJar : add resmgrutility
2023-09-13 09:41:52,836 [INFO] IPUIPlugin:80 - create IPUIPlugin
2023-09-13 09:41:52,836 [INFO] PluginManager:220 - loadIPPluginJar : add sai
2023-09-13 09:41:52,839 [INFO] IPUIPlugin:80 - create IPUIPlugin
2023-09-13 09:41:52,840 [INFO] PluginManager:220 - loadIPPluginJar : add spi
2023-09-13 09:41:52,845 [INFO] IPUIPlugin:80 - create IPUIPlugin
2023-09-13 09:41:52,846 [INFO] PluginManager:220 - loadIPPluginJar : add stm32_wpan
2023-09-13 09:41:52,847 [INFO] IPUIPlugin:80 - create IPUIPlugin
2023-09-13 09:41:52,847 [INFO] PluginManager:220 - loadIPPluginJar : add tim
2023-09-13 09:41:52,851 [INFO] IPUIPlugin:80 - create IPUIPlugin
2023-09-13 09:41:52,851 [INFO] PluginManager:220 - loadIPPluginJar : add touchsensing
2023-09-13 09:41:52,854 [INFO] IPUIPlugin:80 - create IPUIPlugin
2023-09-13 09:41:52,854 [INFO] PluginManager:220 - loadIPPluginJar : add tracer_emb
2023-09-13 09:41:52,856 [INFO] IPUIPlugin:80 - create IPUIPlugin
2023-09-13 09:41:52,856 [INFO] PluginManager:220 - loadIPPluginJar : add ts
2023-09-13 09:41:52,859 [INFO] IPUIPlugin:80 - create IPUIPlugin
2023-09-13 09:41:52,859 [INFO] PluginManager:220 - loadIPPluginJar : add tsc
2023-09-13 09:41:52,861 [INFO] IPUIPlugin:80 - create IPUIPlugin
2023-09-13 09:41:52,861 [INFO] PluginManager:220 - loadIPPluginJar : add ucpd
2023-09-13 09:41:52,865 [INFO] IPUIPlugin:80 - create IPUIPlugin
2023-09-13 09:41:52,865 [INFO] PluginManager:220 - loadIPPluginJar : add usart
2023-09-13 09:41:52,869 [INFO] IPUIPlugin:80 - create IPUIPlugin
2023-09-13 09:41:52,869 [INFO] PluginManager:220 - loadIPPluginJar : add usbx
2023-09-13 09:41:53,020 [INFO] CADModel:165 - CPN selected for project level
2023-09-13 09:41:53,020 [INFO] CADModel:114 - Register for checkConnection events
2023-09-13 09:41:53,021 [FATAL] Updater:308 - Updater called before beeing initialized
2023-09-13 09:41:53,022 [ERROR] CADModel:125 - Updater not yet initialized, retry later 
2023-09-13 09:41:53,283 [INFO] CADModel:165 - CPN selected for project level
2023-09-13 09:41:53,284 [INFO] CADModel:114 - Register for checkConnection events
2023-09-13 09:41:53,284 [FATAL] Updater:308 - Updater called before beeing initialized
2023-09-13 09:41:53,284 [ERROR] CADModel:125 - Updater not yet initialized, retry later 
2023-09-13 09:41:53,291 [FATAL] Updater:308 - Updater called before beeing initialized
2023-09-13 09:41:53,475 [FATAL] Updater:308 - Updater called before beeing initialized
2023-09-13 09:41:53,483 [INFO] DbMcusAds:53 - JSON generation date=Tue Mar 07 15:50:55 ICT 2023 (1678179055114)
2023-09-13 09:41:53,483 [FATAL] Updater:308 - Updater called before beeing initialized
2023-09-13 09:41:53,539 [WARN] DetailPanel:346 - Failed to get advertising image, set to default
2023-09-13 09:41:53,666 [FATAL] Updater:308 - Updater called before beeing initialized
2023-09-13 09:41:53,669 [FATAL] Updater:308 - Updater called before beeing initialized
2023-09-13 09:41:53,669 [FATAL] Updater:308 - Updater called before beeing initialized
2023-09-13 09:41:53,669 [WARN] DetailPanel:346 - Failed to get advertising image, set to default
2023-09-13 09:41:53,670 [FATAL] Updater:308 - Updater called before beeing initialized
2023-09-13 09:41:53,736 [ERROR] Updater:1120 - MainUpdater not yet initialized. External WinMGr cannot be set.
2023-09-13 09:41:53,739 [INFO] Updater:1056 - Updater Version found : 6.9.1
2023-09-13 09:41:53,765 [INFO] ApplicationProperties:184 - Using Application install path: C:\ST\STM32CubeIDE_1.13.1\STM32CubeIDE\plugins\com.st.stm32cube.common.mx_6.9.1.202307191849
2023-09-13 09:41:54,006 [INFO] MainUpdater:2868 - connection check result : 10
2023-09-13 09:41:54,007 [INFO] MainUpdater:285 - Updater Check For Update Now.
2023-09-13 09:41:54,007 [INFO] MicroXplorer:498 - Change Database Version : DB.6.0.91
2023-09-13 09:41:54,016 [INFO] McuFinderGlobals:63 - Set McuFinder mode to 2 (CubeIDE integrated)
2023-09-13 09:41:54,311 [INFO] CheckServerUpdateThread:120 - End of CheckServer Thread
2023-09-13 09:41:55,151 [WARN] PackLoader:240 - Cannot read IP mode file for STMicroelectronics.X-CUBE-SMBUS.2.1.0
2023-09-13 09:41:55,227 [WARN] PackLoader:240 - Cannot read IP mode file for STMicroelectronics.X-CUBE-AZRTOS-F7.1.1.0
2023-09-13 09:41:55,246 [WARN] PackLoader:240 - Cannot read IP mode file for STMicroelectronics.FP-SNS-MOTENV1.4.3.2
2023-09-13 09:41:55,257 [WARN] PackLoader:240 - Cannot read IP mode file for STMicroelectronics.FP-SNS-FLIGHT1.5.0.2
2023-09-13 09:41:55,273 [WARN] PackLoader:240 - Cannot read IP mode file for STMicroelectronics.X-CUBE-DISPLAY.3.0.0
2023-09-13 09:41:55,314 [WARN] PackLoader:240 - Cannot read IP mode file for STMicroelectronics.X-CUBE-BLE1.7.0.0
2023-09-13 09:41:55,325 [WARN] PackLoader:240 - Cannot read IP mode file for emotas.I-CUBE-CANOPEN.1.3.0
2023-09-13 09:41:55,334 [WARN] PackLoader:240 - Cannot read IP mode file for STMicroelectronics.X-CUBE-TOUCHGFX.4.22.0
2023-09-13 09:41:55,344 [WARN] PackLoader:240 - Cannot read IP mode file for STMicroelectronics.FP-SNS-SMARTAG2.1.2.0
2023-09-13 09:41:55,365 [INFO] LogOutputStream:77 - [STDOUT_REDIRECT] 1 : Invalid condition id : UX_CORESTACK_Condition cause : null
2023-09-13 09:41:55,366 [INFO] LogOutputStream:77 - [STDOUT_REDIRECT] 1 : Invalid condition id : UX_CORESTACK_Condition cause : null
2023-09-13 09:41:55,368 [INFO] LogOutputStream:77 - [STDOUT_REDIRECT] 1 : Invalid condition id : UX_CORESTACK_Condition cause : null
2023-09-13 09:41:55,370 [INFO] LogOutputStream:77 - [STDOUT_REDIRECT] 1 : Invalid condition id : UX_CORESTACK_Condition cause : null
2023-09-13 09:41:55,372 [INFO] LogOutputStream:77 - [STDOUT_REDIRECT] 1 : Invalid condition id : UX_CORESTACK_Condition cause : null
2023-09-13 09:41:55,381 [WARN] PackLoader:240 - Cannot read IP mode file for STMicroelectronics.X-CUBE-AZRTOS-WL.2.0.0
2023-09-13 09:41:55,407 [WARN] PackLoader:240 - Cannot read IP mode file for WES.I-CUBE-Cesium.1.3.0
2023-09-13 09:41:55,416 [WARN] PackLoader:240 - Cannot read IP mode file for STMicroelectronics.X-CUBE-BLE2.3.3.0
2023-09-13 09:41:55,429 [WARN] PackLoader:240 - Cannot read IP mode file for STMicroelectronics.X-CUBE-ALGOBUILD.1.3.0
2023-09-13 09:41:55,468 [WARN] PackLoader:240 - Cannot read IP mode file for STMicroelectronics.X-CUBE-AZRTOS-G0.1.1.0
2023-09-13 09:41:55,480 [WARN] PackLoader:240 - Cannot read IP mode file for STMicroelectronics.X-CUBE-NFC4.3.0.0
2023-09-13 09:41:55,488 [WARN] PackLoader:240 - Cannot read IP mode file for STMicroelectronics.FP-ATR-SIGFOX1.3.2.0
2023-09-13 09:41:55,577 [WARN] PackLoader:240 - Cannot read IP mode file for SEGGER.I-CUBE-embOS.1.3.1
2023-09-13 09:41:55,699 [WARN] PackLoader:240 - Cannot read IP mode file for STMicroelectronics.X-CUBE-GNSS1.6.0.0
2023-09-13 09:41:55,732 [WARN] PackLoader:240 - Cannot read IP mode file for STMicroelectronics.X-CUBE-AZRTOS-F4.1.1.0
2023-09-13 09:41:55,744 [WARN] PackLoader:240 - Cannot read IP mode file for wolfSSL.I-CUBE-wolfSSL.5.6.3
2023-09-13 09:41:55,784 [WARN] PackLoader:240 - Cannot read IP mode file for STMicroelectronics.X-CUBE-AZRTOS-L5.2.0.0
2023-09-13 09:41:55,868 [WARN] PackLoader:240 - Cannot read IP mode file for STMicroelectronics.X-CUBE-MEMS1.9.6.0
2023-09-13 09:41:56,167 [WARN] PackLoader:240 - Cannot read IP mode file for STMicroelectronics.X-CUBE-BLEMGR.2.0.0
2023-09-13 09:41:56,196 [WARN] ConditionMgr:438 - getConditionDescription Invalid condition id : UX DEVICE CLASS RTOS Condition cause : null
2023-09-13 09:41:56,196 [WARN] ConditionMgr:438 - getConditionDescription Invalid condition id : UX DEVICE CLASS RTOS Condition cause : null
2023-09-13 09:41:56,201 [WARN] PackLoader:240 - Cannot read IP mode file for STMicroelectronics.X-CUBE-AZRTOS-H7.3.1.0
2023-09-13 09:41:56,203 [WARN] ConditionMgr:1039 - genDependencies : Invalid condition id : UX DEVICE CLASS RTOS Condition cause : null
2023-09-13 09:41:56,203 [WARN] ConditionMgr:1039 - genDependencies : Invalid condition id : UX DEVICE CLASS RTOS Condition cause : null
2023-09-13 09:41:56,204 [WARN] ConditionMgr:1039 - genDependencies : Invalid condition id : UX DEVICE CLASS RTOS Condition cause : null
2023-09-13 09:41:56,205 [WARN] ConditionMgr:1039 - genDependencies : Invalid condition id : UX DEVICE CLASS RTOS Condition cause : null
2023-09-13 09:41:56,205 [WARN] ConditionMgr:1039 - genDependencies : Invalid condition id : UX DEVICE CLASS RTOS Condition cause : null
2023-09-13 09:41:56,214 [WARN] PackLoader:240 - Cannot read IP mode file for STMicroelectronics.X-CUBE-NFC7.1.0.1
2023-09-13 09:41:56,223 [WARN] PackLoader:240 - Cannot read IP mode file for STMicroelectronics.X-CUBE-NFC6.3.0.0
2023-09-13 09:41:56,234 [WARN] PackLoader:240 - Cannot read IP mode file for STMicroelectronics.X-CUBE-EEPRMA1.4.1.0
2023-09-13 09:41:56,241 [WARN] PackLoader:240 - Cannot read IP mode file for STMicroelectronics.X-CUBE-AI.8.1.0
2023-09-13 09:41:56,271 [WARN] ConditionMgr:438 - getConditionDescription Invalid condition id : LAN8742 Phy interface Condition cause : null
2023-09-13 09:41:56,272 [WARN] PackLoader:240 - Cannot read IP mode file for STMicroelectronics.X-CUBE-AZRTOS-L4.2.0.0
2023-09-13 09:41:56,274 [WARN] ConditionMgr:1039 - genDependencies : Invalid condition id : LAN8742 Phy interface Condition cause : null
2023-09-13 09:41:56,274 [WARN] ConditionMgr:1039 - genDependencies : Invalid condition id : LAN8742 Phy interface Condition cause : null
2023-09-13 09:41:56,275 [WARN] ConditionMgr:1039 - genDependencies : Invalid condition id : LAN8742 Phy interface Condition cause : null
2023-09-13 09:41:56,285 [WARN] PackLoader:240 - Cannot read IP mode file for STMicroelectronics.X-CUBE-SFXS2LP1.4.0.0
2023-09-13 09:41:56,292 [WARN] PackLoader:240 - Cannot read IP mode file for STMicroelectronics.X-CUBE-ISPU.1.1.0
2023-09-13 09:41:56,312 [WARN] ConditionMgr:438 - getConditionDescription Invalid condition id : UX DEVICE CLASS RTOS Condition cause : null
2023-09-13 09:41:56,313 [WARN] ConditionMgr:438 - getConditionDescription Invalid condition id : UX DEVICE CLASS RTOS Condition cause : null
2023-09-13 09:41:56,316 [WARN] PackLoader:240 - Cannot read IP mode file for STMicroelectronics.X-CUBE-AZRTOS-WB.2.0.0
2023-09-13 09:41:56,317 [WARN] ConditionMgr:1039 - genDependencies : Invalid condition id : UX DEVICE CLASS RTOS Condition cause : null
2023-09-13 09:41:56,317 [WARN] ConditionMgr:1039 - genDependencies : Invalid condition id : UX DEVICE CLASS RTOS Condition cause : null
2023-09-13 09:41:56,317 [WARN] ConditionMgr:1039 - genDependencies : Invalid condition id : UX DEVICE CLASS RTOS Condition cause : null
2023-09-13 09:41:56,318 [WARN] ConditionMgr:1039 - genDependencies : Invalid condition id : UX DEVICE CLASS RTOS Condition cause : null
2023-09-13 09:41:56,318 [WARN] ConditionMgr:1039 - genDependencies : Invalid condition id : UX DEVICE CLASS RTOS Condition cause : null
2023-09-13 09:41:56,336 [WARN] PackLoader:240 - Cannot read IP mode file for STMicroelectronics.X-CUBE-SUBG2.5.0.0
2023-09-13 09:41:56,361 [WARN] PackLoader:240 - Cannot read IP mode file for STMicroelectronics.X-CUBE-TOF1.3.3.1
2023-09-13 09:41:56,403 [WARN] PackLoader:240 - Cannot read IP mode file for STMicroelectronics.X-CUBE-AZRTOS-G4.2.0.0
2023-09-13 09:41:56,412 [WARN] PackLoader:240 - Cannot read IP mode file for STMicroelectronics.X-CUBE-FREERTOS.1.1.0
2023-09-13 09:41:56,420 [WARN] PackLoader:240 - Cannot read IP mode file for portGmbH.I-Cube-SoM-uGOAL.1.1.0
2023-09-13 09:41:56,426 [WARN] PackLoader:240 - Cannot read IP mode file for STMicroelectronics.X-CUBE-ALS.1.0.1
2023-09-13 09:41:56,432 [WARN] PackLoader:240 - Cannot read IP mode file for STMicroelectronics.FP-ATR-ASTRA1.2.0.0
2023-09-13 09:41:56,433 [INFO] ThirdParty:978 - Integrity check success = true
2023-09-13 09:41:56,433 [INFO] IntegrityCheckThread:100 - exiting critical section [integrity check]
2023-09-13 09:41:56,433 [INFO] IntegrityCheckThread:103 - End integrity checks thread
2023-09-13 09:42:15,429 [ERROR] LogOutputStream:75 - [STDERR_REDIRECT] SLF4J: Failed to load class "org.slf4j.impl.StaticLoggerBinder".
2023-09-13 09:42:15,430 [ERROR] LogOutputStream:75 - [STDERR_REDIRECT] SLF4J: Defaulting to no-operation (NOP) logger implementation
2023-09-13 09:42:15,433 [ERROR] LogOutputStream:75 - [STDERR_REDIRECT] SLF4J: See http://www.slf4j.org/codes.html#StaticLoggerBinder for further details.
2023-09-13 15:45:04,204 [INFO] McuFinderGlobals:63 - Set McuFinder mode to 2 (CubeIDE integrated)
2023-09-13 15:45:04,395 [INFO] MainUpdater:2868 - connection check result : 10
2023-09-13 15:45:05,243 [INFO] ApiDb:581 - Connected to CubeFinder SQLite database (C:\Users\mcnex\.stmcufinder\plugins\mcufinder\mcu\cube-finder-db.db)
2023-09-13 15:45:05,385 [INFO] ApiDb:668 - CubeFinder database Data Model version=2.1
2023-09-13 15:45:05,386 [INFO] ApiDb:669 - CubeFinder database Configuration version=3.0.37
2023-09-13 15:45:05,388 [INFO] ApiDb:670 - CubeFinder database generation date=2023-08-09 (1691586011)
2023-09-13 15:45:05,388 [INFO] ApiDb:671 - CubeFinder database FW Pack versions=[FP-ATR-ASTRA1_V2.0.0, FP-SNS-FLIGHT1_V5.0.1, FP-SNS-FLIGHT1_V5.0.2, FP-SNS-MOTENV1_V4.3.1, FP-SNS-MOTENV1_V4.3.2, STM32Cube_FW_C0_V1.1.0, STM32Cube_FW_F4_V1.27.1, STM32Cube_FW_F7_V1.17.0, STM32Cube_FW_G0_V1.6.1, STM32Cube_FW_G4_V1.5.1, STM32Cube_FW_H5_V0.5.1, STM32Cube_FW_H5_V1.1.0, STM32Cube_FW_H7_V1.11.0, STM32Cube_FW_L0_V1.12.2, STM32Cube_FW_L5_V1.5.0, STM32Cube_FW_U5_V1.3.0, STM32Cube_FW_U5_V1.3.0RC4, STM32Cube_FW_WBA_V1.0.0RC1, STM32Cube_FW_WBA_V1.1.0, STM32Cube_FW_WBA_V1.1.0RC1, STM32Cube_FW_WB_V1.15.0RC1, STM32Cube_FW_WB_V1.16.0, STM32Cube_FW_WB_V1.16.0RC2, STM32Cube_FW_WB_V1.17.0, STM32Cube_FW_WL_V1.3.0, X-CUBE-ALGOBUILD_V1.3.0, X-CUBE-ALS_V1.0.1, X-CUBE-AZRTOS-F4_V1.1.0, X-CUBE-AZRTOS-F7_V1.1.0, X-CUBE-AZRTOS-G0_V1.1.0, X-CUBE-AZRTOS-G4_V2.0.0, X-CUBE-AZRTOS-H7_V3.1.0, X-CUBE-AZRTOS-L4_V1.0.0, X-CUBE-AZRTOS-L4_V2.0.0, X-CUBE-AZRTOS-L5_V1.1.0, X-CUBE-AZRTOS-WB_V1.1.0, X-CUBE-AZRTOS-WL_V2.0.0, X-CUBE-BLE1_V7.0.0, X-CUBE-BLE2_V3.3.0, X-CUBE-BLEMGR_V2.0.0, X-CUBE-EEPRMA1_V4.1.0, X-CUBE-FREERTOS_V1.1.0, X-CUBE-GNSS1_V6.0.0, X-CUBE-MEMS1_V9.1.0, X-CUBE-MEMS1_V9.4.0, X-CUBE-MEMS1_V9.6.0, X-CUBE-NFC4_V3.0.0, X-CUBE-NFC7_V1.0.0, X-CUBE-SFXS2LP1_V4.0.0, X-CUBE-SUBG2_V5.0.0, X-CUBE-TOF1_V3.3.1]
2023-09-13 15:45:05,605 [INFO] DbBoardsSqlite:226 - include board P-NUCLEO-WB55-NUCLEO as a kit item of type 'Nucleo-64'
2023-09-13 15:45:05,606 [INFO] DbBoardsSqlite:226 - include board P-NUCLEO-WB55-USBDONGLE as a kit item of type 'Nucleo USB Dongle'
2023-09-13 15:45:05,607 [INFO] DbBoardsSqlite:226 - include board STEVAL-IDP005V1 as a kit item of type 'Evaluation Board'
2023-09-13 15:45:05,608 [INFO] DbBoardsSqlite:226 - include board STEVAL-IDP005V2 as a kit item of type 'Evaluation Board'
2023-09-13 15:45:06,328 [INFO] ApiDb:240 - Found 323 in-development CPN: [B-G473E-ZEST1S, B-WB1M-WPAN1, B-WL5M-SUBG1, NUCLEO-C031C6, NUCLEO-H503RB, NUCLEO-H563ZI, NUCLEO-U545RE-Q, NUCLEO-U5A5ZJ-Q, NUCLEO-WBA52CG, STEVAL-PROTEUS1, STEVAL-SMARTAG2, STEVAL-STWINBX1, STM320518-EVAL, STM32C0116-DK, STM32C011D6Y3TR, STM32C011D6Y6TR, STM32C011F4P3, STM32C011F4P6, STM32C011F4U3, STM32C011F4U6TR, STM32C011F6P3, STM32C011F6P6, STM32C011F6U3, STM32C011F6U6TR, STM32C011J4M3, STM32C011J4M6, STM32C011J6M3, STM32C011J6M6, STM32C0316-DK, STM32C031C4T3, STM32C031C4T6, STM32C031C4U3, STM32C031C4U6, STM32C031C6T3, STM32C031C6T6, STM32C031C6U3, STM32C031C6U6, STM32C031F4P3, STM32C031F4P6, STM32C031F6P3, STM32C031F6P6, STM32C031G4U3, STM32C031G4U6, STM32C031G6U3, STM32C031G6U6, STM32C031K4T3, STM32C031K4T6, STM32C031K4U3, STM32C031K4U6, STM32C031K6T3, STM32C031K6T6, STM32C031K6U3, STM32C031K6U6, STM32G071K8TXN, STM32G071K8UXN, STM32G081GBU6N, STM32G081KBT6N, STM32G081KBUXN, STM32G0B1CCT6N, STM32G0B1KCT6, STM32G0B1NEY6TR, STM32G0B1RCT6N, STM32G0C1CCT6, STM32G0C1CCT6N, STM32G0C1CCU6N, STM32G0C1CET6N, STM32G0C1CEU6N, STM32G0C1KCT6, STM32G0C1NEY6TR, STM32G0C1RCI6N, STM32G0C1RCT6N, STM32G0C1REI6N, STM32G0C1RET6N, STM32G0C1VCI6, STM32G0C1VEI6, STM32G471CCT6, STM32G471CCU6, STM32G471CET3, STM32G471CET6, STM32G471CEU3, STM32G471CEU6, STM32G471MCT6, STM32G471MET3, STM32G471MET6, STM32G471MEY6TR, STM32G471QCT6, STM32G471QET3, STM32G471RCT6, STM32G471RET3, STM32G471RET6, STM32G471VCH6, STM32G471VCI6, STM32G471VCT6, STM32G471VEH3, STM32G471VEH6, STM32G471VEI3, STM32G471VEI6, STM32G471VET3, STM32G471VET6, STM32G474CCT6, STM32H503CBT6, STM32H503CBU6, STM32H503EBY6TR, STM32H503KBU6, STM32H503RBT6, STM32H562AGI6, STM32H562AII6, STM32H562IGK6, STM32H562IGT6, STM32H562IIK6, STM32H562IIT6, STM32H562RGT6, STM32H562RGV6, STM32H562RIT6, STM32H562RIV6, STM32H562VGT6, STM32H562VIT6, STM32H562ZGT6, STM32H562ZIT6, STM32H563AGI6, STM32H563AII3Q, STM32H563AII6, STM32H563IGK6, STM32H563IGT6, STM32H563IIK3Q, STM32H563IIK6, STM32H563IIT3Q, STM32H563IIT6, STM32H563MIY3QTR, STM32H563RGT6, STM32H563RGV6, STM32H563RIT6, STM32H563RIV6, STM32H563VGT6, STM32H563VIT3Q, STM32H563VIT6, STM32H563ZGT6, STM32H563ZIT3Q, STM32H563ZIT6, STM32H573AII3Q, STM32H573AII6, STM32H573I-DK, STM32H573IIK3Q, STM32H573IIK6, STM32H573IIT3Q, STM32H573IIT6, STM32H573MIY3QTR, STM32H573RIT6, STM32H573RIV6, STM32H573VIT3Q, STM32H573VIT6, STM32H573ZIT3Q, STM32H573ZIT6, STM32L4R5QGI6STR, STM32MP131AAE3, STM32MP131AAF3, STM32MP131AAG3, STM32MP131CAE3, STM32MP131CAF3, STM32MP131CAG3, STM32MP131DAE7, STM32MP131DAF7, STM32MP131DAG7, STM32MP131FAE7, STM32MP131FAF7, STM32MP131FAG7, STM32MP133AAE3, STM32MP133AAF3, STM32MP133AAG3, STM32MP133CAE3, STM32MP133CAF3, STM32MP133CAG3, STM32MP133DAE7, STM32MP133DAF7, STM32MP133DAG7, STM32MP133FAE7, STM32MP133FAF7, STM32MP133FAG7, STM32MP135AAE3, STM32MP135AAF3, STM32MP135AAG3, STM32MP135CAE3, STM32MP135CAF3, STM32MP135CAG3, STM32MP135DAE7, STM32MP135DAF7, STM32MP135DAG7, STM32MP135F-DK, STM32MP135FAE7, STM32MP135FAF7, STM32MP135FAF7T, STM32MP135FAF7U, STM32MP135FAG7, STM32U535CBT6, STM32U535CBT6Q, STM32U535CBU6, STM32U535CBU6Q, STM32U535CCT6, STM32U535CCT6Q, STM32U535CCU6, STM32U535CCU6Q, STM32U535CET6, STM32U535CET6Q, STM32U535CEU6, STM32U535CEU6Q, STM32U535JEY6QTR, STM32U535NCY6QTR, STM32U535NEY6QTR, STM32U535RBI6, STM32U535RBI6Q, STM32U535RBT6, STM32U535RBT6Q, STM32U535RCI6, STM32U535RCI6Q, STM32U535RCT6, STM32U535RCT6Q, STM32U535REI6, STM32U535REI6Q, STM32U535RET6, STM32U535RET6Q, STM32U535VCI6, STM32U535VCI6Q, STM32U535VCT6, STM32U535VCT6Q, STM32U535VEI6, STM32U535VEI6Q, STM32U535VET6, STM32U535VET6Q, STM32U545CET6, STM32U545CET6Q, STM32U545CEU6, STM32U545CEU6Q, STM32U545JEY6QTR, STM32U545NEY6QTR, STM32U545REI6, STM32U545REI6Q, STM32U545RET6, STM32U545RET6Q, STM32U545VEI6, STM32U545VEI6Q, STM32U545VET6, STM32U545VET6Q, STM32U595AIH6, STM32U595AIH6Q, STM32U595AJH6, STM32U595AJH6Q, STM32U595QII6, STM32U595QII6Q, STM32U595QJI6, STM32U595QJI6Q, STM32U595RIT6, STM32U595RIT6Q, STM32U595RJT6, STM32U595RJT6Q, STM32U595VIT6, STM32U595VIT6Q, STM32U595VJT6, STM32U595VJT6Q, STM32U595ZIT6, STM32U595ZIT6Q, STM32U595ZIY6QTR, STM32U595ZJT6, STM32U595ZJT6Q, STM32U595ZJY6QTR, STM32U599BJY6QTR, STM32U599NIH6Q, STM32U599NJH6Q, STM32U599VIT6Q, STM32U599VJT6, STM32U599VJT6Q, STM32U599ZIT6Q, STM32U599ZIY6QTR, STM32U599ZJT6Q, STM32U599ZJY6QTR, STM32U5A5AJH6, STM32U5A5AJH6Q, STM32U5A5QJI6, STM32U5A5QJI6Q, STM32U5A5RJT6, STM32U5A5RJT6Q, STM32U5A5VJT6, STM32U5A5VJT6Q, STM32U5A5ZJT6, STM32U5A5ZJT6Q, STM32U5A5ZJY6QTR, STM32U5A9BJY6QTR, STM32U5A9J-DK, STM32U5A9NJH6Q, STM32U5A9VJT6Q, STM32U5A9ZJT6Q, STM32U5A9ZJY6QTR, STM32U5F7VIT6, STM32U5F7VIT6Q, STM32U5F7VJT6, STM32U5F7VJT6Q, STM32U5F9BJY6QTR, STM32U5F9NJH6Q, STM32U5F9VIT6Q, STM32U5F9VJT6Q, STM32U5F9ZIJ6QTR, STM32U5F9ZIT6Q, STM32U5F9ZJJ6QTR, STM32U5F9ZJT6Q, STM32U5G7VJT6, STM32U5G7VJT6Q, STM32U5G9BJY6QTR, STM32U5G9J-DK1, STM32U5G9J-DK2, STM32U5G9NJH6Q, STM32U5G9VJT6Q, STM32U5G9ZJJ6QTR, STM32U5G9ZJT6Q, STM32WB1MMCH6, STM32WBA52CEU6, STM32WBA52CEU6T, STM32WBA52CGU6, STM32WBA52CGU6T, STM32WBA52KEU6, STM32WBA52KEU6T, STM32WBA52KGU6, STM32WBA52KGU6T, STM32WL5MOCH6, STM32WL5MOCH6TR]
2023-09-13 15:45:06,768 [INFO] BoardInfo:880 - No configuration file found for board P-NUCLEO-WB55
2023-09-13 15:45:06,769 [INFO] DbBoards:157 - Kit is not supported: P-NUCLEO-WB55
2023-09-13 15:45:06,786 [INFO] BoardInfo:880 - No configuration file found for board STEVAL-BFA001V1B
2023-09-13 15:45:06,786 [INFO] DbBoards:157 - Kit is not supported: STEVAL-BFA001V1B
2023-09-13 15:45:06,792 [INFO] BoardInfo:880 - No configuration file found for board STEVAL-BFA001V2B
2023-09-13 15:45:06,792 [INFO] DbBoards:157 - Kit is not supported: STEVAL-BFA001V2B
2023-09-13 15:45:07,309 [INFO] DbBoards:161 - Found 190 boards, 187 are supported
2023-09-13 15:45:07,315 [INFO] ApiDb:668 - CubeFinder database Data Model version=2.1
2023-09-13 15:45:07,316 [INFO] ApiDb:669 - CubeFinder database Configuration version=3.0.37
2023-09-13 15:45:07,316 [INFO] ApiDb:670 - CubeFinder database generation date=2023-08-09 (1691586011)
2023-09-13 15:45:07,316 [INFO] ApiDb:671 - CubeFinder database FW Pack versions=[FP-ATR-ASTRA1_V2.0.0, FP-SNS-FLIGHT1_V5.0.1, FP-SNS-FLIGHT1_V5.0.2, FP-SNS-MOTENV1_V4.3.1, FP-SNS-MOTENV1_V4.3.2, STM32Cube_FW_C0_V1.1.0, STM32Cube_FW_F4_V1.27.1, STM32Cube_FW_F7_V1.17.0, STM32Cube_FW_G0_V1.6.1, STM32Cube_FW_G4_V1.5.1, STM32Cube_FW_H5_V0.5.1, STM32Cube_FW_H5_V1.1.0, STM32Cube_FW_H7_V1.11.0, STM32Cube_FW_L0_V1.12.2, STM32Cube_FW_L5_V1.5.0, STM32Cube_FW_U5_V1.3.0, STM32Cube_FW_U5_V1.3.0RC4, STM32Cube_FW_WBA_V1.0.0RC1, STM32Cube_FW_WBA_V1.1.0, STM32Cube_FW_WBA_V1.1.0RC1, STM32Cube_FW_WB_V1.15.0RC1, STM32Cube_FW_WB_V1.16.0, STM32Cube_FW_WB_V1.16.0RC2, STM32Cube_FW_WB_V1.17.0, STM32Cube_FW_WL_V1.3.0, X-CUBE-ALGOBUILD_V1.3.0, X-CUBE-ALS_V1.0.1, X-CUBE-AZRTOS-F4_V1.1.0, X-CUBE-AZRTOS-F7_V1.1.0, X-CUBE-AZRTOS-G0_V1.1.0, X-CUBE-AZRTOS-G4_V2.0.0, X-CUBE-AZRTOS-H7_V3.1.0, X-CUBE-AZRTOS-L4_V1.0.0, X-CUBE-AZRTOS-L4_V2.0.0, X-CUBE-AZRTOS-L5_V1.1.0, X-CUBE-AZRTOS-WB_V1.1.0, X-CUBE-AZRTOS-WL_V2.0.0, X-CUBE-BLE1_V7.0.0, X-CUBE-BLE2_V3.3.0, X-CUBE-BLEMGR_V2.0.0, X-CUBE-EEPRMA1_V4.1.0, X-CUBE-FREERTOS_V1.1.0, X-CUBE-GNSS1_V6.0.0, X-CUBE-MEMS1_V9.1.0, X-CUBE-MEMS1_V9.4.0, X-CUBE-MEMS1_V9.6.0, X-CUBE-NFC4_V3.0.0, X-CUBE-NFC7_V1.0.0, X-CUBE-SFXS2LP1_V4.0.0, X-CUBE-SUBG2_V5.0.0, X-CUBE-TOF1_V3.3.1]
2023-09-13 15:45:09,856 [INFO] ApiDb:240 - Found 323 in-development CPN: [B-G473E-ZEST1S, B-WB1M-WPAN1, B-WL5M-SUBG1, NUCLEO-C031C6, NUCLEO-H503RB, NUCLEO-H563ZI, NUCLEO-U545RE-Q, NUCLEO-U5A5ZJ-Q, NUCLEO-WBA52CG, STEVAL-PROTEUS1, STEVAL-SMARTAG2, STEVAL-STWINBX1, STM320518-EVAL, STM32C0116-DK, STM32C011D6Y3TR, STM32C011D6Y6TR, STM32C011F4P3, STM32C011F4P6, STM32C011F4U3, STM32C011F4U6TR, STM32C011F6P3, STM32C011F6P6, STM32C011F6U3, STM32C011F6U6TR, STM32C011J4M3, STM32C011J4M6, STM32C011J6M3, STM32C011J6M6, STM32C0316-DK, STM32C031C4T3, STM32C031C4T6, STM32C031C4U3, STM32C031C4U6, STM32C031C6T3, STM32C031C6T6, STM32C031C6U3, STM32C031C6U6, STM32C031F4P3, STM32C031F4P6, STM32C031F6P3, STM32C031F6P6, STM32C031G4U3, STM32C031G4U6, STM32C031G6U3, STM32C031G6U6, STM32C031K4T3, STM32C031K4T6, STM32C031K4U3, STM32C031K4U6, STM32C031K6T3, STM32C031K6T6, STM32C031K6U3, STM32C031K6U6, STM32G071K8TXN, STM32G071K8UXN, STM32G081GBU6N, STM32G081KBT6N, STM32G081KBUXN, STM32G0B1CCT6N, STM32G0B1KCT6, STM32G0B1NEY6TR, STM32G0B1RCT6N, STM32G0C1CCT6, STM32G0C1CCT6N, STM32G0C1CCU6N, STM32G0C1CET6N, STM32G0C1CEU6N, STM32G0C1KCT6, STM32G0C1NEY6TR, STM32G0C1RCI6N, STM32G0C1RCT6N, STM32G0C1REI6N, STM32G0C1RET6N, STM32G0C1VCI6, STM32G0C1VEI6, STM32G471CCT6, STM32G471CCU6, STM32G471CET3, STM32G471CET6, STM32G471CEU3, STM32G471CEU6, STM32G471MCT6, STM32G471MET3, STM32G471MET6, STM32G471MEY6TR, STM32G471QCT6, STM32G471QET3, STM32G471RCT6, STM32G471RET3, STM32G471RET6, STM32G471VCH6, STM32G471VCI6, STM32G471VCT6, STM32G471VEH3, STM32G471VEH6, STM32G471VEI3, STM32G471VEI6, STM32G471VET3, STM32G471VET6, STM32G474CCT6, STM32H503CBT6, STM32H503CBU6, STM32H503EBY6TR, STM32H503KBU6, STM32H503RBT6, STM32H562AGI6, STM32H562AII6, STM32H562IGK6, STM32H562IGT6, STM32H562IIK6, STM32H562IIT6, STM32H562RGT6, STM32H562RGV6, STM32H562RIT6, STM32H562RIV6, STM32H562VGT6, STM32H562VIT6, STM32H562ZGT6, STM32H562ZIT6, STM32H563AGI6, STM32H563AII3Q, STM32H563AII6, STM32H563IGK6, STM32H563IGT6, STM32H563IIK3Q, STM32H563IIK6, STM32H563IIT3Q, STM32H563IIT6, STM32H563MIY3QTR, STM32H563RGT6, STM32H563RGV6, STM32H563RIT6, STM32H563RIV6, STM32H563VGT6, STM32H563VIT3Q, STM32H563VIT6, STM32H563ZGT6, STM32H563ZIT3Q, STM32H563ZIT6, STM32H573AII3Q, STM32H573AII6, STM32H573I-DK, STM32H573IIK3Q, STM32H573IIK6, STM32H573IIT3Q, STM32H573IIT6, STM32H573MIY3QTR, STM32H573RIT6, STM32H573RIV6, STM32H573VIT3Q, STM32H573VIT6, STM32H573ZIT3Q, STM32H573ZIT6, STM32L4R5QGI6STR, STM32MP131AAE3, STM32MP131AAF3, STM32MP131AAG3, STM32MP131CAE3, STM32MP131CAF3, STM32MP131CAG3, STM32MP131DAE7, STM32MP131DAF7, STM32MP131DAG7, STM32MP131FAE7, STM32MP131FAF7, STM32MP131FAG7, STM32MP133AAE3, STM32MP133AAF3, STM32MP133AAG3, STM32MP133CAE3, STM32MP133CAF3, STM32MP133CAG3, STM32MP133DAE7, STM32MP133DAF7, STM32MP133DAG7, STM32MP133FAE7, STM32MP133FAF7, STM32MP133FAG7, STM32MP135AAE3, STM32MP135AAF3, STM32MP135AAG3, STM32MP135CAE3, STM32MP135CAF3, STM32MP135CAG3, STM32MP135DAE7, STM32MP135DAF7, STM32MP135DAG7, STM32MP135F-DK, STM32MP135FAE7, STM32MP135FAF7, STM32MP135FAF7T, STM32MP135FAF7U, STM32MP135FAG7, STM32U535CBT6, STM32U535CBT6Q, STM32U535CBU6, STM32U535CBU6Q, STM32U535CCT6, STM32U535CCT6Q, STM32U535CCU6, STM32U535CCU6Q, STM32U535CET6, STM32U535CET6Q, STM32U535CEU6, STM32U535CEU6Q, STM32U535JEY6QTR, STM32U535NCY6QTR, STM32U535NEY6QTR, STM32U535RBI6, STM32U535RBI6Q, STM32U535RBT6, STM32U535RBT6Q, STM32U535RCI6, STM32U535RCI6Q, STM32U535RCT6, STM32U535RCT6Q, STM32U535REI6, STM32U535REI6Q, STM32U535RET6, STM32U535RET6Q, STM32U535VCI6, STM32U535VCI6Q, STM32U535VCT6, STM32U535VCT6Q, STM32U535VEI6, STM32U535VEI6Q, STM32U535VET6, STM32U535VET6Q, STM32U545CET6, STM32U545CET6Q, STM32U545CEU6, STM32U545CEU6Q, STM32U545JEY6QTR, STM32U545NEY6QTR, STM32U545REI6, STM32U545REI6Q, STM32U545RET6, STM32U545RET6Q, STM32U545VEI6, STM32U545VEI6Q, STM32U545VET6, STM32U545VET6Q, STM32U595AIH6, STM32U595AIH6Q, STM32U595AJH6, STM32U595AJH6Q, STM32U595QII6, STM32U595QII6Q, STM32U595QJI6, STM32U595QJI6Q, STM32U595RIT6, STM32U595RIT6Q, STM32U595RJT6, STM32U595RJT6Q, STM32U595VIT6, STM32U595VIT6Q, STM32U595VJT6, STM32U595VJT6Q, STM32U595ZIT6, STM32U595ZIT6Q, STM32U595ZIY6QTR, STM32U595ZJT6, STM32U595ZJT6Q, STM32U595ZJY6QTR, STM32U599BJY6QTR, STM32U599NIH6Q, STM32U599NJH6Q, STM32U599VIT6Q, STM32U599VJT6, STM32U599VJT6Q, STM32U599ZIT6Q, STM32U599ZIY6QTR, STM32U599ZJT6Q, STM32U599ZJY6QTR, STM32U5A5AJH6, STM32U5A5AJH6Q, STM32U5A5QJI6, STM32U5A5QJI6Q, STM32U5A5RJT6, STM32U5A5RJT6Q, STM32U5A5VJT6, STM32U5A5VJT6Q, STM32U5A5ZJT6, STM32U5A5ZJT6Q, STM32U5A5ZJY6QTR, STM32U5A9BJY6QTR, STM32U5A9J-DK, STM32U5A9NJH6Q, STM32U5A9VJT6Q, STM32U5A9ZJT6Q, STM32U5A9ZJY6QTR, STM32U5F7VIT6, STM32U5F7VIT6Q, STM32U5F7VJT6, STM32U5F7VJT6Q, STM32U5F9BJY6QTR, STM32U5F9NJH6Q, STM32U5F9VIT6Q, STM32U5F9VJT6Q, STM32U5F9ZIJ6QTR, STM32U5F9ZIT6Q, STM32U5F9ZJJ6QTR, STM32U5F9ZJT6Q, STM32U5G7VJT6, STM32U5G7VJT6Q, STM32U5G9BJY6QTR, STM32U5G9J-DK1, STM32U5G9J-DK2, STM32U5G9NJH6Q, STM32U5G9VJT6Q, STM32U5G9ZJJ6QTR, STM32U5G9ZJT6Q, STM32WB1MMCH6, STM32WBA52CEU6, STM32WBA52CEU6T, STM32WBA52CGU6, STM32WBA52CGU6T, STM32WBA52KEU6, STM32WBA52KEU6T, STM32WBA52KGU6, STM32WBA52KGU6T, STM32WL5MOCH6, STM32WL5MOCH6TR]
2023-09-13 15:45:09,861 [INFO] DbMcus:217 - Found 3848 MCUs, 3848 are supported
2023-09-13 15:45:09,868 [INFO] ApiDb:423 - Load user favorites file C:\Users\mcnex/.stm32cubeide/favorites.mcus.txt: 1 item(s)
2023-09-13 15:45:09,868 [INFO] ApiDb:427 - User favorites MCUs=[STM32F103C8T6]
2023-09-13 15:45:09,868 [INFO] DbMcus:223 - Set 1 / 1 favorites MCUs
2023-09-13 15:45:10,261 [INFO] ApiDb:423 - Load user favorites file C:\Users\mcnex/.stm32cubeide/favorites.boards.txt: 0 item(s)
2023-09-13 15:45:10,262 [INFO] ApiDb:427 - User favorites Boards=[]
2023-09-13 15:45:10,262 [INFO] DbBoards:190 - Set 0 / 0 favorites Boards
2023-09-13 15:45:10,262 [INFO] McuFinderGlobals:76 - Set McuFinderConnectedMode to true
2023-09-13 15:45:10,272 [INFO] MultiScanPanel:200 - Auto-refresh data requested => check proxy status ongoing
2023-09-13 15:45:10,276 [INFO] FinderPluginLoader:95 - Searching for filters in installed packs
2023-09-13 15:45:12,174 [INFO] LoadUrlFilesThread:185 - End of LoadServerUrlFiles without Thread
2023-09-13 15:45:12,197 [INFO] DetailPanel:341 - Set advertising image to C:/Users/mcnex/STM32Cube/Repository/\en.prom-stm32h5-mcu-finder.jpg
2023-09-13 15:53:06,107 [INFO] MainUpdater:2868 - connection check result : 10
2023-09-13 15:53:06,108 [INFO] MainUpdater:2868 - connection check result : 10
2023-09-13 15:53:06,158 [INFO] MicroXplorer:468 - Change Database Path : 
2023-09-13 15:53:06,159 [INFO] MicroXplorer:498 - Change Database Version : DB.6.0.91
2023-09-13 15:53:06,175 [WARN] ThirdParty:871 - waiting for thirdparty lock release [close project]
2023-09-13 15:53:06,175 [INFO] ThirdParty:873 - entering critical section [close project]
2023-09-13 15:53:06,178 [INFO] ThirdParty:883 - exiting critical section [close project]
2023-09-13 15:53:06,183 [INFO] PinOutPanel:1499 - setPackage(No Configuration,No Configuration)
2023-09-13 15:53:06,190 [INFO] UtilMem:75 - Begin LoadConfig() Used Memory: 363120000 Bytes (660602880)
2023-09-13 15:53:06,191 [INFO] MicroXplorer:468 - Change Database Path : 
2023-09-13 15:53:06,191 [INFO] MicroXplorer:498 - Change Database Version : DB.6.0.91
2023-09-13 15:53:06,191 [INFO] OpenFileManager:308 - Change cursor
2023-09-13 15:53:06,373 [INFO] Mcu:1946 - Initializing MCU STM32F103C8Tx STM32F103C8Tx STM32F103C8T6
2023-09-13 15:53:07,725 [INFO] Context:659 - Trying to add GPIOservice into a context  which must be forbidden
2023-09-13 15:53:08,114 [INFO] ImportTextPane:194 - (OptionalMessage_ERROR) Unable to find key (Mcu.ThirdPartyNb) in loaded IOC file
2023-09-13 15:53:08,114 [INFO] ImportTextPane:194 - (OptionalMessage_ERROR) Unable to find key (Mcu.PinsNb) in loaded IOC file
2023-09-13 15:53:08,114 [INFO] ImportTextPane:194 - (OptionalMessage_ERROR) Unable to find key (Mcu.IPNb) in loaded IOC file
2023-09-13 15:53:08,449 [INFO] RtosManager:555 - Registered RTOS mode: class=CMSIS, group=RTOS, mode=CMSIS_V1, owner=FREERTOS
2023-09-13 15:53:08,449 [INFO] RtosManager:555 - Registered RTOS mode: class=CMSIS, group=RTOS2, mode=CMSIS_V2, owner=FREERTOS
2023-09-13 15:53:08,449 [INFO] RtosManager:555 - Registered RTOS mode: class=RTOS, group=Core, mode=CMSIS_V1, owner=FREERTOS
2023-09-13 15:53:08,450 [INFO] RtosManager:555 - Registered RTOS mode: class=RTOS, group=Core, mode=CMSIS_V2, owner=FREERTOS
2023-09-13 15:53:08,450 [WARN] ModelIntegratedComponent:184 - Missing modes for component STMicroelectronics:FreeRTOS:0.0.1:STMicroelectronics:RTOS:FreeRTOS:Core:::10.2.0:
2023-09-13 15:53:08,468 [WARN] ModelIntegratedComponent:63 - No mode defined for component null
2023-09-13 15:53:08,469 [WARN] ModelIntegratedComponent:63 - No mode defined for component null
2023-09-13 15:53:08,469 [WARN] ModelIntegratedComponent:63 - No mode defined for component null
2023-09-13 15:53:08,469 [WARN] ModelIntegratedComponent:63 - No mode defined for component null
2023-09-13 15:53:08,469 [WARN] ModelIntegratedComponent:63 - No mode defined for component null
2023-09-13 15:53:08,469 [WARN] ModelIntegratedComponent:63 - No mode defined for component null
2023-09-13 15:53:08,469 [WARN] ModelIntegratedComponent:63 - No mode defined for component null
2023-09-13 15:53:08,469 [WARN] ModelIntegratedComponent:63 - No mode defined for component null
2023-09-13 15:53:08,469 [WARN] ModelIntegratedComponent:63 - No mode defined for component null
2023-09-13 15:53:08,469 [WARN] ModelIntegratedComponent:63 - No mode defined for component null
2023-09-13 15:53:08,469 [WARN] ModelIntegratedComponent:63 - No mode defined for component null
2023-09-13 15:53:08,469 [WARN] ModelIntegratedComponent:63 - No mode defined for component null
2023-09-13 15:53:08,469 [WARN] ModelIntegratedComponent:63 - No mode defined for component null
2023-09-13 15:53:08,469 [WARN] ModelIntegratedComponent:63 - No mode defined for component null
2023-09-13 15:53:08,470 [WARN] ModelIntegratedComponent:63 - No mode defined for component null
2023-09-13 15:53:08,470 [WARN] ModelIntegratedComponent:63 - No mode defined for component null
2023-09-13 15:53:08,470 [WARN] ModelIntegratedComponent:63 - No mode defined for component null
2023-09-13 15:53:08,470 [WARN] ModelIntegratedComponent:63 - No mode defined for component null
2023-09-13 15:53:08,470 [WARN] ModelIntegratedComponent:63 - No mode defined for component null
2023-09-13 15:53:08,470 [WARN] ModelIntegratedComponent:63 - No mode defined for component null
2023-09-13 15:53:08,470 [WARN] ModelIntegratedComponent:63 - No mode defined for component null
2023-09-13 15:53:08,470 [WARN] ModelIntegratedComponent:63 - No mode defined for component null
2023-09-13 15:53:08,470 [WARN] ModelIntegratedComponent:63 - No mode defined for component null
2023-09-13 15:53:08,470 [WARN] ModelIntegratedComponent:63 - No mode defined for component null
2023-09-13 15:53:08,470 [WARN] ModelIntegratedComponent:63 - No mode defined for component null
2023-09-13 15:53:08,470 [WARN] ModelIntegratedComponent:63 - No mode defined for component null
2023-09-13 15:53:08,470 [WARN] ModelIntegratedComponent:63 - No mode defined for component null
2023-09-13 15:53:08,470 [WARN] ModelIntegratedComponent:63 - No mode defined for component null
2023-09-13 15:53:08,471 [WARN] ModelIntegratedComponent:63 - No mode defined for component null
2023-09-13 15:53:08,471 [WARN] ModelIntegratedComponent:63 - No mode defined for component null
2023-09-13 15:53:08,471 [WARN] ModelIntegratedComponent:63 - No mode defined for component null
2023-09-13 15:53:08,471 [WARN] ModelIntegratedComponent:63 - No mode defined for component null
2023-09-13 15:53:08,471 [WARN] ModelIntegratedComponent:63 - No mode defined for component null
2023-09-13 15:53:08,492 [INFO] ThirdPartyModel:298 - Start build external matchings
2023-09-13 15:53:08,971 [INFO] ThirdPartyModel:316 - End build external matchings
2023-09-13 15:53:09,225 [INFO] UtilMem:75 - End LoadConfig() Used Memory: 176902968 Bytes (660602880)
2023-09-13 15:53:09,270 [WARN] ThirdParty:833 - waiting for thirdparty lock release [change project]
2023-09-13 15:53:09,270 [INFO] ThirdParty:835 - entering critical section [change project]
2023-09-13 15:53:09,270 [INFO] ThirdParty:1030 - CMSIS Pack Vendor :STMicroelectronics X-CUBE-ISPU 1.1.0
2023-09-13 15:53:09,270 [INFO] ThirdParty:1030 - CMSIS Pack Vendor :STMicroelectronics USBPD 4.1
2023-09-13 15:53:09,270 [INFO] ThirdParty:1030 - CMSIS Pack Vendor :STMicroelectronics X-CUBE-GNSS1 6.0.0
2023-09-13 15:53:09,270 [INFO] ThirdParty:1030 - CMSIS Pack Vendor :STMicroelectronics USB_HOST 2.0.0
2023-09-13 15:53:09,270 [INFO] ThirdParty:1030 - CMSIS Pack Vendor :STMicroelectronics X-CUBE-AZRTOS-F4 1.1.0
2023-09-13 15:53:09,271 [INFO] ThirdParty:1030 - CMSIS Pack Vendor :STMicroelectronics LIBJPEG 8.0.0
2023-09-13 15:53:09,271 [INFO] ThirdParty:1030 - CMSIS Pack Vendor :wolfSSL I-CUBE-wolfSSL 5.6.3
2023-09-13 15:53:09,271 [INFO] ThirdParty:1030 - CMSIS Pack Vendor :STMicroelectronics X-CUBE-SMBUS 2.1.0
2023-09-13 15:53:09,271 [INFO] ThirdParty:1030 - CMSIS Pack Vendor :STMicroelectronics USB_DEVICE 3.0.0
2023-09-13 15:53:09,271 [INFO] ThirdParty:1030 - CMSIS Pack Vendor :STMicroelectronics X-CUBE-AZRTOS-WB 2.0.0
2023-09-13 15:53:09,271 [INFO] ThirdParty:1030 - CMSIS Pack Vendor :STMicroelectronics X-CUBE-AZRTOS-F7 1.1.0
2023-09-13 15:53:09,271 [INFO] ThirdParty:1030 - CMSIS Pack Vendor :STMicroelectronics X-CUBE-AZRTOS-L5 2.0.0
2023-09-13 15:53:09,271 [INFO] ThirdParty:1030 - CMSIS Pack Vendor :STMicroelectronics USB_DEVICE 2.0.0
2023-09-13 15:53:09,271 [INFO] ThirdParty:1030 - CMSIS Pack Vendor :STMicroelectronics X-CUBE-MEMS1 9.6.0
2023-09-13 15:53:09,271 [INFO] ThirdParty:1030 - CMSIS Pack Vendor :STMicroelectronics FP-SNS-MOTENV1 4.3.2
2023-09-13 15:53:09,271 [INFO] ThirdParty:1030 - CMSIS Pack Vendor :STMicroelectronics X-CUBE-ALGOBUILD 1.3.0
2023-09-13 15:53:09,271 [INFO] ThirdParty:1030 - CMSIS Pack Vendor :STMicroelectronics FreeRTOS 0.0.1
2023-09-13 15:53:09,271 [INFO] ThirdParty:1030 - CMSIS Pack Vendor :STMicroelectronics X-CUBE-AZRTOS-G0 1.1.0
2023-09-13 15:53:09,271 [INFO] ThirdParty:1030 - CMSIS Pack Vendor :STMicroelectronics X-CUBE-BLEMGR 2.0.0
2023-09-13 15:53:09,272 [INFO] ThirdParty:1030 - CMSIS Pack Vendor :STMicroelectronics X-CUBE-NFC4 3.0.0
2023-09-13 15:53:09,272 [INFO] ThirdParty:1030 - CMSIS Pack Vendor :STMicroelectronics X-CUBE-SUBG2 5.0.0
2023-09-13 15:53:09,272 [INFO] ThirdParty:1030 - CMSIS Pack Vendor :STMicroelectronics STM32_WPAN 1.0.0
2023-09-13 15:53:09,272 [INFO] ThirdParty:1030 - CMSIS Pack Vendor :STMicroelectronics lwIP 2.0.3
2023-09-13 15:53:09,272 [INFO] ThirdParty:1030 - CMSIS Pack Vendor :STMicroelectronics FP-SNS-FLIGHT1 5.0.2
2023-09-13 15:53:09,272 [INFO] ThirdParty:1030 - CMSIS Pack Vendor :STMicroelectronics USB_HOST 1.0.0
2023-09-13 15:53:09,272 [INFO] ThirdParty:1030 - CMSIS Pack Vendor :STMicroelectronics X-CUBE-TOF1 3.3.1
2023-09-13 15:53:09,272 [INFO] ThirdParty:1030 - CMSIS Pack Vendor :STMicroelectronics X-CUBE-AZRTOS-G4 2.0.0
2023-09-13 15:53:09,272 [INFO] ThirdParty:1030 - CMSIS Pack Vendor :STMicroelectronics PDM2PCM 3.1.0
2023-09-13 15:53:09,272 [INFO] ThirdParty:1030 - CMSIS Pack Vendor :STMicroelectronics X-CUBE-AZRTOS-H7 3.1.0
2023-09-13 15:53:09,272 [INFO] ThirdParty:1030 - CMSIS Pack Vendor :STMicroelectronics PDM2PCM 3.3.0
2023-09-13 15:53:09,272 [INFO] ThirdParty:1030 - CMSIS Pack Vendor :STMicroelectronics X-CUBE-DISPLAY 3.0.0
2023-09-13 15:53:09,272 [INFO] ThirdParty:1030 - CMSIS Pack Vendor :STMicroelectronics X-CUBE-BLE1 7.0.0
2023-09-13 15:53:09,272 [INFO] ThirdParty:1030 - CMSIS Pack Vendor :STMicroelectronics FP-ATR-SIGFOX1 3.2.0
2023-09-13 15:53:09,273 [INFO] ThirdParty:1030 - CMSIS Pack Vendor :STMicroelectronics HAL Drivers 0.0.0
2023-09-13 15:53:09,273 [INFO] ThirdParty:1030 - CMSIS Pack Vendor :STMicroelectronics MBEDTLS 2.16.2
2023-09-13 15:53:09,273 [INFO] ThirdParty:1030 - CMSIS Pack Vendor :emotas I-CUBE-CANOPEN 1.3.0
2023-09-13 15:53:09,273 [INFO] ThirdParty:1030 - CMSIS Pack Vendor :STMicroelectronics X-CUBE-FREERTOS 1.1.0
2023-09-13 15:53:09,273 [INFO] ThirdParty:1030 - CMSIS Pack Vendor :STMicroelectronics X-CUBE-TOUCHGFX 4.22.0
2023-09-13 15:53:09,273 [INFO] ThirdParty:1030 - CMSIS Pack Vendor :STMicroelectronics X-CUBE-NFC7 1.0.1
2023-09-13 15:53:09,273 [INFO] ThirdParty:1030 - CMSIS Pack Vendor :STMicroelectronics MBEDTLS 2.14.1
2023-09-13 15:53:09,273 [INFO] ThirdParty:1030 - CMSIS Pack Vendor :STMicroelectronics X-CUBE-NFC6 3.0.0
2023-09-13 15:53:09,273 [INFO] ThirdParty:1030 - CMSIS Pack Vendor :STMicroelectronics X-CUBE-EEPRMA1 4.1.0
2023-09-13 15:53:09,273 [INFO] ThirdParty:1030 - CMSIS Pack Vendor :portGmbH I-Cube-SoM-uGOAL 1.1.0
2023-09-13 15:53:09,274 [INFO] ThirdParty:1030 - CMSIS Pack Vendor :STMicroelectronics X-CUBE-ALS 1.0.1
2023-09-13 15:53:09,274 [INFO] ThirdParty:1030 - CMSIS Pack Vendor :STMicroelectronics ThreadX 1.0.0
2023-09-13 15:53:09,274 [INFO] ThirdParty:1030 - CMSIS Pack Vendor :STMicroelectronics FP-SNS-SMARTAG2 1.2.0
2023-09-13 15:53:09,274 [INFO] ThirdParty:1030 - CMSIS Pack Vendor :STMicroelectronics X-CUBE-AZRTOS-WL 2.0.0
2023-09-13 15:53:09,274 [INFO] ThirdParty:1030 - CMSIS Pack Vendor :SEGGER I-CUBE-embOS 1.3.1
2023-09-13 15:53:09,274 [INFO] ThirdParty:1030 - CMSIS Pack Vendor :STMicroelectronics USB_DEVICE 1.0.0
2023-09-13 15:53:09,274 [INFO] ThirdParty:1030 - CMSIS Pack Vendor :STMicroelectronics X-CUBE-AI 8.1.0
2023-09-13 15:53:09,274 [INFO] ThirdParty:1030 - CMSIS Pack Vendor :STMicroelectronics X-CUBE-AZRTOS-L4 2.0.0
2023-09-13 15:53:09,274 [INFO] ThirdParty:1030 - CMSIS Pack Vendor :STMicroelectronics ThreadX 0.0.2
2023-09-13 15:53:09,274 [INFO] ThirdParty:1030 - CMSIS Pack Vendor :WES I-CUBE-Cesium 1.3.0
2023-09-13 15:53:09,274 [INFO] ThirdParty:1030 - CMSIS Pack Vendor :STMicroelectronics FP-ATR-ASTRA1 2.0.0
2023-09-13 15:53:09,274 [INFO] ThirdParty:1030 - CMSIS Pack Vendor :STMicroelectronics lwIP 2.1.2
2023-09-13 15:53:09,275 [INFO] ThirdParty:1030 - CMSIS Pack Vendor :STMicroelectronics X-CUBE-SFXS2LP1 4.0.0
2023-09-13 15:53:09,275 [INFO] ThirdParty:1030 - CMSIS Pack Vendor :STMicroelectronics X-CUBE-BLE2 3.3.0
2023-09-13 15:53:09,275 [INFO] ThirdParty:1030 - CMSIS Pack Vendor :STMicroelectronics PDM2PCM 3.2.0
2023-09-13 15:53:09,275 [INFO] ThirdParty:841 - exiting critical section [change project]
2023-09-13 15:53:09,712 [INFO] PinOutPanel:1499 - setPackage(No Configuration,No Configuration)
2023-09-13 15:53:09,715 [INFO] PinOutPanel:1499 - setPackage(STM32F103C8Tx,LQFP48)
2023-09-13 15:53:10,729 [INFO] UtilMem:75 - Before build in PCC Used Memory: 183113256 Bytes (591396864)
2023-09-13 15:53:11,906 [INFO] UtilMem:75 - After build in PCC Used Memory: 253894184 Bytes (591396864)
2023-09-13 15:53:11,950 [INFO] IPUIPlugin:80 - create IPUIPlugin
2023-09-13 15:53:11,950 [INFO] IPUIPlugin:80 - create IPUIPlugin
2023-09-13 15:53:11,951 [INFO] IPUIPlugin:80 - create IPUIPlugin
2023-09-13 15:53:11,951 [INFO] IPUIPlugin:80 - create IPUIPlugin
2023-09-13 15:53:11,952 [INFO] IPUIPlugin:80 - create IPUIPlugin
2023-09-13 15:53:11,952 [INFO] IPUIPlugin:80 - create IPUIPlugin
2023-09-13 15:53:11,952 [INFO] IPUIPlugin:80 - create IPUIPlugin
2023-09-13 15:53:11,953 [INFO] IPUIPlugin:80 - create IPUIPlugin
2023-09-13 15:53:11,953 [INFO] IPUIPlugin:80 - create IPUIPlugin
2023-09-13 15:53:11,953 [INFO] IPUIPlugin:80 - create IPUIPlugin
2023-09-13 15:53:11,953 [INFO] IPUIPlugin:80 - create IPUIPlugin
2023-09-13 15:53:11,954 [INFO] IPUIPlugin:80 - create IPUIPlugin
2023-09-13 15:53:11,954 [INFO] IPUIPlugin:80 - create IPUIPlugin
2023-09-13 15:53:11,954 [INFO] IPUIPlugin:80 - create IPUIPlugin
2023-09-13 15:53:11,955 [INFO] IPUIPlugin:80 - create IPUIPlugin
2023-09-13 15:53:11,955 [INFO] IPUIPlugin:80 - create IPUIPlugin
2023-09-13 15:53:11,955 [INFO] IPUIPlugin:80 - create IPUIPlugin
2023-09-13 15:53:11,955 [INFO] IPUIPlugin:80 - create IPUIPlugin
2023-09-13 15:53:11,956 [INFO] IPUIPlugin:80 - create IPUIPlugin
2023-09-13 15:53:11,956 [INFO] IPUIPlugin:80 - create IPUIPlugin
2023-09-13 15:53:11,956 [INFO] IPUIPlugin:80 - create IPUIPlugin
2023-09-13 15:53:11,957 [INFO] IPUIPlugin:80 - create IPUIPlugin
2023-09-13 15:53:11,957 [INFO] IPUIPlugin:80 - create IPUIPlugin
2023-09-13 15:53:11,958 [INFO] IPUIPlugin:80 - create IPUIPlugin
2023-09-13 15:53:11,958 [INFO] IPUIPlugin:80 - create IPUIPlugin
2023-09-13 15:53:11,959 [INFO] IPUIPlugin:80 - create IPUIPlugin
2023-09-13 15:53:11,959 [INFO] IPUIPlugin:80 - create IPUIPlugin
2023-09-13 15:53:12,238 [INFO] CADModel:165 - CPN selected for project levelSTM32F103C8T6
2023-09-13 15:53:12,239 [INFO] CADModel:114 - Register for checkConnection events
2023-09-13 15:53:12,301 [INFO] OpenFileManager:328 - Restore cursor
2023-09-13 15:53:15,379 [INFO] UtilMem:75 - End SaveConfig() Used Memory: 330962472 Bytes (591396864)
2023-09-13 15:53:15,465 [INFO] UtilMem:75 - End SaveConfig() Used Memory: 343023144 Bytes (591396864)
2023-09-13 15:53:16,107 [INFO] BlockDiagram:2759 - set Specific Code input for plugin: NVIC
2023-09-13 15:53:16,107 [INFO] BlockDiagram:2759 - set Specific Code input for plugin: RCC
2023-09-13 15:53:16,108 [INFO] CodeGenerator:799 - code generatio: config db path: C:\ST\STM32CubeIDE_1.13.1\STM32CubeIDE\plugins\com.st.stm32cube.common.mx_6.9.1.202307191849\\db\
2023-09-13 15:53:16,607 [INFO] CodeEngine:255 - oldGeneratedFile, D:\STM32_Project\SPI_NRF24l01\MXTmpFiles\license.tmp_save
2023-09-13 15:53:17,164 [INFO] CodeEngine:279 - Generated code: D:\STM32_Project\SPI_NRF24l01\MXTmpFiles\license.tmp
2023-09-13 15:53:17,229 [INFO] CodeEngine:255 - oldGeneratedFile, D:\STM32_Project\SPI_NRF24l01\Core\Src\stm32f1xx_it.c_save
2023-09-13 15:53:17,470 [INFO] CodeEngine:279 - Generated code: D:\STM32_Project\SPI_NRF24l01\Core\Src\stm32f1xx_it.c
2023-09-13 15:53:17,486 [INFO] CodeEngine:255 - oldGeneratedFile, D:\STM32_Project\SPI_NRF24l01\Core\Inc\stm32f1xx_it.h_save
2023-09-13 15:53:17,645 [INFO] CodeEngine:279 - Generated code: D:\STM32_Project\SPI_NRF24l01\Core\Inc\stm32f1xx_it.h
2023-09-13 15:53:17,906 [INFO] CodeEngine:255 - oldGeneratedFile, D:\STM32_Project\SPI_NRF24l01\Core\Src\stm32f1xx_hal_msp.c_save
2023-09-13 15:53:18,196 [INFO] CodeEngine:279 - Generated code: D:\STM32_Project\SPI_NRF24l01\Core\Src\stm32f1xx_hal_msp.c
2023-09-13 15:53:18,217 [INFO] CodeEngine:255 - oldGeneratedFile, D:\STM32_Project\SPI_NRF24l01\MXTmpFiles\system.tmp_save
2023-09-13 15:53:18,599 [INFO] CodeEngine:279 - Generated code: D:\STM32_Project\SPI_NRF24l01\MXTmpFiles\system.tmp
2023-09-13 15:53:18,622 [INFO] CodeEngine:311 - oldGeneratedFile, D:\STM32_Project\SPI_NRF24l01\Core\Inc\stm32f1xx_hal_conf.h_save
2023-09-13 15:53:18,826 [INFO] CodeEngine:335 - Generated code: D:\STM32_Project\SPI_NRF24l01\Core\Inc\stm32f1xx_hal_conf.h
2023-09-13 15:53:18,934 [INFO] CodeEngine:255 - oldGeneratedFile, D:\STM32_Project\SPI_NRF24l01\Core\Inc\main.h_save
2023-09-13 15:53:19,153 [INFO] CodeEngine:279 - Generated code: D:\STM32_Project\SPI_NRF24l01\Core\Inc\main.h
2023-09-13 15:53:19,172 [INFO] CodeEngine:255 - oldGeneratedFile, D:\STM32_Project\SPI_NRF24l01\Core\Src\main.c_save
2023-09-13 15:53:19,458 [INFO] CodeEngine:279 - Generated code: D:\STM32_Project\SPI_NRF24l01\Core\Src\main.c
2023-09-13 15:53:20,472 [INFO] ProjectBuilder:3064 - Time for Copy HAL[1] : 184mS.
2023-09-13 15:53:20,479 [INFO] ProjectBuilder:4404 - Project Generator version: 4.1.0
2023-09-13 15:53:21,070 [INFO] ConfigFileManager:1457 - The Die is : DIE410
2023-09-13 15:53:21,111 [INFO] ApiDbMcu:507 - Load IP Config File for FATFS
2023-09-13 15:53:21,173 [INFO] ApiDbMcu:507 - Load IP Config File for FREERTOS
2023-09-13 15:53:21,226 [INFO] ApiDbMcu:507 - Load IP Config File for USB_DEVICE
2023-09-13 15:53:22,679 [INFO] LogOutputStream:77 - [STDOUT_REDIRECT] 
2023-09-13 15:53:28,300 [INFO] ProjectBuilder:4626 - Time for Generating toolchain IDE Files: 7820mS.
2023-09-13 15:53:28,301 [INFO] ProjectBuilder:2935 - Time for Copy CMSIS : 0mS.
2023-09-13 15:53:28,303 [INFO] ProjectBuilder:2935 - Time for Copy CMSIS : 0mS.
2023-09-13 15:53:30,349 [INFO] McuFinderGlobals:76 - Set McuFinderConnectedMode to true
2023-09-13 15:53:30,353 [INFO] ApiDb:448 - Save user favorites file C:\Users\mcnex/.stm32cubeide/favorites.mcus.txt: 1 item(s)
2023-09-13 15:53:30,354 [INFO] ApiDb:452 - User favorites MCUs=[STM32F103C8T6]
2023-09-13 16:28:00,679 [INFO] UtilMem:75 - End SaveConfig() Used Memory: 257403976 Bytes (675282944)
2023-09-13 16:28:01,115 [INFO] BlockDiagram:2759 - set Specific Code input for plugin: NVIC
2023-09-13 16:28:01,116 [INFO] BlockDiagram:2759 - set Specific Code input for plugin: RCC
2023-09-13 16:28:01,116 [INFO] CodeGenerator:799 - code generatio: config db path: C:\ST\STM32CubeIDE_1.13.1\STM32CubeIDE\plugins\com.st.stm32cube.common.mx_6.9.1.202307191849\\db\
2023-09-13 16:28:01,301 [INFO] CodeEngine:255 - oldGeneratedFile, D:\STM32_Project\SPI_NRF24l01\MXTmpFiles\license.tmp_save
2023-09-13 16:28:01,506 [INFO] CodeEngine:279 - Generated code: D:\STM32_Project\SPI_NRF24l01\MXTmpFiles\license.tmp
2023-09-13 16:28:01,534 [INFO] CodeEngine:255 - oldGeneratedFile, D:\STM32_Project\SPI_NRF24l01\Core\Src\stm32f1xx_it.c_save
2023-09-13 16:28:02,084 [INFO] CodeEngine:279 - Generated code: D:\STM32_Project\SPI_NRF24l01\Core\Src\stm32f1xx_it.c
2023-09-13 16:28:02,102 [INFO] CodeEngine:255 - oldGeneratedFile, D:\STM32_Project\SPI_NRF24l01\Core\Inc\stm32f1xx_it.h_save
2023-09-13 16:28:02,207 [INFO] CodeEngine:279 - Generated code: D:\STM32_Project\SPI_NRF24l01\Core\Inc\stm32f1xx_it.h
2023-09-13 16:28:02,246 [INFO] CodeEngine:255 - oldGeneratedFile, D:\STM32_Project\SPI_NRF24l01\Core\Src\stm32f1xx_hal_msp.c_save
2023-09-13 16:28:02,407 [INFO] CodeEngine:279 - Generated code: D:\STM32_Project\SPI_NRF24l01\Core\Src\stm32f1xx_hal_msp.c
2023-09-13 16:28:02,411 [INFO] CodeEngine:255 - oldGeneratedFile, D:\STM32_Project\SPI_NRF24l01\MXTmpFiles\system.tmp_save
2023-09-13 16:28:02,502 [INFO] CodeEngine:279 - Generated code: D:\STM32_Project\SPI_NRF24l01\MXTmpFiles\system.tmp
2023-09-13 16:28:02,541 [INFO] CodeEngine:311 - oldGeneratedFile, D:\STM32_Project\SPI_NRF24l01\Core\Inc\stm32f1xx_hal_conf.h_save
2023-09-13 16:28:02,696 [INFO] CodeEngine:335 - Generated code: D:\STM32_Project\SPI_NRF24l01\Core\Inc\stm32f1xx_hal_conf.h
2023-09-13 16:28:02,767 [INFO] CodeEngine:255 - oldGeneratedFile, D:\STM32_Project\SPI_NRF24l01\Core\Inc\main.h_save
2023-09-13 16:28:02,920 [INFO] CodeEngine:279 - Generated code: D:\STM32_Project\SPI_NRF24l01\Core\Inc\main.h
2023-09-13 16:28:02,938 [INFO] CodeEngine:255 - oldGeneratedFile, D:\STM32_Project\SPI_NRF24l01\Core\Src\main.c_save
2023-09-13 16:28:03,116 [INFO] CodeEngine:279 - Generated code: D:\STM32_Project\SPI_NRF24l01\Core\Src\main.c
2023-09-13 16:28:04,027 [INFO] ProjectBuilder:3064 - Time for Copy HAL[1] : 126mS.
2023-09-13 16:28:04,030 [INFO] ProjectBuilder:4404 - Project Generator version: 4.1.0
2023-09-13 16:28:04,266 [INFO] ConfigFileManager:1457 - The Die is : DIE410
2023-09-13 16:28:06,974 [INFO] ProjectBuilder:4626 - Time for Generating toolchain IDE Files: 2944mS.
2023-09-13 16:28:06,975 [INFO] ProjectBuilder:2935 - Time for Copy CMSIS : 0mS.
2023-09-13 16:28:06,977 [INFO] ProjectBuilder:2935 - Time for Copy CMSIS : 0mS.
2023-09-13 16:28:26,414 [INFO] NvicIntPanel:101 - NVIC parent = com.st.microxplorer.plugins.ip.nvic.MultiNvicIntPanel[,0,0,0x0,invalid,layout=javax.swing.BoxLayout,alignmentX=0.0,alignmentY=0.0,border=,flags=9,maximumSize=,minimumSize=,preferredSize=]
2023-09-13 16:28:29,403 [INFO] NvicIntPanel:101 - NVIC parent = com.st.microxplorer.plugins.ip.nvic.MultiNvicIntPanel[,0,0,0x0,invalid,layout=javax.swing.BoxLayout,alignmentX=0.0,alignmentY=0.0,border=,flags=9,maximumSize=,minimumSize=,preferredSize=]
2023-09-13 16:28:34,678 [INFO] NvicIntPanel:101 - NVIC parent = com.st.microxplorer.plugins.ip.nvic.MultiNvicIntPanel[,0,0,0x0,invalid,layout=javax.swing.BoxLayout,alignmentX=0.0,alignmentY=0.0,border=,flags=9,maximumSize=,minimumSize=,preferredSize=]
2023-09-13 16:43:49,294 [INFO] NvicIntPanel:101 - NVIC parent = com.st.microxplorer.plugins.ip.nvic.MultiNvicIntPanel[,0,0,450x92,invalid,layout=javax.swing.BoxLayout,alignmentX=0.0,alignmentY=0.0,border=,flags=9,maximumSize=,minimumSize=,preferredSize=]
2023-09-13 16:54:38,436 [INFO] NvicIntPanel:101 - NVIC parent = com.st.microxplorer.plugins.ip.nvic.MultiNvicIntPanel[,0,0,0x0,invalid,layout=javax.swing.BoxLayout,alignmentX=0.0,alignmentY=0.0,border=,flags=9,maximumSize=,minimumSize=,preferredSize=]
2023-09-13 16:54:42,416 [INFO] NvicIntPanel:101 - NVIC parent = com.st.microxplorer.plugins.ip.nvic.MultiNvicIntPanel[,0,0,0x0,invalid,layout=javax.swing.BoxLayout,alignmentX=0.0,alignmentY=0.0,border=,flags=9,maximumSize=,minimumSize=,preferredSize=]
2023-09-13 16:54:46,294 [INFO] NvicIntPanel:101 - NVIC parent = com.st.microxplorer.plugins.ip.nvic.MultiNvicIntPanel[,0,0,0x0,invalid,layout=javax.swing.BoxLayout,alignmentX=0.0,alignmentY=0.0,border=,flags=9,maximumSize=,minimumSize=,preferredSize=]
2023-09-13 16:54:46,361 [INFO] NvicIntPanel:101 - NVIC parent = com.st.microxplorer.plugins.ip.nvic.MultiNvicIntPanel[,0,0,0x0,invalid,layout=javax.swing.BoxLayout,alignmentX=0.0,alignmentY=0.0,border=,flags=9,maximumSize=,minimumSize=,preferredSize=]
2023-09-13 16:54:50,002 [INFO] NvicIntPanel:101 - NVIC parent = com.st.microxplorer.plugins.ip.nvic.MultiNvicIntPanel[,0,0,0x0,invalid,layout=javax.swing.BoxLayout,alignmentX=0.0,alignmentY=0.0,border=,flags=9,maximumSize=,minimumSize=,preferredSize=]
2023-09-13 16:54:50,081 [INFO] NvicIntPanel:101 - NVIC parent = com.st.microxplorer.plugins.ip.nvic.MultiNvicIntPanel[,0,0,0x0,invalid,layout=javax.swing.BoxLayout,alignmentX=0.0,alignmentY=0.0,border=,flags=9,maximumSize=,minimumSize=,preferredSize=]
2023-09-13 16:54:52,074 [INFO] NvicIntPanel:101 - NVIC parent = com.st.microxplorer.plugins.ip.nvic.MultiNvicIntPanel[,0,0,0x0,invalid,layout=javax.swing.BoxLayout,alignmentX=0.0,alignmentY=0.0,border=,flags=9,maximumSize=,minimumSize=,preferredSize=]
2023-09-13 16:54:52,172 [INFO] NvicIntPanel:101 - NVIC parent = com.st.microxplorer.plugins.ip.nvic.MultiNvicIntPanel[,0,0,0x0,invalid,layout=javax.swing.BoxLayout,alignmentX=0.0,alignmentY=0.0,border=,flags=9,maximumSize=,minimumSize=,preferredSize=]
2023-09-13 16:54:53,723 [INFO] NvicIntPanel:101 - NVIC parent = com.st.microxplorer.plugins.ip.nvic.MultiNvicIntPanel[,0,0,0x0,invalid,layout=javax.swing.BoxLayout,alignmentX=0.0,alignmentY=0.0,border=,flags=9,maximumSize=,minimumSize=,preferredSize=]
2023-09-13 16:54:53,806 [INFO] NvicIntPanel:101 - NVIC parent = com.st.microxplorer.plugins.ip.nvic.MultiNvicIntPanel[,0,0,0x0,invalid,layout=javax.swing.BoxLayout,alignmentX=0.0,alignmentY=0.0,border=,flags=9,maximumSize=,minimumSize=,preferredSize=]
2023-09-13 16:55:12,314 [INFO] NvicIntPanel:101 - NVIC parent = com.st.microxplorer.plugins.ip.nvic.MultiNvicIntPanel[,0,0,0x0,invalid,layout=javax.swing.BoxLayout,alignmentX=0.0,alignmentY=0.0,border=,flags=9,maximumSize=,minimumSize=,preferredSize=]
2023-09-13 16:55:12,393 [INFO] NvicIntPanel:101 - NVIC parent = com.st.microxplorer.plugins.ip.nvic.MultiNvicIntPanel[,0,0,0x0,invalid,layout=javax.swing.BoxLayout,alignmentX=0.0,alignmentY=0.0,border=,flags=9,maximumSize=,minimumSize=,preferredSize=]
2023-09-13 16:55:16,012 [INFO] NvicIntPanel:101 - NVIC parent = com.st.microxplorer.plugins.ip.nvic.MultiNvicIntPanel[,0,0,0x0,invalid,layout=javax.swing.BoxLayout,alignmentX=0.0,alignmentY=0.0,border=,flags=9,maximumSize=,minimumSize=,preferredSize=]
2023-09-13 16:55:16,139 [INFO] NvicIntPanel:101 - NVIC parent = com.st.microxplorer.plugins.ip.nvic.MultiNvicIntPanel[,0,0,0x0,invalid,layout=javax.swing.BoxLayout,alignmentX=0.0,alignmentY=0.0,border=,flags=9,maximumSize=,minimumSize=,preferredSize=]
2023-09-13 17:00:40,729 [INFO] NvicIntPanel:101 - NVIC parent = com.st.microxplorer.plugins.ip.nvic.MultiNvicIntPanel[,0,0,0x0,invalid,layout=javax.swing.BoxLayout,alignmentX=0.0,alignmentY=0.0,border=,flags=9,maximumSize=,minimumSize=,preferredSize=]
2023-09-13 17:00:52,099 [INFO] NvicIntPanel:101 - NVIC parent = com.st.microxplorer.plugins.ip.nvic.MultiNvicIntPanel[,0,0,0x0,invalid,layout=javax.swing.BoxLayout,alignmentX=0.0,alignmentY=0.0,border=,flags=9,maximumSize=,minimumSize=,preferredSize=]
2023-09-13 17:00:55,032 [INFO] NvicIntPanel:101 - NVIC parent = com.st.microxplorer.plugins.ip.nvic.MultiNvicIntPanel[,0,0,0x0,invalid,layout=javax.swing.BoxLayout,alignmentX=0.0,alignmentY=0.0,border=,flags=9,maximumSize=,minimumSize=,preferredSize=]
2023-09-13 17:01:07,589 [INFO] NvicIntPanel:101 - NVIC parent = com.st.microxplorer.plugins.ip.nvic.MultiNvicIntPanel[,0,0,0x0,invalid,layout=javax.swing.BoxLayout,alignmentX=0.0,alignmentY=0.0,border=,flags=9,maximumSize=,minimumSize=,preferredSize=]
2023-09-13 17:01:16,485 [INFO] UtilMem:75 - End SaveConfig() Used Memory: 205550576 Bytes (692060160)
2023-09-13 17:01:17,035 [INFO] UtilMem:75 - End SaveConfig() Used Memory: 231588784 Bytes (692060160)
2023-09-13 17:01:17,460 [INFO] BlockDiagram:2759 - set Specific Code input for plugin: SPI
2023-09-13 17:01:17,460 [INFO] BlockDiagram:2759 - set Specific Code input for plugin: NVIC
2023-09-13 17:01:17,460 [INFO] BlockDiagram:2759 - set Specific Code input for plugin: SYS
2023-09-13 17:01:17,460 [INFO] BlockDiagram:2759 - set Specific Code input for plugin: GPIO
2023-09-13 17:01:17,461 [INFO] BlockDiagram:2759 - set Specific Code input for plugin: RCC
2023-09-13 17:01:17,461 [INFO] CodeGenerator:799 - code generatio: config db path: C:\ST\STM32CubeIDE_1.13.1\STM32CubeIDE\plugins\com.st.stm32cube.common.mx_6.9.1.202307191849\\db\
2023-09-13 17:01:17,678 [INFO] CodeEngine:255 - oldGeneratedFile, D:\STM32_Project\SPI_NRF24l01\MXTmpFiles\license.tmp_save
2023-09-13 17:01:17,949 [INFO] CodeEngine:279 - Generated code: D:\STM32_Project\SPI_NRF24l01\MXTmpFiles\license.tmp
2023-09-13 17:01:18,049 [INFO] CodeEngine:255 - oldGeneratedFile, D:\STM32_Project\SPI_NRF24l01\MXTmpFiles\gpio.tmp_save
2023-09-13 17:01:18,210 [INFO] CodeEngine:279 - Generated code: D:\STM32_Project\SPI_NRF24l01\MXTmpFiles\gpio.tmp
2023-09-13 17:01:18,324 [INFO] CodeEngine:255 - oldGeneratedFile, D:\STM32_Project\SPI_NRF24l01\Core\Src\stm32f1xx_it.c_save
2023-09-13 17:01:18,584 [INFO] CodeEngine:279 - Generated code: D:\STM32_Project\SPI_NRF24l01\Core\Src\stm32f1xx_it.c
2023-09-13 17:01:18,617 [INFO] CodeEngine:255 - oldGeneratedFile, D:\STM32_Project\SPI_NRF24l01\Core\Inc\stm32f1xx_it.h_save
2023-09-13 17:01:18,745 [INFO] CodeEngine:279 - Generated code: D:\STM32_Project\SPI_NRF24l01\Core\Inc\stm32f1xx_it.h
2023-09-13 17:01:18,781 [INFO] CodeEngine:255 - oldGeneratedFile, D:\STM32_Project\SPI_NRF24l01\Core\Src\stm32f1xx_hal_msp.c_save
2023-09-13 17:01:18,963 [INFO] CodeEngine:279 - Generated code: D:\STM32_Project\SPI_NRF24l01\Core\Src\stm32f1xx_hal_msp.c
2023-09-13 17:01:18,967 [INFO] CodeEngine:255 - oldGeneratedFile, D:\STM32_Project\SPI_NRF24l01\MXTmpFiles\system.tmp_save
2023-09-13 17:01:19,038 [INFO] CodeEngine:279 - Generated code: D:\STM32_Project\SPI_NRF24l01\MXTmpFiles\system.tmp
2023-09-13 17:01:19,059 [INFO] CodeEngine:311 - oldGeneratedFile, D:\STM32_Project\SPI_NRF24l01\Core\Inc\stm32f1xx_hal_conf.h_save
2023-09-13 17:01:19,174 [INFO] CodeEngine:335 - Generated code: D:\STM32_Project\SPI_NRF24l01\Core\Inc\stm32f1xx_hal_conf.h
2023-09-13 17:01:19,232 [INFO] CodeEngine:255 - oldGeneratedFile, D:\STM32_Project\SPI_NRF24l01\Core\Inc\main.h_save
2023-09-13 17:01:19,519 [INFO] CodeEngine:279 - Generated code: D:\STM32_Project\SPI_NRF24l01\Core\Inc\main.h
2023-09-13 17:01:19,537 [INFO] CodeEngine:255 - oldGeneratedFile, D:\STM32_Project\SPI_NRF24l01\Core\Src\main.c_save
2023-09-13 17:01:19,732 [INFO] CodeEngine:279 - Generated code: D:\STM32_Project\SPI_NRF24l01\Core\Src\main.c
2023-09-13 17:01:20,420 [INFO] ProjectBuilder:3064 - Time for Copy HAL[1] : 164mS.
2023-09-13 17:01:20,423 [INFO] ProjectBuilder:4404 - Project Generator version: 4.1.0
2023-09-13 17:01:20,644 [INFO] ConfigFileManager:1457 - The Die is : DIE410
2023-09-13 17:01:22,953 [INFO] ProjectBuilder:4626 - Time for Generating toolchain IDE Files: 2530mS.
2023-09-13 17:01:22,954 [INFO] ProjectBuilder:2935 - Time for Copy CMSIS : 0mS.
2023-09-13 17:01:22,956 [INFO] ProjectBuilder:2935 - Time for Copy CMSIS : 0mS.
