2023-08-28 08:30:39,659 [INFO] Activator:176 - 


2023-08-28 08:30:39,667 [INFO] Activator:177 - !SESSION log4j initialized
2023-08-28 08:30:49,450 [INFO] LogOutputStream:77 - [STDOUT_REDIRECT] 
2023-08-28 08:30:51,612 [INFO] ApplicationProperties:184 - Using Application install path: C:\ST\STM32CubeIDE_1.13.1\STM32CubeIDE\plugins\com.st.stm32cube.common.mx_6.9.1.202307191849
2023-08-28 08:30:51,642 [INFO] DbMcusXml:78 - Set database path to: C:\ST\STM32CubeIDE_1.13.1\STM32CubeIDE\plugins\com.st.stm32cube.common.mx_6.9.1.202307191849\\db\/mcu/
2023-08-28 08:30:51,643 [INFO] ApiDb:274 - Set plugin database path to: C:\ST\STM32CubeIDE_1.13.1\STM32CubeIDE\plugins\com.st.stm32cube.common.mx_6.9.1.202307191849\\db\/plugins/boardmanager/
2023-08-28 08:30:51,643 [WARN] ApiDb:259 - Overriding images path with different value:  => C:\ST\STM32CubeIDE_1.13.1\STM32CubeIDE\plugins\com.st.stm32cube.common.mx_6.9.1.202307191849\\db\/plugins/mcufinder/images/
2023-08-28 08:30:51,658 [INFO] ApiDb:250 - Set database path to: C:\Users\mcnex\.stmcufinder\plugins\mcufinder//mcu/
2023-08-28 08:30:51,659 [INFO] DbMcusAds:125 - Set database path to: C:\Users\mcnex\.stmcufinder\plugins\mcufinder//mcu/
2023-08-28 08:30:51,661 [INFO] CrossReferenceDbSqlite:203 - Set database path to: C:\Users\mcnex\.stmcufinder\plugins\mcufinder//mcu/cs/
2023-08-28 08:30:51,830 [INFO] RulesReader:64 - Compatibility file has been processed (293 Rules)
2023-08-28 08:30:51,962 [INFO] DbMcusXml:78 - Set database path to: C:\ST\STM32CubeIDE_1.13.1\STM32CubeIDE\plugins\com.st.stm32cube.common.mx_6.9.1.202307191849\\db\/mcu/
2023-08-28 08:30:51,962 [INFO] ApiDb:274 - Set plugin database path to: C:\ST\STM32CubeIDE_1.13.1\STM32CubeIDE\plugins\com.st.stm32cube.common.mx_6.9.1.202307191849\\db\/plugins/boardmanager/
2023-08-28 08:30:51,963 [INFO] ApiDb:261 - Set plugin images path to: C:\ST\STM32CubeIDE_1.13.1\STM32CubeIDE\plugins\com.st.stm32cube.common.mx_6.9.1.202307191849\\db\/plugins/mcufinder/images/
2023-08-28 08:30:51,963 [WARN] DbFile:41 - Overriding database path with different value: C:\Users\mcnex\.stmcufinder\plugins\mcufinder/ => C:\Users\mcnex\.stmcufinder\plugins\mcufinder
2023-08-28 08:30:51,963 [INFO] ApiDb:250 - Set database path to: C:\Users\mcnex\.stmcufinder\plugins\mcufinder//mcu/
2023-08-28 08:30:51,963 [WARN] DbFile:41 - Overriding database path with different value: C:\Users\mcnex\.stmcufinder\plugins\mcufinder/ => C:\Users\mcnex\.stmcufinder\plugins\mcufinder
2023-08-28 08:30:51,964 [INFO] DbMcusAds:125 - Set database path to: C:\Users\mcnex\.stmcufinder\plugins\mcufinder//mcu/
2023-08-28 08:30:51,964 [WARN] DbFile:41 - Overriding database path with different value: C:\Users\mcnex\.stmcufinder\plugins\mcufinder/ => C:\Users\mcnex\.stmcufinder\plugins\mcufinder
2023-08-28 08:30:51,964 [WARN] DbFile:41 - Overriding database path with different value: C:\Users\mcnex\.stmcufinder\plugins\mcufinder/ => C:\Users\mcnex\.stmcufinder\plugins\mcufinder
2023-08-28 08:30:51,964 [INFO] CrossReferenceDbSqlite:203 - Set database path to: C:\Users\mcnex\.stmcufinder\plugins\mcufinder//mcu/cs/
2023-08-28 08:30:52,068 [INFO] MainPanel:262 - HeapMemory: 268435456
2023-08-28 08:30:52,196 [INFO] DbMcusXml:78 - Set database path to: C:\ST\STM32CubeIDE_1.13.1\STM32CubeIDE\plugins\com.st.stm32cube.common.mx_6.9.1.202307191849\\db\/mcu/
2023-08-28 08:30:52,196 [INFO] ApiDb:274 - Set plugin database path to: C:\ST\STM32CubeIDE_1.13.1\STM32CubeIDE\plugins\com.st.stm32cube.common.mx_6.9.1.202307191849\\db\/plugins/boardmanager/
2023-08-28 08:30:52,196 [INFO] ApiDb:261 - Set plugin images path to: C:\ST\STM32CubeIDE_1.13.1\STM32CubeIDE\plugins\com.st.stm32cube.common.mx_6.9.1.202307191849\\db\/plugins/mcufinder/images/
2023-08-28 08:30:52,197 [WARN] DbFile:41 - Overriding database path with different value: C:\Users\mcnex\.stmcufinder\plugins\mcufinder/ => C:\Users\mcnex\.stmcufinder\plugins\mcufinder
2023-08-28 08:30:52,198 [INFO] ApiDb:250 - Set database path to: C:\Users\mcnex\.stmcufinder\plugins\mcufinder//mcu/
2023-08-28 08:30:52,198 [WARN] DbFile:41 - Overriding database path with different value: C:\Users\mcnex\.stmcufinder\plugins\mcufinder/ => C:\Users\mcnex\.stmcufinder\plugins\mcufinder
2023-08-28 08:30:52,198 [INFO] DbMcusAds:125 - Set database path to: C:\Users\mcnex\.stmcufinder\plugins\mcufinder//mcu/
2023-08-28 08:30:52,198 [WARN] DbFile:41 - Overriding database path with different value: C:\Users\mcnex\.stmcufinder\plugins\mcufinder/ => C:\Users\mcnex\.stmcufinder\plugins\mcufinder
2023-08-28 08:30:52,198 [WARN] DbFile:41 - Overriding database path with different value: C:\Users\mcnex\.stmcufinder\plugins\mcufinder/ => C:\Users\mcnex\.stmcufinder\plugins\mcufinder
2023-08-28 08:30:52,198 [INFO] CrossReferenceDbSqlite:203 - Set database path to: C:\Users\mcnex\.stmcufinder\plugins\mcufinder//mcu/cs/
2023-08-28 08:30:52,225 [INFO] ApplicationProperties:184 - Using Application install path: C:\ST\STM32CubeIDE_1.13.1\STM32CubeIDE\plugins\com.st.stm32cube.common.mx_6.9.1.202307191849
2023-08-28 08:30:52,227 [INFO] PluginManage:196 - Search for loadable plugins [exclusion list=, ]
2023-08-28 08:30:52,228 [INFO] PluginManage:310 - Check plugin analytics
2023-08-28 08:30:52,467 [INFO] AnalyticsPlugin:253 - Accepted Software Licenses: 
2023-08-28 08:30:52,467 [INFO] AnalyticsPlugin:255 - Accepted CMSIS Pack Licenses: 
2023-08-28 08:30:52,467 [INFO] AnalyticsPlugin:257 - Accepted Firmware Licenses: 
2023-08-28 08:30:52,471 [INFO] PluginManage:359 - Loaded plugin analytics (category:tool,tabindex:-1)
2023-08-28 08:30:52,471 [INFO] PluginManage:310 - Check plugin cadmodel
2023-08-28 08:30:52,490 [INFO] CADModel:105 - Init CAD model plugin
2023-08-28 08:30:52,490 [INFO] PluginManage:359 - Loaded plugin cadmodel (category:power,tabindex:5)
2023-08-28 08:30:52,490 [INFO] PluginManage:310 - Check plugin clock
2023-08-28 08:30:52,513 [INFO] PluginManage:359 - Loaded plugin clock (category:base,tabindex:2)
2023-08-28 08:30:52,513 [INFO] PluginManage:310 - Check plugin ddr
2023-08-28 08:30:52,517 [INFO] PluginManage:359 - Loaded plugin ddr (category:tool,tabindex:6)
2023-08-28 08:30:52,517 [INFO] PluginManage:310 - Check plugin filemanager
2023-08-28 08:30:52,683 [INFO] PluginManage:359 - Loaded plugin filemanager (category:base,tabindex:10)
2023-08-28 08:30:52,683 [INFO] PluginManage:310 - Check plugin ipmanager
2023-08-28 08:30:52,693 [INFO] PluginManage:359 - Loaded plugin ipmanager (category:base,tabindex:5)
2023-08-28 08:30:52,693 [INFO] PluginManage:310 - Check plugin lpbam
2023-08-28 08:30:52,714 [INFO] PluginManage:359 - Loaded plugin lpbam (category:base,tabindex:0)
2023-08-28 08:30:52,715 [INFO] PluginManage:310 - Check plugin memorymap
2023-08-28 08:30:52,745 [INFO] PluginManage:359 - Loaded plugin memorymap (category:base,tabindex:4)
2023-08-28 08:30:52,745 [INFO] PluginManage:310 - Check plugin pinoutandconfiguration
2023-08-28 08:30:52,767 [INFO] PluginManage:359 - Loaded plugin pinoutandconfiguration (category:base,tabindex:1)
2023-08-28 08:30:52,767 [INFO] PluginManage:310 - Check plugin pinoutconfig
2023-08-28 08:30:52,910 [WARN] SupportedApi:132 - Cannot load RTOS API schema: s4s-elt-must-match.1: The content of 'definitions' must match (annotation?, (simpleType | complexType)?, (unique | key | keyref)*)). A problem was found starting at: attribute.
2023-08-28 08:30:53,082 [INFO] PluginManage:359 - Loaded plugin pinoutconfig (category:base,tabindex:0)
2023-08-28 08:30:53,082 [INFO] PluginManage:310 - Check plugin power
2023-08-28 08:30:53,117 [INFO] PluginManage:359 - Loaded plugin power (category:power,tabindex:4)
2023-08-28 08:30:53,117 [INFO] PluginManage:310 - Check plugin projectmanager
2023-08-28 08:30:53,138 [INFO] PluginManage:359 - Loaded plugin projectmanager (category:projectmanager,tabindex:3)
2023-08-28 08:30:53,138 [INFO] PluginManage:310 - Check plugin thirdparty
2023-08-28 08:30:53,478 [INFO] PluginManage:359 - Loaded plugin thirdparty (category:base,tabindex:-1)
2023-08-28 08:30:53,478 [WARN] IntegrityCheckThread:84 - waiting for thirdparty lock release [integrity check]
2023-08-28 08:30:53,479 [INFO] PluginManage:310 - Check plugin tools
2023-08-28 08:30:53,479 [INFO] IntegrityCheckThread:86 - entering critical section [integrity check]
2023-08-28 08:30:53,480 [INFO] ThirdPartyUpdaterWithRetryManager:70 - Updater plugin not ready yet. [1/15]
2023-08-28 08:30:53,527 [INFO] PluginManage:359 - Loaded plugin tools (category:base,tabindex:7)
2023-08-28 08:30:53,527 [INFO] PluginManage:310 - Check plugin tutovideos
2023-08-28 08:30:53,804 [INFO] PluginManage:359 - Loaded plugin tutovideos (category:base,tabindex:-1)
2023-08-28 08:30:53,804 [INFO] PluginManage:310 - Check plugin updater
2023-08-28 08:30:53,819 [INFO] PluginManage:359 - Loaded plugin updater (category:base,tabindex:12)
2023-08-28 08:30:53,819 [INFO] PluginManage:310 - Check plugin userauth
2023-08-28 08:30:53,826 [INFO] UserAuth:113 - Init User Auth plugin
2023-08-28 08:30:53,826 [INFO] PluginManage:359 - Loaded plugin userauth (category:base,tabindex:14)
2023-08-28 08:30:53,826 [INFO] PluginManage:283 - PluginManage : Loaded plugins [17]
2023-08-28 08:30:54,139 [INFO] PinOutPanel:1499 - setPackage(No Configuration,No Configuration)
2023-08-28 08:30:54,283 [INFO] CADModel:165 - CPN selected for project level
2023-08-28 08:30:54,283 [INFO] CADModel:114 - Register for checkConnection events
2023-08-28 08:30:54,314 [INFO] IPUIPlugin:80 - create IPUIPlugin
2023-08-28 08:30:54,314 [INFO] PluginManager:220 - loadIPPluginJar : add adc
2023-08-28 08:30:54,356 [INFO] IPUIPlugin:80 - create IPUIPlugin
2023-08-28 08:30:54,356 [INFO] PluginManager:220 - loadIPPluginJar : add aes
2023-08-28 08:30:54,405 [INFO] IPUIPlugin:80 - create IPUIPlugin
2023-08-28 08:30:54,405 [INFO] PluginManager:220 - loadIPPluginJar : add can
2023-08-28 08:30:54,432 [INFO] IPUIPlugin:80 - create IPUIPlugin
2023-08-28 08:30:54,433 [INFO] PluginManager:220 - loadIPPluginJar : add comp
2023-08-28 08:30:54,472 [INFO] IPUIPlugin:80 - create IPUIPlugin
2023-08-28 08:30:54,472 [INFO] PluginManager:220 - loadIPPluginJar : add cryp
2023-08-28 08:30:54,508 [INFO] IPUIPlugin:80 - create IPUIPlugin
2023-08-28 08:30:54,508 [INFO] PluginManager:220 - loadIPPluginJar : add dfsdm
2023-08-28 08:30:54,524 [INFO] IPUIPlugin:80 - create IPUIPlugin
2023-08-28 08:30:54,525 [INFO] PluginManager:220 - loadIPPluginJar : add dma
2023-08-28 08:30:54,575 [INFO] IPUIPlugin:80 - create IPUIPlugin
2023-08-28 08:30:54,576 [INFO] PluginManager:220 - loadIPPluginJar : add dma3
2023-08-28 08:30:54,599 [INFO] IPUIPlugin:80 - create IPUIPlugin
2023-08-28 08:30:54,599 [INFO] PluginManager:220 - loadIPPluginJar : add fatfs
2023-08-28 08:30:54,654 [INFO] IPUIPlugin:80 - create IPUIPlugin
2023-08-28 08:30:54,654 [INFO] PluginManager:220 - loadIPPluginJar : add fmc
2023-08-28 08:30:54,671 [INFO] IPUIPlugin:80 - create IPUIPlugin
2023-08-28 08:30:54,671 [INFO] PluginManager:220 - loadIPPluginJar : add freertos
2023-08-28 08:30:54,697 [INFO] IPUIPlugin:80 - create IPUIPlugin
2023-08-28 08:30:54,698 [INFO] PluginManager:220 - loadIPPluginJar : add genericplugin
2023-08-28 08:30:54,848 [INFO] IPUIPlugin:80 - create IPUIPlugin
2023-08-28 08:30:54,848 [INFO] PluginManager:220 - loadIPPluginJar : add gfxmmu
2023-08-28 08:30:55,003 [INFO] IPUIPlugin:80 - create IPUIPlugin
2023-08-28 08:30:55,003 [INFO] PluginManager:220 - loadIPPluginJar : add gic
2023-08-28 08:30:55,020 [INFO] IPUIPlugin:80 - create IPUIPlugin
2023-08-28 08:30:55,020 [INFO] PluginManager:220 - loadIPPluginJar : add gpio
2023-08-28 08:30:55,131 [INFO] IPUIPlugin:80 - create IPUIPlugin
2023-08-28 08:30:55,131 [INFO] PluginManager:220 - loadIPPluginJar : add gtzc
2023-08-28 08:30:55,169 [INFO] IPUIPlugin:80 - create IPUIPlugin
2023-08-28 08:30:55,170 [INFO] PluginManager:220 - loadIPPluginJar : add hash
2023-08-28 08:30:55,232 [INFO] IPUIPlugin:80 - create IPUIPlugin
2023-08-28 08:30:55,232 [INFO] PluginManager:220 - loadIPPluginJar : add i2c
2023-08-28 08:30:55,276 [INFO] IPUIPlugin:80 - create IPUIPlugin
2023-08-28 08:30:55,276 [INFO] PluginManager:220 - loadIPPluginJar : add i2s
2023-08-28 08:30:55,327 [INFO] IPUIPlugin:80 - create IPUIPlugin
2023-08-28 08:30:55,327 [INFO] PluginManager:220 - loadIPPluginJar : add i3c
2023-08-28 08:30:55,451 [INFO] IPUIPlugin:80 - create IPUIPlugin
2023-08-28 08:30:55,452 [INFO] PluginManager:220 - loadIPPluginJar : add ipddr
2023-08-28 08:30:55,558 [INFO] IPUIPlugin:80 - create IPUIPlugin
2023-08-28 08:30:55,559 [INFO] PluginManager:220 - loadIPPluginJar : add linkedlist
2023-08-28 08:30:55,602 [INFO] IPUIPlugin:80 - create IPUIPlugin
2023-08-28 08:30:55,602 [INFO] PluginManager:220 - loadIPPluginJar : add lorawan
2023-08-28 08:30:55,644 [INFO] IPUIPlugin:80 - create IPUIPlugin
2023-08-28 08:30:55,645 [INFO] PluginManager:220 - loadIPPluginJar : add ltdc
2023-08-28 08:30:55,662 [INFO] IPUIPlugin:80 - create IPUIPlugin
2023-08-28 08:30:55,662 [INFO] PluginManager:220 - loadIPPluginJar : add mdma
2023-08-28 08:30:55,679 [INFO] IPUIPlugin:80 - create IPUIPlugin
2023-08-28 08:30:55,679 [INFO] PluginManager:220 - loadIPPluginJar : add nvic
2023-08-28 08:30:55,724 [INFO] IPUIPlugin:80 - create IPUIPlugin
2023-08-28 08:30:55,724 [INFO] PluginManager:220 - loadIPPluginJar : add opamp
2023-08-28 08:30:55,800 [INFO] IPUIPlugin:80 - create IPUIPlugin
2023-08-28 08:30:55,800 [INFO] PluginManager:220 - loadIPPluginJar : add openamp
2023-08-28 08:30:55,851 [INFO] IPUIPlugin:80 - create IPUIPlugin
2023-08-28 08:30:55,851 [INFO] PluginManager:220 - loadIPPluginJar : add pdm2pcm
2023-08-28 08:30:55,866 [INFO] IPUIPlugin:80 - create IPUIPlugin
2023-08-28 08:30:55,903 [INFO] PluginManager:220 - loadIPPluginJar : add plateformsettings
2023-08-28 08:30:55,933 [INFO] IPUIPlugin:80 - create IPUIPlugin
2023-08-28 08:30:55,934 [INFO] PluginManager:220 - loadIPPluginJar : add quadspi
2023-08-28 08:30:55,950 [INFO] IPUIPlugin:80 - create IPUIPlugin
2023-08-28 08:30:55,950 [INFO] PluginManager:220 - loadIPPluginJar : add resmgrutility
2023-08-28 08:30:56,009 [INFO] IPUIPlugin:80 - create IPUIPlugin
2023-08-28 08:30:56,010 [INFO] PluginManager:220 - loadIPPluginJar : add sai
2023-08-28 08:30:56,053 [INFO] IPUIPlugin:80 - create IPUIPlugin
2023-08-28 08:30:56,053 [INFO] PluginManager:220 - loadIPPluginJar : add spi
2023-08-28 08:30:56,122 [INFO] IPUIPlugin:80 - create IPUIPlugin
2023-08-28 08:30:56,122 [INFO] PluginManager:220 - loadIPPluginJar : add stm32_wpan
2023-08-28 08:30:56,150 [INFO] IPUIPlugin:80 - create IPUIPlugin
2023-08-28 08:30:56,150 [INFO] PluginManager:220 - loadIPPluginJar : add tim
2023-08-28 08:30:56,216 [INFO] IPUIPlugin:80 - create IPUIPlugin
2023-08-28 08:30:56,216 [INFO] PluginManager:220 - loadIPPluginJar : add touchsensing
2023-08-28 08:30:56,244 [INFO] IPUIPlugin:80 - create IPUIPlugin
2023-08-28 08:30:56,244 [INFO] PluginManager:220 - loadIPPluginJar : add tracer_emb
2023-08-28 08:30:56,271 [INFO] IPUIPlugin:80 - create IPUIPlugin
2023-08-28 08:30:56,271 [INFO] PluginManager:220 - loadIPPluginJar : add ts
2023-08-28 08:30:56,297 [INFO] IPUIPlugin:80 - create IPUIPlugin
2023-08-28 08:30:56,297 [INFO] PluginManager:220 - loadIPPluginJar : add tsc
2023-08-28 08:30:56,321 [INFO] IPUIPlugin:80 - create IPUIPlugin
2023-08-28 08:30:56,322 [INFO] PluginManager:220 - loadIPPluginJar : add ucpd
2023-08-28 08:30:56,375 [INFO] IPUIPlugin:80 - create IPUIPlugin
2023-08-28 08:30:56,375 [INFO] PluginManager:220 - loadIPPluginJar : add usart
2023-08-28 08:30:56,426 [INFO] IPUIPlugin:80 - create IPUIPlugin
2023-08-28 08:30:56,426 [INFO] PluginManager:220 - loadIPPluginJar : add usbx
2023-08-28 08:30:56,481 [INFO] ThirdPartyUpdaterWithRetryManager:70 - Updater plugin not ready yet. [2/15]
2023-08-28 08:30:56,572 [INFO] CADModel:165 - CPN selected for project level
2023-08-28 08:30:56,572 [INFO] CADModel:114 - Register for checkConnection events
2023-08-28 08:30:56,572 [FATAL] Updater:308 - Updater called before beeing initialized
2023-08-28 08:30:56,573 [ERROR] CADModel:125 - Updater not yet initialized, retry later 
2023-08-28 08:30:56,814 [INFO] CADModel:165 - CPN selected for project level
2023-08-28 08:30:56,814 [INFO] CADModel:114 - Register for checkConnection events
2023-08-28 08:30:56,814 [FATAL] Updater:308 - Updater called before beeing initialized
2023-08-28 08:30:56,814 [ERROR] CADModel:125 - Updater not yet initialized, retry later 
2023-08-28 08:30:56,819 [FATAL] Updater:308 - Updater called before beeing initialized
2023-08-28 08:30:56,965 [FATAL] Updater:308 - Updater called before beeing initialized
2023-08-28 08:30:56,980 [INFO] DbMcusAds:53 - JSON generation date=Tue Mar 07 15:50:55 ICT 2023 (1678179055114)
2023-08-28 08:30:56,980 [FATAL] Updater:308 - Updater called before beeing initialized
2023-08-28 08:30:57,077 [WARN] DetailPanel:346 - Failed to get advertising image, set to default
2023-08-28 08:30:57,203 [FATAL] Updater:308 - Updater called before beeing initialized
2023-08-28 08:30:57,206 [FATAL] Updater:308 - Updater called before beeing initialized
2023-08-28 08:30:57,206 [FATAL] Updater:308 - Updater called before beeing initialized
2023-08-28 08:30:57,206 [WARN] DetailPanel:346 - Failed to get advertising image, set to default
2023-08-28 08:30:57,207 [FATAL] Updater:308 - Updater called before beeing initialized
2023-08-28 08:30:57,278 [ERROR] Updater:1120 - MainUpdater not yet initialized. External WinMGr cannot be set.
2023-08-28 08:30:57,289 [INFO] Updater:1056 - Updater Version found : 6.9.1
2023-08-28 08:30:57,310 [INFO] ApplicationProperties:184 - Using Application install path: C:\ST\STM32CubeIDE_1.13.1\STM32CubeIDE\plugins\com.st.stm32cube.common.mx_6.9.1.202307191849
2023-08-28 08:30:57,476 [INFO] MainUpdater:2868 - connection check result : 10
2023-08-28 08:30:57,477 [INFO] MainUpdater:285 - Updater Check For Update Now.
2023-08-28 08:30:57,478 [INFO] MicroXplorer:498 - Change Database Version : DB.6.0.91
2023-08-28 08:30:57,500 [INFO] McuFinderGlobals:63 - Set McuFinder mode to 2 (CubeIDE integrated)
2023-08-28 08:30:57,836 [INFO] CheckServerUpdateThread:120 - End of CheckServer Thread
2023-08-28 08:30:59,720 [WARN] PackLoader:240 - Cannot read IP mode file for STMicroelectronics.X-CUBE-SMBUS.2.1.0
2023-08-28 08:30:59,786 [WARN] PackLoader:240 - Cannot read IP mode file for STMicroelectronics.X-CUBE-AZRTOS-F7.1.1.0
2023-08-28 08:30:59,816 [WARN] PackLoader:240 - Cannot read IP mode file for STMicroelectronics.FP-SNS-MOTENV1.4.3.2
2023-08-28 08:30:59,838 [WARN] PackLoader:240 - Cannot read IP mode file for STMicroelectronics.FP-SNS-FLIGHT1.5.0.2
2023-08-28 08:30:59,861 [WARN] PackLoader:240 - Cannot read IP mode file for STMicroelectronics.X-CUBE-DISPLAY.3.0.0
2023-08-28 08:30:59,888 [WARN] PackLoader:240 - Cannot read IP mode file for STMicroelectronics.X-CUBE-BLE1.7.0.0
2023-08-28 08:30:59,905 [WARN] PackLoader:240 - Cannot read IP mode file for emotas.I-CUBE-CANOPEN.1.3.0
2023-08-28 08:30:59,927 [WARN] PackLoader:240 - Cannot read IP mode file for STMicroelectronics.X-CUBE-TOUCHGFX.4.22.0
2023-08-28 08:30:59,955 [INFO] LogOutputStream:77 - [STDOUT_REDIRECT] 1 : Invalid condition id : UX_CORESTACK_Condition cause : null
2023-08-28 08:30:59,955 [INFO] LogOutputStream:77 - [STDOUT_REDIRECT] 1 : Invalid condition id : UX_CORESTACK_Condition cause : null
2023-08-28 08:30:59,957 [INFO] LogOutputStream:77 - [STDOUT_REDIRECT] 1 : Invalid condition id : UX_CORESTACK_Condition cause : null
2023-08-28 08:30:59,959 [INFO] LogOutputStream:77 - [STDOUT_REDIRECT] 1 : Invalid condition id : UX_CORESTACK_Condition cause : null
2023-08-28 08:30:59,960 [INFO] LogOutputStream:77 - [STDOUT_REDIRECT] 1 : Invalid condition id : UX_CORESTACK_Condition cause : null
2023-08-28 08:30:59,966 [WARN] PackLoader:240 - Cannot read IP mode file for STMicroelectronics.X-CUBE-AZRTOS-WL.2.0.0
2023-08-28 08:30:59,984 [WARN] PackLoader:240 - Cannot read IP mode file for STMicroelectronics.X-CUBE-BLE2.3.3.0
2023-08-28 08:31:00,003 [WARN] PackLoader:240 - Cannot read IP mode file for STMicroelectronics.X-CUBE-ALGOBUILD.1.3.0
2023-08-28 08:31:00,065 [WARN] PackLoader:240 - Cannot read IP mode file for STMicroelectronics.X-CUBE-AZRTOS-G0.1.1.0
2023-08-28 08:31:00,087 [WARN] PackLoader:240 - Cannot read IP mode file for STMicroelectronics.X-CUBE-NFC4.3.0.0
2023-08-28 08:31:00,104 [WARN] PackLoader:240 - Cannot read IP mode file for STMicroelectronics.FP-ATR-SIGFOX1.3.2.0
2023-08-28 08:31:00,166 [WARN] PackLoader:240 - Cannot read IP mode file for SEGGER.I-CUBE-embOS.1.3.1
2023-08-28 08:31:00,263 [WARN] PackLoader:240 - Cannot read IP mode file for STMicroelectronics.X-CUBE-GNSS1.6.0.0
2023-08-28 08:31:00,303 [WARN] PackLoader:240 - Cannot read IP mode file for STMicroelectronics.X-CUBE-AZRTOS-F4.1.1.0
2023-08-28 08:31:00,321 [WARN] PackLoader:240 - Cannot read IP mode file for wolfSSL.I-CUBE-wolfSSL.5.6.3
2023-08-28 08:31:00,357 [WARN] PackLoader:240 - Cannot read IP mode file for STMicroelectronics.X-CUBE-AZRTOS-L5.2.0.0
2023-08-28 08:31:00,441 [WARN] PackLoader:240 - Cannot read IP mode file for STMicroelectronics.X-CUBE-MEMS1.9.6.0
2023-08-28 08:31:00,727 [WARN] PackLoader:240 - Cannot read IP mode file for STMicroelectronics.X-CUBE-BLEMGR.2.0.0
2023-08-28 08:31:00,763 [WARN] ConditionMgr:438 - getConditionDescription Invalid condition id : UX DEVICE CLASS RTOS Condition cause : null
2023-08-28 08:31:00,763 [WARN] ConditionMgr:438 - getConditionDescription Invalid condition id : UX DEVICE CLASS RTOS Condition cause : null
2023-08-28 08:31:00,768 [WARN] PackLoader:240 - Cannot read IP mode file for STMicroelectronics.X-CUBE-AZRTOS-H7.3.1.0
2023-08-28 08:31:00,769 [WARN] ConditionMgr:1039 - genDependencies : Invalid condition id : UX DEVICE CLASS RTOS Condition cause : null
2023-08-28 08:31:00,769 [WARN] ConditionMgr:1039 - genDependencies : Invalid condition id : UX DEVICE CLASS RTOS Condition cause : null
2023-08-28 08:31:00,770 [WARN] ConditionMgr:1039 - genDependencies : Invalid condition id : UX DEVICE CLASS RTOS Condition cause : null
2023-08-28 08:31:00,771 [WARN] ConditionMgr:1039 - genDependencies : Invalid condition id : UX DEVICE CLASS RTOS Condition cause : null
2023-08-28 08:31:00,771 [WARN] ConditionMgr:1039 - genDependencies : Invalid condition id : UX DEVICE CLASS RTOS Condition cause : null
2023-08-28 08:31:00,791 [WARN] PackLoader:240 - Cannot read IP mode file for STMicroelectronics.X-CUBE-NFC7.1.0.1
2023-08-28 08:31:00,808 [WARN] PackLoader:240 - Cannot read IP mode file for STMicroelectronics.X-CUBE-EEPRMA1.4.1.0
2023-08-28 08:31:00,822 [WARN] PackLoader:240 - Cannot read IP mode file for STMicroelectronics.X-CUBE-AI.8.1.0
2023-08-28 08:31:00,861 [WARN] ConditionMgr:438 - getConditionDescription Invalid condition id : LAN8742 Phy interface Condition cause : null
2023-08-28 08:31:00,862 [WARN] PackLoader:240 - Cannot read IP mode file for STMicroelectronics.X-CUBE-AZRTOS-L4.2.0.0
2023-08-28 08:31:00,864 [WARN] ConditionMgr:1039 - genDependencies : Invalid condition id : LAN8742 Phy interface Condition cause : null
2023-08-28 08:31:00,864 [WARN] ConditionMgr:1039 - genDependencies : Invalid condition id : LAN8742 Phy interface Condition cause : null
2023-08-28 08:31:00,865 [WARN] ConditionMgr:1039 - genDependencies : Invalid condition id : LAN8742 Phy interface Condition cause : null
2023-08-28 08:31:00,891 [WARN] PackLoader:240 - Cannot read IP mode file for STMicroelectronics.X-CUBE-SFXS2LP1.4.0.0
2023-08-28 08:31:00,907 [WARN] PackLoader:240 - Cannot read IP mode file for STMicroelectronics.X-CUBE-ISPU.1.1.0
2023-08-28 08:31:00,933 [WARN] ConditionMgr:438 - getConditionDescription Invalid condition id : UX DEVICE CLASS RTOS Condition cause : null
2023-08-28 08:31:00,933 [WARN] ConditionMgr:438 - getConditionDescription Invalid condition id : UX DEVICE CLASS RTOS Condition cause : null
2023-08-28 08:31:00,935 [WARN] PackLoader:240 - Cannot read IP mode file for STMicroelectronics.X-CUBE-AZRTOS-WB.2.0.0
2023-08-28 08:31:00,936 [WARN] ConditionMgr:1039 - genDependencies : Invalid condition id : UX DEVICE CLASS RTOS Condition cause : null
2023-08-28 08:31:00,936 [WARN] ConditionMgr:1039 - genDependencies : Invalid condition id : UX DEVICE CLASS RTOS Condition cause : null
2023-08-28 08:31:00,937 [WARN] ConditionMgr:1039 - genDependencies : Invalid condition id : UX DEVICE CLASS RTOS Condition cause : null
2023-08-28 08:31:00,937 [WARN] ConditionMgr:1039 - genDependencies : Invalid condition id : UX DEVICE CLASS RTOS Condition cause : null
2023-08-28 08:31:00,937 [WARN] ConditionMgr:1039 - genDependencies : Invalid condition id : UX DEVICE CLASS RTOS Condition cause : null
2023-08-28 08:31:00,968 [WARN] PackLoader:240 - Cannot read IP mode file for STMicroelectronics.X-CUBE-SUBG2.5.0.0
2023-08-28 08:31:00,995 [WARN] PackLoader:240 - Cannot read IP mode file for STMicroelectronics.X-CUBE-TOF1.3.3.1
2023-08-28 08:31:01,051 [WARN] PackLoader:240 - Cannot read IP mode file for STMicroelectronics.X-CUBE-AZRTOS-G4.2.0.0
2023-08-28 08:31:01,072 [WARN] PackLoader:240 - Cannot read IP mode file for STMicroelectronics.X-CUBE-FREERTOS.1.1.0
2023-08-28 08:31:01,093 [WARN] PackLoader:240 - Cannot read IP mode file for STMicroelectronics.X-CUBE-ALS.1.0.1
2023-08-28 08:31:01,111 [WARN] PackLoader:240 - Cannot read IP mode file for STMicroelectronics.FP-ATR-ASTRA1.2.0.0
2023-08-28 08:31:01,113 [INFO] ThirdParty:978 - Integrity check success = true
2023-08-28 08:31:01,113 [INFO] IntegrityCheckThread:100 - exiting critical section [integrity check]
2023-08-28 08:31:01,113 [INFO] IntegrityCheckThread:103 - End integrity checks thread
2023-08-28 08:31:19,385 [ERROR] LogOutputStream:75 - [STDERR_REDIRECT] SLF4J: Failed to load class "org.slf4j.impl.StaticLoggerBinder".
2023-08-28 08:31:19,386 [ERROR] LogOutputStream:75 - [STDERR_REDIRECT] SLF4J: Defaulting to no-operation (NOP) logger implementation
2023-08-28 08:31:19,389 [ERROR] LogOutputStream:75 - [STDERR_REDIRECT] SLF4J: See http://www.slf4j.org/codes.html#StaticLoggerBinder for further details.
2023-08-28 08:31:30,917 [INFO] McuFinderGlobals:63 - Set McuFinder mode to 2 (CubeIDE integrated)
2023-08-28 08:31:30,945 [INFO] MainUpdater:2868 - connection check result : 10
2023-08-28 08:31:31,862 [INFO] ApiDb:581 - Connected to CubeFinder SQLite database (C:\Users\mcnex\.stmcufinder\plugins\mcufinder\mcu\cube-finder-db.db)
2023-08-28 08:31:32,026 [INFO] ApiDb:668 - CubeFinder database Data Model version=2.1
2023-08-28 08:31:32,027 [INFO] ApiDb:669 - CubeFinder database Configuration version=3.0.37
2023-08-28 08:31:32,027 [INFO] ApiDb:670 - CubeFinder database generation date=2023-08-09 (1691586011)
2023-08-28 08:31:32,027 [INFO] ApiDb:671 - CubeFinder database FW Pack versions=[FP-ATR-ASTRA1_V2.0.0, FP-SNS-FLIGHT1_V5.0.1, FP-SNS-FLIGHT1_V5.0.2, FP-SNS-MOTENV1_V4.3.1, FP-SNS-MOTENV1_V4.3.2, STM32Cube_FW_C0_V1.1.0, STM32Cube_FW_F4_V1.27.1, STM32Cube_FW_F7_V1.17.0, STM32Cube_FW_G0_V1.6.1, STM32Cube_FW_G4_V1.5.1, STM32Cube_FW_H5_V0.5.1, STM32Cube_FW_H5_V1.1.0, STM32Cube_FW_H7_V1.11.0, STM32Cube_FW_L0_V1.12.2, STM32Cube_FW_L5_V1.5.0, STM32Cube_FW_U5_V1.3.0, STM32Cube_FW_U5_V1.3.0RC4, STM32Cube_FW_WBA_V1.0.0RC1, STM32Cube_FW_WBA_V1.1.0, STM32Cube_FW_WBA_V1.1.0RC1, STM32Cube_FW_WB_V1.15.0RC1, STM32Cube_FW_WB_V1.16.0, STM32Cube_FW_WB_V1.16.0RC2, STM32Cube_FW_WB_V1.17.0, STM32Cube_FW_WL_V1.3.0, X-CUBE-ALGOBUILD_V1.3.0, X-CUBE-ALS_V1.0.1, X-CUBE-AZRTOS-F4_V1.1.0, X-CUBE-AZRTOS-F7_V1.1.0, X-CUBE-AZRTOS-G0_V1.1.0, X-CUBE-AZRTOS-G4_V2.0.0, X-CUBE-AZRTOS-H7_V3.1.0, X-CUBE-AZRTOS-L4_V1.0.0, X-CUBE-AZRTOS-L4_V2.0.0, X-CUBE-AZRTOS-L5_V1.1.0, X-CUBE-AZRTOS-WB_V1.1.0, X-CUBE-AZRTOS-WL_V2.0.0, X-CUBE-BLE1_V7.0.0, X-CUBE-BLE2_V3.3.0, X-CUBE-BLEMGR_V2.0.0, X-CUBE-EEPRMA1_V4.1.0, X-CUBE-FREERTOS_V1.1.0, X-CUBE-GNSS1_V6.0.0, X-CUBE-MEMS1_V9.1.0, X-CUBE-MEMS1_V9.4.0, X-CUBE-MEMS1_V9.6.0, X-CUBE-NFC4_V3.0.0, X-CUBE-NFC7_V1.0.0, X-CUBE-SFXS2LP1_V4.0.0, X-CUBE-SUBG2_V5.0.0, X-CUBE-TOF1_V3.3.1]
2023-08-28 08:31:32,245 [INFO] DbBoardsSqlite:226 - include board P-NUCLEO-WB55-NUCLEO as a kit item of type 'Nucleo-64'
2023-08-28 08:31:32,246 [INFO] DbBoardsSqlite:226 - include board P-NUCLEO-WB55-USBDONGLE as a kit item of type 'Nucleo USB Dongle'
2023-08-28 08:31:32,248 [INFO] DbBoardsSqlite:226 - include board STEVAL-IDP005V1 as a kit item of type 'Evaluation Board'
2023-08-28 08:31:32,249 [INFO] DbBoardsSqlite:226 - include board STEVAL-IDP005V2 as a kit item of type 'Evaluation Board'
2023-08-28 08:31:33,094 [INFO] ApiDb:240 - Found 323 in-development CPN: [B-G473E-ZEST1S, B-WB1M-WPAN1, B-WL5M-SUBG1, NUCLEO-C031C6, NUCLEO-H503RB, NUCLEO-H563ZI, NUCLEO-U545RE-Q, NUCLEO-U5A5ZJ-Q, NUCLEO-WBA52CG, STEVAL-PROTEUS1, STEVAL-SMARTAG2, STEVAL-STWINBX1, STM320518-EVAL, STM32C0116-DK, STM32C011D6Y3TR, STM32C011D6Y6TR, STM32C011F4P3, STM32C011F4P6, STM32C011F4U3, STM32C011F4U6TR, STM32C011F6P3, STM32C011F6P6, STM32C011F6U3, STM32C011F6U6TR, STM32C011J4M3, STM32C011J4M6, STM32C011J6M3, STM32C011J6M6, STM32C0316-DK, STM32C031C4T3, STM32C031C4T6, STM32C031C4U3, STM32C031C4U6, STM32C031C6T3, STM32C031C6T6, STM32C031C6U3, STM32C031C6U6, STM32C031F4P3, STM32C031F4P6, STM32C031F6P3, STM32C031F6P6, STM32C031G4U3, STM32C031G4U6, STM32C031G6U3, STM32C031G6U6, STM32C031K4T3, STM32C031K4T6, STM32C031K4U3, STM32C031K4U6, STM32C031K6T3, STM32C031K6T6, STM32C031K6U3, STM32C031K6U6, STM32G071K8TXN, STM32G071K8UXN, STM32G081GBU6N, STM32G081KBT6N, STM32G081KBUXN, STM32G0B1CCT6N, STM32G0B1KCT6, STM32G0B1NEY6TR, STM32G0B1RCT6N, STM32G0C1CCT6, STM32G0C1CCT6N, STM32G0C1CCU6N, STM32G0C1CET6N, STM32G0C1CEU6N, STM32G0C1KCT6, STM32G0C1NEY6TR, STM32G0C1RCI6N, STM32G0C1RCT6N, STM32G0C1REI6N, STM32G0C1RET6N, STM32G0C1VCI6, STM32G0C1VEI6, STM32G471CCT6, STM32G471CCU6, STM32G471CET3, STM32G471CET6, STM32G471CEU3, STM32G471CEU6, STM32G471MCT6, STM32G471MET3, STM32G471MET6, STM32G471MEY6TR, STM32G471QCT6, STM32G471QET3, STM32G471RCT6, STM32G471RET3, STM32G471RET6, STM32G471VCH6, STM32G471VCI6, STM32G471VCT6, STM32G471VEH3, STM32G471VEH6, STM32G471VEI3, STM32G471VEI6, STM32G471VET3, STM32G471VET6, STM32G474CCT6, STM32H503CBT6, STM32H503CBU6, STM32H503EBY6TR, STM32H503KBU6, STM32H503RBT6, STM32H562AGI6, STM32H562AII6, STM32H562IGK6, STM32H562IGT6, STM32H562IIK6, STM32H562IIT6, STM32H562RGT6, STM32H562RGV6, STM32H562RIT6, STM32H562RIV6, STM32H562VGT6, STM32H562VIT6, STM32H562ZGT6, STM32H562ZIT6, STM32H563AGI6, STM32H563AII3Q, STM32H563AII6, STM32H563IGK6, STM32H563IGT6, STM32H563IIK3Q, STM32H563IIK6, STM32H563IIT3Q, STM32H563IIT6, STM32H563MIY3QTR, STM32H563RGT6, STM32H563RGV6, STM32H563RIT6, STM32H563RIV6, STM32H563VGT6, STM32H563VIT3Q, STM32H563VIT6, STM32H563ZGT6, STM32H563ZIT3Q, STM32H563ZIT6, STM32H573AII3Q, STM32H573AII6, STM32H573I-DK, STM32H573IIK3Q, STM32H573IIK6, STM32H573IIT3Q, STM32H573IIT6, STM32H573MIY3QTR, STM32H573RIT6, STM32H573RIV6, STM32H573VIT3Q, STM32H573VIT6, STM32H573ZIT3Q, STM32H573ZIT6, STM32L4R5QGI6STR, STM32MP131AAE3, STM32MP131AAF3, STM32MP131AAG3, STM32MP131CAE3, STM32MP131CAF3, STM32MP131CAG3, STM32MP131DAE7, STM32MP131DAF7, STM32MP131DAG7, STM32MP131FAE7, STM32MP131FAF7, STM32MP131FAG7, STM32MP133AAE3, STM32MP133AAF3, STM32MP133AAG3, STM32MP133CAE3, STM32MP133CAF3, STM32MP133CAG3, STM32MP133DAE7, STM32MP133DAF7, STM32MP133DAG7, STM32MP133FAE7, STM32MP133FAF7, STM32MP133FAG7, STM32MP135AAE3, STM32MP135AAF3, STM32MP135AAG3, STM32MP135CAE3, STM32MP135CAF3, STM32MP135CAG3, STM32MP135DAE7, STM32MP135DAF7, STM32MP135DAG7, STM32MP135F-DK, STM32MP135FAE7, STM32MP135FAF7, STM32MP135FAF7T, STM32MP135FAF7U, STM32MP135FAG7, STM32U535CBT6, STM32U535CBT6Q, STM32U535CBU6, STM32U535CBU6Q, STM32U535CCT6, STM32U535CCT6Q, STM32U535CCU6, STM32U535CCU6Q, STM32U535CET6, STM32U535CET6Q, STM32U535CEU6, STM32U535CEU6Q, STM32U535JEY6QTR, STM32U535NCY6QTR, STM32U535NEY6QTR, STM32U535RBI6, STM32U535RBI6Q, STM32U535RBT6, STM32U535RBT6Q, STM32U535RCI6, STM32U535RCI6Q, STM32U535RCT6, STM32U535RCT6Q, STM32U535REI6, STM32U535REI6Q, STM32U535RET6, STM32U535RET6Q, STM32U535VCI6, STM32U535VCI6Q, STM32U535VCT6, STM32U535VCT6Q, STM32U535VEI6, STM32U535VEI6Q, STM32U535VET6, STM32U535VET6Q, STM32U545CET6, STM32U545CET6Q, STM32U545CEU6, STM32U545CEU6Q, STM32U545JEY6QTR, STM32U545NEY6QTR, STM32U545REI6, STM32U545REI6Q, STM32U545RET6, STM32U545RET6Q, STM32U545VEI6, STM32U545VEI6Q, STM32U545VET6, STM32U545VET6Q, STM32U595AIH6, STM32U595AIH6Q, STM32U595AJH6, STM32U595AJH6Q, STM32U595QII6, STM32U595QII6Q, STM32U595QJI6, STM32U595QJI6Q, STM32U595RIT6, STM32U595RIT6Q, STM32U595RJT6, STM32U595RJT6Q, STM32U595VIT6, STM32U595VIT6Q, STM32U595VJT6, STM32U595VJT6Q, STM32U595ZIT6, STM32U595ZIT6Q, STM32U595ZIY6QTR, STM32U595ZJT6, STM32U595ZJT6Q, STM32U595ZJY6QTR, STM32U599BJY6QTR, STM32U599NIH6Q, STM32U599NJH6Q, STM32U599VIT6Q, STM32U599VJT6, STM32U599VJT6Q, STM32U599ZIT6Q, STM32U599ZIY6QTR, STM32U599ZJT6Q, STM32U599ZJY6QTR, STM32U5A5AJH6, STM32U5A5AJH6Q, STM32U5A5QJI6, STM32U5A5QJI6Q, STM32U5A5RJT6, STM32U5A5RJT6Q, STM32U5A5VJT6, STM32U5A5VJT6Q, STM32U5A5ZJT6, STM32U5A5ZJT6Q, STM32U5A5ZJY6QTR, STM32U5A9BJY6QTR, STM32U5A9J-DK, STM32U5A9NJH6Q, STM32U5A9VJT6Q, STM32U5A9ZJT6Q, STM32U5A9ZJY6QTR, STM32U5F7VIT6, STM32U5F7VIT6Q, STM32U5F7VJT6, STM32U5F7VJT6Q, STM32U5F9BJY6QTR, STM32U5F9NJH6Q, STM32U5F9VIT6Q, STM32U5F9VJT6Q, STM32U5F9ZIJ6QTR, STM32U5F9ZIT6Q, STM32U5F9ZJJ6QTR, STM32U5F9ZJT6Q, STM32U5G7VJT6, STM32U5G7VJT6Q, STM32U5G9BJY6QTR, STM32U5G9J-DK1, STM32U5G9J-DK2, STM32U5G9NJH6Q, STM32U5G9VJT6Q, STM32U5G9ZJJ6QTR, STM32U5G9ZJT6Q, STM32WB1MMCH6, STM32WBA52CEU6, STM32WBA52CEU6T, STM32WBA52CGU6, STM32WBA52CGU6T, STM32WBA52KEU6, STM32WBA52KEU6T, STM32WBA52KGU6, STM32WBA52KGU6T, STM32WL5MOCH6, STM32WL5MOCH6TR]
2023-08-28 08:31:33,259 [INFO] BoardInfo:880 - No configuration file found for board P-NUCLEO-WB55
2023-08-28 08:31:33,259 [INFO] DbBoards:157 - Kit is not supported: P-NUCLEO-WB55
2023-08-28 08:31:33,266 [INFO] BoardInfo:880 - No configuration file found for board STEVAL-BFA001V1B
2023-08-28 08:31:33,266 [INFO] DbBoards:157 - Kit is not supported: STEVAL-BFA001V1B
2023-08-28 08:31:33,267 [INFO] BoardInfo:880 - No configuration file found for board STEVAL-BFA001V2B
2023-08-28 08:31:33,268 [INFO] DbBoards:157 - Kit is not supported: STEVAL-BFA001V2B
2023-08-28 08:31:33,464 [INFO] DbBoards:161 - Found 190 boards, 187 are supported
2023-08-28 08:31:33,467 [INFO] ApiDb:668 - CubeFinder database Data Model version=2.1
2023-08-28 08:31:33,467 [INFO] ApiDb:669 - CubeFinder database Configuration version=3.0.37
2023-08-28 08:31:33,467 [INFO] ApiDb:670 - CubeFinder database generation date=2023-08-09 (1691586011)
2023-08-28 08:31:33,467 [INFO] ApiDb:671 - CubeFinder database FW Pack versions=[FP-ATR-ASTRA1_V2.0.0, FP-SNS-FLIGHT1_V5.0.1, FP-SNS-FLIGHT1_V5.0.2, FP-SNS-MOTENV1_V4.3.1, FP-SNS-MOTENV1_V4.3.2, STM32Cube_FW_C0_V1.1.0, STM32Cube_FW_F4_V1.27.1, STM32Cube_FW_F7_V1.17.0, STM32Cube_FW_G0_V1.6.1, STM32Cube_FW_G4_V1.5.1, STM32Cube_FW_H5_V0.5.1, STM32Cube_FW_H5_V1.1.0, STM32Cube_FW_H7_V1.11.0, STM32Cube_FW_L0_V1.12.2, STM32Cube_FW_L5_V1.5.0, STM32Cube_FW_U5_V1.3.0, STM32Cube_FW_U5_V1.3.0RC4, STM32Cube_FW_WBA_V1.0.0RC1, STM32Cube_FW_WBA_V1.1.0, STM32Cube_FW_WBA_V1.1.0RC1, STM32Cube_FW_WB_V1.15.0RC1, STM32Cube_FW_WB_V1.16.0, STM32Cube_FW_WB_V1.16.0RC2, STM32Cube_FW_WB_V1.17.0, STM32Cube_FW_WL_V1.3.0, X-CUBE-ALGOBUILD_V1.3.0, X-CUBE-ALS_V1.0.1, X-CUBE-AZRTOS-F4_V1.1.0, X-CUBE-AZRTOS-F7_V1.1.0, X-CUBE-AZRTOS-G0_V1.1.0, X-CUBE-AZRTOS-G4_V2.0.0, X-CUBE-AZRTOS-H7_V3.1.0, X-CUBE-AZRTOS-L4_V1.0.0, X-CUBE-AZRTOS-L4_V2.0.0, X-CUBE-AZRTOS-L5_V1.1.0, X-CUBE-AZRTOS-WB_V1.1.0, X-CUBE-AZRTOS-WL_V2.0.0, X-CUBE-BLE1_V7.0.0, X-CUBE-BLE2_V3.3.0, X-CUBE-BLEMGR_V2.0.0, X-CUBE-EEPRMA1_V4.1.0, X-CUBE-FREERTOS_V1.1.0, X-CUBE-GNSS1_V6.0.0, X-CUBE-MEMS1_V9.1.0, X-CUBE-MEMS1_V9.4.0, X-CUBE-MEMS1_V9.6.0, X-CUBE-NFC4_V3.0.0, X-CUBE-NFC7_V1.0.0, X-CUBE-SFXS2LP1_V4.0.0, X-CUBE-SUBG2_V5.0.0, X-CUBE-TOF1_V3.3.1]
2023-08-28 08:31:35,819 [INFO] ApiDb:240 - Found 323 in-development CPN: [B-G473E-ZEST1S, B-WB1M-WPAN1, B-WL5M-SUBG1, NUCLEO-C031C6, NUCLEO-H503RB, NUCLEO-H563ZI, NUCLEO-U545RE-Q, NUCLEO-U5A5ZJ-Q, NUCLEO-WBA52CG, STEVAL-PROTEUS1, STEVAL-SMARTAG2, STEVAL-STWINBX1, STM320518-EVAL, STM32C0116-DK, STM32C011D6Y3TR, STM32C011D6Y6TR, STM32C011F4P3, STM32C011F4P6, STM32C011F4U3, STM32C011F4U6TR, STM32C011F6P3, STM32C011F6P6, STM32C011F6U3, STM32C011F6U6TR, STM32C011J4M3, STM32C011J4M6, STM32C011J6M3, STM32C011J6M6, STM32C0316-DK, STM32C031C4T3, STM32C031C4T6, STM32C031C4U3, STM32C031C4U6, STM32C031C6T3, STM32C031C6T6, STM32C031C6U3, STM32C031C6U6, STM32C031F4P3, STM32C031F4P6, STM32C031F6P3, STM32C031F6P6, STM32C031G4U3, STM32C031G4U6, STM32C031G6U3, STM32C031G6U6, STM32C031K4T3, STM32C031K4T6, STM32C031K4U3, STM32C031K4U6, STM32C031K6T3, STM32C031K6T6, STM32C031K6U3, STM32C031K6U6, STM32G071K8TXN, STM32G071K8UXN, STM32G081GBU6N, STM32G081KBT6N, STM32G081KBUXN, STM32G0B1CCT6N, STM32G0B1KCT6, STM32G0B1NEY6TR, STM32G0B1RCT6N, STM32G0C1CCT6, STM32G0C1CCT6N, STM32G0C1CCU6N, STM32G0C1CET6N, STM32G0C1CEU6N, STM32G0C1KCT6, STM32G0C1NEY6TR, STM32G0C1RCI6N, STM32G0C1RCT6N, STM32G0C1REI6N, STM32G0C1RET6N, STM32G0C1VCI6, STM32G0C1VEI6, STM32G471CCT6, STM32G471CCU6, STM32G471CET3, STM32G471CET6, STM32G471CEU3, STM32G471CEU6, STM32G471MCT6, STM32G471MET3, STM32G471MET6, STM32G471MEY6TR, STM32G471QCT6, STM32G471QET3, STM32G471RCT6, STM32G471RET3, STM32G471RET6, STM32G471VCH6, STM32G471VCI6, STM32G471VCT6, STM32G471VEH3, STM32G471VEH6, STM32G471VEI3, STM32G471VEI6, STM32G471VET3, STM32G471VET6, STM32G474CCT6, STM32H503CBT6, STM32H503CBU6, STM32H503EBY6TR, STM32H503KBU6, STM32H503RBT6, STM32H562AGI6, STM32H562AII6, STM32H562IGK6, STM32H562IGT6, STM32H562IIK6, STM32H562IIT6, STM32H562RGT6, STM32H562RGV6, STM32H562RIT6, STM32H562RIV6, STM32H562VGT6, STM32H562VIT6, STM32H562ZGT6, STM32H562ZIT6, STM32H563AGI6, STM32H563AII3Q, STM32H563AII6, STM32H563IGK6, STM32H563IGT6, STM32H563IIK3Q, STM32H563IIK6, STM32H563IIT3Q, STM32H563IIT6, STM32H563MIY3QTR, STM32H563RGT6, STM32H563RGV6, STM32H563RIT6, STM32H563RIV6, STM32H563VGT6, STM32H563VIT3Q, STM32H563VIT6, STM32H563ZGT6, STM32H563ZIT3Q, STM32H563ZIT6, STM32H573AII3Q, STM32H573AII6, STM32H573I-DK, STM32H573IIK3Q, STM32H573IIK6, STM32H573IIT3Q, STM32H573IIT6, STM32H573MIY3QTR, STM32H573RIT6, STM32H573RIV6, STM32H573VIT3Q, STM32H573VIT6, STM32H573ZIT3Q, STM32H573ZIT6, STM32L4R5QGI6STR, STM32MP131AAE3, STM32MP131AAF3, STM32MP131AAG3, STM32MP131CAE3, STM32MP131CAF3, STM32MP131CAG3, STM32MP131DAE7, STM32MP131DAF7, STM32MP131DAG7, STM32MP131FAE7, STM32MP131FAF7, STM32MP131FAG7, STM32MP133AAE3, STM32MP133AAF3, STM32MP133AAG3, STM32MP133CAE3, STM32MP133CAF3, STM32MP133CAG3, STM32MP133DAE7, STM32MP133DAF7, STM32MP133DAG7, STM32MP133FAE7, STM32MP133FAF7, STM32MP133FAG7, STM32MP135AAE3, STM32MP135AAF3, STM32MP135AAG3, STM32MP135CAE3, STM32MP135CAF3, STM32MP135CAG3, STM32MP135DAE7, STM32MP135DAF7, STM32MP135DAG7, STM32MP135F-DK, STM32MP135FAE7, STM32MP135FAF7, STM32MP135FAF7T, STM32MP135FAF7U, STM32MP135FAG7, STM32U535CBT6, STM32U535CBT6Q, STM32U535CBU6, STM32U535CBU6Q, STM32U535CCT6, STM32U535CCT6Q, STM32U535CCU6, STM32U535CCU6Q, STM32U535CET6, STM32U535CET6Q, STM32U535CEU6, STM32U535CEU6Q, STM32U535JEY6QTR, STM32U535NCY6QTR, STM32U535NEY6QTR, STM32U535RBI6, STM32U535RBI6Q, STM32U535RBT6, STM32U535RBT6Q, STM32U535RCI6, STM32U535RCI6Q, STM32U535RCT6, STM32U535RCT6Q, STM32U535REI6, STM32U535REI6Q, STM32U535RET6, STM32U535RET6Q, STM32U535VCI6, STM32U535VCI6Q, STM32U535VCT6, STM32U535VCT6Q, STM32U535VEI6, STM32U535VEI6Q, STM32U535VET6, STM32U535VET6Q, STM32U545CET6, STM32U545CET6Q, STM32U545CEU6, STM32U545CEU6Q, STM32U545JEY6QTR, STM32U545NEY6QTR, STM32U545REI6, STM32U545REI6Q, STM32U545RET6, STM32U545RET6Q, STM32U545VEI6, STM32U545VEI6Q, STM32U545VET6, STM32U545VET6Q, STM32U595AIH6, STM32U595AIH6Q, STM32U595AJH6, STM32U595AJH6Q, STM32U595QII6, STM32U595QII6Q, STM32U595QJI6, STM32U595QJI6Q, STM32U595RIT6, STM32U595RIT6Q, STM32U595RJT6, STM32U595RJT6Q, STM32U595VIT6, STM32U595VIT6Q, STM32U595VJT6, STM32U595VJT6Q, STM32U595ZIT6, STM32U595ZIT6Q, STM32U595ZIY6QTR, STM32U595ZJT6, STM32U595ZJT6Q, STM32U595ZJY6QTR, STM32U599BJY6QTR, STM32U599NIH6Q, STM32U599NJH6Q, STM32U599VIT6Q, STM32U599VJT6, STM32U599VJT6Q, STM32U599ZIT6Q, STM32U599ZIY6QTR, STM32U599ZJT6Q, STM32U599ZJY6QTR, STM32U5A5AJH6, STM32U5A5AJH6Q, STM32U5A5QJI6, STM32U5A5QJI6Q, STM32U5A5RJT6, STM32U5A5RJT6Q, STM32U5A5VJT6, STM32U5A5VJT6Q, STM32U5A5ZJT6, STM32U5A5ZJT6Q, STM32U5A5ZJY6QTR, STM32U5A9BJY6QTR, STM32U5A9J-DK, STM32U5A9NJH6Q, STM32U5A9VJT6Q, STM32U5A9ZJT6Q, STM32U5A9ZJY6QTR, STM32U5F7VIT6, STM32U5F7VIT6Q, STM32U5F7VJT6, STM32U5F7VJT6Q, STM32U5F9BJY6QTR, STM32U5F9NJH6Q, STM32U5F9VIT6Q, STM32U5F9VJT6Q, STM32U5F9ZIJ6QTR, STM32U5F9ZIT6Q, STM32U5F9ZJJ6QTR, STM32U5F9ZJT6Q, STM32U5G7VJT6, STM32U5G7VJT6Q, STM32U5G9BJY6QTR, STM32U5G9J-DK1, STM32U5G9J-DK2, STM32U5G9NJH6Q, STM32U5G9VJT6Q, STM32U5G9ZJJ6QTR, STM32U5G9ZJT6Q, STM32WB1MMCH6, STM32WBA52CEU6, STM32WBA52CEU6T, STM32WBA52CGU6, STM32WBA52CGU6T, STM32WBA52KEU6, STM32WBA52KEU6T, STM32WBA52KGU6, STM32WBA52KGU6T, STM32WL5MOCH6, STM32WL5MOCH6TR]
2023-08-28 08:31:35,826 [INFO] DbMcus:217 - Found 3848 MCUs, 3848 are supported
2023-08-28 08:31:35,828 [INFO] ApiDb:423 - Load user favorites file C:\Users\mcnex/.stm32cubeide/favorites.mcus.txt: 0 item(s)
2023-08-28 08:31:35,828 [INFO] ApiDb:427 - User favorites MCUs=[]
2023-08-28 08:31:35,828 [INFO] DbMcus:223 - Set 0 / 0 favorites MCUs
2023-08-28 08:31:36,123 [INFO] ApiDb:423 - Load user favorites file C:\Users\mcnex/.stm32cubeide/favorites.boards.txt: 0 item(s)
2023-08-28 08:31:36,123 [INFO] ApiDb:427 - User favorites Boards=[]
2023-08-28 08:31:36,123 [INFO] DbBoards:190 - Set 0 / 0 favorites Boards
2023-08-28 08:31:36,124 [INFO] McuFinderGlobals:76 - Set McuFinderConnectedMode to true
2023-08-28 08:31:36,134 [INFO] MultiScanPanel:200 - Auto-refresh data requested => check proxy status ongoing
2023-08-28 08:31:36,138 [INFO] FinderPluginLoader:95 - Searching for filters in installed packs
2023-08-28 08:31:38,619 [INFO] LoadUrlFilesThread:185 - End of LoadServerUrlFiles without Thread
2023-08-28 08:31:38,679 [INFO] DetailPanel:341 - Set advertising image to C:/Users/mcnex/STM32Cube/Repository/\en.prom-stm32h5-mcu-finder.jpg
2023-08-28 08:32:45,918 [INFO] MainUpdater:2868 - connection check result : 10
2023-08-28 08:32:45,918 [INFO] MainUpdater:2868 - connection check result : 10
2023-08-28 08:32:45,953 [INFO] MicroXplorer:468 - Change Database Path : 
2023-08-28 08:32:45,953 [INFO] MicroXplorer:498 - Change Database Version : DB.6.0.91
2023-08-28 08:32:45,960 [WARN] ThirdParty:871 - waiting for thirdparty lock release [close project]
2023-08-28 08:32:45,960 [INFO] ThirdParty:873 - entering critical section [close project]
2023-08-28 08:32:45,964 [INFO] ThirdParty:883 - exiting critical section [close project]
2023-08-28 08:32:45,966 [INFO] PinOutPanel:1499 - setPackage(No Configuration,No Configuration)
2023-08-28 08:32:45,981 [INFO] UtilMem:75 - Begin LoadConfig() Used Memory: 470372904 Bytes (840957952)
2023-08-28 08:32:45,983 [INFO] MicroXplorer:468 - Change Database Path : 
2023-08-28 08:32:45,983 [INFO] MicroXplorer:498 - Change Database Version : DB.6.0.91
2023-08-28 08:32:45,983 [INFO] OpenFileManager:308 - Change cursor
2023-08-28 08:32:46,118 [INFO] Mcu:1946 - Initializing MCU STM32F103C8Tx STM32F103C8Tx STM32F103C8T6
2023-08-28 08:32:47,926 [INFO] Context:659 - Trying to add GPIOservice into a context  which must be forbidden
2023-08-28 08:32:48,367 [INFO] ImportTextPane:194 - (OptionalMessage_ERROR) Unable to find key (Mcu.ThirdPartyNb) in loaded IOC file
2023-08-28 08:32:48,368 [INFO] ImportTextPane:194 - (OptionalMessage_ERROR) Unable to find key (Mcu.PinsNb) in loaded IOC file
2023-08-28 08:32:48,368 [INFO] ImportTextPane:194 - (OptionalMessage_ERROR) Unable to find key (Mcu.IPNb) in loaded IOC file
2023-08-28 08:32:48,793 [INFO] RtosManager:555 - Registered RTOS mode: class=CMSIS, group=RTOS, mode=CMSIS_V1, owner=FREERTOS
2023-08-28 08:32:48,794 [INFO] RtosManager:555 - Registered RTOS mode: class=CMSIS, group=RTOS2, mode=CMSIS_V2, owner=FREERTOS
2023-08-28 08:32:48,794 [INFO] RtosManager:555 - Registered RTOS mode: class=RTOS, group=Core, mode=CMSIS_V1, owner=FREERTOS
2023-08-28 08:32:48,794 [INFO] RtosManager:555 - Registered RTOS mode: class=RTOS, group=Core, mode=CMSIS_V2, owner=FREERTOS
2023-08-28 08:32:48,794 [WARN] ModelIntegratedComponent:184 - Missing modes for component STMicroelectronics:FreeRTOS:0.0.1:STMicroelectronics:RTOS:FreeRTOS:Core:::10.2.0:
2023-08-28 08:32:48,824 [WARN] ModelIntegratedComponent:63 - No mode defined for component null
2023-08-28 08:32:48,824 [WARN] ModelIntegratedComponent:63 - No mode defined for component null
2023-08-28 08:32:48,824 [WARN] ModelIntegratedComponent:63 - No mode defined for component null
2023-08-28 08:32:48,824 [WARN] ModelIntegratedComponent:63 - No mode defined for component null
2023-08-28 08:32:48,824 [WARN] ModelIntegratedComponent:63 - No mode defined for component null
2023-08-28 08:32:48,824 [WARN] ModelIntegratedComponent:63 - No mode defined for component null
2023-08-28 08:32:48,824 [WARN] ModelIntegratedComponent:63 - No mode defined for component null
2023-08-28 08:32:48,825 [WARN] ModelIntegratedComponent:63 - No mode defined for component null
2023-08-28 08:32:48,825 [WARN] ModelIntegratedComponent:63 - No mode defined for component null
2023-08-28 08:32:48,825 [WARN] ModelIntegratedComponent:63 - No mode defined for component null
2023-08-28 08:32:48,825 [WARN] ModelIntegratedComponent:63 - No mode defined for component null
2023-08-28 08:32:48,825 [WARN] ModelIntegratedComponent:63 - No mode defined for component null
2023-08-28 08:32:48,825 [WARN] ModelIntegratedComponent:63 - No mode defined for component null
2023-08-28 08:32:48,825 [WARN] ModelIntegratedComponent:63 - No mode defined for component null
2023-08-28 08:32:48,825 [WARN] ModelIntegratedComponent:63 - No mode defined for component null
2023-08-28 08:32:48,825 [WARN] ModelIntegratedComponent:63 - No mode defined for component null
2023-08-28 08:32:48,825 [WARN] ModelIntegratedComponent:63 - No mode defined for component null
2023-08-28 08:32:48,825 [WARN] ModelIntegratedComponent:63 - No mode defined for component null
2023-08-28 08:32:48,825 [WARN] ModelIntegratedComponent:63 - No mode defined for component null
2023-08-28 08:32:48,825 [WARN] ModelIntegratedComponent:63 - No mode defined for component null
2023-08-28 08:32:48,826 [WARN] ModelIntegratedComponent:63 - No mode defined for component null
2023-08-28 08:32:48,826 [WARN] ModelIntegratedComponent:63 - No mode defined for component null
2023-08-28 08:32:48,826 [WARN] ModelIntegratedComponent:63 - No mode defined for component null
2023-08-28 08:32:48,826 [WARN] ModelIntegratedComponent:63 - No mode defined for component null
2023-08-28 08:32:48,826 [WARN] ModelIntegratedComponent:63 - No mode defined for component null
2023-08-28 08:32:48,826 [WARN] ModelIntegratedComponent:63 - No mode defined for component null
2023-08-28 08:32:48,826 [WARN] ModelIntegratedComponent:63 - No mode defined for component null
2023-08-28 08:32:48,826 [WARN] ModelIntegratedComponent:63 - No mode defined for component null
2023-08-28 08:32:48,826 [WARN] ModelIntegratedComponent:63 - No mode defined for component null
2023-08-28 08:32:48,826 [WARN] ModelIntegratedComponent:63 - No mode defined for component null
2023-08-28 08:32:48,826 [WARN] ModelIntegratedComponent:63 - No mode defined for component null
2023-08-28 08:32:48,826 [WARN] ModelIntegratedComponent:63 - No mode defined for component null
2023-08-28 08:32:48,827 [WARN] ModelIntegratedComponent:63 - No mode defined for component null
2023-08-28 08:32:48,852 [INFO] ThirdPartyModel:298 - Start build external matchings
2023-08-28 08:32:49,331 [INFO] ThirdPartyModel:316 - End build external matchings
2023-08-28 08:32:49,680 [INFO] UtilMem:75 - End LoadConfig() Used Memory: 532781480 Bytes (840957952)
2023-08-28 08:32:49,755 [WARN] ThirdParty:833 - waiting for thirdparty lock release [change project]
2023-08-28 08:32:49,757 [INFO] ThirdParty:835 - entering critical section [change project]
2023-08-28 08:32:49,757 [INFO] ThirdParty:1030 - CMSIS Pack Vendor :STMicroelectronics X-CUBE-ISPU 1.1.0
2023-08-28 08:32:49,757 [INFO] ThirdParty:1030 - CMSIS Pack Vendor :STMicroelectronics USBPD 4.1
2023-08-28 08:32:49,757 [INFO] ThirdParty:1030 - CMSIS Pack Vendor :STMicroelectronics X-CUBE-GNSS1 6.0.0
2023-08-28 08:32:49,757 [INFO] ThirdParty:1030 - CMSIS Pack Vendor :STMicroelectronics USB_HOST 2.0.0
2023-08-28 08:32:49,757 [INFO] ThirdParty:1030 - CMSIS Pack Vendor :STMicroelectronics X-CUBE-AZRTOS-F4 1.1.0
2023-08-28 08:32:49,757 [INFO] ThirdParty:1030 - CMSIS Pack Vendor :STMicroelectronics LIBJPEG 8.0.0
2023-08-28 08:32:49,758 [INFO] ThirdParty:1030 - CMSIS Pack Vendor :wolfSSL I-CUBE-wolfSSL 5.6.3
2023-08-28 08:32:49,758 [INFO] ThirdParty:1030 - CMSIS Pack Vendor :STMicroelectronics X-CUBE-SMBUS 2.1.0
2023-08-28 08:32:49,758 [INFO] ThirdParty:1030 - CMSIS Pack Vendor :STMicroelectronics USB_DEVICE 3.0.0
2023-08-28 08:32:49,758 [INFO] ThirdParty:1030 - CMSIS Pack Vendor :STMicroelectronics X-CUBE-AZRTOS-WB 2.0.0
2023-08-28 08:32:49,758 [INFO] ThirdParty:1030 - CMSIS Pack Vendor :STMicroelectronics X-CUBE-AZRTOS-F7 1.1.0
2023-08-28 08:32:49,758 [INFO] ThirdParty:1030 - CMSIS Pack Vendor :STMicroelectronics X-CUBE-AZRTOS-L5 2.0.0
2023-08-28 08:32:49,758 [INFO] ThirdParty:1030 - CMSIS Pack Vendor :STMicroelectronics USB_DEVICE 2.0.0
2023-08-28 08:32:49,758 [INFO] ThirdParty:1030 - CMSIS Pack Vendor :STMicroelectronics X-CUBE-MEMS1 9.6.0
2023-08-28 08:32:49,758 [INFO] ThirdParty:1030 - CMSIS Pack Vendor :STMicroelectronics FP-SNS-MOTENV1 4.3.2
2023-08-28 08:32:49,758 [INFO] ThirdParty:1030 - CMSIS Pack Vendor :STMicroelectronics X-CUBE-ALGOBUILD 1.3.0
2023-08-28 08:32:49,758 [INFO] ThirdParty:1030 - CMSIS Pack Vendor :STMicroelectronics FreeRTOS 0.0.1
2023-08-28 08:32:49,758 [INFO] ThirdParty:1030 - CMSIS Pack Vendor :STMicroelectronics X-CUBE-AZRTOS-G0 1.1.0
2023-08-28 08:32:49,759 [INFO] ThirdParty:1030 - CMSIS Pack Vendor :STMicroelectronics X-CUBE-BLEMGR 2.0.0
2023-08-28 08:32:49,759 [INFO] ThirdParty:1030 - CMSIS Pack Vendor :STMicroelectronics X-CUBE-NFC4 3.0.0
2023-08-28 08:32:49,759 [INFO] ThirdParty:1030 - CMSIS Pack Vendor :STMicroelectronics X-CUBE-SUBG2 5.0.0
2023-08-28 08:32:49,759 [INFO] ThirdParty:1030 - CMSIS Pack Vendor :STMicroelectronics STM32_WPAN 1.0.0
2023-08-28 08:32:49,759 [INFO] ThirdParty:1030 - CMSIS Pack Vendor :STMicroelectronics lwIP 2.0.3
2023-08-28 08:32:49,759 [INFO] ThirdParty:1030 - CMSIS Pack Vendor :STMicroelectronics FP-SNS-FLIGHT1 5.0.2
2023-08-28 08:32:49,759 [INFO] ThirdParty:1030 - CMSIS Pack Vendor :STMicroelectronics USB_HOST 1.0.0
2023-08-28 08:32:49,760 [INFO] ThirdParty:1030 - CMSIS Pack Vendor :STMicroelectronics X-CUBE-TOF1 3.3.1
2023-08-28 08:32:49,760 [INFO] ThirdParty:1030 - CMSIS Pack Vendor :STMicroelectronics X-CUBE-AZRTOS-G4 2.0.0
2023-08-28 08:32:49,760 [INFO] ThirdParty:1030 - CMSIS Pack Vendor :STMicroelectronics PDM2PCM 3.1.0
2023-08-28 08:32:49,760 [INFO] ThirdParty:1030 - CMSIS Pack Vendor :STMicroelectronics X-CUBE-AZRTOS-H7 3.1.0
2023-08-28 08:32:49,761 [INFO] ThirdParty:1030 - CMSIS Pack Vendor :STMicroelectronics PDM2PCM 3.3.0
2023-08-28 08:32:49,761 [INFO] ThirdParty:1030 - CMSIS Pack Vendor :STMicroelectronics X-CUBE-DISPLAY 3.0.0
2023-08-28 08:32:49,761 [INFO] ThirdParty:1030 - CMSIS Pack Vendor :STMicroelectronics X-CUBE-BLE1 7.0.0
2023-08-28 08:32:49,761 [INFO] ThirdParty:1030 - CMSIS Pack Vendor :STMicroelectronics FP-ATR-SIGFOX1 3.2.0
2023-08-28 08:32:49,761 [INFO] ThirdParty:1030 - CMSIS Pack Vendor :STMicroelectronics HAL Drivers 0.0.0
2023-08-28 08:32:49,761 [INFO] ThirdParty:1030 - CMSIS Pack Vendor :STMicroelectronics MBEDTLS 2.16.2
2023-08-28 08:32:49,762 [INFO] ThirdParty:1030 - CMSIS Pack Vendor :emotas I-CUBE-CANOPEN 1.3.0
2023-08-28 08:32:49,762 [INFO] ThirdParty:1030 - CMSIS Pack Vendor :STMicroelectronics X-CUBE-FREERTOS 1.1.0
2023-08-28 08:32:49,762 [INFO] ThirdParty:1030 - CMSIS Pack Vendor :STMicroelectronics X-CUBE-TOUCHGFX 4.22.0
2023-08-28 08:32:49,762 [INFO] ThirdParty:1030 - CMSIS Pack Vendor :STMicroelectronics X-CUBE-NFC7 1.0.1
2023-08-28 08:32:49,764 [INFO] ThirdParty:1030 - CMSIS Pack Vendor :STMicroelectronics MBEDTLS 2.14.1
2023-08-28 08:32:49,767 [INFO] ThirdParty:1030 - CMSIS Pack Vendor :STMicroelectronics X-CUBE-EEPRMA1 4.1.0
2023-08-28 08:32:49,768 [INFO] ThirdParty:1030 - CMSIS Pack Vendor :STMicroelectronics X-CUBE-ALS 1.0.1
2023-08-28 08:32:49,771 [INFO] ThirdParty:1030 - CMSIS Pack Vendor :STMicroelectronics ThreadX 1.0.0
2023-08-28 08:32:49,771 [INFO] ThirdParty:1030 - CMSIS Pack Vendor :STMicroelectronics X-CUBE-AZRTOS-WL 2.0.0
2023-08-28 08:32:49,771 [INFO] ThirdParty:1030 - CMSIS Pack Vendor :SEGGER I-CUBE-embOS 1.3.1
2023-08-28 08:32:49,771 [INFO] ThirdParty:1030 - CMSIS Pack Vendor :STMicroelectronics USB_DEVICE 1.0.0
2023-08-28 08:32:49,772 [INFO] ThirdParty:1030 - CMSIS Pack Vendor :STMicroelectronics X-CUBE-AI 8.1.0
2023-08-28 08:32:49,772 [INFO] ThirdParty:1030 - CMSIS Pack Vendor :STMicroelectronics X-CUBE-AZRTOS-L4 2.0.0
2023-08-28 08:32:49,772 [INFO] ThirdParty:1030 - CMSIS Pack Vendor :STMicroelectronics ThreadX 0.0.2
2023-08-28 08:32:49,772 [INFO] ThirdParty:1030 - CMSIS Pack Vendor :STMicroelectronics FP-ATR-ASTRA1 2.0.0
2023-08-28 08:32:49,772 [INFO] ThirdParty:1030 - CMSIS Pack Vendor :STMicroelectronics lwIP 2.1.2
2023-08-28 08:32:49,772 [INFO] ThirdParty:1030 - CMSIS Pack Vendor :STMicroelectronics X-CUBE-SFXS2LP1 4.0.0
2023-08-28 08:32:49,772 [INFO] ThirdParty:1030 - CMSIS Pack Vendor :STMicroelectronics X-CUBE-BLE2 3.3.0
2023-08-28 08:32:49,772 [INFO] ThirdParty:1030 - CMSIS Pack Vendor :STMicroelectronics PDM2PCM 3.2.0
2023-08-28 08:32:49,772 [INFO] ThirdParty:841 - exiting critical section [change project]
2023-08-28 08:32:50,429 [INFO] PinOutPanel:1499 - setPackage(No Configuration,No Configuration)
2023-08-28 08:32:50,430 [INFO] PinOutPanel:1499 - setPackage(STM32F103C8Tx,LQFP48)
2023-08-28 08:32:51,994 [INFO] UtilMem:75 - Before build in PCC Used Memory: 659999224 Bytes (969932800)
2023-08-28 08:32:53,961 [INFO] UtilMem:75 - After build in PCC Used Memory: 556138488 Bytes (969932800)
2023-08-28 08:32:54,000 [INFO] IPUIPlugin:80 - create IPUIPlugin
2023-08-28 08:32:54,000 [INFO] IPUIPlugin:80 - create IPUIPlugin
2023-08-28 08:32:54,000 [INFO] IPUIPlugin:80 - create IPUIPlugin
2023-08-28 08:32:54,000 [INFO] IPUIPlugin:80 - create IPUIPlugin
2023-08-28 08:32:54,001 [INFO] IPUIPlugin:80 - create IPUIPlugin
2023-08-28 08:32:54,001 [INFO] IPUIPlugin:80 - create IPUIPlugin
2023-08-28 08:32:54,001 [INFO] IPUIPlugin:80 - create IPUIPlugin
2023-08-28 08:32:54,001 [INFO] IPUIPlugin:80 - create IPUIPlugin
2023-08-28 08:32:54,001 [INFO] IPUIPlugin:80 - create IPUIPlugin
2023-08-28 08:32:54,001 [INFO] IPUIPlugin:80 - create IPUIPlugin
2023-08-28 08:32:54,002 [INFO] IPUIPlugin:80 - create IPUIPlugin
2023-08-28 08:32:54,002 [INFO] IPUIPlugin:80 - create IPUIPlugin
2023-08-28 08:32:54,003 [INFO] IPUIPlugin:80 - create IPUIPlugin
2023-08-28 08:32:54,003 [INFO] IPUIPlugin:80 - create IPUIPlugin
2023-08-28 08:32:54,003 [INFO] IPUIPlugin:80 - create IPUIPlugin
2023-08-28 08:32:54,004 [INFO] IPUIPlugin:80 - create IPUIPlugin
2023-08-28 08:32:54,004 [INFO] IPUIPlugin:80 - create IPUIPlugin
2023-08-28 08:32:54,004 [INFO] IPUIPlugin:80 - create IPUIPlugin
2023-08-28 08:32:54,005 [INFO] IPUIPlugin:80 - create IPUIPlugin
2023-08-28 08:32:54,005 [INFO] IPUIPlugin:80 - create IPUIPlugin
2023-08-28 08:32:54,006 [INFO] IPUIPlugin:80 - create IPUIPlugin
2023-08-28 08:32:54,006 [INFO] IPUIPlugin:80 - create IPUIPlugin
2023-08-28 08:32:54,007 [INFO] IPUIPlugin:80 - create IPUIPlugin
2023-08-28 08:32:54,007 [INFO] IPUIPlugin:80 - create IPUIPlugin
2023-08-28 08:32:54,008 [INFO] IPUIPlugin:80 - create IPUIPlugin
2023-08-28 08:32:54,008 [INFO] IPUIPlugin:80 - create IPUIPlugin
2023-08-28 08:32:54,009 [INFO] IPUIPlugin:80 - create IPUIPlugin
2023-08-28 08:32:54,303 [INFO] CADModel:165 - CPN selected for project levelSTM32F103C8T6
2023-08-28 08:32:54,303 [INFO] CADModel:114 - Register for checkConnection events
2023-08-28 08:32:54,353 [INFO] OpenFileManager:328 - Restore cursor
2023-08-28 08:32:57,330 [INFO] UtilMem:75 - End SaveConfig() Used Memory: 632684536 Bytes (969932800)
2023-08-28 08:32:57,428 [INFO] UtilMem:75 - End SaveConfig() Used Memory: 644218872 Bytes (969932800)
2023-08-28 08:32:58,033 [INFO] BlockDiagram:2759 - set Specific Code input for plugin: NVIC
2023-08-28 08:32:58,033 [INFO] BlockDiagram:2759 - set Specific Code input for plugin: RCC
2023-08-28 08:32:58,034 [INFO] CodeGenerator:799 - code generatio: config db path: C:\ST\STM32CubeIDE_1.13.1\STM32CubeIDE\plugins\com.st.stm32cube.common.mx_6.9.1.202307191849\\db\
2023-08-28 08:32:58,529 [INFO] CodeEngine:255 - oldGeneratedFile, D:\STM32_Project\i2c_project\MXTmpFiles\license.tmp_save
2023-08-28 08:32:59,106 [INFO] CodeEngine:279 - Generated code: D:\STM32_Project\i2c_project\MXTmpFiles\license.tmp
2023-08-28 08:32:59,158 [INFO] CodeEngine:255 - oldGeneratedFile, D:\STM32_Project\i2c_project\Core\Src\stm32f1xx_it.c_save
2023-08-28 08:32:59,475 [INFO] CodeEngine:279 - Generated code: D:\STM32_Project\i2c_project\Core\Src\stm32f1xx_it.c
2023-08-28 08:32:59,491 [INFO] CodeEngine:255 - oldGeneratedFile, D:\STM32_Project\i2c_project\Core\Inc\stm32f1xx_it.h_save
2023-08-28 08:32:59,651 [INFO] CodeEngine:279 - Generated code: D:\STM32_Project\i2c_project\Core\Inc\stm32f1xx_it.h
2023-08-28 08:32:59,919 [INFO] CodeEngine:255 - oldGeneratedFile, D:\STM32_Project\i2c_project\Core\Src\stm32f1xx_hal_msp.c_save
2023-08-28 08:33:00,321 [INFO] CodeEngine:279 - Generated code: D:\STM32_Project\i2c_project\Core\Src\stm32f1xx_hal_msp.c
2023-08-28 08:33:00,340 [INFO] CodeEngine:255 - oldGeneratedFile, D:\STM32_Project\i2c_project\MXTmpFiles\system.tmp_save
2023-08-28 08:33:00,468 [INFO] CodeEngine:279 - Generated code: D:\STM32_Project\i2c_project\MXTmpFiles\system.tmp
2023-08-28 08:33:00,495 [INFO] CodeEngine:311 - oldGeneratedFile, D:\STM32_Project\i2c_project\Core\Inc\stm32f1xx_hal_conf.h_save
2023-08-28 08:33:00,716 [INFO] CodeEngine:335 - Generated code: D:\STM32_Project\i2c_project\Core\Inc\stm32f1xx_hal_conf.h
2023-08-28 08:33:00,849 [INFO] CodeEngine:255 - oldGeneratedFile, D:\STM32_Project\i2c_project\Core\Inc\main.h_save
2023-08-28 08:33:01,050 [INFO] CodeEngine:279 - Generated code: D:\STM32_Project\i2c_project\Core\Inc\main.h
2023-08-28 08:33:01,069 [INFO] CodeEngine:255 - oldGeneratedFile, D:\STM32_Project\i2c_project\Core\Src\main.c_save
2023-08-28 08:33:01,337 [INFO] CodeEngine:279 - Generated code: D:\STM32_Project\i2c_project\Core\Src\main.c
2023-08-28 08:33:02,146 [INFO] ProjectBuilder:3064 - Time for Copy HAL[1] : 154mS.
2023-08-28 08:33:02,152 [INFO] ProjectBuilder:4404 - Project Generator version: 4.1.0
2023-08-28 08:33:02,806 [INFO] ConfigFileManager:1457 - The Die is : DIE410
2023-08-28 08:33:02,850 [INFO] ApiDbMcu:507 - Load IP Config File for FATFS
2023-08-28 08:33:02,932 [INFO] ApiDbMcu:507 - Load IP Config File for FREERTOS
2023-08-28 08:33:02,986 [INFO] ApiDbMcu:507 - Load IP Config File for USB_DEVICE
2023-08-28 08:33:04,901 [INFO] LogOutputStream:77 - [STDOUT_REDIRECT] 
2023-08-28 08:33:11,113 [INFO] ProjectBuilder:4626 - Time for Generating toolchain IDE Files: 8961mS.
2023-08-28 08:33:11,114 [INFO] ProjectBuilder:2935 - Time for Copy CMSIS : 0mS.
2023-08-28 08:33:11,116 [INFO] ProjectBuilder:2935 - Time for Copy CMSIS : 0mS.
2023-08-28 08:33:12,708 [INFO] McuFinderGlobals:76 - Set McuFinderConnectedMode to true
2023-08-28 08:33:12,711 [INFO] ApiDb:448 - Save user favorites file C:\Users\mcnex/.stm32cubeide/favorites.mcus.txt: 0 item(s)
2023-08-28 08:33:12,712 [INFO] ApiDb:452 - User favorites MCUs=[]
2023-08-28 08:34:41,255 [WARN] IP:2114 - I2C_Coeff_DF not found: check if there is a RefParameter without a condition.
2023-08-28 08:34:41,255 [WARN] IP:2114 - Analog_Filter not found: check if there is a RefParameter without a condition.
2023-08-28 08:34:41,285 [WARN] IP:2114 - I2C_Coeff_DF not found: check if there is a RefParameter without a condition.
2023-08-28 08:34:41,286 [WARN] IP:2114 - Analog_Filter not found: check if there is a RefParameter without a condition.
2023-08-28 08:34:41,287 [WARN] IP:2114 - I2C_Coeff_DF not found: check if there is a RefParameter without a condition.
2023-08-28 08:34:41,287 [WARN] IP:2114 - Analog_Filter not found: check if there is a RefParameter without a condition.
2023-08-28 08:34:41,472 [WARN] IP:2114 - I2C_Coeff_DF not found: check if there is a RefParameter without a condition.
2023-08-28 08:34:41,472 [WARN] IP:2114 - Analog_Filter not found: check if there is a RefParameter without a condition.
2023-08-28 08:34:41,477 [WARN] IP:2114 - I2C_Coeff_DF not found: check if there is a RefParameter without a condition.
2023-08-28 08:34:41,478 [WARN] IP:2114 - Analog_Filter not found: check if there is a RefParameter without a condition.
2023-08-28 08:36:57,974 [INFO] NvicIntPanel:101 - NVIC parent = com.st.microxplorer.plugins.ip.nvic.MultiNvicIntPanel[,0,0,0x0,invalid,layout=javax.swing.BoxLayout,alignmentX=0.0,alignmentY=0.0,border=,flags=9,maximumSize=,minimumSize=,preferredSize=]
2023-08-28 08:37:01,607 [INFO] NvicIntPanel:101 - NVIC parent = com.st.microxplorer.plugins.ip.nvic.MultiNvicIntPanel[,0,0,0x0,invalid,layout=javax.swing.BoxLayout,alignmentX=0.0,alignmentY=0.0,border=,flags=9,maximumSize=,minimumSize=,preferredSize=]
2023-08-28 08:38:07,565 [WARN] IP:2114 - I2C_Coeff_DF not found: check if there is a RefParameter without a condition.
2023-08-28 08:38:07,566 [WARN] IP:2114 - Analog_Filter not found: check if there is a RefParameter without a condition.
2023-08-28 08:38:07,567 [WARN] IP:2114 - I2C_Coeff_DF not found: check if there is a RefParameter without a condition.
2023-08-28 08:38:07,567 [WARN] IP:2114 - Analog_Filter not found: check if there is a RefParameter without a condition.
2023-08-28 08:49:42,899 [INFO] UtilMem:75 - End SaveConfig() Used Memory: 301852864 Bytes (601882624)
2023-08-28 08:49:46,590 [INFO] UtilMem:75 - End SaveConfig() Used Memory: 363610144 Bytes (601882624)
2023-08-28 08:49:47,129 [INFO] BlockDiagram:2759 - set Specific Code input for plugin: NVIC
2023-08-28 08:49:47,129 [INFO] BlockDiagram:2759 - set Specific Code input for plugin: SYS
2023-08-28 08:49:47,129 [INFO] BlockDiagram:2759 - set Specific Code input for plugin: GPIO
2023-08-28 08:49:47,129 [INFO] BlockDiagram:2759 - set Specific Code input for plugin: RCC
2023-08-28 08:49:47,129 [INFO] BlockDiagram:2759 - set Specific Code input for plugin: I2C
2023-08-28 08:49:47,130 [INFO] CodeGenerator:799 - code generatio: config db path: C:\ST\STM32CubeIDE_1.13.1\STM32CubeIDE\plugins\com.st.stm32cube.common.mx_6.9.1.202307191849\\db\
2023-08-28 08:49:47,131 [WARN] IP:2114 - I2C_Coeff_DF not found: check if there is a RefParameter without a condition.
2023-08-28 08:49:47,132 [WARN] IP:2114 - Analog_Filter not found: check if there is a RefParameter without a condition.
2023-08-28 08:49:47,353 [INFO] CodeEngine:255 - oldGeneratedFile, D:\STM32_Project\i2c_project\MXTmpFiles\license.tmp_save
2023-08-28 08:49:47,580 [INFO] CodeEngine:279 - Generated code: D:\STM32_Project\i2c_project\MXTmpFiles\license.tmp
2023-08-28 08:49:47,914 [INFO] CodeEngine:255 - oldGeneratedFile, D:\STM32_Project\i2c_project\MXTmpFiles\gpio.tmp_save
2023-08-28 08:49:48,078 [INFO] CodeEngine:279 - Generated code: D:\STM32_Project\i2c_project\MXTmpFiles\gpio.tmp
2023-08-28 08:49:48,218 [INFO] CodeEngine:255 - oldGeneratedFile, D:\STM32_Project\i2c_project\Core\Src\stm32f1xx_it.c_save
2023-08-28 08:49:48,580 [INFO] CodeEngine:279 - Generated code: D:\STM32_Project\i2c_project\Core\Src\stm32f1xx_it.c
2023-08-28 08:49:48,588 [INFO] CodeEngine:255 - oldGeneratedFile, D:\STM32_Project\i2c_project\Core\Inc\stm32f1xx_it.h_save
2023-08-28 08:49:48,716 [INFO] CodeEngine:279 - Generated code: D:\STM32_Project\i2c_project\Core\Inc\stm32f1xx_it.h
2023-08-28 08:49:48,761 [INFO] CodeEngine:255 - oldGeneratedFile, D:\STM32_Project\i2c_project\Core\Src\stm32f1xx_hal_msp.c_save
2023-08-28 08:49:49,013 [INFO] CodeEngine:279 - Generated code: D:\STM32_Project\i2c_project\Core\Src\stm32f1xx_hal_msp.c
2023-08-28 08:49:49,019 [INFO] CodeEngine:255 - oldGeneratedFile, D:\STM32_Project\i2c_project\MXTmpFiles\system.tmp_save
2023-08-28 08:49:49,174 [INFO] CodeEngine:279 - Generated code: D:\STM32_Project\i2c_project\MXTmpFiles\system.tmp
2023-08-28 08:49:49,195 [INFO] CodeEngine:311 - oldGeneratedFile, D:\STM32_Project\i2c_project\Core\Inc\stm32f1xx_hal_conf.h_save
2023-08-28 08:49:49,396 [INFO] CodeEngine:335 - Generated code: D:\STM32_Project\i2c_project\Core\Inc\stm32f1xx_hal_conf.h
2023-08-28 08:49:49,558 [INFO] CodeEngine:255 - oldGeneratedFile, D:\STM32_Project\i2c_project\Core\Inc\main.h_save
2023-08-28 08:49:49,756 [INFO] CodeEngine:279 - Generated code: D:\STM32_Project\i2c_project\Core\Inc\main.h
2023-08-28 08:49:49,777 [INFO] CodeEngine:255 - oldGeneratedFile, D:\STM32_Project\i2c_project\Core\Src\main.c_save
2023-08-28 08:49:49,967 [INFO] CodeEngine:279 - Generated code: D:\STM32_Project\i2c_project\Core\Src\main.c
2023-08-28 08:49:50,505 [INFO] ProjectBuilder:3064 - Time for Copy HAL[1] : 142mS.
2023-08-28 08:49:50,509 [INFO] ProjectBuilder:4404 - Project Generator version: 4.1.0
2023-08-28 08:49:51,119 [INFO] ConfigFileManager:1457 - The Die is : DIE410
2023-08-28 08:49:54,691 [INFO] ProjectBuilder:4626 - Time for Generating toolchain IDE Files: 4180mS.
2023-08-28 08:49:54,693 [INFO] ProjectBuilder:2935 - Time for Copy CMSIS : 0mS.
2023-08-28 08:49:54,695 [INFO] ProjectBuilder:2935 - Time for Copy CMSIS : 0mS.
2023-08-28 10:28:32,542 [WARN] IP:2114 - I2C_Coeff_DF not found: check if there is a RefParameter without a condition.
2023-08-28 10:28:32,543 [WARN] IP:2114 - Analog_Filter not found: check if there is a RefParameter without a condition.
2023-08-28 10:53:14,650 [INFO] UtilMem:75 - End SaveConfig() Used Memory: 386665728 Bytes (770703360)
2023-08-28 10:53:14,911 [INFO] BlockDiagram:2759 - set Specific Code input for plugin: NVIC
2023-08-28 10:53:14,911 [INFO] BlockDiagram:2759 - set Specific Code input for plugin: SYS
2023-08-28 10:53:14,911 [INFO] BlockDiagram:2759 - set Specific Code input for plugin: GPIO
2023-08-28 10:53:14,911 [INFO] BlockDiagram:2759 - set Specific Code input for plugin: RCC
2023-08-28 10:53:14,911 [INFO] BlockDiagram:2759 - set Specific Code input for plugin: I2C
2023-08-28 10:53:14,912 [INFO] CodeGenerator:799 - code generatio: config db path: C:\ST\STM32CubeIDE_1.13.1\STM32CubeIDE\plugins\com.st.stm32cube.common.mx_6.9.1.202307191849\\db\
2023-08-28 10:53:14,914 [WARN] IP:2114 - I2C_Coeff_DF not found: check if there is a RefParameter without a condition.
2023-08-28 10:53:14,914 [WARN] IP:2114 - Analog_Filter not found: check if there is a RefParameter without a condition.
2023-08-28 10:53:15,069 [INFO] CodeEngine:255 - oldGeneratedFile, D:\STM32_Project\i2c_project\MXTmpFiles\license.tmp_save
2023-08-28 10:53:15,250 [INFO] CodeEngine:279 - Generated code: D:\STM32_Project\i2c_project\MXTmpFiles\license.tmp
2023-08-28 10:53:15,275 [INFO] CodeEngine:255 - oldGeneratedFile, D:\STM32_Project\i2c_project\MXTmpFiles\gpio.tmp_save
2023-08-28 10:53:15,415 [INFO] CodeEngine:279 - Generated code: D:\STM32_Project\i2c_project\MXTmpFiles\gpio.tmp
2023-08-28 10:53:15,485 [INFO] CodeEngine:255 - oldGeneratedFile, D:\STM32_Project\i2c_project\Core\Src\stm32f1xx_it.c_save
2023-08-28 10:53:15,755 [INFO] CodeEngine:279 - Generated code: D:\STM32_Project\i2c_project\Core\Src\stm32f1xx_it.c
2023-08-28 10:53:15,769 [INFO] CodeEngine:255 - oldGeneratedFile, D:\STM32_Project\i2c_project\Core\Inc\stm32f1xx_it.h_save
2023-08-28 10:53:16,072 [INFO] CodeEngine:279 - Generated code: D:\STM32_Project\i2c_project\Core\Inc\stm32f1xx_it.h
2023-08-28 10:53:16,097 [INFO] CodeEngine:255 - oldGeneratedFile, D:\STM32_Project\i2c_project\Core\Src\stm32f1xx_hal_msp.c_save
2023-08-28 10:53:16,279 [INFO] CodeEngine:279 - Generated code: D:\STM32_Project\i2c_project\Core\Src\stm32f1xx_hal_msp.c
2023-08-28 10:53:16,283 [INFO] CodeEngine:255 - oldGeneratedFile, D:\STM32_Project\i2c_project\MXTmpFiles\system.tmp_save
2023-08-28 10:53:16,388 [INFO] CodeEngine:279 - Generated code: D:\STM32_Project\i2c_project\MXTmpFiles\system.tmp
2023-08-28 10:53:16,410 [INFO] CodeEngine:311 - oldGeneratedFile, D:\STM32_Project\i2c_project\Core\Inc\stm32f1xx_hal_conf.h_save
2023-08-28 10:53:16,532 [INFO] CodeEngine:335 - Generated code: D:\STM32_Project\i2c_project\Core\Inc\stm32f1xx_hal_conf.h
2023-08-28 10:53:16,593 [INFO] CodeEngine:255 - oldGeneratedFile, D:\STM32_Project\i2c_project\Core\Inc\main.h_save
2023-08-28 10:53:16,725 [INFO] CodeEngine:279 - Generated code: D:\STM32_Project\i2c_project\Core\Inc\main.h
2023-08-28 10:53:16,741 [INFO] CodeEngine:255 - oldGeneratedFile, D:\STM32_Project\i2c_project\Core\Src\main.c_save
2023-08-28 10:53:16,879 [INFO] CodeEngine:279 - Generated code: D:\STM32_Project\i2c_project\Core\Src\main.c
2023-08-28 10:53:17,594 [INFO] ProjectBuilder:3064 - Time for Copy HAL[1] : 145mS.
2023-08-28 10:53:17,598 [INFO] ProjectBuilder:4404 - Project Generator version: 4.1.0
2023-08-28 10:53:17,799 [INFO] ConfigFileManager:1457 - The Die is : DIE410
2023-08-28 10:53:20,287 [INFO] ProjectBuilder:4626 - Time for Generating toolchain IDE Files: 2689mS.
2023-08-28 10:53:20,288 [INFO] ProjectBuilder:2935 - Time for Copy CMSIS : 1mS.
2023-08-28 10:53:20,290 [INFO] ProjectBuilder:2935 - Time for Copy CMSIS : 0mS.
2023-08-28 16:50:51,911 [INFO] Activator:176 - 


2023-08-28 16:50:51,914 [INFO] Activator:177 - !SESSION log4j initialized
2023-08-28 16:51:02,151 [INFO] LogOutputStream:77 - [STDOUT_REDIRECT] 
2023-08-28 16:51:04,295 [INFO] ApplicationProperties:184 - Using Application install path: C:\ST\STM32CubeIDE_1.13.1\STM32CubeIDE\plugins\com.st.stm32cube.common.mx_6.9.1.202307191849
2023-08-28 16:51:04,324 [INFO] DbMcusXml:78 - Set database path to: C:\ST\STM32CubeIDE_1.13.1\STM32CubeIDE\plugins\com.st.stm32cube.common.mx_6.9.1.202307191849\\db\/mcu/
2023-08-28 16:51:04,325 [INFO] ApiDb:274 - Set plugin database path to: C:\ST\STM32CubeIDE_1.13.1\STM32CubeIDE\plugins\com.st.stm32cube.common.mx_6.9.1.202307191849\\db\/plugins/boardmanager/
2023-08-28 16:51:04,325 [WARN] ApiDb:259 - Overriding images path with different value:  => C:\ST\STM32CubeIDE_1.13.1\STM32CubeIDE\plugins\com.st.stm32cube.common.mx_6.9.1.202307191849\\db\/plugins/mcufinder/images/
2023-08-28 16:51:04,339 [INFO] ApiDb:250 - Set database path to: C:\Users\mcnex\.stmcufinder\plugins\mcufinder//mcu/
2023-08-28 16:51:04,341 [INFO] DbMcusAds:125 - Set database path to: C:\Users\mcnex\.stmcufinder\plugins\mcufinder//mcu/
2023-08-28 16:51:04,344 [INFO] CrossReferenceDbSqlite:203 - Set database path to: C:\Users\mcnex\.stmcufinder\plugins\mcufinder//mcu/cs/
2023-08-28 16:51:04,516 [INFO] RulesReader:64 - Compatibility file has been processed (293 Rules)
2023-08-28 16:51:04,658 [INFO] DbMcusXml:78 - Set database path to: C:\ST\STM32CubeIDE_1.13.1\STM32CubeIDE\plugins\com.st.stm32cube.common.mx_6.9.1.202307191849\\db\/mcu/
2023-08-28 16:51:04,658 [INFO] ApiDb:274 - Set plugin database path to: C:\ST\STM32CubeIDE_1.13.1\STM32CubeIDE\plugins\com.st.stm32cube.common.mx_6.9.1.202307191849\\db\/plugins/boardmanager/
2023-08-28 16:51:04,658 [INFO] ApiDb:261 - Set plugin images path to: C:\ST\STM32CubeIDE_1.13.1\STM32CubeIDE\plugins\com.st.stm32cube.common.mx_6.9.1.202307191849\\db\/plugins/mcufinder/images/
2023-08-28 16:51:04,659 [WARN] DbFile:41 - Overriding database path with different value: C:\Users\mcnex\.stmcufinder\plugins\mcufinder/ => C:\Users\mcnex\.stmcufinder\plugins\mcufinder
2023-08-28 16:51:04,659 [INFO] ApiDb:250 - Set database path to: C:\Users\mcnex\.stmcufinder\plugins\mcufinder//mcu/
2023-08-28 16:51:04,659 [WARN] DbFile:41 - Overriding database path with different value: C:\Users\mcnex\.stmcufinder\plugins\mcufinder/ => C:\Users\mcnex\.stmcufinder\plugins\mcufinder
2023-08-28 16:51:04,659 [INFO] DbMcusAds:125 - Set database path to: C:\Users\mcnex\.stmcufinder\plugins\mcufinder//mcu/
2023-08-28 16:51:04,659 [WARN] DbFile:41 - Overriding database path with different value: C:\Users\mcnex\.stmcufinder\plugins\mcufinder/ => C:\Users\mcnex\.stmcufinder\plugins\mcufinder
2023-08-28 16:51:04,659 [WARN] DbFile:41 - Overriding database path with different value: C:\Users\mcnex\.stmcufinder\plugins\mcufinder/ => C:\Users\mcnex\.stmcufinder\plugins\mcufinder
2023-08-28 16:51:04,660 [INFO] CrossReferenceDbSqlite:203 - Set database path to: C:\Users\mcnex\.stmcufinder\plugins\mcufinder//mcu/cs/
2023-08-28 16:51:04,781 [INFO] MainPanel:262 - HeapMemory: 268435456
2023-08-28 16:51:04,896 [INFO] DbMcusXml:78 - Set database path to: C:\ST\STM32CubeIDE_1.13.1\STM32CubeIDE\plugins\com.st.stm32cube.common.mx_6.9.1.202307191849\\db\/mcu/
2023-08-28 16:51:04,896 [INFO] ApiDb:274 - Set plugin database path to: C:\ST\STM32CubeIDE_1.13.1\STM32CubeIDE\plugins\com.st.stm32cube.common.mx_6.9.1.202307191849\\db\/plugins/boardmanager/
2023-08-28 16:51:04,897 [INFO] ApiDb:261 - Set plugin images path to: C:\ST\STM32CubeIDE_1.13.1\STM32CubeIDE\plugins\com.st.stm32cube.common.mx_6.9.1.202307191849\\db\/plugins/mcufinder/images/
2023-08-28 16:51:04,897 [WARN] DbFile:41 - Overriding database path with different value: C:\Users\mcnex\.stmcufinder\plugins\mcufinder/ => C:\Users\mcnex\.stmcufinder\plugins\mcufinder
2023-08-28 16:51:04,897 [INFO] ApiDb:250 - Set database path to: C:\Users\mcnex\.stmcufinder\plugins\mcufinder//mcu/
2023-08-28 16:51:04,898 [WARN] DbFile:41 - Overriding database path with different value: C:\Users\mcnex\.stmcufinder\plugins\mcufinder/ => C:\Users\mcnex\.stmcufinder\plugins\mcufinder
2023-08-28 16:51:04,898 [INFO] DbMcusAds:125 - Set database path to: C:\Users\mcnex\.stmcufinder\plugins\mcufinder//mcu/
2023-08-28 16:51:04,898 [WARN] DbFile:41 - Overriding database path with different value: C:\Users\mcnex\.stmcufinder\plugins\mcufinder/ => C:\Users\mcnex\.stmcufinder\plugins\mcufinder
2023-08-28 16:51:04,898 [WARN] DbFile:41 - Overriding database path with different value: C:\Users\mcnex\.stmcufinder\plugins\mcufinder/ => C:\Users\mcnex\.stmcufinder\plugins\mcufinder
2023-08-28 16:51:04,898 [INFO] CrossReferenceDbSqlite:203 - Set database path to: C:\Users\mcnex\.stmcufinder\plugins\mcufinder//mcu/cs/
2023-08-28 16:51:04,925 [INFO] ApplicationProperties:184 - Using Application install path: C:\ST\STM32CubeIDE_1.13.1\STM32CubeIDE\plugins\com.st.stm32cube.common.mx_6.9.1.202307191849
2023-08-28 16:51:04,928 [INFO] PluginManage:196 - Search for loadable plugins [exclusion list=, ]
2023-08-28 16:51:04,930 [INFO] PluginManage:310 - Check plugin analytics
2023-08-28 16:51:05,148 [INFO] AnalyticsPlugin:253 - Accepted Software Licenses: 
2023-08-28 16:51:05,148 [INFO] AnalyticsPlugin:255 - Accepted CMSIS Pack Licenses: 
2023-08-28 16:51:05,149 [INFO] AnalyticsPlugin:257 - Accepted Firmware Licenses: 
2023-08-28 16:51:05,156 [INFO] PluginManage:359 - Loaded plugin analytics (category:tool,tabindex:-1)
2023-08-28 16:51:05,157 [INFO] PluginManage:310 - Check plugin cadmodel
2023-08-28 16:51:05,182 [INFO] CADModel:105 - Init CAD model plugin
2023-08-28 16:51:05,183 [INFO] PluginManage:359 - Loaded plugin cadmodel (category:power,tabindex:5)
2023-08-28 16:51:05,183 [INFO] PluginManage:310 - Check plugin clock
2023-08-28 16:51:05,207 [INFO] PluginManage:359 - Loaded plugin clock (category:base,tabindex:2)
2023-08-28 16:51:05,207 [INFO] PluginManage:310 - Check plugin ddr
2023-08-28 16:51:05,210 [INFO] PluginManage:359 - Loaded plugin ddr (category:tool,tabindex:6)
2023-08-28 16:51:05,210 [INFO] PluginManage:310 - Check plugin filemanager
2023-08-28 16:51:05,399 [INFO] PluginManage:359 - Loaded plugin filemanager (category:base,tabindex:10)
2023-08-28 16:51:05,400 [INFO] PluginManage:310 - Check plugin ipmanager
2023-08-28 16:51:05,410 [INFO] PluginManage:359 - Loaded plugin ipmanager (category:base,tabindex:5)
2023-08-28 16:51:05,410 [INFO] PluginManage:310 - Check plugin lpbam
2023-08-28 16:51:05,437 [INFO] PluginManage:359 - Loaded plugin lpbam (category:base,tabindex:0)
2023-08-28 16:51:05,437 [INFO] PluginManage:310 - Check plugin memorymap
2023-08-28 16:51:05,464 [INFO] PluginManage:359 - Loaded plugin memorymap (category:base,tabindex:4)
2023-08-28 16:51:05,465 [INFO] PluginManage:310 - Check plugin pinoutandconfiguration
2023-08-28 16:51:05,484 [INFO] PluginManage:359 - Loaded plugin pinoutandconfiguration (category:base,tabindex:1)
2023-08-28 16:51:05,484 [INFO] PluginManage:310 - Check plugin pinoutconfig
2023-08-28 16:51:05,639 [WARN] SupportedApi:132 - Cannot load RTOS API schema: s4s-elt-must-match.1: The content of 'definitions' must match (annotation?, (simpleType | complexType)?, (unique | key | keyref)*)). A problem was found starting at: attribute.
2023-08-28 16:51:05,821 [INFO] PluginManage:359 - Loaded plugin pinoutconfig (category:base,tabindex:0)
2023-08-28 16:51:05,821 [INFO] PluginManage:310 - Check plugin power
2023-08-28 16:51:05,849 [INFO] PluginManage:359 - Loaded plugin power (category:power,tabindex:4)
2023-08-28 16:51:05,850 [INFO] PluginManage:310 - Check plugin projectmanager
2023-08-28 16:51:05,874 [INFO] PluginManage:359 - Loaded plugin projectmanager (category:projectmanager,tabindex:3)
2023-08-28 16:51:05,875 [INFO] PluginManage:310 - Check plugin thirdparty
2023-08-28 16:51:06,253 [INFO] PluginManage:359 - Loaded plugin thirdparty (category:base,tabindex:-1)
2023-08-28 16:51:06,254 [INFO] PluginManage:310 - Check plugin tools
2023-08-28 16:51:06,253 [WARN] IntegrityCheckThread:84 - waiting for thirdparty lock release [integrity check]
2023-08-28 16:51:06,256 [INFO] IntegrityCheckThread:86 - entering critical section [integrity check]
2023-08-28 16:51:06,256 [INFO] ThirdPartyUpdaterWithRetryManager:70 - Updater plugin not ready yet. [1/15]
2023-08-28 16:51:06,306 [INFO] PluginManage:359 - Loaded plugin tools (category:base,tabindex:7)
2023-08-28 16:51:06,306 [INFO] PluginManage:310 - Check plugin tutovideos
2023-08-28 16:51:06,578 [INFO] PluginManage:359 - Loaded plugin tutovideos (category:base,tabindex:-1)
2023-08-28 16:51:06,579 [INFO] PluginManage:310 - Check plugin updater
2023-08-28 16:51:06,590 [INFO] PluginManage:359 - Loaded plugin updater (category:base,tabindex:12)
2023-08-28 16:51:06,590 [INFO] PluginManage:310 - Check plugin userauth
2023-08-28 16:51:06,597 [INFO] UserAuth:113 - Init User Auth plugin
2023-08-28 16:51:06,597 [INFO] PluginManage:359 - Loaded plugin userauth (category:base,tabindex:14)
2023-08-28 16:51:06,598 [INFO] PluginManage:283 - PluginManage : Loaded plugins [17]
2023-08-28 16:51:06,904 [INFO] PinOutPanel:1499 - setPackage(No Configuration,No Configuration)
2023-08-28 16:51:07,050 [INFO] CADModel:165 - CPN selected for project level
2023-08-28 16:51:07,050 [INFO] CADModel:114 - Register for checkConnection events
2023-08-28 16:51:07,086 [INFO] IPUIPlugin:80 - create IPUIPlugin
2023-08-28 16:51:07,086 [INFO] PluginManager:220 - loadIPPluginJar : add adc
2023-08-28 16:51:07,141 [INFO] IPUIPlugin:80 - create IPUIPlugin
2023-08-28 16:51:07,141 [INFO] PluginManager:220 - loadIPPluginJar : add aes
2023-08-28 16:51:07,201 [INFO] IPUIPlugin:80 - create IPUIPlugin
2023-08-28 16:51:07,201 [INFO] PluginManager:220 - loadIPPluginJar : add can
2023-08-28 16:51:07,239 [INFO] IPUIPlugin:80 - create IPUIPlugin
2023-08-28 16:51:07,239 [INFO] PluginManager:220 - loadIPPluginJar : add comp
2023-08-28 16:51:07,284 [INFO] IPUIPlugin:80 - create IPUIPlugin
2023-08-28 16:51:07,284 [INFO] PluginManager:220 - loadIPPluginJar : add cryp
2023-08-28 16:51:07,324 [INFO] IPUIPlugin:80 - create IPUIPlugin
2023-08-28 16:51:07,325 [INFO] PluginManager:220 - loadIPPluginJar : add dfsdm
2023-08-28 16:51:07,355 [INFO] IPUIPlugin:80 - create IPUIPlugin
2023-08-28 16:51:07,356 [INFO] PluginManager:220 - loadIPPluginJar : add dma
2023-08-28 16:51:07,483 [INFO] IPUIPlugin:80 - create IPUIPlugin
2023-08-28 16:51:07,483 [INFO] PluginManager:220 - loadIPPluginJar : add dma3
2023-08-28 16:51:07,543 [INFO] IPUIPlugin:80 - create IPUIPlugin
2023-08-28 16:51:07,543 [INFO] PluginManager:220 - loadIPPluginJar : add fatfs
2023-08-28 16:51:07,642 [INFO] IPUIPlugin:80 - create IPUIPlugin
2023-08-28 16:51:07,642 [INFO] PluginManager:220 - loadIPPluginJar : add fmc
2023-08-28 16:51:07,682 [INFO] IPUIPlugin:80 - create IPUIPlugin
2023-08-28 16:51:07,682 [INFO] PluginManager:220 - loadIPPluginJar : add freertos
2023-08-28 16:51:07,725 [INFO] IPUIPlugin:80 - create IPUIPlugin
2023-08-28 16:51:07,725 [INFO] PluginManager:220 - loadIPPluginJar : add genericplugin
2023-08-28 16:51:08,086 [INFO] IPUIPlugin:80 - create IPUIPlugin
2023-08-28 16:51:08,087 [INFO] PluginManager:220 - loadIPPluginJar : add gfxmmu
2023-08-28 16:51:08,323 [INFO] IPUIPlugin:80 - create IPUIPlugin
2023-08-28 16:51:08,324 [INFO] PluginManager:220 - loadIPPluginJar : add gic
2023-08-28 16:51:08,354 [INFO] IPUIPlugin:80 - create IPUIPlugin
2023-08-28 16:51:08,355 [INFO] PluginManager:220 - loadIPPluginJar : add gpio
2023-08-28 16:51:08,579 [INFO] IPUIPlugin:80 - create IPUIPlugin
2023-08-28 16:51:08,580 [INFO] PluginManager:220 - loadIPPluginJar : add gtzc
2023-08-28 16:51:08,662 [INFO] IPUIPlugin:80 - create IPUIPlugin
2023-08-28 16:51:08,662 [INFO] PluginManager:220 - loadIPPluginJar : add hash
2023-08-28 16:51:08,805 [INFO] IPUIPlugin:80 - create IPUIPlugin
2023-08-28 16:51:08,805 [INFO] PluginManager:220 - loadIPPluginJar : add i2c
2023-08-28 16:51:08,909 [INFO] IPUIPlugin:80 - create IPUIPlugin
2023-08-28 16:51:08,910 [INFO] PluginManager:220 - loadIPPluginJar : add i2s
2023-08-28 16:51:09,052 [INFO] IPUIPlugin:80 - create IPUIPlugin
2023-08-28 16:51:09,052 [INFO] PluginManager:220 - loadIPPluginJar : add i3c
2023-08-28 16:51:09,247 [INFO] IPUIPlugin:80 - create IPUIPlugin
2023-08-28 16:51:09,248 [INFO] PluginManager:220 - loadIPPluginJar : add ipddr
2023-08-28 16:51:09,260 [INFO] ThirdPartyUpdaterWithRetryManager:70 - Updater plugin not ready yet. [2/15]
2023-08-28 16:51:09,366 [INFO] IPUIPlugin:80 - create IPUIPlugin
2023-08-28 16:51:09,366 [INFO] PluginManager:220 - loadIPPluginJar : add linkedlist
2023-08-28 16:51:09,408 [INFO] IPUIPlugin:80 - create IPUIPlugin
2023-08-28 16:51:09,408 [INFO] PluginManager:220 - loadIPPluginJar : add lorawan
2023-08-28 16:51:09,453 [INFO] IPUIPlugin:80 - create IPUIPlugin
2023-08-28 16:51:09,453 [INFO] PluginManager:220 - loadIPPluginJar : add ltdc
2023-08-28 16:51:09,470 [INFO] IPUIPlugin:80 - create IPUIPlugin
2023-08-28 16:51:09,470 [INFO] PluginManager:220 - loadIPPluginJar : add mdma
2023-08-28 16:51:09,485 [INFO] IPUIPlugin:80 - create IPUIPlugin
2023-08-28 16:51:09,485 [INFO] PluginManager:220 - loadIPPluginJar : add nvic
2023-08-28 16:51:09,529 [INFO] IPUIPlugin:80 - create IPUIPlugin
2023-08-28 16:51:09,529 [INFO] PluginManager:220 - loadIPPluginJar : add opamp
2023-08-28 16:51:09,602 [INFO] IPUIPlugin:80 - create IPUIPlugin
2023-08-28 16:51:09,602 [INFO] PluginManager:220 - loadIPPluginJar : add openamp
2023-08-28 16:51:09,654 [INFO] IPUIPlugin:80 - create IPUIPlugin
2023-08-28 16:51:09,654 [INFO] PluginManager:220 - loadIPPluginJar : add pdm2pcm
2023-08-28 16:51:09,670 [INFO] IPUIPlugin:80 - create IPUIPlugin
2023-08-28 16:51:09,673 [INFO] PluginManager:220 - loadIPPluginJar : add plateformsettings
2023-08-28 16:51:09,699 [INFO] IPUIPlugin:80 - create IPUIPlugin
2023-08-28 16:51:09,699 [INFO] PluginManager:220 - loadIPPluginJar : add quadspi
2023-08-28 16:51:09,714 [INFO] IPUIPlugin:80 - create IPUIPlugin
2023-08-28 16:51:09,714 [INFO] PluginManager:220 - loadIPPluginJar : add resmgrutility
2023-08-28 16:51:09,790 [INFO] IPUIPlugin:80 - create IPUIPlugin
2023-08-28 16:51:09,790 [INFO] PluginManager:220 - loadIPPluginJar : add sai
2023-08-28 16:51:09,836 [INFO] IPUIPlugin:80 - create IPUIPlugin
2023-08-28 16:51:09,836 [INFO] PluginManager:220 - loadIPPluginJar : add spi
2023-08-28 16:51:09,901 [INFO] IPUIPlugin:80 - create IPUIPlugin
2023-08-28 16:51:09,901 [INFO] PluginManager:220 - loadIPPluginJar : add stm32_wpan
2023-08-28 16:51:09,926 [INFO] IPUIPlugin:80 - create IPUIPlugin
2023-08-28 16:51:09,927 [INFO] PluginManager:220 - loadIPPluginJar : add tim
2023-08-28 16:51:10,005 [INFO] IPUIPlugin:80 - create IPUIPlugin
2023-08-28 16:51:10,006 [INFO] PluginManager:220 - loadIPPluginJar : add touchsensing
2023-08-28 16:51:10,036 [INFO] IPUIPlugin:80 - create IPUIPlugin
2023-08-28 16:51:10,036 [INFO] PluginManager:220 - loadIPPluginJar : add tracer_emb
2023-08-28 16:51:10,065 [INFO] IPUIPlugin:80 - create IPUIPlugin
2023-08-28 16:51:10,065 [INFO] PluginManager:220 - loadIPPluginJar : add ts
2023-08-28 16:51:10,099 [INFO] IPUIPlugin:80 - create IPUIPlugin
2023-08-28 16:51:10,099 [INFO] PluginManager:220 - loadIPPluginJar : add tsc
2023-08-28 16:51:10,126 [INFO] IPUIPlugin:80 - create IPUIPlugin
2023-08-28 16:51:10,126 [INFO] PluginManager:220 - loadIPPluginJar : add ucpd
2023-08-28 16:51:10,179 [INFO] IPUIPlugin:80 - create IPUIPlugin
2023-08-28 16:51:10,179 [INFO] PluginManager:220 - loadIPPluginJar : add usart
2023-08-28 16:51:10,231 [INFO] IPUIPlugin:80 - create IPUIPlugin
2023-08-28 16:51:10,231 [INFO] PluginManager:220 - loadIPPluginJar : add usbx
2023-08-28 16:51:10,375 [INFO] CADModel:165 - CPN selected for project level
2023-08-28 16:51:10,375 [INFO] CADModel:114 - Register for checkConnection events
2023-08-28 16:51:10,376 [FATAL] Updater:308 - Updater called before beeing initialized
2023-08-28 16:51:10,376 [ERROR] CADModel:125 - Updater not yet initialized, retry later 
2023-08-28 16:51:10,594 [INFO] CADModel:165 - CPN selected for project level
2023-08-28 16:51:10,595 [INFO] CADModel:114 - Register for checkConnection events
2023-08-28 16:51:10,595 [FATAL] Updater:308 - Updater called before beeing initialized
2023-08-28 16:51:10,595 [ERROR] CADModel:125 - Updater not yet initialized, retry later 
2023-08-28 16:51:10,599 [FATAL] Updater:308 - Updater called before beeing initialized
2023-08-28 16:51:10,760 [FATAL] Updater:308 - Updater called before beeing initialized
2023-08-28 16:51:10,776 [INFO] DbMcusAds:53 - JSON generation date=Tue Mar 07 15:50:55 ICT 2023 (1678179055114)
2023-08-28 16:51:10,776 [FATAL] Updater:308 - Updater called before beeing initialized
2023-08-28 16:51:10,867 [WARN] DetailPanel:346 - Failed to get advertising image, set to default
2023-08-28 16:51:10,993 [FATAL] Updater:308 - Updater called before beeing initialized
2023-08-28 16:51:10,995 [FATAL] Updater:308 - Updater called before beeing initialized
2023-08-28 16:51:10,996 [FATAL] Updater:308 - Updater called before beeing initialized
2023-08-28 16:51:10,996 [WARN] DetailPanel:346 - Failed to get advertising image, set to default
2023-08-28 16:51:10,997 [FATAL] Updater:308 - Updater called before beeing initialized
2023-08-28 16:51:11,088 [ERROR] Updater:1120 - MainUpdater not yet initialized. External WinMGr cannot be set.
2023-08-28 16:51:11,105 [INFO] Updater:1056 - Updater Version found : 6.9.1
2023-08-28 16:51:11,128 [INFO] ApplicationProperties:184 - Using Application install path: C:\ST\STM32CubeIDE_1.13.1\STM32CubeIDE\plugins\com.st.stm32cube.common.mx_6.9.1.202307191849
2023-08-28 16:51:11,382 [INFO] MainUpdater:2868 - connection check result : 10
2023-08-28 16:51:11,383 [INFO] MainUpdater:285 - Updater Check For Update Now.
2023-08-28 16:51:11,384 [INFO] MicroXplorer:498 - Change Database Version : DB.6.0.91
2023-08-28 16:51:11,409 [INFO] McuFinderGlobals:63 - Set McuFinder mode to 2 (CubeIDE integrated)
2023-08-28 16:51:11,718 [INFO] CheckServerUpdateThread:120 - End of CheckServer Thread
2023-08-28 16:51:12,541 [WARN] PackLoader:240 - Cannot read IP mode file for STMicroelectronics.X-CUBE-SMBUS.2.1.0
2023-08-28 16:51:12,627 [WARN] PackLoader:240 - Cannot read IP mode file for STMicroelectronics.X-CUBE-AZRTOS-F7.1.1.0
2023-08-28 16:51:12,662 [WARN] PackLoader:240 - Cannot read IP mode file for STMicroelectronics.FP-SNS-MOTENV1.4.3.2
2023-08-28 16:51:12,686 [WARN] PackLoader:240 - Cannot read IP mode file for STMicroelectronics.FP-SNS-FLIGHT1.5.0.2
2023-08-28 16:51:12,714 [WARN] PackLoader:240 - Cannot read IP mode file for STMicroelectronics.X-CUBE-DISPLAY.3.0.0
2023-08-28 16:51:12,750 [WARN] PackLoader:240 - Cannot read IP mode file for STMicroelectronics.X-CUBE-BLE1.7.0.0
2023-08-28 16:51:12,774 [WARN] PackLoader:240 - Cannot read IP mode file for emotas.I-CUBE-CANOPEN.1.3.0
2023-08-28 16:51:12,797 [WARN] PackLoader:240 - Cannot read IP mode file for STMicroelectronics.X-CUBE-TOUCHGFX.4.22.0
2023-08-28 16:51:12,837 [INFO] LogOutputStream:77 - [STDOUT_REDIRECT] 1 : Invalid condition id : UX_CORESTACK_Condition cause : null
2023-08-28 16:51:12,838 [INFO] LogOutputStream:77 - [STDOUT_REDIRECT] 1 : Invalid condition id : UX_CORESTACK_Condition cause : null
2023-08-28 16:51:12,841 [INFO] LogOutputStream:77 - [STDOUT_REDIRECT] 1 : Invalid condition id : UX_CORESTACK_Condition cause : null
2023-08-28 16:51:12,844 [INFO] LogOutputStream:77 - [STDOUT_REDIRECT] 1 : Invalid condition id : UX_CORESTACK_Condition cause : null
2023-08-28 16:51:12,847 [INFO] LogOutputStream:77 - [STDOUT_REDIRECT] 1 : Invalid condition id : UX_CORESTACK_Condition cause : null
2023-08-28 16:51:12,854 [WARN] PackLoader:240 - Cannot read IP mode file for STMicroelectronics.X-CUBE-AZRTOS-WL.2.0.0
2023-08-28 16:51:12,879 [WARN] PackLoader:240 - Cannot read IP mode file for STMicroelectronics.X-CUBE-BLE2.3.3.0
2023-08-28 16:51:12,906 [WARN] PackLoader:240 - Cannot read IP mode file for STMicroelectronics.X-CUBE-ALGOBUILD.1.3.0
2023-08-28 16:51:12,977 [WARN] PackLoader:240 - Cannot read IP mode file for STMicroelectronics.X-CUBE-AZRTOS-G0.1.1.0
2023-08-28 16:51:13,007 [WARN] PackLoader:240 - Cannot read IP mode file for STMicroelectronics.X-CUBE-NFC4.3.0.0
2023-08-28 16:51:13,035 [WARN] PackLoader:240 - Cannot read IP mode file for STMicroelectronics.FP-ATR-SIGFOX1.3.2.0
2023-08-28 16:51:13,152 [WARN] PackLoader:240 - Cannot read IP mode file for SEGGER.I-CUBE-embOS.1.3.1
2023-08-28 16:51:13,256 [WARN] PackLoader:240 - Cannot read IP mode file for STMicroelectronics.X-CUBE-GNSS1.6.0.0
2023-08-28 16:51:13,309 [WARN] PackLoader:240 - Cannot read IP mode file for STMicroelectronics.X-CUBE-AZRTOS-F4.1.1.0
2023-08-28 16:51:13,334 [WARN] PackLoader:240 - Cannot read IP mode file for wolfSSL.I-CUBE-wolfSSL.5.6.3
2023-08-28 16:51:13,393 [WARN] PackLoader:240 - Cannot read IP mode file for STMicroelectronics.X-CUBE-AZRTOS-L5.2.0.0
2023-08-28 16:51:13,487 [WARN] PackLoader:240 - Cannot read IP mode file for STMicroelectronics.X-CUBE-MEMS1.9.6.0
2023-08-28 16:51:13,779 [WARN] PackLoader:240 - Cannot read IP mode file for STMicroelectronics.X-CUBE-BLEMGR.2.0.0
2023-08-28 16:51:13,829 [WARN] ConditionMgr:438 - getConditionDescription Invalid condition id : UX DEVICE CLASS RTOS Condition cause : null
2023-08-28 16:51:13,829 [WARN] ConditionMgr:438 - getConditionDescription Invalid condition id : UX DEVICE CLASS RTOS Condition cause : null
2023-08-28 16:51:13,834 [WARN] PackLoader:240 - Cannot read IP mode file for STMicroelectronics.X-CUBE-AZRTOS-H7.3.1.0
2023-08-28 16:51:13,835 [WARN] ConditionMgr:1039 - genDependencies : Invalid condition id : UX DEVICE CLASS RTOS Condition cause : null
2023-08-28 16:51:13,835 [WARN] ConditionMgr:1039 - genDependencies : Invalid condition id : UX DEVICE CLASS RTOS Condition cause : null
2023-08-28 16:51:13,836 [WARN] ConditionMgr:1039 - genDependencies : Invalid condition id : UX DEVICE CLASS RTOS Condition cause : null
2023-08-28 16:51:13,837 [WARN] ConditionMgr:1039 - genDependencies : Invalid condition id : UX DEVICE CLASS RTOS Condition cause : null
2023-08-28 16:51:13,837 [WARN] ConditionMgr:1039 - genDependencies : Invalid condition id : UX DEVICE CLASS RTOS Condition cause : null
2023-08-28 16:51:13,859 [WARN] PackLoader:240 - Cannot read IP mode file for STMicroelectronics.X-CUBE-NFC7.1.0.1
2023-08-28 16:51:13,878 [WARN] PackLoader:240 - Cannot read IP mode file for STMicroelectronics.X-CUBE-EEPRMA1.4.1.0
2023-08-28 16:51:13,893 [WARN] PackLoader:240 - Cannot read IP mode file for STMicroelectronics.X-CUBE-AI.8.1.0
2023-08-28 16:51:13,952 [WARN] ConditionMgr:438 - getConditionDescription Invalid condition id : LAN8742 Phy interface Condition cause : null
2023-08-28 16:51:13,953 [WARN] PackLoader:240 - Cannot read IP mode file for STMicroelectronics.X-CUBE-AZRTOS-L4.2.0.0
2023-08-28 16:51:13,955 [WARN] ConditionMgr:1039 - genDependencies : Invalid condition id : LAN8742 Phy interface Condition cause : null
2023-08-28 16:51:13,956 [WARN] ConditionMgr:1039 - genDependencies : Invalid condition id : LAN8742 Phy interface Condition cause : null
2023-08-28 16:51:13,957 [WARN] ConditionMgr:1039 - genDependencies : Invalid condition id : LAN8742 Phy interface Condition cause : null
2023-08-28 16:51:13,989 [WARN] PackLoader:240 - Cannot read IP mode file for STMicroelectronics.X-CUBE-SFXS2LP1.4.0.0
2023-08-28 16:51:14,009 [WARN] PackLoader:240 - Cannot read IP mode file for STMicroelectronics.X-CUBE-ISPU.1.1.0
2023-08-28 16:51:14,036 [WARN] ConditionMgr:438 - getConditionDescription Invalid condition id : UX DEVICE CLASS RTOS Condition cause : null
2023-08-28 16:51:14,036 [WARN] ConditionMgr:438 - getConditionDescription Invalid condition id : UX DEVICE CLASS RTOS Condition cause : null
2023-08-28 16:51:14,039 [WARN] PackLoader:240 - Cannot read IP mode file for STMicroelectronics.X-CUBE-AZRTOS-WB.2.0.0
2023-08-28 16:51:14,040 [WARN] ConditionMgr:1039 - genDependencies : Invalid condition id : UX DEVICE CLASS RTOS Condition cause : null
2023-08-28 16:51:14,040 [WARN] ConditionMgr:1039 - genDependencies : Invalid condition id : UX DEVICE CLASS RTOS Condition cause : null
2023-08-28 16:51:14,041 [WARN] ConditionMgr:1039 - genDependencies : Invalid condition id : UX DEVICE CLASS RTOS Condition cause : null
2023-08-28 16:51:14,041 [WARN] ConditionMgr:1039 - genDependencies : Invalid condition id : UX DEVICE CLASS RTOS Condition cause : null
2023-08-28 16:51:14,042 [WARN] ConditionMgr:1039 - genDependencies : Invalid condition id : UX DEVICE CLASS RTOS Condition cause : null
2023-08-28 16:51:14,072 [WARN] PackLoader:240 - Cannot read IP mode file for STMicroelectronics.X-CUBE-SUBG2.5.0.0
2023-08-28 16:51:14,103 [WARN] PackLoader:240 - Cannot read IP mode file for STMicroelectronics.X-CUBE-TOF1.3.3.1
2023-08-28 16:51:14,169 [WARN] PackLoader:240 - Cannot read IP mode file for STMicroelectronics.X-CUBE-AZRTOS-G4.2.0.0
2023-08-28 16:51:14,184 [WARN] PackLoader:240 - Cannot read IP mode file for STMicroelectronics.X-CUBE-FREERTOS.1.1.0
2023-08-28 16:51:14,197 [WARN] PackLoader:240 - Cannot read IP mode file for STMicroelectronics.X-CUBE-ALS.1.0.1
2023-08-28 16:51:14,210 [WARN] PackLoader:240 - Cannot read IP mode file for STMicroelectronics.FP-ATR-ASTRA1.2.0.0
2023-08-28 16:51:14,211 [INFO] ThirdParty:978 - Integrity check success = true
2023-08-28 16:51:14,211 [INFO] IntegrityCheckThread:100 - exiting critical section [integrity check]
2023-08-28 16:51:14,211 [INFO] IntegrityCheckThread:103 - End integrity checks thread
2023-08-28 16:51:33,247 [ERROR] LogOutputStream:75 - [STDERR_REDIRECT] SLF4J: Failed to load class "org.slf4j.impl.StaticLoggerBinder".
2023-08-28 16:51:33,247 [ERROR] LogOutputStream:75 - [STDERR_REDIRECT] SLF4J: Defaulting to no-operation (NOP) logger implementation
2023-08-28 16:51:33,250 [ERROR] LogOutputStream:75 - [STDERR_REDIRECT] SLF4J: See http://www.slf4j.org/codes.html#StaticLoggerBinder for further details.
